[{"Planning Time": 1253.56, "Plan": {"Actual Rows": 1, "Startup Cost": 768548.95, "Local Read Blocks": 0, "Plans": [{"Inner Unique": false, "Startup Cost": 667832.43, "Local Read Blocks": 0, "Plans": [{"Operation": "Select", "Startup Cost": 100.0, "Schema": "ricolelx", "Local Read Blocks": 0, "Remote SQL": "SELECT id, title FROM public.title WHERE ((production_year > 2005))", "Relation Name": "title", "Node Type": "Foreign Scan", "Shared Read Blocks": 0, "Local Hit Blocks": 0, "Temp Written Blocks": 0, "Actual Total Time": 1106.728, "Temp Read Blocks": 0, "Shared Dirtied Blocks": 0, "Plan Rows": 1021392, "Local Dirtied Blocks": 0, "Alias": "t", "Shared Hit Blocks": 0, "Actual Startup Time": 11.61, "Output": ["t.id", "t.title", "t.imdb_index", "t.kind_id", "t.production_year", "t.imdb_id", "t.phonetic_code", "t.episode_of_id", "t.season_nr", "t.episode_nr", "t.series_years", "t.md5sum"], "Parallel Aware": false, "Total Cost": 88125.73, "Shared Written Blocks": 0, "Local Written Blocks": 0, "Actual Loops": 1, "Plan Width": 21, "Parent Relationship": "Outer", "Actual Rows": 1012920}, {"Original Hash Batches": 1, "Startup Cost": 667731.82, "Actual Loops": 1, "Hash Buckets": 1024, "Local Read Blocks": 0, "Original Hash Buckets": 1024, "Node Type": "Hash", "Peak Memory Usage": 23, "Shared Read Blocks": 118462, "Hash Batches": 1, "Local Hit Blocks": 0, "Temp Written Blocks": 0, "Plans": [{"Inner Unique": false, "Startup Cost": 531287.96, "Merge Cond": "(chn.id = ci.person_role_id)", "Local Read Blocks": 0, "Plans": [{"Scan Direction": "Forward", "Startup Cost": 0.43, "Schema": "public", "Local Read Blocks": 0, "Relation Name": "char_name", "Node Type": "Index Scan", "Shared Read Blocks": 33102, "Local Hit Blocks": 0, "Temp Written Blocks": 0, "Actual Total Time": 852.236, "Index Name": "char_name_pkey", "Shared Dirtied Blocks": 0, "Plan Rows": 3140182, "Local Dirtied Blocks": 0, "Alias": "chn", "Shared Hit Blocks": 2115427, "Actual Startup Time": 0.006, "Output": ["chn.id", "chn.name", "chn.imdb_index", "chn.imdb_id", "chn.name_pcode_nf", "chn.surname_pcode", "chn.md5sum"], "Parallel Aware": false, "Total Cost": 128593.12, "Shared Written Blocks": 98, "Local Written Blocks": 0, "Actual Loops": 1, "Plan Width": 20, "Parent Relationship": "Outer", "Temp Read Blocks": 0, "Actual Rows": 2143382}, {"Startup Cost": 531287.51, "Actual Loops": 1, "Sort Key": ["ci.person_role_id"], "Local Read Blocks": 0, "Plans": [{"Inner Unique": false, "Startup Cost": 530989.12, "Merge Cond": "(mc.movie_id = ci.movie_id)", "Local Read Blocks": 0, "Plans": [{"Operation": "Select", "Startup Cost": 50484.84, "Local Read Blocks": 0, "Relations": "((dtinglinux.company_name cn) INNER JOIN (dtinglinux.movie_companies mc)) INNER JOIN (dtinglinux.company_type ct)", "Remote SQL": "SELECT r5.movie_id FROM ((public.company_name r3 INNER JOIN public.movie_companies r5 ON (((r3.id = r5.company_id)) AND ((r3.country_code = '[ru]'::text)))) INNER JOIN public.company_type r4 ON (((r5.company_type_id = r4.id)))) ORDER BY r5.movie_id ASC NULLS LAST", "Node Type": "Foreign Scan", "Shared Read Blocks": 0, "Output": ["mc.movie_id"], "Temp Written Blocks": 0, "Actual Total Time": 504.867, "Temp Read Blocks": 0, "Shared Dirtied Blocks": 0, "Plan Rows": 2054, "Local Dirtied Blocks": 0, "Shared Hit Blocks": 0, "Actual Startup Time": 504.389, "Local Hit Blocks": 0, "Parallel Aware": false, "Total Cost": 50765.57, "Shared Written Blocks": 0, "Local Written Blocks": 0, "Actual Loops": 1, "Plan Width": 4, "Parent Relationship": "Outer", "Actual Rows": 8789}, {"Startup Cost": 480504.28, "Actual Loops": 1, "Sort Key": ["ci.movie_id"], "Local Read Blocks": 0, "Plans": [{"Startup Cost": 1001.16, "Actual Loops": 1, "Local Read Blocks": 0, "Workers Launched": 2, "Node Type": "Gather", "Workers Planned": 2, "Shared Read Blocks": 85360, "Output": ["ci.movie_id", "ci.person_role_id"], "Temp Written Blocks": 0, "Plans": [{"Inner Unique": true, "Startup Cost": 1.16, "Workers": [{"Temp Written Blocks": 0, "Actual Total Time": 1374.86, "Temp Read Blocks": 0, "Shared Dirtied Blocks": 0, "Local Read Blocks": 0, "Worker Number": 0, "Shared Hit Blocks": 102, "Actual Startup Time": 0.38, "Local Hit Blocks": 0, "Local Written Blocks": 0, "Local Dirtied Blocks": 0, "Shared Written Blocks": 0, "Actual Loops": 1, "Shared Read Blocks": 83310, "Actual Rows": 9717}, {"Temp Written Blocks": 0, "Actual Total Time": 1375.668, "Temp Read Blocks": 0, "Shared Dirtied Blocks": 0, "Local Read Blocks": 0, "Worker Number": 1, "Shared Hit Blocks": 102, "Actual Startup Time": 0.881, "Local Hit Blocks": 0, "Local Written Blocks": 0, "Local Dirtied Blocks": 0, "Shared Written Blocks": 0, "Actual Loops": 1, "Shared Read Blocks": 83953, "Actual Rows": 9274}], "Local Read Blocks": 0, "Plans": [{"Startup Cost": 0.0, "Schema": "public", "Workers": [{"Temp Written Blocks": 0, "Actual Total Time": 1372.554, "Temp Read Blocks": 0, "Shared Dirtied Blocks": 0, "Local Read Blocks": 0, "Worker Number": 0, "Shared Hit Blocks": 21, "Actual Startup Time": 0.177, "Local Hit Blocks": 0, "Local Written Blocks": 0, "Local Dirtied Blocks": 0, "Shared Written Blocks": 0, "Actual Loops": 1, "Shared Read Blocks": 83310, "Actual Rows": 11790}, {"Temp Written Blocks": 0, "Actual Total Time": 1373.385, "Temp Read Blocks": 0, "Shared Dirtied Blocks": 0, "Local Read Blocks": 0, "Worker Number": 1, "Shared Hit Blocks": 21, "Actual Startup Time": 0.702, "Local Hit Blocks": 0, "Local Written Blocks": 0, "Local Dirtied Blocks": 0, "Shared Written Blocks": 0, "Actual Loops": 1, "Shared Read Blocks": 83953, "Actual Rows": 11465}], "Local Read Blocks": 0, "Relation Name": "cast_info", "Node Type": "Seq Scan", "Shared Read Blocks": 252623, "Filter": "(((ci.note)::text ~~ '%(voice)%'::text) AND ((ci.note)::text ~~ '%(uncredited)%'::text))", "Local Hit Blocks": 0, "Temp Written Blocks": 0, "Actual Total Time": 1372.237, "Temp Read Blocks": 0, "Shared Dirtied Blocks": 0, "Plan Rows": 9122, "Parent Relationship": "Outer", "Local Dirtied Blocks": 0, "Alias": "ci", "Shared Hit Blocks": 64, "Actual Startup Time": 0.37, "Output": ["ci.id", "ci.person_id", "ci.movie_id", "ci.person_role_id", "ci.note", "ci.nr_order", "ci.role_id"], "Parallel Aware": true, "Total Cost": 479113.5, "Shared Written Blocks": 0, "Local Written Blocks": 0, "Actual Loops": 3, "Plan Width": 12, "Rows Removed by Filter": 12070685, "Actual Rows": 10763}, {"Original Hash Batches": 1, "Workers": [{"Temp Written Blocks": 0, "Actual Total Time": 0.027, "Temp Read Blocks": 0, "Shared Dirtied Blocks": 0, "Local Read Blocks": 0, "Worker Number": 0, "Shared Hit Blocks": 1, "Actual Startup Time": 0.027, "Local Hit Blocks": 0, "Local Written Blocks": 0, "Local Dirtied Blocks": 0, "Shared Written Blocks": 0, "Actual Loops": 1, "Shared Read Blocks": 0, "Actual Rows": 1}, {"Temp Written Blocks": 0, "Actual Total Time": 0.023, "Temp Read Blocks": 0, "Shared Dirtied Blocks": 0, "Local Read Blocks": 0, "Worker Number": 1, "Shared Hit Blocks": 1, "Actual Startup Time": 0.023, "Local Hit Blocks": 0, "Local Written Blocks": 0, "Local Dirtied Blocks": 0, "Shared Written Blocks": 0, "Actual Loops": 1, "Shared Read Blocks": 0, "Actual Rows": 1}], "Startup Cost": 1.15, "Actual Loops": 3, "Hash Buckets": 1024, "Local Read Blocks": 0, "Original Hash Buckets": 1024, "Node Type": "Hash", "Peak Memory Usage": 9, "Shared Read Blocks": 0, "Hash Batches": 1, "Local Hit Blocks": 0, "Temp Written Blocks": 0, "Plans": [{"Startup Cost": 0.0, "Schema": "public", "Workers": [{"Temp Written Blocks": 0, "Actual Total Time": 0.021, "Temp Read Blocks": 0, "Shared Dirtied Blocks": 0, "Local Read Blocks": 0, "Worker Number": 0, "Shared Hit Blocks": 1, "Actual Startup Time": 0.02, "Local Hit Blocks": 0, "Local Written Blocks": 0, "Local Dirtied Blocks": 0, "Shared Written Blocks": 0, "Actual Loops": 1, "Shared Read Blocks": 0, "Actual Rows": 1}, {"Temp Written Blocks": 0, "Actual Total Time": 0.018, "Temp Read Blocks": 0, "Shared Dirtied Blocks": 0, "Local Read Blocks": 0, "Worker Number": 1, "Shared Hit Blocks": 1, "Actual Startup Time": 0.017, "Local Hit Blocks": 0, "Local Written Blocks": 0, "Local Dirtied Blocks": 0, "Shared Written Blocks": 0, "Actual Loops": 1, "Shared Read Blocks": 0, "Actual Rows": 1}], "Local Read Blocks": 0, "Relation Name": "role_type", "Node Type": "Seq Scan", "Shared Read Blocks": 0, "Filter": "((rt.role)::text = 'actor'::text)", "Local Hit Blocks": 0, "Temp Written Blocks": 0, "Actual Total Time": 0.016, "Temp Read Blocks": 0, "Shared Dirtied Blocks": 0, "Plan Rows": 1, "Parent Relationship": "Outer", "Local Dirtied Blocks": 0, "Alias": "rt", "Shared Hit Blocks": 3, "Actual Startup Time": 0.015, "Output": ["rt.id"], "Parallel Aware": false, "Total Cost": 1.15, "Shared Written Blocks": 0, "Local Written Blocks": 0, "Actual Loops": 3, "Plan Width": 4, "Rows Removed by Filter": 11, "Actual Rows": 1}], "Actual Total Time": 0.02, "Temp Read Blocks": 0, "Shared Dirtied Blocks": 0, "Local Dirtied Blocks": 0, "Shared Hit Blocks": 3, "Actual Startup Time": 0.02, "Output": ["rt.id"], "Parallel Aware": false, "Total Cost": 1.15, "Shared Written Blocks": 0, "Local Written Blocks": 0, "Plan Rows": 1, "Plan Width": 4, "Parent Relationship": "Inner", "Actual Rows": 1}], "Node Type": "Hash Join", "Shared Read Blocks": 252623, "Join Type": "Inner", "Temp Written Blocks": 0, "Actual Total Time": 1374.327, "Temp Read Blocks": 0, "Shared Dirtied Blocks": 0, "Plan Rows": 760, "Local Dirtied Blocks": 0, "Shared Hit Blocks": 227, "Actual Startup Time": 0.503, "Output": ["ci.movie_id", "ci.person_role_id"], "Hash Cond": "(ci.role_id = rt.id)", "Local Hit Blocks": 0, "Parallel Aware": false, "Total Cost": 479223.08, "Shared Written Blocks": 0, "Local Written Blocks": 0, "Actual Loops": 3, "Plan Width": 8, "Parent Relationship": "Outer", "Actual Rows": 8625}], "Actual Total Time": 1380.836, "Temp Read Blocks": 0, "Shared Dirtied Blocks": 0, "Local Dirtied Blocks": 0, "Shared Hit Blocks": 23, "Actual Startup Time": 1.568, "Local Hit Blocks": 0, "Single Copy": false, "Parallel Aware": false, "Total Cost": 480405.48, "Shared Written Blocks": 0, "Local Written Blocks": 0, "Plan Rows": 1824, "Plan Width": 8, "Parent Relationship": "Outer", "Actual Rows": 25874}], "Sort Space Type": "Memory", "Node Type": "Sort", "Sort Method": "quicksort", "Shared Read Blocks": 85360, "Sort Space Used": 1981, "Temp Written Blocks": 0, "Actual Total Time": 1388.99, "Temp Read Blocks": 0, "Shared Dirtied Blocks": 0, "Local Dirtied Blocks": 0, "Shared Hit Blocks": 23, "Actual Startup Time": 1387.11, "Output": ["ci.movie_id", "ci.person_role_id"], "Local Hit Blocks": 0, "Parallel Aware": false, "Total Cost": 480508.84, "Shared Written Blocks": 0, "Local Written Blocks": 0, "Plan Rows": 1824, "Plan Width": 8, "Parent Relationship": "Inner", "Actual Rows": 25951}], "Node Type": "Merge Join", "Shared Read Blocks": 85360, "Join Type": "Inner", "Temp Written Blocks": 0, "Actual Total Time": 1896.669, "Temp Read Blocks": 0, "Shared Dirtied Blocks": 0, "Plan Rows": 101, "Local Dirtied Blocks": 0, "Shared Hit Blocks": 23, "Actual Startup Time": 1893.355, "Output": ["ci.movie_id", "ci.person_role_id", "mc.movie_id"], "Local Hit Blocks": 0, "Parallel Aware": false, "Total Cost": 531284.14, "Shared Written Blocks": 0, "Local Written Blocks": 0, "Actual Loops": 1, "Plan Width": 12, "Parent Relationship": "Outer", "Actual Rows": 275}], "Sort Space Type": "Memory", "Node Type": "Sort", "Sort Method": "quicksort", "Shared Read Blocks": 85360, "Sort Space Used": 37, "Temp Written Blocks": 0, "Actual Total Time": 1896.791, "Temp Read Blocks": 0, "Shared Dirtied Blocks": 0, "Local Dirtied Blocks": 0, "Shared Hit Blocks": 27, "Actual Startup Time": 1896.751, "Output": ["ci.movie_id", "ci.person_role_id", "mc.movie_id"], "Local Hit Blocks": 0, "Parallel Aware": false, "Total Cost": 531287.76, "Shared Written Blocks": 0, "Local Written Blocks": 0, "Plan Rows": 101, "Plan Width": 12, "Parent Relationship": "Inner", "Actual Rows": 266}], "Node Type": "Merge Join", "Shared Read Blocks": 118462, "Join Type": "Inner", "Temp Written Blocks": 0, "Actual Total Time": 2892.073, "Temp Read Blocks": 0, "Shared Dirtied Blocks": 0, "Plan Rows": 49, "Local Dirtied Blocks": 0, "Shared Hit Blocks": 2115454, "Actual Startup Time": 1896.776, "Output": ["chn.name", "ci.movie_id", "mc.movie_id"], "Local Hit Blocks": 0, "Parallel Aware": false, "Total Cost": 667731.82, "Shared Written Blocks": 98, "Local Written Blocks": 0, "Actual Loops": 1, "Plan Width": 24, "Parent Relationship": "Outer", "Actual Rows": 265}], "Actual Total Time": 2892.252, "Temp Read Blocks": 0, "Shared Dirtied Blocks": 0, "Local Dirtied Blocks": 0, "Shared Hit Blocks": 2115454, "Actual Startup Time": 2892.252, "Output": ["chn.name", "ci.movie_id", "mc.movie_id"], "Parallel Aware": false, "Total Cost": 667731.82, "Shared Written Blocks": 98, "Local Written Blocks": 0, "Plan Rows": 49, "Plan Width": 24, "Parent Relationship": "Inner", "Actual Rows": 265}], "Node Type": "Hash Join", "Shared Read Blocks": 118462, "Join Type": "Inner", "Temp Written Blocks": 0, "Actual Total Time": 4076.043, "Temp Read Blocks": 0, "Shared Dirtied Blocks": 0, "Plan Rows": 250241, "Local Dirtied Blocks": 0, "Shared Hit Blocks": 2115457, "Actual Startup Time": 3457.098, "Output": ["chn.name", "t.title"], "Hash Cond": "(t.id = mc.movie_id)", "Local Hit Blocks": 0, "Parallel Aware": false, "Total Cost": 767297.75, "Shared Written Blocks": 98, "Local Written Blocks": 0, "Actual Loops": 1, "Plan Width": 48, "Parent Relationship": "Outer", "Actual Rows": 104}], "Local Dirtied Blocks": 0, "Partial Mode": "Simple", "Shared Read Blocks": 118462, "Output": ["min((chn.name)::text)", "min((t.title)::text)"], "Temp Written Blocks": 0, "Plan Width": 64, "Actual Total Time": 4076.211, "Temp Read Blocks": 0, "Shared Dirtied Blocks": 0, "Plan Rows": 1, "Shared Hit Blocks": 2115457, "Actual Startup Time": 4076.21, "Local Hit Blocks": 0, "Parallel Aware": false, "Total Cost": 768548.96, "Shared Written Blocks": 98, "Local Written Blocks": 0, "Actual Loops": 1, "Strategy": "Plain", "Node Type": "Aggregate"}, "Execution Time": 4122.725, "Triggers": []}]