[{"Execution Time": 50354.273, "Planning Time": 935.6, "Plan": {"Shared Read Blocks": 0, "Local Written Blocks": 0, "Output": ["c_orders.c_count", "(count(*))"], "Actual Startup Time": 50275.873, "Temp Written Blocks": 332, "Actual Total Time": 50275.875, "Sort Key": ["(count(*)) DESC", "c_orders.c_count DESC"], "Local Dirtied Blocks": 0, "Shared Written Blocks": 0, "Sort Method": "quicksort", "Sort Space Used": 26, "Local Hit Blocks": 0, "Parallel Aware": false, "Actual Loops": 1, "Plans": [{"Shared Read Blocks": 0, "Local Written Blocks": 0, "Parent Relationship": "Outer", "Temp Written Blocks": 332, "Actual Total Time": 50275.84, "Local Dirtied Blocks": 0, "Shared Written Blocks": 0, "Group Key": ["c_orders.c_count"], "Partial Mode": "Simple", "Local Hit Blocks": 0, "Parallel Aware": false, "Actual Loops": 1, "Output": ["c_orders.c_count", "count(*)"], "Local Read Blocks": 0, "Shared Dirtied Blocks": 0, "Node Type": "Aggregate", "Strategy": "Sorted", "Actual Startup Time": 50248.097, "Startup Cost": 22692148.87, "Plan Width": 16, "Actual Rows": 42, "Plan Rows": 1, "Shared Hit Blocks": 0, "Total Cost": 22692148.89, "Plans": [{"Shared Read Blocks": 0, "Local Written Blocks": 0, "Parent Relationship": "Outer", "Actual Startup Time": 50248.091, "Temp Written Blocks": 332, "Actual Total Time": 50261.965, "Sort Key": ["c_orders.c_count DESC"], "Local Dirtied Blocks": 0, "Shared Written Blocks": 0, "Sort Method": "external merge", "Sort Space Used": 2648, "Local Hit Blocks": 0, "Parallel Aware": false, "Actual Loops": 1, "Output": ["c_orders.c_count"], "Local Read Blocks": 0, "Shared Dirtied Blocks": 0, "Node Type": "Sort", "Sort Space Type": "Disk", "Startup Cost": 22692148.87, "Plan Width": 8, "Actual Rows": 150000, "Plan Rows": 1, "Shared Hit Blocks": 0, "Total Cost": 22692148.88, "Plans": [{"Shared Read Blocks": 0, "Local Written Blocks": 0, "Parent Relationship": "Outer", "Temp Written Blocks": 0, "Alias": "c_orders", "Shared Written Blocks": 0, "Actual Total Time": 50181.962, "Startup Cost": 200.85, "Parallel Aware": false, "Actual Loops": 1, "Output": ["c_orders.c_count"], "Local Read Blocks": 0, "Local Hit Blocks": 0, "Shared Dirtied Blocks": 0, "Node Type": "Subquery Scan", "Actual Startup Time": 762.72, "Local Dirtied Blocks": 0, "Plan Width": 8, "Actual Rows": 150000, "Plan Rows": 1, "Shared Hit Blocks": 0, "Total Cost": 22692148.86, "Plans": [{"Shared Read Blocks": 0, "Local Written Blocks": 0, "Parent Relationship": "Subquery", "Temp Written Blocks": 0, "Actual Total Time": 50168.304, "Local Dirtied Blocks": 0, "Shared Written Blocks": 0, "Group Key": ["customer.c_custkey"], "Partial Mode": "Simple", "Local Hit Blocks": 0, "Parallel Aware": false, "Actual Loops": 1, "Output": ["customer.c_custkey", "count(orders.o_orderkey)"], "Local Read Blocks": 0, "Shared Dirtied Blocks": 0, "Node Type": "Aggregate", "Strategy": "Sorted", "Actual Startup Time": 762.719, "Startup Cost": 200.85, "Plan Width": 12, "Actual Rows": 150000, "Plan Rows": 1, "Shared Hit Blocks": 0, "Total Cost": 22692148.85, "Plans": [{"Shared Read Blocks": 0, "Local Written Blocks": 0, "Parent Relationship": "Outer", "Startup Cost": 200.85, "Temp Written Blocks": 0, "Local Dirtied Blocks": 0, "Shared Written Blocks": 0, "Actual Total Time": 49997.169, "Local Hit Blocks": 0, "Parallel Aware": false, "Actual Loops": 1, "Output": ["customer.c_custkey", "orders.o_orderkey"], "Local Read Blocks": 0, "Shared Dirtied Blocks": 0, "Node Type": "Merge Join", "Inner Unique": false, "Actual Startup Time": 762.697, "Plans": [{"Shared Read Blocks": 0, "Local Written Blocks": 0, "Parent Relationship": "Outer", "Temp Written Blocks": 0, "Alias": "customer", "Schema": "lxulx", "Shared Written Blocks": 0, "Operation": "Select", "Actual Total Time": 4105.826, "Remote SQL": "SELECT c_custkey FROM public.customer ORDER BY c_custkey ASC NULLS LAST", "Local Hit Blocks": 0, "Parallel Aware": false, "Actual Loops": 1, "Output": ["customer.c_custkey", "customer.c_name", "customer.c_address", "customer.c_nationkey", "customer.c_phone", "customer.c_acctbal", "customer.c_mktsegment", "customer.c_comment"], "Local Read Blocks": 0, "Shared Dirtied Blocks": 0, "Node Type": "Foreign Scan", "Local Dirtied Blocks": 0, "Actual Startup Time": 313.789, "Startup Cost": 100.42, "Plan Width": 4, "Actual Rows": 150000, "Plan Rows": 150000, "Shared Hit Blocks": 0, "Total Cost": 10717.42, "Temp Read Blocks": 0, "Relation Name": "customer"}, {"Shared Read Blocks": 0, "Local Written Blocks": 0, "Parent Relationship": "Inner", "Temp Written Blocks": 0, "Shared Written Blocks": 0, "Actual Total Time": 45642.53, "Actual Loops": 1, "Startup Cost": 100.43, "Parallel Aware": false, "Temp Read Blocks": 0, "Output": ["orders.o_orderkey", "orders.o_custkey", "orders.o_orderstatus", "orders.o_totalprice", "orders.o_orderdate", "orders.o_orderpriority", "orders.o_clerk", "orders.o_shippriority", "orders.o_comment"], "Local Read Blocks": 0, "Local Hit Blocks": 0, "Shared Dirtied Blocks": 0, "Node Type": "Materialize", "Actual Startup Time": 448.9, "Local Dirtied Blocks": 0, "Plan Width": 12, "Actual Rows": 1483804, "Plan Rows": 1499850, "Shared Hit Blocks": 0, "Total Cost": 187056.05, "Plans": [{"Shared Read Blocks": 0, "Local Written Blocks": 0, "Parent Relationship": "Outer", "Temp Written Blocks": 0, "Alias": "orders", "Schema": "ricolelx", "Shared Written Blocks": 0, "Operation": "Select", "Actual Total Time": 45482.296, "Remote SQL": "SELECT o_orderkey, o_custkey FROM public.orders WHERE ((o_comment !~~ '%special%deposits%'::text)) ORDER BY o_custkey ASC NULLS LAST", "Local Hit Blocks": 0, "Parallel Aware": false, "Actual Loops": 1, "Output": ["orders.o_orderkey", "orders.o_custkey", "orders.o_orderstatus", "orders.o_totalprice", "orders.o_orderdate", "orders.o_orderpriority", "orders.o_clerk", "orders.o_shippriority", "orders.o_comment"], "Local Read Blocks": 0, "Shared Dirtied Blocks": 0, "Node Type": "Foreign Scan", "Local Dirtied Blocks": 0, "Actual Startup Time": 448.897, "Startup Cost": 100.43, "Plan Width": 12, "Actual Rows": 1483804, "Plan Rows": 1499850, "Shared Hit Blocks": 0, "Total Cost": 183306.42, "Temp Read Blocks": 0, "Relation Name": "orders"}]}], "Join Type": "Left", "Plan Width": 8, "Actual Rows": 1533808, "Plan Rows": 1124887500, "Shared Hit Blocks": 0, "Total Cost": 17067711.34, "Merge Cond": "(customer.c_custkey = orders.o_custkey)", "Temp Read Blocks": 0}], "Temp Read Blocks": 0}], "Temp Read Blocks": 0}], "Temp Read Blocks": 331}], "Temp Read Blocks": 331}], "Local Read Blocks": 0, "Shared Dirtied Blocks": 0, "Node Type": "Sort", "Sort Space Type": "Memory", "Startup Cost": 22692148.9, "Plan Width": 16, "Actual Rows": 42, "Plan Rows": 1, "Shared Hit Blocks": 3, "Total Cost": 22692148.91, "Temp Read Blocks": 331}, "Triggers": []}]