[{"Execution Time": 4860.465, "Planning Time": 16.954, "Plan": {"Shared Read Blocks": 3844, "Local Written Blocks": 0, "Output": ["(count(orders.o_orderkey))", "(count(*))"], "Actual Startup Time": 4859.994, "Temp Written Blocks": 0, "Actual Total Time": 4859.995, "Sort Key": ["(count(*)) DESC", "(count(orders.o_orderkey)) DESC"], "Local Dirtied Blocks": 0, "Shared Written Blocks": 0, "Sort Method": "quicksort", "Sort Space Used": 26, "Local Hit Blocks": 0, "Parallel Aware": false, "Actual Loops": 1, "Plans": [{"Shared Read Blocks": 3844, "Local Written Blocks": 0, "Parent Relationship": "Outer", "Temp Written Blocks": 0, "Actual Total Time": 4859.944, "Local Dirtied Blocks": 0, "Shared Written Blocks": 0, "Group Key": ["count(orders.o_orderkey)"], "Partial Mode": "Simple", "Local Hit Blocks": 0, "Parallel Aware": false, "Actual Loops": 1, "Output": ["(count(orders.o_orderkey))", "count(*)"], "Local Read Blocks": 0, "Shared Dirtied Blocks": 0, "Node Type": "Aggregate", "Strategy": "Hashed", "Actual Startup Time": 4859.937, "Startup Cost": 225045.84, "Plan Width": 16, "Actual Rows": 42, "Plan Rows": 200, "Shared Hit Blocks": 276, "Total Cost": 225047.84, "Plans": [{"Shared Read Blocks": 3844, "Local Written Blocks": 0, "Parent Relationship": "Outer", "Temp Written Blocks": 0, "Actual Total Time": 4836.871, "Local Dirtied Blocks": 0, "Shared Written Blocks": 0, "Group Key": ["customer.c_custkey"], "Partial Mode": "Simple", "Local Hit Blocks": 0, "Parallel Aware": false, "Actual Loops": 1, "Output": ["customer.c_custkey", "count(orders.o_orderkey)"], "Local Read Blocks": 0, "Shared Dirtied Blocks": 0, "Node Type": "Aggregate", "Strategy": "Sorted", "Actual Startup Time": 47.187, "Startup Cost": 100.85, "Plan Width": 12, "Actual Rows": 150000, "Plan Rows": 150000, "Shared Hit Blocks": 276, "Total Cost": 222795.84, "Plans": [{"Shared Read Blocks": 3844, "Local Written Blocks": 0, "Parent Relationship": "Outer", "Startup Cost": 100.85, "Temp Written Blocks": 0, "Local Dirtied Blocks": 0, "Shared Written Blocks": 0, "Actual Total Time": 4687.264, "Local Hit Blocks": 0, "Parallel Aware": false, "Actual Loops": 1, "Output": ["customer.c_custkey", "orders.o_orderkey"], "Local Read Blocks": 0, "Shared Dirtied Blocks": 0, "Node Type": "Merge Join", "Inner Unique": false, "Actual Startup Time": 47.175, "Plans": [{"Shared Read Blocks": 3844, "Local Written Blocks": 0, "Parent Relationship": "Outer", "Temp Written Blocks": 0, "Heap Fetches": 150000, "Alias": "customer", "Shared Written Blocks": 0, "Schema": "public", "Total Cost": 7617.42, "Index Name": "customer_pkey", "Local Hit Blocks": 0, "Parallel Aware": false, "Actual Loops": 1, "Output": ["customer.c_custkey"], "Local Read Blocks": 0, "Shared Dirtied Blocks": 0, "Node Type": "Index Only Scan", "Scan Direction": "Forward", "Local Dirtied Blocks": 0, "Actual Startup Time": 0.07, "Startup Cost": 0.42, "Plan Width": 4, "Actual Rows": 150000, "Plan Rows": 150000, "Shared Hit Blocks": 276, "Actual Total Time": 56.748, "Temp Read Blocks": 0, "Relation Name": "customer"}, {"Shared Read Blocks": 0, "Local Written Blocks": 0, "Parent Relationship": "Inner", "Temp Written Blocks": 0, "Shared Written Blocks": 0, "Actual Total Time": 4418.712, "Actual Loops": 1, "Startup Cost": 100.43, "Parallel Aware": false, "Temp Read Blocks": 0, "Output": ["orders.o_orderkey", "orders.o_custkey", "orders.o_orderstatus", "orders.o_totalprice", "orders.o_orderdate", "orders.o_orderpriority", "orders.o_clerk", "orders.o_shippriority", "orders.o_comment"], "Local Read Blocks": 0, "Local Hit Blocks": 0, "Shared Dirtied Blocks": 0, "Node Type": "Materialize", "Actual Startup Time": 47.095, "Local Dirtied Blocks": 0, "Plan Width": 12, "Actual Rows": 1483804, "Plan Rows": 1499850, "Shared Hit Blocks": 0, "Total Cost": 187056.05, "Plans": [{"Shared Read Blocks": 0, "Local Written Blocks": 0, "Parent Relationship": "Outer", "Temp Written Blocks": 0, "Alias": "orders", "Schema": "ricolelx", "Shared Written Blocks": 0, "Operation": "Select", "Actual Total Time": 4284.495, "Remote SQL": "SELECT o_orderkey, o_custkey FROM public.orders WHERE ((o_comment !~~ '%special%deposits%'::text)) ORDER BY o_custkey ASC NULLS LAST", "Local Hit Blocks": 0, "Parallel Aware": false, "Actual Loops": 1, "Output": ["orders.o_orderkey", "orders.o_custkey", "orders.o_orderstatus", "orders.o_totalprice", "orders.o_orderdate", "orders.o_orderpriority", "orders.o_clerk", "orders.o_shippriority", "orders.o_comment"], "Local Read Blocks": 0, "Shared Dirtied Blocks": 0, "Node Type": "Foreign Scan", "Local Dirtied Blocks": 0, "Actual Startup Time": 47.09, "Startup Cost": 100.43, "Plan Width": 12, "Actual Rows": 1483804, "Plan Rows": 1499850, "Shared Hit Blocks": 0, "Total Cost": 183306.42, "Temp Read Blocks": 0, "Relation Name": "orders"}]}], "Join Type": "Left", "Plan Width": 8, "Actual Rows": 1533808, "Plan Rows": 1499850, "Shared Hit Blocks": 276, "Total Cost": 213796.59, "Merge Cond": "(customer.c_custkey = orders.o_custkey)", "Temp Read Blocks": 0}], "Temp Read Blocks": 0}], "Temp Read Blocks": 0}], "Local Read Blocks": 0, "Shared Dirtied Blocks": 0, "Node Type": "Sort", "Sort Space Type": "Memory", "Startup Cost": 225055.48, "Plan Width": 16, "Actual Rows": 42, "Plan Rows": 200, "Shared Hit Blocks": 279, "Total Cost": 225055.98, "Temp Read Blocks": 0}, "Triggers": []}]