[{"Execution Time": 1602.087, "Planning Time": 8.271, "Plan": {"Shared Read Blocks": 13664, "Local Written Blocks": 0, "Output": ["c_orders.c_count", "(count(*))"], "Actual Startup Time": 1600.514, "Temp Written Blocks": 7097, "Actual Total Time": 1600.516, "Sort Key": ["(count(*)) DESC", "c_orders.c_count DESC"], "Local Dirtied Blocks": 0, "Shared Written Blocks": 0, "Sort Method": "quicksort", "Sort Space Used": 26, "Local Hit Blocks": 0, "Parallel Aware": false, "Actual Loops": 1, "Plans": [{"Shared Read Blocks": 13664, "Local Written Blocks": 0, "Parent Relationship": "Outer", "Temp Written Blocks": 7097, "Actual Total Time": 1600.485, "Local Dirtied Blocks": 0, "Shared Written Blocks": 0, "Group Key": ["c_orders.c_count"], "Partial Mode": "Simple", "Local Hit Blocks": 0, "Parallel Aware": false, "Actual Loops": 1, "Output": ["c_orders.c_count", "count(*)"], "Local Read Blocks": 0, "Shared Dirtied Blocks": 0, "Node Type": "Aggregate", "Strategy": "Sorted", "Actual Startup Time": 1572.074, "Startup Cost": 184532.09, "Plan Width": 16, "Actual Rows": 42, "Plan Rows": 1, "Shared Hit Blocks": 13961, "Total Cost": 184532.11, "Plans": [{"Shared Read Blocks": 13664, "Local Written Blocks": 0, "Parent Relationship": "Outer", "Actual Startup Time": 1572.065, "Temp Written Blocks": 7097, "Actual Total Time": 1585.913, "Sort Key": ["c_orders.c_count DESC"], "Local Dirtied Blocks": 0, "Shared Written Blocks": 0, "Sort Method": "external merge", "Sort Space Used": 2648, "Local Hit Blocks": 0, "Parallel Aware": false, "Actual Loops": 1, "Output": ["c_orders.c_count"], "Local Read Blocks": 0, "Shared Dirtied Blocks": 0, "Node Type": "Sort", "Sort Space Type": "Disk", "Startup Cost": 184532.09, "Plan Width": 8, "Actual Rows": 150000, "Plan Rows": 1, "Shared Hit Blocks": 13961, "Total Cost": 184532.09, "Plans": [{"Shared Read Blocks": 13664, "Local Written Blocks": 0, "Parent Relationship": "Outer", "Temp Written Blocks": 6765, "Alias": "c_orders", "Shared Written Blocks": 0, "Actual Total Time": 1521.52, "Startup Cost": 184532.05, "Parallel Aware": false, "Actual Loops": 1, "Output": ["c_orders.c_count"], "Local Read Blocks": 0, "Local Hit Blocks": 0, "Shared Dirtied Blocks": 0, "Node Type": "Subquery Scan", "Actual Startup Time": 1472.17, "Local Dirtied Blocks": 0, "Plan Width": 8, "Actual Rows": 150000, "Plan Rows": 1, "Shared Hit Blocks": 13961, "Total Cost": 184532.08, "Plans": [{"Shared Read Blocks": 13664, "Local Written Blocks": 0, "Parent Relationship": "Subquery", "Temp Written Blocks": 6765, "Actual Total Time": 1508.352, "Local Dirtied Blocks": 0, "Shared Written Blocks": 0, "Group Key": ["customer.c_custkey"], "Partial Mode": "Simple", "Local Hit Blocks": 0, "Parallel Aware": false, "Actual Loops": 1, "Output": ["customer.c_custkey", "count(orders.o_orderkey)"], "Local Read Blocks": 0, "Shared Dirtied Blocks": 0, "Node Type": "Aggregate", "Strategy": "Hashed", "Actual Startup Time": 1472.168, "Startup Cost": 184532.05, "Plan Width": 12, "Actual Rows": 150000, "Plan Rows": 1, "Shared Hit Blocks": 13961, "Total Cost": 184532.07, "Plans": [{"Shared Read Blocks": 13664, "Local Written Blocks": 0, "Parent Relationship": "Outer", "Startup Cost": 72547.12, "Temp Written Blocks": 6765, "Local Dirtied Blocks": 0, "Shared Written Blocks": 0, "Actual Total Time": 1219.014, "Local Hit Blocks": 0, "Parallel Aware": false, "Actual Loops": 1, "Output": ["customer.c_custkey", "orders.o_orderkey"], "Local Read Blocks": 0, "Shared Dirtied Blocks": 0, "Node Type": "Hash Join", "Inner Unique": false, "Actual Startup Time": 799.844, "Join Type": "Left", "Plan Width": 8, "Actual Rows": 1533808, "Plan Rows": 2577062, "Shared Hit Blocks": 13961, "Total Cost": 171646.74, "Plans": [{"Shared Read Blocks": 0, "Local Written Blocks": 0, "Parent Relationship": "Outer", "Temp Written Blocks": 0, "Alias": "customer", "Schema": "lxulx", "Shared Written Blocks": 0, "Operation": "Select", "Actual Total Time": 109.954, "Remote SQL": "SELECT c_custkey FROM public.customer", "Local Hit Blocks": 0, "Parallel Aware": false, "Actual Loops": 1, "Output": ["customer.c_custkey"], "Local Read Blocks": 0, "Shared Dirtied Blocks": 0, "Node Type": "Foreign Scan", "Local Dirtied Blocks": 0, "Actual Startup Time": 7.504, "Startup Cost": 100.0, "Plan Width": 4, "Actual Rows": 150000, "Plan Rows": 150000, "Shared Hit Blocks": 0, "Total Cost": 8308.0, "Temp Read Blocks": 0, "Relation Name": "customer"}, {"Shared Read Blocks": 13664, "Local Written Blocks": 0, "Parent Relationship": "Inner", "Temp Written Blocks": 6299, "Hash Buckets": 131072, "Hash Batches": 32, "Local Dirtied Blocks": 0, "Original Hash Batches": 32, "Shared Written Blocks": 0, "Actual Total Time": 790.989, "Local Hit Blocks": 0, "Parallel Aware": false, "Actual Loops": 1, "Output": ["orders.o_orderkey", "orders.o_custkey"], "Local Read Blocks": 0, "Shared Dirtied Blocks": 0, "Node Type": "Hash", "Actual Startup Time": 790.989, "Startup Cost": 46375.0, "Original Hash Buckets": 131072, "Plan Width": 12, "Actual Rows": 1483804, "Plan Rows": 1499850, "Shared Hit Blocks": 13961, "Peak Memory Usage": 3230, "Total Cost": 46375.0, "Plans": [{"Shared Read Blocks": 13664, "Local Dirtied Blocks": 0, "Parent Relationship": "Outer", "Temp Written Blocks": 0, "Alias": "orders", "Filter": "((orders.o_comment)::text !~~ '%special%deposits%'::text)", "Schema": "public", "Shared Written Blocks": 0, "Actual Total Time": 546.151, "Local Written Blocks": 0, "Local Hit Blocks": 0, "Parallel Aware": false, "Actual Loops": 1, "Output": ["orders.o_orderkey", "orders.o_custkey"], "Local Read Blocks": 0, "Shared Dirtied Blocks": 0, "Node Type": "Seq Scan", "Rows Removed by Filter": 16196, "Actual Startup Time": 0.021, "Startup Cost": 0.0, "Plan Width": 12, "Actual Rows": 1483804, "Plan Rows": 1499850, "Shared Hit Blocks": 13961, "Total Cost": 46375.0, "Temp Read Blocks": 0, "Relation Name": "orders"}], "Temp Read Blocks": 0}], "Temp Read Blocks": 6827, "Hash Cond": "(customer.c_custkey = orders.o_custkey)"}], "Temp Read Blocks": 6827}], "Temp Read Blocks": 6827}], "Temp Read Blocks": 7158}], "Temp Read Blocks": 7158}], "Local Read Blocks": 0, "Shared Dirtied Blocks": 0, "Node Type": "Sort", "Sort Space Type": "Memory", "Startup Cost": 184532.12, "Plan Width": 16, "Actual Rows": 42, "Plan Rows": 1, "Shared Hit Blocks": 13964, "Total Cost": 184532.12, "Temp Read Blocks": 7158}, "Triggers": []}]