[{"Planning Time": 2.943, "Plan": {"Output": ["min((chn.name)::text)", "min((t.title)::text)"], "Actual Startup Time": 2330.334, "Actual Rows": 1, "Strategy": "Plain", "Total Cost": 685937.88, "Node Type": "Aggregate", "Temp Written Blocks": 0, "Actual Loops": 1, "Shared Hit Blocks": 4872, "Plan Width": 64, "Plans": [{"Output": ["chn.name", "t.title"], "Actual Startup Time": 1812.966, "Actual Rows": 104, "Inner Unique": true, "Total Cost": 685937.87, "Node Type": "Hash Join", "Temp Written Blocks": 0, "Actual Loops": 1, "Hash Cond": "(mc.company_type_id = ct.id)", "Shared Hit Blocks": 4872, "Plans": [{"Output": ["chn.name", "mc.company_type_id", "t.title"], "Actual Startup Time": 1812.928, "Actual Rows": 104, "Inner Unique": false, "Total Cost": 685936.77, "Node Type": "Hash Join", "Temp Written Blocks": 0, "Actual Loops": 1, "Hash Cond": "(chn.id = ci.person_role_id)", "Shared Hit Blocks": 4868, "Plans": [{"Output": ["chn.id", "chn.name", "chn.imdb_index", "chn.imdb_id", "chn.name_pcode_nf", "chn.surname_pcode", "chn.md5sum"], "Actual Startup Time": 0.02, "Actual Rows": 3140339, "Total Cost": 67850.67, "Node Type": "Seq Scan", "Temp Written Blocks": 0, "Schema": "public", "Actual Loops": 1, "Shared Hit Blocks": 2, "Local Dirtied Blocks": 0, "Plan Rows": 3140267, "Shared Dirtied Blocks": 0, "Startup Cost": 0.0, "Relation Name": "char_name", "Plan Width": 20, "Local Hit Blocks": 0, "Actual Total Time": 269.932, "Parent Relationship": "Outer", "Parallel Aware": false, "Shared Written Blocks": 0, "Temp Read Blocks": 0, "Shared Read Blocks": 36446, "Local Read Blocks": 0, "Local Written Blocks": 0, "Alias": "chn"}, {"Output": ["ci.person_role_id", "mc.company_type_id", "t.title"], "Actual Startup Time": 1812.773, "Actual Rows": 104, "Peak Memory Usage": 14, "Total Cost": 602384.73, "Local Read Blocks": 0, "Node Type": "Hash", "Temp Written Blocks": 0, "Original Hash Batches": 1, "Actual Loops": 1, "Actual Total Time": 1812.773, "Plans": [{"Output": ["ci.person_role_id", "mc.company_type_id", "t.title"], "Actual Startup Time": 587.484, "Actual Rows": 112, "Inner Unique": false, "Total Cost": 602384.73, "Node Type": "Hash Join", "Temp Written Blocks": 0, "Actual Loops": 1, "Hash Cond": "(ci.movie_id = t.id)", "Shared Hit Blocks": 4866, "Plans": [{"Output": ["ci.movie_id", "ci.person_role_id"], "Actual Startup Time": 1.012, "Actual Rows": 25874, "Total Cost": 480361.57, "Node Type": "Gather", "Single Copy": false, "Temp Written Blocks": 0, "Actual Loops": 1, "Shared Hit Blocks": 1, "Workers Launched": 2, "Local Dirtied Blocks": 0, "Plan Rows": 1499, "Plan Width": 8, "Startup Cost": 1001.16, "Shared Dirtied Blocks": 0, "Local Hit Blocks": 0, "Actual Total Time": 1223.377, "Parent Relationship": "Outer", "Workers Planned": 2, "Parallel Aware": false, "Shared Written Blocks": 0, "Temp Read Blocks": 0, "Plans": [{"Output": ["ci.movie_id", "ci.person_role_id"], "Actual Startup Time": 0.386, "Actual Rows": 8625, "Inner Unique": true, "Total Cost": 479211.67, "Node Type": "Hash Join", "Temp Written Blocks": 0, "Actual Loops": 3, "Hash Cond": "(ci.role_id = rt.id)", "Shared Hit Blocks": 163, "Plans": [{"Output": ["ci.id", "ci.person_id", "ci.movie_id", "ci.person_role_id", "ci.note", "ci.nr_order", "ci.role_id"], "Actual Startup Time": 0.221, "Actual Rows": 10763, "Total Cost": 479121.45, "Local Read Blocks": 0, "Node Type": "Seq Scan", "Temp Written Blocks": 0, "Schema": "public", "Actual Loops": 3, "Actual Total Time": 1256.445, "Local Dirtied Blocks": 0, "Rows Removed by Filter": 12070685, "Shared Dirtied Blocks": 0, "Startup Cost": 0.0, "Workers": [{"Shared Hit Blocks": 0, "Actual Startup Time": 0.235, "Actual Rows": 12250, "Local Hit Blocks": 0, "Temp Read Blocks": 0, "Local Read Blocks": 0, "Temp Written Blocks": 0, "Shared Written Blocks": 0, "Actual Loops": 1, "Shared Read Blocks": 84884, "Worker Number": 0, "Actual Total Time": 1278.634, "Local Written Blocks": 0, "Local Dirtied Blocks": 0, "Shared Dirtied Blocks": 0}, {"Shared Hit Blocks": 0, "Actual Startup Time": 0.28, "Actual Rows": 11369, "Local Hit Blocks": 0, "Temp Read Blocks": 0, "Local Read Blocks": 0, "Temp Written Blocks": 0, "Shared Written Blocks": 0, "Actual Loops": 1, "Shared Read Blocks": 84698, "Worker Number": 1, "Actual Total Time": 1276.809, "Local Written Blocks": 0, "Local Dirtied Blocks": 0, "Shared Dirtied Blocks": 0}], "Relation Name": "cast_info", "Plan Width": 12, "Local Hit Blocks": 0, "Parent Relationship": "Outer", "Parallel Aware": true, "Shared Written Blocks": 0, "Temp Read Blocks": 0, "Shared Read Blocks": 252687, "Plan Rows": 7493, "Shared Hit Blocks": 0, "Local Written Blocks": 0, "Alias": "ci", "Filter": "(((ci.note)::text ~~ '%(voice)%'::text) AND ((ci.note)::text ~~ '%(uncredited)%'::text))"}, {"Output": ["rt.id"], "Actual Startup Time": 0.023, "Actual Rows": 1, "Peak Memory Usage": 9, "Total Cost": 1.15, "Local Read Blocks": 0, "Node Type": "Hash", "Temp Written Blocks": 0, "Original Hash Batches": 1, "Actual Loops": 3, "Actual Total Time": 0.023, "Plans": [{"Output": ["rt.id"], "Actual Startup Time": 0.017, "Actual Rows": 1, "Total Cost": 1.15, "Local Read Blocks": 0, "Node Type": "Seq Scan", "Temp Written Blocks": 0, "Schema": "public", "Actual Loops": 3, "Actual Total Time": 0.019, "Local Dirtied Blocks": 0, "Rows Removed by Filter": 11, "Shared Dirtied Blocks": 0, "Startup Cost": 0.0, "Workers": [{"Shared Hit Blocks": 1, "Actual Startup Time": 0.027, "Actual Rows": 1, "Local Hit Blocks": 0, "Temp Read Blocks": 0, "Local Read Blocks": 0, "Temp Written Blocks": 0, "Shared Written Blocks": 0, "Actual Loops": 1, "Shared Read Blocks": 0, "Worker Number": 0, "Actual Total Time": 0.029, "Local Written Blocks": 0, "Local Dirtied Blocks": 0, "Shared Dirtied Blocks": 0}, {"Shared Hit Blocks": 1, "Actual Startup Time": 0.022, "Actual Rows": 1, "Local Hit Blocks": 0, "Temp Read Blocks": 0, "Local Read Blocks": 0, "Temp Written Blocks": 0, "Shared Written Blocks": 0, "Actual Loops": 1, "Shared Read Blocks": 0, "Worker Number": 1, "Actual Total Time": 0.023, "Local Written Blocks": 0, "Local Dirtied Blocks": 0, "Shared Dirtied Blocks": 0}], "Relation Name": "role_type", "Plan Width": 4, "Local Hit Blocks": 0, "Parent Relationship": "Outer", "Parallel Aware": false, "Shared Written Blocks": 0, "Temp Read Blocks": 0, "Shared Read Blocks": 0, "Plan Rows": 1, "Shared Hit Blocks": 3, "Local Written Blocks": 0, "Alias": "rt", "Filter": "((rt.role)::text = 'actor'::text)"}], "Local Dirtied Blocks": 0, "Plan Rows": 1, "Plan Width": 4, "Startup Cost": 1.15, "Workers": [{"Shared Hit Blocks": 1, "Actual Startup Time": 0.035, "Actual Rows": 1, "Local Hit Blocks": 0, "Temp Read Blocks": 0, "Local Read Blocks": 0, "Temp Written Blocks": 0, "Shared Written Blocks": 0, "Actual Loops": 1, "Shared Read Blocks": 0, "Worker Number": 0, "Actual Total Time": 0.035, "Local Written Blocks": 0, "Local Dirtied Blocks": 0, "Shared Dirtied Blocks": 0}, {"Shared Hit Blocks": 1, "Actual Startup Time": 0.028, "Actual Rows": 1, "Local Hit Blocks": 0, "Temp Read Blocks": 0, "Local Read Blocks": 0, "Temp Written Blocks": 0, "Shared Written Blocks": 0, "Actual Loops": 1, "Shared Read Blocks": 0, "Worker Number": 1, "Actual Total Time": 0.028, "Local Written Blocks": 0, "Local Dirtied Blocks": 0, "Shared Dirtied Blocks": 0}], "Shared Dirtied Blocks": 0, "Local Hit Blocks": 0, "Parent Relationship": "Inner", "Hash Batches": 1, "Parallel Aware": false, "Shared Written Blocks": 0, "Temp Read Blocks": 0, "Shared Read Blocks": 0, "Original Hash Buckets": 1024, "Hash Buckets": 1024, "Shared Hit Blocks": 3, "Local Written Blocks": 0}], "Local Dirtied Blocks": 0, "Plan Rows": 625, "Plan Width": 8, "Startup Cost": 1.16, "Workers": [{"Shared Hit Blocks": 81, "Actual Startup Time": 0.49, "Actual Rows": 9887, "Local Hit Blocks": 0, "Temp Read Blocks": 0, "Local Read Blocks": 0, "Temp Written Blocks": 0, "Shared Written Blocks": 0, "Actual Loops": 1, "Shared Read Blocks": 84884, "Worker Number": 0, "Actual Total Time": 1281.25, "Local Written Blocks": 0, "Local Dirtied Blocks": 0, "Shared Dirtied Blocks": 0}, {"Shared Hit Blocks": 81, "Actual Startup Time": 0.497, "Actual Rows": 9389, "Local Hit Blocks": 0, "Temp Read Blocks": 0, "Local Read Blocks": 0, "Temp Written Blocks": 0, "Shared Written Blocks": 0, "Actual Loops": 1, "Shared Read Blocks": 84698, "Worker Number": 1, "Actual Total Time": 1279.256, "Local Written Blocks": 0, "Local Dirtied Blocks": 0, "Shared Dirtied Blocks": 0}], "Shared Dirtied Blocks": 0, "Local Hit Blocks": 0, "Actual Total Time": 1258.676, "Parent Relationship": "Outer", "Parallel Aware": false, "Shared Written Blocks": 0, "Temp Read Blocks": 0, "Shared Read Blocks": 252687, "Local Read Blocks": 0, "Join Type": "Inner", "Local Written Blocks": 0}], "Shared Read Blocks": 83105, "Local Read Blocks": 0, "Local Written Blocks": 0}, {"Output": ["mc.movie_id", "mc.company_type_id", "t.title", "t.id"], "Actual Startup Time": 586.339, "Actual Rows": 4539, "Peak Memory Usage": 339, "Total Cost": 122005.18, "Local Read Blocks": 0, "Node Type": "Hash", "Temp Written Blocks": 0, "Original Hash Batches": 1, "Actual Loops": 1, "Actual Total Time": 586.339, "Plans": [{"Output": ["mc.movie_id", "mc.company_type_id", "t.title", "t.id"], "Actual Startup Time": 197.06, "Actual Rows": 4539, "Inner Unique": false, "Total Cost": 122005.18, "Node Type": "Hash Join", "Temp Written Blocks": 0, "Actual Loops": 1, "Hash Cond": "(t.id = mc.movie_id)", "Shared Hit Blocks": 4865, "Plans": [{"Output": ["t.id", "t.title", "t.imdb_index", "t.kind_id", "t.production_year", "t.imdb_id", "t.phonetic_code", "t.episode_of_id", "t.season_nr", "t.episode_nr", "t.series_years", "t.md5sum"], "Actual Startup Time": 0.01, "Actual Rows": 1012920, "Total Cost": 67598.55, "Local Read Blocks": 0, "Node Type": "Seq Scan", "Temp Written Blocks": 0, "Schema": "public", "Actual Loops": 1, "Actual Total Time": 296.461, "Local Dirtied Blocks": 0, "Rows Removed by Filter": 1515392, "Shared Dirtied Blocks": 0, "Startup Cost": 0.0, "Relation Name": "title", "Plan Width": 21, "Local Hit Blocks": 0, "Parent Relationship": "Outer", "Parallel Aware": false, "Shared Written Blocks": 0, "Temp Read Blocks": 0, "Shared Read Blocks": 35996, "Plan Rows": 1012742, "Shared Hit Blocks": 2, "Local Written Blocks": 0, "Alias": "t", "Filter": "(t.production_year > 2005)"}, {"Output": ["mc.movie_id", "mc.company_type_id"], "Actual Startup Time": 196.492, "Actual Rows": 8790, "Peak Memory Usage": 472, "Total Cost": 50568.17, "Local Read Blocks": 0, "Node Type": "Hash", "Temp Written Blocks": 0, "Original Hash Batches": 1, "Actual Loops": 1, "Actual Total Time": 196.492, "Plans": [{"Output": ["mc.movie_id", "mc.company_type_id"], "Actual Startup Time": 33.315, "Actual Rows": 8790, "Total Cost": 50568.17, "Node Type": "Gather", "Single Copy": false, "Temp Written Blocks": 0, "Actual Loops": 1, "Shared Hit Blocks": 4863, "Workers Launched": 2, "Local Dirtied Blocks": 0, "Plan Rows": 2465, "Plan Width": 8, "Startup Cost": 6935.24, "Shared Dirtied Blocks": 0, "Local Hit Blocks": 0, "Actual Total Time": 194.861, "Parent Relationship": "Outer", "Workers Planned": 2, "Parallel Aware": false, "Shared Written Blocks": 0, "Temp Read Blocks": 0, "Plans": [{"Output": ["mc.movie_id", "mc.company_type_id"], "Actual Startup Time": 31.841, "Actual Rows": 2930, "Inner Unique": true, "Total Cost": 49321.67, "Node Type": "Hash Join", "Temp Written Blocks": 0, "Actual Loops": 3, "Hash Cond": "(mc.company_id = cn.id)", "Shared Hit Blocks": 14749, "Plans": [{"Output": ["mc.id", "mc.movie_id", "mc.company_id", "mc.company_type_id", "mc.note"], "Actual Startup Time": 0.017, "Actual Rows": 869710, "Total Cost": 29661.37, "Node Type": "Seq Scan", "Temp Written Blocks": 0, "Schema": "public", "Actual Loops": 3, "Shared Hit Blocks": 5604, "Local Dirtied Blocks": 0, "Plan Rows": 1087137, "Shared Dirtied Blocks": 0, "Startup Cost": 0.0, "Workers": [{"Shared Hit Blocks": 1843, "Actual Startup Time": 0.017, "Actual Rows": 847325, "Local Hit Blocks": 0, "Temp Read Blocks": 0, "Local Read Blocks": 0, "Temp Written Blocks": 0, "Shared Written Blocks": 0, "Actual Loops": 1, "Shared Read Blocks": 4235, "Worker Number": 0, "Actual Total Time": 78.836, "Local Written Blocks": 0, "Local Dirtied Blocks": 0, "Shared Dirtied Blocks": 0}, {"Shared Hit Blocks": 1893, "Actual Startup Time": 0.019, "Actual Rows": 887067, "Local Hit Blocks": 0, "Temp Read Blocks": 0, "Local Read Blocks": 0, "Temp Written Blocks": 0, "Shared Written Blocks": 0, "Actual Loops": 1, "Shared Read Blocks": 4506, "Worker Number": 1, "Actual Total Time": 78.695, "Local Written Blocks": 0, "Local Dirtied Blocks": 0, "Shared Dirtied Blocks": 0}], "Relation Name": "movie_companies", "Plan Width": 12, "Local Hit Blocks": 0, "Actual Total Time": 78.403, "Parent Relationship": "Outer", "Parallel Aware": true, "Shared Written Blocks": 0, "Temp Read Blocks": 0, "Shared Read Blocks": 13186, "Local Read Blocks": 0, "Local Written Blocks": 0, "Alias": "mc"}, {"Output": ["cn.id"], "Actual Startup Time": 31.366, "Actual Rows": 1361, "Peak Memory Usage": 64, "Total Cost": 5932.46, "Local Read Blocks": 0, "Node Type": "Hash", "Temp Written Blocks": 0, "Original Hash Batches": 1, "Actual Loops": 3, "Actual Total Time": 31.366, "Plans": [{"Output": ["cn.id"], "Actual Startup Time": 0.027, "Actual Rows": 1361, "Total Cost": 5932.46, "Local Read Blocks": 0, "Node Type": "Seq Scan", "Temp Written Blocks": 0, "Schema": "public", "Actual Loops": 3, "Actual Total Time": 31.061, "Local Dirtied Blocks": 0, "Rows Removed by Filter": 233636, "Shared Dirtied Blocks": 0, "Startup Cost": 0.0, "Workers": [{"Shared Hit Blocks": 2995, "Actual Startup Time": 0.034, "Actual Rows": 1361, "Local Hit Blocks": 0, "Temp Read Blocks": 0, "Local Read Blocks": 0, "Temp Written Blocks": 0, "Shared Written Blocks": 0, "Actual Loops": 1, "Shared Read Blocks": 0, "Worker Number": 0, "Actual Total Time": 31.437, "Local Written Blocks": 0, "Local Dirtied Blocks": 0, "Shared Dirtied Blocks": 0}, {"Shared Hit Blocks": 2995, "Actual Startup Time": 0.032, "Actual Rows": 1361, "Local Hit Blocks": 0, "Temp Read Blocks": 0, "Local Read Blocks": 0, "Temp Written Blocks": 0, "Shared Written Blocks": 0, "Actual Loops": 1, "Shared Read Blocks": 0, "Worker Number": 1, "Actual Total Time": 29.14, "Local Written Blocks": 0, "Local Dirtied Blocks": 0, "Shared Dirtied Blocks": 0}], "Relation Name": "company_name", "Plan Width": 4, "Local Hit Blocks": 0, "Parent Relationship": "Outer", "Parallel Aware": false, "Shared Written Blocks": 0, "Temp Read Blocks": 0, "Shared Read Blocks": 0, "Plan Rows": 222, "Shared Hit Blocks": 8985, "Local Written Blocks": 0, "Alias": "cn", "Filter": "((cn.country_code)::text = '[ru]'::text)"}], "Local Dirtied Blocks": 0, "Plan Rows": 222, "Plan Width": 4, "Startup Cost": 5932.46, "Workers": [{"Shared Hit Blocks": 2995, "Actual Startup Time": 31.749, "Actual Rows": 1361, "Local Hit Blocks": 0, "Temp Read Blocks": 0, "Local Read Blocks": 0, "Temp Written Blocks": 0, "Shared Written Blocks": 0, "Actual Loops": 1, "Shared Read Blocks": 0, "Worker Number": 0, "Actual Total Time": 31.749, "Local Written Blocks": 0, "Local Dirtied Blocks": 0, "Shared Dirtied Blocks": 0}, {"Shared Hit Blocks": 2995, "Actual Startup Time": 29.429, "Actual Rows": 1361, "Local Hit Blocks": 0, "Temp Read Blocks": 0, "Local Read Blocks": 0, "Temp Written Blocks": 0, "Shared Written Blocks": 0, "Actual Loops": 1, "Shared Read Blocks": 0, "Worker Number": 1, "Actual Total Time": 29.429, "Local Written Blocks": 0, "Local Dirtied Blocks": 0, "Shared Dirtied Blocks": 0}], "Shared Dirtied Blocks": 0, "Local Hit Blocks": 0, "Parent Relationship": "Inner", "Hash Batches": 1, "Parallel Aware": false, "Shared Written Blocks": 0, "Temp Read Blocks": 0, "Shared Read Blocks": 0, "Original Hash Buckets": 1024, "Hash Buckets": 2048, "Shared Hit Blocks": 8985, "Local Written Blocks": 0}], "Local Dirtied Blocks": 0, "Plan Rows": 1027, "Plan Width": 8, "Startup Cost": 5935.24, "Workers": [{"Shared Hit Blocks": 4918, "Actual Startup Time": 32.039, "Actual Rows": 2977, "Local Hit Blocks": 0, "Temp Read Blocks": 0, "Local Read Blocks": 0, "Temp Written Blocks": 0, "Shared Written Blocks": 0, "Actual Loops": 1, "Shared Read Blocks": 4235, "Worker Number": 0, "Actual Total Time": 191.082, "Local Written Blocks": 0, "Local Dirtied Blocks": 0, "Shared Dirtied Blocks": 0}, {"Shared Hit Blocks": 4968, "Actual Startup Time": 30.399, "Actual Rows": 3027, "Local Hit Blocks": 0, "Temp Read Blocks": 0, "Local Read Blocks": 0, "Temp Written Blocks": 0, "Shared Written Blocks": 0, "Actual Loops": 1, "Shared Read Blocks": 4506, "Worker Number": 1, "Actual Total Time": 191.925, "Local Written Blocks": 0, "Local Dirtied Blocks": 0, "Shared Dirtied Blocks": 0}], "Shared Dirtied Blocks": 0, "Local Hit Blocks": 0, "Actual Total Time": 191.873, "Parent Relationship": "Outer", "Parallel Aware": false, "Shared Written Blocks": 0, "Temp Read Blocks": 0, "Shared Read Blocks": 13186, "Local Read Blocks": 0, "Join Type": "Inner", "Local Written Blocks": 0}], "Shared Read Blocks": 4445, "Local Read Blocks": 0, "Local Written Blocks": 0}], "Local Dirtied Blocks": 0, "Plan Rows": 2465, "Plan Width": 8, "Startup Cost": 50568.17, "Shared Dirtied Blocks": 0, "Local Hit Blocks": 0, "Parent Relationship": "Inner", "Hash Batches": 1, "Parallel Aware": false, "Shared Written Blocks": 0, "Temp Read Blocks": 0, "Shared Read Blocks": 4445, "Original Hash Buckets": 4096, "Hash Buckets": 16384, "Shared Hit Blocks": 4863, "Local Written Blocks": 0}], "Local Dirtied Blocks": 0, "Plan Rows": 987, "Plan Width": 29, "Startup Cost": 50598.98, "Shared Dirtied Blocks": 0, "Local Hit Blocks": 0, "Actual Total Time": 585.082, "Parent Relationship": "Outer", "Parallel Aware": false, "Shared Written Blocks": 0, "Temp Read Blocks": 0, "Shared Read Blocks": 40441, "Local Read Blocks": 0, "Join Type": "Inner", "Local Written Blocks": 0}], "Local Dirtied Blocks": 0, "Plan Rows": 987, "Plan Width": 29, "Startup Cost": 122005.18, "Shared Dirtied Blocks": 0, "Local Hit Blocks": 0, "Parent Relationship": "Inner", "Hash Batches": 1, "Parallel Aware": false, "Shared Written Blocks": 0, "Temp Read Blocks": 0, "Shared Read Blocks": 40441, "Original Hash Buckets": 1024, "Hash Buckets": 8192, "Shared Hit Blocks": 4865, "Local Written Blocks": 0}], "Local Dirtied Blocks": 0, "Plan Rows": 2, "Plan Width": 25, "Startup Cost": 123018.68, "Shared Dirtied Blocks": 0, "Local Hit Blocks": 0, "Actual Total Time": 1812.707, "Parent Relationship": "Outer", "Parallel Aware": false, "Shared Written Blocks": 0, "Temp Read Blocks": 0, "Shared Read Blocks": 123546, "Local Read Blocks": 0, "Join Type": "Inner", "Local Written Blocks": 0}], "Local Dirtied Blocks": 0, "Plan Rows": 2, "Plan Width": 25, "Startup Cost": 602384.73, "Shared Dirtied Blocks": 0, "Local Hit Blocks": 0, "Parent Relationship": "Inner", "Hash Batches": 1, "Parallel Aware": false, "Shared Written Blocks": 0, "Temp Read Blocks": 0, "Shared Read Blocks": 123546, "Original Hash Buckets": 1024, "Hash Buckets": 1024, "Shared Hit Blocks": 4866, "Local Written Blocks": 0}], "Local Dirtied Blocks": 0, "Plan Rows": 1, "Plan Width": 37, "Startup Cost": 602384.75, "Shared Dirtied Blocks": 0, "Local Hit Blocks": 0, "Actual Total Time": 2330.137, "Parent Relationship": "Outer", "Parallel Aware": false, "Shared Written Blocks": 0, "Temp Read Blocks": 0, "Shared Read Blocks": 159992, "Local Read Blocks": 0, "Join Type": "Inner", "Local Written Blocks": 0}, {"Output": ["ct.id"], "Actual Startup Time": 0.012, "Actual Rows": 4, "Peak Memory Usage": 9, "Total Cost": 1.04, "Local Read Blocks": 0, "Node Type": "Hash", "Temp Written Blocks": 0, "Original Hash Batches": 1, "Actual Loops": 1, "Actual Total Time": 0.012, "Plans": [{"Output": ["ct.id"], "Actual Startup Time": 0.005, "Actual Rows": 4, "Total Cost": 1.04, "Node Type": "Seq Scan", "Temp Written Blocks": 0, "Schema": "public", "Actual Loops": 1, "Shared Hit Blocks": 1, "Local Dirtied Blocks": 0, "Plan Rows": 4, "Shared Dirtied Blocks": 0, "Startup Cost": 0.0, "Relation Name": "company_type", "Plan Width": 4, "Local Hit Blocks": 0, "Actual Total Time": 0.006, "Parent Relationship": "Outer", "Parallel Aware": false, "Shared Written Blocks": 0, "Temp Read Blocks": 0, "Shared Read Blocks": 0, "Local Read Blocks": 0, "Local Written Blocks": 0, "Alias": "ct"}], "Local Dirtied Blocks": 0, "Plan Rows": 4, "Plan Width": 4, "Startup Cost": 1.04, "Shared Dirtied Blocks": 0, "Local Hit Blocks": 0, "Parent Relationship": "Inner", "Hash Batches": 1, "Parallel Aware": false, "Shared Written Blocks": 0, "Temp Read Blocks": 0, "Shared Read Blocks": 0, "Original Hash Buckets": 1024, "Hash Buckets": 1024, "Shared Hit Blocks": 1, "Local Written Blocks": 0}], "Local Dirtied Blocks": 0, "Plan Rows": 1, "Plan Width": 33, "Startup Cost": 602385.84, "Shared Dirtied Blocks": 0, "Local Hit Blocks": 0, "Actual Total Time": 2330.206, "Parent Relationship": "Outer", "Parallel Aware": false, "Shared Written Blocks": 0, "Temp Read Blocks": 0, "Shared Read Blocks": 159992, "Local Read Blocks": 0, "Join Type": "Inner", "Local Written Blocks": 0}], "Local Dirtied Blocks": 0, "Plan Rows": 1, "Shared Dirtied Blocks": 0, "Startup Cost": 685937.87, "Partial Mode": "Simple", "Local Hit Blocks": 0, "Actual Total Time": 2330.334, "Parallel Aware": false, "Shared Written Blocks": 0, "Temp Read Blocks": 0, "Shared Read Blocks": 159992, "Local Read Blocks": 0, "Local Written Blocks": 0}, "Execution Time": 2330.725, "Triggers": []}]