[{"Planning Time": 6.761, "Plan": {"Output": ["min((chn.name)::text)", "min((t.title)::text)"], "Actual Startup Time": 2523.988, "Actual Rows": 1, "Strategy": "Plain", "Total Cost": 686072.5, "Node Type": "Aggregate", "Temp Written Blocks": 0, "Actual Loops": 1, "Shared Hit Blocks": 13988, "Plan Width": 64, "Plans": [{"Output": ["chn.name", "t.title"], "Actual Startup Time": 2002.848, "Actual Rows": 104, "Inner Unique": true, "Total Cost": 686072.49, "Node Type": "Hash Join", "Temp Written Blocks": 0, "Actual Loops": 1, "Hash Cond": "(mc.company_type_id = ct.id)", "Shared Hit Blocks": 13988, "Plans": [{"Output": ["chn.name", "mc.company_type_id", "t.title"], "Actual Startup Time": 2002.809, "Actual Rows": 104, "Inner Unique": false, "Total Cost": 686071.39, "Node Type": "Hash Join", "Temp Written Blocks": 0, "Actual Loops": 1, "Hash Cond": "(chn.id = ci.person_role_id)", "Shared Hit Blocks": 13984, "Plans": [{"Output": ["chn.id", "chn.name", "chn.imdb_index", "chn.imdb_id", "chn.name_pcode_nf", "chn.surname_pcode", "chn.md5sum"], "Actual Startup Time": 0.018, "Actual Rows": 3140339, "Total Cost": 67851.65, "Node Type": "Seq Scan", "Temp Written Blocks": 0, "Schema": "public", "Actual Loops": 1, "Shared Hit Blocks": 12648, "Local Dirtied Blocks": 0, "Plan Rows": 3140365, "Shared Dirtied Blocks": 0, "Startup Cost": 0.0, "Relation Name": "char_name", "Plan Width": 20, "Local Hit Blocks": 0, "Actual Total Time": 323.53, "Parent Relationship": "Outer", "Parallel Aware": false, "Shared Written Blocks": 0, "Temp Read Blocks": 0, "Shared Read Blocks": 23800, "Local Read Blocks": 0, "Local Written Blocks": 0, "Alias": "chn"}, {"Output": ["ci.person_role_id", "mc.company_type_id", "t.title"], "Actual Startup Time": 1970.73, "Actual Rows": 104, "Peak Memory Usage": 14, "Total Cost": 602517.88, "Local Read Blocks": 0, "Node Type": "Hash", "Temp Written Blocks": 0, "Original Hash Batches": 1, "Actual Loops": 1, "Actual Total Time": 1970.73, "Plans": [{"Output": ["ci.person_role_id", "mc.company_type_id", "t.title"], "Actual Startup Time": 632.985, "Actual Rows": 112, "Inner Unique": false, "Total Cost": 602517.88, "Node Type": "Hash Join", "Temp Written Blocks": 0, "Actual Loops": 1, "Hash Cond": "(ci.movie_id = t.id)", "Shared Hit Blocks": 1336, "Plans": [{"Output": ["ci.movie_id", "ci.person_role_id"], "Actual Startup Time": 1.343, "Actual Rows": 25874, "Total Cost": 480493.65, "Node Type": "Gather", "Single Copy": false, "Temp Written Blocks": 0, "Actual Loops": 1, "Shared Hit Blocks": 18, "Workers Launched": 2, "Local Dirtied Blocks": 0, "Plan Rows": 1825, "Plan Width": 8, "Startup Cost": 1001.16, "Shared Dirtied Blocks": 0, "Local Hit Blocks": 0, "Actual Total Time": 1336.066, "Parent Relationship": "Outer", "Workers Planned": 2, "Parallel Aware": false, "Shared Written Blocks": 0, "Temp Read Blocks": 0, "Plans": [{"Output": ["ci.movie_id", "ci.person_role_id"], "Actual Startup Time": 0.37, "Actual Rows": 8625, "Inner Unique": true, "Total Cost": 479311.15, "Node Type": "Hash Join", "Temp Written Blocks": 0, "Actual Loops": 3, "Hash Cond": "(ci.role_id = rt.id)", "Shared Hit Blocks": 217, "Plans": [{"Output": ["ci.id", "ci.person_id", "ci.movie_id", "ci.person_role_id", "ci.note", "ci.nr_order", "ci.role_id"], "Actual Startup Time": 0.223, "Actual Rows": 10763, "Total Cost": 479201.53, "Local Read Blocks": 0, "Node Type": "Seq Scan", "Temp Written Blocks": 0, "Schema": "public", "Actual Loops": 3, "Actual Total Time": 1370.946, "Local Dirtied Blocks": 0, "Rows Removed by Filter": 12070685, "Shared Dirtied Blocks": 0, "Startup Cost": 0.0, "Workers": [{"Shared Hit Blocks": 19, "Actual Startup Time": 0.198, "Actual Rows": 12104, "Local Hit Blocks": 0, "Temp Read Blocks": 0, "Local Read Blocks": 0, "Temp Written Blocks": 0, "Shared Written Blocks": 0, "Actual Loops": 1, "Shared Read Blocks": 84886, "Worker Number": 0, "Actual Total Time": 1392.844, "Local Written Blocks": 0, "Local Dirtied Blocks": 0, "Shared Dirtied Blocks": 0}, {"Shared Hit Blocks": 18, "Actual Startup Time": 0.283, "Actual Rows": 11577, "Local Hit Blocks": 0, "Temp Read Blocks": 0, "Local Read Blocks": 0, "Temp Written Blocks": 0, "Shared Written Blocks": 0, "Actual Loops": 1, "Shared Read Blocks": 86025, "Worker Number": 1, "Actual Total Time": 1392.136, "Local Written Blocks": 0, "Local Dirtied Blocks": 0, "Shared Dirtied Blocks": 0}], "Relation Name": "cast_info", "Plan Width": 12, "Local Hit Blocks": 0, "Parent Relationship": "Outer", "Parallel Aware": true, "Shared Written Blocks": 0, "Temp Read Blocks": 0, "Shared Read Blocks": 252633, "Plan Rows": 9125, "Shared Hit Blocks": 54, "Local Written Blocks": 0, "Alias": "ci", "Filter": "(((ci.note)::text ~~ '%(voice)%'::text) AND ((ci.note)::text ~~ '%(uncredited)%'::text))"}, {"Output": ["rt.id"], "Actual Startup Time": 0.018, "Actual Rows": 1, "Peak Memory Usage": 9, "Total Cost": 1.15, "Local Read Blocks": 0, "Node Type": "Hash", "Temp Written Blocks": 0, "Original Hash Batches": 1, "Actual Loops": 3, "Actual Total Time": 0.018, "Plans": [{"Output": ["rt.id"], "Actual Startup Time": 0.012, "Actual Rows": 1, "Total Cost": 1.15, "Local Read Blocks": 0, "Node Type": "Seq Scan", "Temp Written Blocks": 0, "Schema": "public", "Actual Loops": 3, "Actual Total Time": 0.014, "Local Dirtied Blocks": 0, "Rows Removed by Filter": 11, "Shared Dirtied Blocks": 0, "Startup Cost": 0.0, "Workers": [{"Shared Hit Blocks": 1, "Actual Startup Time": 0.017, "Actual Rows": 1, "Local Hit Blocks": 0, "Temp Read Blocks": 0, "Local Read Blocks": 0, "Temp Written Blocks": 0, "Shared Written Blocks": 0, "Actual Loops": 1, "Shared Read Blocks": 0, "Worker Number": 0, "Actual Total Time": 0.018, "Local Written Blocks": 0, "Local Dirtied Blocks": 0, "Shared Dirtied Blocks": 0}, {"Shared Hit Blocks": 1, "Actual Startup Time": 0.017, "Actual Rows": 1, "Local Hit Blocks": 0, "Temp Read Blocks": 0, "Local Read Blocks": 0, "Temp Written Blocks": 0, "Shared Written Blocks": 0, "Actual Loops": 1, "Shared Read Blocks": 0, "Worker Number": 1, "Actual Total Time": 0.018, "Local Written Blocks": 0, "Local Dirtied Blocks": 0, "Shared Dirtied Blocks": 0}], "Relation Name": "role_type", "Plan Width": 4, "Local Hit Blocks": 0, "Parent Relationship": "Outer", "Parallel Aware": false, "Shared Written Blocks": 0, "Temp Read Blocks": 0, "Shared Read Blocks": 0, "Plan Rows": 1, "Shared Hit Blocks": 3, "Local Written Blocks": 0, "Alias": "rt", "Filter": "((rt.role)::text = 'actor'::text)"}], "Local Dirtied Blocks": 0, "Plan Rows": 1, "Plan Width": 4, "Startup Cost": 1.15, "Workers": [{"Shared Hit Blocks": 1, "Actual Startup Time": 0.023, "Actual Rows": 1, "Local Hit Blocks": 0, "Temp Read Blocks": 0, "Local Read Blocks": 0, "Temp Written Blocks": 0, "Shared Written Blocks": 0, "Actual Loops": 1, "Shared Read Blocks": 0, "Worker Number": 0, "Actual Total Time": 0.023, "Local Written Blocks": 0, "Local Dirtied Blocks": 0, "Shared Dirtied Blocks": 0}, {"Shared Hit Blocks": 1, "Actual Startup Time": 0.022, "Actual Rows": 1, "Local Hit Blocks": 0, "Temp Read Blocks": 0, "Local Read Blocks": 0, "Temp Written Blocks": 0, "Shared Written Blocks": 0, "Actual Loops": 1, "Shared Read Blocks": 0, "Worker Number": 1, "Actual Total Time": 0.022, "Local Written Blocks": 0, "Local Dirtied Blocks": 0, "Shared Dirtied Blocks": 0}], "Shared Dirtied Blocks": 0, "Local Hit Blocks": 0, "Parent Relationship": "Inner", "Hash Batches": 1, "Parallel Aware": false, "Shared Written Blocks": 0, "Temp Read Blocks": 0, "Shared Read Blocks": 0, "Original Hash Buckets": 1024, "Hash Buckets": 1024, "Shared Hit Blocks": 3, "Local Written Blocks": 0}], "Local Dirtied Blocks": 0, "Plan Rows": 760, "Plan Width": 8, "Startup Cost": 1.16, "Workers": [{"Shared Hit Blocks": 100, "Actual Startup Time": 0.419, "Actual Rows": 9951, "Local Hit Blocks": 0, "Temp Read Blocks": 0, "Local Read Blocks": 0, "Temp Written Blocks": 0, "Shared Written Blocks": 0, "Actual Loops": 1, "Shared Read Blocks": 84886, "Worker Number": 0, "Actual Total Time": 1395.262, "Local Written Blocks": 0, "Local Dirtied Blocks": 0, "Shared Dirtied Blocks": 0}, {"Shared Hit Blocks": 99, "Actual Startup Time": 0.477, "Actual Rows": 9498, "Local Hit Blocks": 0, "Temp Read Blocks": 0, "Local Read Blocks": 0, "Temp Written Blocks": 0, "Shared Written Blocks": 0, "Actual Loops": 1, "Shared Read Blocks": 86025, "Worker Number": 1, "Actual Total Time": 1394.462, "Local Written Blocks": 0, "Local Dirtied Blocks": 0, "Shared Dirtied Blocks": 0}], "Shared Dirtied Blocks": 0, "Local Hit Blocks": 0, "Actual Total Time": 1373.046, "Parent Relationship": "Outer", "Parallel Aware": false, "Shared Written Blocks": 0, "Temp Read Blocks": 0, "Shared Read Blocks": 252633, "Local Read Blocks": 0, "Join Type": "Inner", "Local Written Blocks": 0}], "Shared Read Blocks": 81722, "Local Read Blocks": 0, "Local Written Blocks": 0}, {"Output": ["mc.movie_id", "mc.company_type_id", "t.title", "t.id"], "Actual Startup Time": 631.602, "Actual Rows": 4539, "Peak Memory Usage": 339, "Total Cost": 122004.09, "Local Read Blocks": 0, "Node Type": "Hash", "Temp Written Blocks": 0, "Original Hash Batches": 1, "Actual Loops": 1, "Actual Total Time": 631.602, "Plans": [{"Output": ["mc.movie_id", "mc.company_type_id", "t.title", "t.id"], "Actual Startup Time": 208.5, "Actual Rows": 4539, "Inner Unique": false, "Total Cost": 122004.09, "Node Type": "Hash Join", "Temp Written Blocks": 0, "Actual Loops": 1, "Hash Cond": "(t.id = mc.movie_id)", "Shared Hit Blocks": 1318, "Plans": [{"Output": ["t.id", "t.title", "t.imdb_index", "t.kind_id", "t.production_year", "t.imdb_id", "t.phonetic_code", "t.episode_of_id", "t.season_nr", "t.episode_nr", "t.series_years", "t.md5sum"], "Actual Startup Time": 0.015, "Actual Rows": 1012920, "Total Cost": 67602.98, "Local Read Blocks": 0, "Node Type": "Seq Scan", "Temp Written Blocks": 0, "Schema": "public", "Actual Loops": 1, "Actual Total Time": 332.836, "Local Dirtied Blocks": 0, "Rows Removed by Filter": 1515392, "Shared Dirtied Blocks": 0, "Startup Cost": 0.0, "Relation Name": "title", "Plan Width": 21, "Local Hit Blocks": 0, "Parent Relationship": "Outer", "Parallel Aware": false, "Shared Written Blocks": 0, "Temp Read Blocks": 0, "Shared Read Blocks": 35996, "Plan Rows": 1004674, "Shared Hit Blocks": 2, "Local Written Blocks": 0, "Alias": "t", "Filter": "(t.production_year > 2005)"}, {"Output": ["mc.movie_id", "mc.company_type_id"], "Actual Startup Time": 207.891, "Actual Rows": 8790, "Peak Memory Usage": 472, "Total Cost": 50589.51, "Local Read Blocks": 0, "Node Type": "Hash", "Temp Written Blocks": 0, "Original Hash Batches": 1, "Actual Loops": 1, "Actual Total Time": 207.891, "Plans": [{"Output": ["mc.movie_id", "mc.company_type_id"], "Actual Startup Time": 51.031, "Actual Rows": 8790, "Total Cost": 50589.51, "Node Type": "Gather", "Single Copy": false, "Temp Written Blocks": 0, "Actual Loops": 1, "Shared Hit Blocks": 1316, "Workers Launched": 2, "Local Dirtied Blocks": 0, "Plan Rows": 2676, "Plan Width": 8, "Startup Cost": 6935.47, "Shared Dirtied Blocks": 0, "Local Hit Blocks": 0, "Actual Total Time": 206.395, "Parent Relationship": "Outer", "Workers Planned": 2, "Parallel Aware": false, "Shared Written Blocks": 0, "Temp Read Blocks": 0, "Plans": [{"Output": ["mc.movie_id", "mc.company_type_id"], "Actual Startup Time": 48.264, "Actual Rows": 2930, "Inner Unique": true, "Total Cost": 49321.91, "Node Type": "Hash Join", "Temp Written Blocks": 0, "Actual Loops": 3, "Hash Cond": "(mc.company_id = cn.id)", "Shared Hit Blocks": 6152, "Plans": [{"Output": ["mc.id", "mc.movie_id", "mc.company_id", "mc.company_type_id", "mc.note"], "Actual Startup Time": 0.027, "Actual Rows": 869710, "Total Cost": 29661.37, "Node Type": "Seq Scan", "Temp Written Blocks": 0, "Schema": "public", "Actual Loops": 3, "Shared Hit Blocks": 0, "Local Dirtied Blocks": 0, "Plan Rows": 1087137, "Shared Dirtied Blocks": 0, "Startup Cost": 0.0, "Workers": [{"Shared Hit Blocks": 0, "Actual Startup Time": 0.03, "Actual Rows": 885326, "Local Hit Blocks": 0, "Temp Read Blocks": 0, "Local Read Blocks": 0, "Temp Written Blocks": 0, "Shared Written Blocks": 0, "Actual Loops": 1, "Shared Read Blocks": 6373, "Worker Number": 0, "Actual Total Time": 77.148, "Local Written Blocks": 0, "Local Dirtied Blocks": 0, "Shared Dirtied Blocks": 0}, {"Shared Hit Blocks": 0, "Actual Startup Time": 0.033, "Actual Rows": 893541, "Local Hit Blocks": 0, "Temp Read Blocks": 0, "Local Read Blocks": 0, "Temp Written Blocks": 0, "Shared Written Blocks": 0, "Actual Loops": 1, "Shared Read Blocks": 6444, "Worker Number": 1, "Actual Total Time": 76.638, "Local Written Blocks": 0, "Local Dirtied Blocks": 0, "Shared Dirtied Blocks": 0}], "Relation Name": "movie_companies", "Plan Width": 12, "Local Hit Blocks": 0, "Actual Total Time": 77.293, "Parent Relationship": "Outer", "Parallel Aware": true, "Shared Written Blocks": 0, "Temp Read Blocks": 0, "Shared Read Blocks": 18790, "Local Read Blocks": 0, "Local Written Blocks": 0, "Alias": "mc"}, {"Output": ["cn.id"], "Actual Startup Time": 47.786, "Actual Rows": 1361, "Peak Memory Usage": 64, "Total Cost": 5932.46, "Local Read Blocks": 0, "Node Type": "Hash", "Temp Written Blocks": 0, "Original Hash Batches": 1, "Actual Loops": 3, "Actual Total Time": 47.786, "Plans": [{"Output": ["cn.id"], "Actual Startup Time": 0.04, "Actual Rows": 1361, "Total Cost": 5932.46, "Local Read Blocks": 0, "Node Type": "Seq Scan", "Temp Written Blocks": 0, "Schema": "public", "Actual Loops": 3, "Actual Total Time": 47.489, "Local Dirtied Blocks": 0, "Rows Removed by Filter": 233636, "Shared Dirtied Blocks": 0, "Startup Cost": 0.0, "Workers": [{"Shared Hit Blocks": 2302, "Actual Startup Time": 0.072, "Actual Rows": 1361, "Local Hit Blocks": 0, "Temp Read Blocks": 0, "Local Read Blocks": 0, "Temp Written Blocks": 0, "Shared Written Blocks": 0, "Actual Loops": 1, "Shared Read Blocks": 693, "Worker Number": 0, "Actual Total Time": 45.837, "Local Written Blocks": 0, "Local Dirtied Blocks": 0, "Shared Dirtied Blocks": 0}, {"Shared Hit Blocks": 2374, "Actual Startup Time": 0.029, "Actual Rows": 1361, "Local Hit Blocks": 0, "Temp Read Blocks": 0, "Local Read Blocks": 0, "Temp Written Blocks": 0, "Shared Written Blocks": 0, "Actual Loops": 1, "Shared Read Blocks": 621, "Worker Number": 1, "Actual Total Time": 46.236, "Local Written Blocks": 0, "Local Dirtied Blocks": 0, "Shared Dirtied Blocks": 0}], "Relation Name": "company_name", "Plan Width": 4, "Local Hit Blocks": 0, "Parent Relationship": "Outer", "Parallel Aware": false, "Shared Written Blocks": 0, "Temp Read Blocks": 0, "Shared Read Blocks": 2993, "Plan Rows": 241, "Shared Hit Blocks": 5992, "Local Written Blocks": 0, "Alias": "cn", "Filter": "((cn.country_code)::text = '[ru]'::text)"}], "Local Dirtied Blocks": 0, "Plan Rows": 241, "Plan Width": 4, "Startup Cost": 5932.46, "Workers": [{"Shared Hit Blocks": 2302, "Actual Startup Time": 46.145, "Actual Rows": 1361, "Local Hit Blocks": 0, "Temp Read Blocks": 0, "Local Read Blocks": 0, "Temp Written Blocks": 0, "Shared Written Blocks": 0, "Actual Loops": 1, "Shared Read Blocks": 693, "Worker Number": 0, "Actual Total Time": 46.145, "Local Written Blocks": 0, "Local Dirtied Blocks": 0, "Shared Dirtied Blocks": 0}, {"Shared Hit Blocks": 2374, "Actual Startup Time": 46.518, "Actual Rows": 1361, "Local Hit Blocks": 0, "Temp Read Blocks": 0, "Local Read Blocks": 0, "Temp Written Blocks": 0, "Shared Written Blocks": 0, "Actual Loops": 1, "Shared Read Blocks": 621, "Worker Number": 1, "Actual Total Time": 46.518, "Local Written Blocks": 0, "Local Dirtied Blocks": 0, "Shared Dirtied Blocks": 0}], "Shared Dirtied Blocks": 0, "Local Hit Blocks": 0, "Parent Relationship": "Inner", "Hash Batches": 1, "Parallel Aware": false, "Shared Written Blocks": 0, "Temp Read Blocks": 0, "Shared Read Blocks": 2993, "Original Hash Buckets": 1024, "Hash Buckets": 2048, "Shared Hit Blocks": 5992, "Local Written Blocks": 0}], "Local Dirtied Blocks": 0, "Plan Rows": 1115, "Plan Width": 8, "Startup Cost": 5935.47, "Workers": [{"Shared Hit Blocks": 2382, "Actual Startup Time": 46.541, "Actual Rows": 3108, "Local Hit Blocks": 0, "Temp Read Blocks": 0, "Local Read Blocks": 0, "Temp Written Blocks": 0, "Shared Written Blocks": 0, "Actual Loops": 1, "Shared Read Blocks": 7066, "Worker Number": 0, "Actual Total Time": 202.406, "Local Written Blocks": 0, "Local Dirtied Blocks": 0, "Shared Dirtied Blocks": 0}, {"Shared Hit Blocks": 2454, "Actual Startup Time": 47.429, "Actual Rows": 2973, "Local Hit Blocks": 0, "Temp Read Blocks": 0, "Local Read Blocks": 0, "Temp Written Blocks": 0, "Shared Written Blocks": 0, "Actual Loops": 1, "Shared Read Blocks": 7065, "Worker Number": 1, "Actual Total Time": 202.579, "Local Written Blocks": 0, "Local Dirtied Blocks": 0, "Shared Dirtied Blocks": 0}], "Shared Dirtied Blocks": 0, "Local Hit Blocks": 0, "Actual Total Time": 202.747, "Parent Relationship": "Outer", "Parallel Aware": false, "Shared Written Blocks": 0, "Temp Read Blocks": 0, "Shared Read Blocks": 21783, "Local Read Blocks": 0, "Join Type": "Inner", "Local Written Blocks": 0}], "Shared Read Blocks": 7652, "Local Read Blocks": 0, "Local Written Blocks": 0}], "Local Dirtied Blocks": 0, "Plan Rows": 2676, "Plan Width": 8, "Startup Cost": 50589.51, "Shared Dirtied Blocks": 0, "Local Hit Blocks": 0, "Parent Relationship": "Inner", "Hash Batches": 1, "Parallel Aware": false, "Shared Written Blocks": 0, "Temp Read Blocks": 0, "Shared Read Blocks": 7652, "Original Hash Buckets": 4096, "Hash Buckets": 16384, "Shared Hit Blocks": 1316, "Local Written Blocks": 0}], "Local Dirtied Blocks": 0, "Plan Rows": 1063, "Plan Width": 29, "Startup Cost": 50622.96, "Shared Dirtied Blocks": 0, "Local Hit Blocks": 0, "Actual Total Time": 630.346, "Parent Relationship": "Outer", "Parallel Aware": false, "Shared Written Blocks": 0, "Temp Read Blocks": 0, "Shared Read Blocks": 43648, "Local Read Blocks": 0, "Join Type": "Inner", "Local Written Blocks": 0}], "Local Dirtied Blocks": 0, "Plan Rows": 1063, "Plan Width": 29, "Startup Cost": 122004.09, "Shared Dirtied Blocks": 0, "Local Hit Blocks": 0, "Parent Relationship": "Inner", "Hash Batches": 1, "Parallel Aware": false, "Shared Written Blocks": 0, "Temp Read Blocks": 0, "Shared Read Blocks": 43648, "Original Hash Buckets": 2048, "Hash Buckets": 8192, "Shared Hit Blocks": 1318, "Local Written Blocks": 0}], "Local Dirtied Blocks": 0, "Plan Rows": 2, "Plan Width": 25, "Startup Cost": 123018.54, "Shared Dirtied Blocks": 0, "Local Hit Blocks": 0, "Actual Total Time": 1970.673, "Parent Relationship": "Outer", "Parallel Aware": false, "Shared Written Blocks": 0, "Temp Read Blocks": 0, "Shared Read Blocks": 125370, "Local Read Blocks": 0, "Join Type": "Inner", "Local Written Blocks": 0}], "Local Dirtied Blocks": 0, "Plan Rows": 2, "Plan Width": 25, "Startup Cost": 602517.88, "Shared Dirtied Blocks": 0, "Local Hit Blocks": 0, "Parent Relationship": "Inner", "Hash Batches": 1, "Parallel Aware": false, "Shared Written Blocks": 0, "Temp Read Blocks": 0, "Shared Read Blocks": 125370, "Original Hash Buckets": 1024, "Hash Buckets": 1024, "Shared Hit Blocks": 1336, "Local Written Blocks": 0}], "Local Dirtied Blocks": 0, "Plan Rows": 1, "Plan Width": 37, "Startup Cost": 602517.9, "Shared Dirtied Blocks": 0, "Local Hit Blocks": 0, "Actual Total Time": 2523.792, "Parent Relationship": "Outer", "Parallel Aware": false, "Shared Written Blocks": 0, "Temp Read Blocks": 0, "Shared Read Blocks": 149170, "Local Read Blocks": 0, "Join Type": "Inner", "Local Written Blocks": 0}, {"Output": ["ct.id"], "Actual Startup Time": 0.013, "Actual Rows": 4, "Peak Memory Usage": 9, "Total Cost": 1.04, "Local Read Blocks": 0, "Node Type": "Hash", "Temp Written Blocks": 0, "Original Hash Batches": 1, "Actual Loops": 1, "Actual Total Time": 0.013, "Plans": [{"Output": ["ct.id"], "Actual Startup Time": 0.004, "Actual Rows": 4, "Total Cost": 1.04, "Node Type": "Seq Scan", "Temp Written Blocks": 0, "Schema": "public", "Actual Loops": 1, "Shared Hit Blocks": 1, "Local Dirtied Blocks": 0, "Plan Rows": 4, "Shared Dirtied Blocks": 0, "Startup Cost": 0.0, "Relation Name": "company_type", "Plan Width": 4, "Local Hit Blocks": 0, "Actual Total Time": 0.005, "Parent Relationship": "Outer", "Parallel Aware": false, "Shared Written Blocks": 0, "Temp Read Blocks": 0, "Shared Read Blocks": 0, "Local Read Blocks": 0, "Local Written Blocks": 0, "Alias": "ct"}], "Local Dirtied Blocks": 0, "Plan Rows": 4, "Plan Width": 4, "Startup Cost": 1.04, "Shared Dirtied Blocks": 0, "Local Hit Blocks": 0, "Parent Relationship": "Inner", "Hash Batches": 1, "Parallel Aware": false, "Shared Written Blocks": 0, "Temp Read Blocks": 0, "Shared Read Blocks": 0, "Original Hash Buckets": 1024, "Hash Buckets": 1024, "Shared Hit Blocks": 1, "Local Written Blocks": 0}], "Local Dirtied Blocks": 0, "Plan Rows": 1, "Plan Width": 33, "Startup Cost": 602518.99, "Shared Dirtied Blocks": 0, "Local Hit Blocks": 0, "Actual Total Time": 2523.86, "Parent Relationship": "Outer", "Parallel Aware": false, "Shared Written Blocks": 0, "Temp Read Blocks": 0, "Shared Read Blocks": 149170, "Local Read Blocks": 0, "Join Type": "Inner", "Local Written Blocks": 0}], "Local Dirtied Blocks": 0, "Plan Rows": 1, "Shared Dirtied Blocks": 0, "Startup Cost": 686072.49, "Partial Mode": "Simple", "Local Hit Blocks": 0, "Actual Total Time": 2523.988, "Parallel Aware": false, "Shared Written Blocks": 0, "Temp Read Blocks": 0, "Shared Read Blocks": 149170, "Local Read Blocks": 0, "Local Written Blocks": 0}, "Execution Time": 2524.351, "Triggers": []}]