[{"Planning Time": 6.12, "Plan": {"Output": ["min((chn.name)::text)", "min((t.title)::text)"], "Actual Startup Time": 2461.361, "Actual Rows": 1, "Strategy": "Plain", "Total Cost": 686206.65, "Node Type": "Aggregate", "Temp Written Blocks": 0, "Actual Loops": 1, "Shared Hit Blocks": 13620, "Plan Width": 64, "Plans": [{"Output": ["chn.name", "t.title"], "Actual Startup Time": 1925.722, "Actual Rows": 104, "Inner Unique": true, "Total Cost": 686206.63, "Node Type": "Hash Join", "Temp Written Blocks": 0, "Actual Loops": 1, "Hash Cond": "(mc.company_type_id = ct.id)", "Shared Hit Blocks": 13620, "Plans": [{"Output": ["chn.name", "mc.company_type_id", "t.title"], "Actual Startup Time": 1925.678, "Actual Rows": 104, "Inner Unique": false, "Total Cost": 686205.53, "Node Type": "Hash Join", "Temp Written Blocks": 0, "Actual Loops": 1, "Hash Cond": "(chn.id = ci.person_role_id)", "Shared Hit Blocks": 13616, "Plans": [{"Output": ["chn.id", "chn.name", "chn.imdb_index", "chn.imdb_id", "chn.name_pcode_nf", "chn.surname_pcode", "chn.md5sum"], "Actual Startup Time": 0.02, "Actual Rows": 3140339, "Total Cost": 67851.43, "Node Type": "Seq Scan", "Temp Written Blocks": 0, "Schema": "public", "Actual Loops": 1, "Shared Hit Blocks": 2, "Local Dirtied Blocks": 0, "Plan Rows": 3140343, "Shared Dirtied Blocks": 0, "Startup Cost": 0.0, "Relation Name": "char_name", "Plan Width": 20, "Local Hit Blocks": 0, "Actual Total Time": 283.156, "Parent Relationship": "Outer", "Parallel Aware": false, "Shared Written Blocks": 0, "Temp Read Blocks": 0, "Shared Read Blocks": 36446, "Local Read Blocks": 0, "Local Written Blocks": 0, "Alias": "chn"}, {"Output": ["ci.person_role_id", "mc.company_type_id", "t.title"], "Actual Startup Time": 1925.487, "Actual Rows": 104, "Peak Memory Usage": 14, "Total Cost": 602652.35, "Local Read Blocks": 0, "Node Type": "Hash", "Temp Written Blocks": 0, "Original Hash Batches": 1, "Actual Loops": 1, "Actual Total Time": 1925.487, "Plans": [{"Output": ["ci.person_role_id", "mc.company_type_id", "t.title"], "Actual Startup Time": 631.484, "Actual Rows": 112, "Inner Unique": false, "Total Cost": 602652.35, "Node Type": "Hash Join", "Temp Written Blocks": 0, "Actual Loops": 1, "Hash Cond": "(ci.movie_id = t.id)", "Shared Hit Blocks": 13614, "Plans": [{"Output": ["ci.movie_id", "ci.person_role_id"], "Actual Startup Time": 1.268, "Actual Rows": 25874, "Total Cost": 480609.65, "Node Type": "Gather", "Single Copy": false, "Temp Written Blocks": 0, "Actual Loops": 1, "Shared Hit Blocks": 1, "Workers Launched": 2, "Local Dirtied Blocks": 0, "Plan Rows": 2014, "Plan Width": 8, "Startup Cost": 1001.16, "Shared Dirtied Blocks": 0, "Local Hit Blocks": 0, "Actual Total Time": 1292.072, "Parent Relationship": "Outer", "Workers Planned": 2, "Parallel Aware": false, "Shared Written Blocks": 0, "Temp Read Blocks": 0, "Plans": [{"Output": ["ci.movie_id", "ci.person_role_id"], "Actual Startup Time": 0.408, "Actual Rows": 8625, "Inner Unique": true, "Total Cost": 479408.25, "Node Type": "Hash Join", "Temp Written Blocks": 0, "Actual Loops": 3, "Hash Cond": "(ci.role_id = rt.id)", "Shared Hit Blocks": 163, "Plans": [{"Output": ["ci.id", "ci.person_id", "ci.movie_id", "ci.person_role_id", "ci.note", "ci.nr_order", "ci.role_id"], "Actual Startup Time": 0.252, "Actual Rows": 10763, "Total Cost": 479287.38, "Local Read Blocks": 0, "Node Type": "Seq Scan", "Temp Written Blocks": 0, "Schema": "public", "Actual Loops": 3, "Actual Total Time": 1326.378, "Local Dirtied Blocks": 0, "Rows Removed by Filter": 12070685, "Shared Dirtied Blocks": 0, "Startup Cost": 0.0, "Workers": [{"Shared Hit Blocks": 0, "Actual Startup Time": 0.285, "Actual Rows": 11385, "Local Hit Blocks": 0, "Temp Read Blocks": 0, "Local Read Blocks": 0, "Temp Written Blocks": 0, "Shared Written Blocks": 0, "Actual Loops": 1, "Shared Read Blocks": 85201, "Worker Number": 0, "Actual Total Time": 1349.252, "Local Written Blocks": 0, "Local Dirtied Blocks": 0, "Shared Dirtied Blocks": 0}, {"Shared Hit Blocks": 0, "Actual Startup Time": 0.302, "Actual Rows": 12220, "Local Hit Blocks": 0, "Temp Read Blocks": 0, "Local Read Blocks": 0, "Temp Written Blocks": 0, "Shared Written Blocks": 0, "Actual Loops": 1, "Shared Read Blocks": 85005, "Worker Number": 1, "Actual Total Time": 1346.842, "Local Written Blocks": 0, "Local Dirtied Blocks": 0, "Shared Dirtied Blocks": 0}], "Relation Name": "cast_info", "Plan Width": 12, "Local Hit Blocks": 0, "Parent Relationship": "Outer", "Parallel Aware": true, "Shared Written Blocks": 0, "Temp Read Blocks": 0, "Shared Read Blocks": 252687, "Plan Rows": 10072, "Shared Hit Blocks": 0, "Local Written Blocks": 0, "Alias": "ci", "Filter": "(((ci.note)::text ~~ '%(voice)%'::text) AND ((ci.note)::text ~~ '%(uncredited)%'::text))"}, {"Output": ["rt.id"], "Actual Startup Time": 0.02, "Actual Rows": 1, "Peak Memory Usage": 9, "Total Cost": 1.15, "Local Read Blocks": 0, "Node Type": "Hash", "Temp Written Blocks": 0, "Original Hash Batches": 1, "Actual Loops": 3, "Actual Total Time": 0.02, "Plans": [{"Output": ["rt.id"], "Actual Startup Time": 0.015, "Actual Rows": 1, "Total Cost": 1.15, "Local Read Blocks": 0, "Node Type": "Seq Scan", "Temp Written Blocks": 0, "Schema": "public", "Actual Loops": 3, "Actual Total Time": 0.016, "Local Dirtied Blocks": 0, "Rows Removed by Filter": 11, "Shared Dirtied Blocks": 0, "Startup Cost": 0.0, "Workers": [{"Shared Hit Blocks": 1, "Actual Startup Time": 0.019, "Actual Rows": 1, "Local Hit Blocks": 0, "Temp Read Blocks": 0, "Local Read Blocks": 0, "Temp Written Blocks": 0, "Shared Written Blocks": 0, "Actual Loops": 1, "Shared Read Blocks": 0, "Worker Number": 0, "Actual Total Time": 0.021, "Local Written Blocks": 0, "Local Dirtied Blocks": 0, "Shared Dirtied Blocks": 0}, {"Shared Hit Blocks": 1, "Actual Startup Time": 0.022, "Actual Rows": 1, "Local Hit Blocks": 0, "Temp Read Blocks": 0, "Local Read Blocks": 0, "Temp Written Blocks": 0, "Shared Written Blocks": 0, "Actual Loops": 1, "Shared Read Blocks": 0, "Worker Number": 1, "Actual Total Time": 0.023, "Local Written Blocks": 0, "Local Dirtied Blocks": 0, "Shared Dirtied Blocks": 0}], "Relation Name": "role_type", "Plan Width": 4, "Local Hit Blocks": 0, "Parent Relationship": "Outer", "Parallel Aware": false, "Shared Written Blocks": 0, "Temp Read Blocks": 0, "Shared Read Blocks": 0, "Plan Rows": 1, "Shared Hit Blocks": 3, "Local Written Blocks": 0, "Alias": "rt", "Filter": "((rt.role)::text = 'actor'::text)"}], "Local Dirtied Blocks": 0, "Plan Rows": 1, "Plan Width": 4, "Startup Cost": 1.15, "Workers": [{"Shared Hit Blocks": 1, "Actual Startup Time": 0.026, "Actual Rows": 1, "Local Hit Blocks": 0, "Temp Read Blocks": 0, "Local Read Blocks": 0, "Temp Written Blocks": 0, "Shared Written Blocks": 0, "Actual Loops": 1, "Shared Read Blocks": 0, "Worker Number": 0, "Actual Total Time": 0.026, "Local Written Blocks": 0, "Local Dirtied Blocks": 0, "Shared Dirtied Blocks": 0}, {"Shared Hit Blocks": 1, "Actual Startup Time": 0.029, "Actual Rows": 1, "Local Hit Blocks": 0, "Temp Read Blocks": 0, "Local Read Blocks": 0, "Temp Written Blocks": 0, "Shared Written Blocks": 0, "Actual Loops": 1, "Shared Read Blocks": 0, "Worker Number": 1, "Actual Total Time": 0.029, "Local Written Blocks": 0, "Local Dirtied Blocks": 0, "Shared Dirtied Blocks": 0}], "Shared Dirtied Blocks": 0, "Local Hit Blocks": 0, "Parent Relationship": "Inner", "Hash Batches": 1, "Parallel Aware": false, "Shared Written Blocks": 0, "Temp Read Blocks": 0, "Shared Read Blocks": 0, "Original Hash Buckets": 1024, "Hash Buckets": 1024, "Shared Hit Blocks": 3, "Local Written Blocks": 0}], "Local Dirtied Blocks": 0, "Plan Rows": 839, "Plan Width": 8, "Startup Cost": 1.16, "Workers": [{"Shared Hit Blocks": 81, "Actual Startup Time": 0.49, "Actual Rows": 9487, "Local Hit Blocks": 0, "Temp Read Blocks": 0, "Local Read Blocks": 0, "Temp Written Blocks": 0, "Shared Written Blocks": 0, "Actual Loops": 1, "Shared Read Blocks": 85201, "Worker Number": 0, "Actual Total Time": 1351.684, "Local Written Blocks": 0, "Local Dirtied Blocks": 0, "Shared Dirtied Blocks": 0}, {"Shared Hit Blocks": 81, "Actual Startup Time": 0.542, "Actual Rows": 10137, "Local Hit Blocks": 0, "Temp Read Blocks": 0, "Local Read Blocks": 0, "Temp Written Blocks": 0, "Shared Written Blocks": 0, "Actual Loops": 1, "Shared Read Blocks": 85005, "Worker Number": 1, "Actual Total Time": 1349.41, "Local Written Blocks": 0, "Local Dirtied Blocks": 0, "Shared Dirtied Blocks": 0}], "Shared Dirtied Blocks": 0, "Local Hit Blocks": 0, "Actual Total Time": 1328.58, "Parent Relationship": "Outer", "Parallel Aware": false, "Shared Written Blocks": 0, "Temp Read Blocks": 0, "Shared Read Blocks": 252687, "Local Read Blocks": 0, "Join Type": "Inner", "Local Written Blocks": 0}], "Shared Read Blocks": 82481, "Local Read Blocks": 0, "Local Written Blocks": 0}, {"Output": ["mc.movie_id", "mc.company_type_id", "t.title", "t.id"], "Actual Startup Time": 630.178, "Actual Rows": 4539, "Peak Memory Usage": 339, "Total Cost": 122023.3, "Local Read Blocks": 0, "Node Type": "Hash", "Temp Written Blocks": 0, "Original Hash Batches": 1, "Actual Loops": 1, "Actual Total Time": 630.178, "Plans": [{"Output": ["mc.movie_id", "mc.company_type_id", "t.title", "t.id"], "Actual Startup Time": 206.871, "Actual Rows": 4539, "Inner Unique": false, "Total Cost": 122023.3, "Node Type": "Hash Join", "Temp Written Blocks": 0, "Actual Loops": 1, "Hash Cond": "(t.id = mc.movie_id)", "Shared Hit Blocks": 13613, "Plans": [{"Output": ["t.id", "t.title", "t.imdb_index", "t.kind_id", "t.production_year", "t.imdb_id", "t.phonetic_code", "t.episode_of_id", "t.season_nr", "t.episode_nr", "t.series_years", "t.md5sum"], "Actual Startup Time": 0.011, "Actual Rows": 1012920, "Total Cost": 67598.43, "Local Read Blocks": 0, "Node Type": "Seq Scan", "Temp Written Blocks": 0, "Schema": "public", "Actual Loops": 1, "Actual Total Time": 324.522, "Local Dirtied Blocks": 0, "Rows Removed by Filter": 1515392, "Shared Dirtied Blocks": 0, "Startup Cost": 0.0, "Relation Name": "title", "Plan Width": 21, "Local Hit Blocks": 0, "Parent Relationship": "Outer", "Parallel Aware": false, "Shared Written Blocks": 0, "Temp Read Blocks": 0, "Shared Read Blocks": 23312, "Plan Rows": 1021409, "Shared Hit Blocks": 12686, "Local Written Blocks": 0, "Alias": "t", "Filter": "(t.production_year > 2005)"}, {"Output": ["mc.movie_id", "mc.company_type_id"], "Actual Startup Time": 205.633, "Actual Rows": 8790, "Peak Memory Usage": 472, "Total Cost": 50555.83, "Local Read Blocks": 0, "Node Type": "Hash", "Temp Written Blocks": 0, "Original Hash Batches": 1, "Actual Loops": 1, "Actual Total Time": 205.633, "Plans": [{"Output": ["mc.movie_id", "mc.company_type_id"], "Actual Startup Time": 44.265, "Actual Rows": 8790, "Total Cost": 50555.83, "Node Type": "Gather", "Single Copy": false, "Temp Written Blocks": 0, "Actual Loops": 1, "Shared Hit Blocks": 927, "Workers Launched": 2, "Local Dirtied Blocks": 0, "Plan Rows": 2343, "Plan Width": 8, "Startup Cost": 6935.1, "Shared Dirtied Blocks": 0, "Local Hit Blocks": 0, "Actual Total Time": 204.05, "Parent Relationship": "Outer", "Workers Planned": 2, "Parallel Aware": false, "Shared Written Blocks": 0, "Temp Read Blocks": 0, "Plans": [{"Output": ["mc.movie_id", "mc.company_type_id"], "Actual Startup Time": 41.373, "Actual Rows": 2930, "Inner Unique": true, "Total Cost": 49321.53, "Node Type": "Hash Join", "Temp Written Blocks": 0, "Actual Loops": 3, "Hash Cond": "(mc.company_id = cn.id)", "Shared Hit Blocks": 6152, "Plans": [{"Output": ["mc.id", "mc.movie_id", "mc.company_id", "mc.company_type_id", "mc.note"], "Actual Startup Time": 0.026, "Actual Rows": 869710, "Total Cost": 29661.37, "Node Type": "Seq Scan", "Temp Written Blocks": 0, "Schema": "public", "Actual Loops": 3, "Shared Hit Blocks": 0, "Local Dirtied Blocks": 0, "Plan Rows": 1087137, "Shared Dirtied Blocks": 0, "Startup Cost": 0.0, "Workers": [{"Shared Hit Blocks": 0, "Actual Startup Time": 0.034, "Actual Rows": 854145, "Local Hit Blocks": 0, "Temp Read Blocks": 0, "Local Read Blocks": 0, "Temp Written Blocks": 0, "Shared Written Blocks": 0, "Actual Loops": 1, "Shared Read Blocks": 6141, "Worker Number": 0, "Actual Total Time": 78.03, "Local Written Blocks": 0, "Local Dirtied Blocks": 0, "Shared Dirtied Blocks": 0}, {"Shared Hit Blocks": 0, "Actual Startup Time": 0.031, "Actual Rows": 882531, "Local Hit Blocks": 0, "Temp Read Blocks": 0, "Local Read Blocks": 0, "Temp Written Blocks": 0, "Shared Written Blocks": 0, "Actual Loops": 1, "Shared Read Blocks": 6362, "Worker Number": 1, "Actual Total Time": 76.544, "Local Written Blocks": 0, "Local Dirtied Blocks": 0, "Shared Dirtied Blocks": 0}], "Relation Name": "movie_companies", "Plan Width": 12, "Local Hit Blocks": 0, "Actual Total Time": 76.509, "Parent Relationship": "Outer", "Parallel Aware": true, "Shared Written Blocks": 0, "Temp Read Blocks": 0, "Shared Read Blocks": 18790, "Local Read Blocks": 0, "Local Written Blocks": 0, "Alias": "mc"}, {"Output": ["cn.id"], "Actual Startup Time": 41.033, "Actual Rows": 1361, "Peak Memory Usage": 64, "Total Cost": 5932.46, "Local Read Blocks": 0, "Node Type": "Hash", "Temp Written Blocks": 0, "Original Hash Batches": 1, "Actual Loops": 3, "Actual Total Time": 41.033, "Plans": [{"Output": ["cn.id"], "Actual Startup Time": 0.026, "Actual Rows": 1361, "Total Cost": 5932.46, "Local Read Blocks": 0, "Node Type": "Seq Scan", "Temp Written Blocks": 0, "Schema": "public", "Actual Loops": 3, "Actual Total Time": 40.732, "Local Dirtied Blocks": 0, "Rows Removed by Filter": 233636, "Shared Dirtied Blocks": 0, "Startup Cost": 0.0, "Workers": [{"Shared Hit Blocks": 2652, "Actual Startup Time": 0.032, "Actual Rows": 1361, "Local Hit Blocks": 0, "Temp Read Blocks": 0, "Local Read Blocks": 0, "Temp Written Blocks": 0, "Shared Written Blocks": 0, "Actual Loops": 1, "Shared Read Blocks": 343, "Worker Number": 0, "Actual Total Time": 38.965, "Local Written Blocks": 0, "Local Dirtied Blocks": 0, "Shared Dirtied Blocks": 0}, {"Shared Hit Blocks": 2413, "Actual Startup Time": 0.029, "Actual Rows": 1361, "Local Hit Blocks": 0, "Temp Read Blocks": 0, "Local Read Blocks": 0, "Temp Written Blocks": 0, "Shared Written Blocks": 0, "Actual Loops": 1, "Shared Read Blocks": 582, "Worker Number": 1, "Actual Total Time": 39.86, "Local Written Blocks": 0, "Local Dirtied Blocks": 0, "Shared Dirtied Blocks": 0}], "Relation Name": "company_name", "Plan Width": 4, "Local Hit Blocks": 0, "Parent Relationship": "Outer", "Parallel Aware": false, "Shared Written Blocks": 0, "Temp Read Blocks": 0, "Shared Read Blocks": 2993, "Plan Rows": 211, "Shared Hit Blocks": 5992, "Local Written Blocks": 0, "Alias": "cn", "Filter": "((cn.country_code)::text = '[ru]'::text)"}], "Local Dirtied Blocks": 0, "Plan Rows": 211, "Plan Width": 4, "Startup Cost": 5932.46, "Workers": [{"Shared Hit Blocks": 2652, "Actual Startup Time": 39.259, "Actual Rows": 1361, "Local Hit Blocks": 0, "Temp Read Blocks": 0, "Local Read Blocks": 0, "Temp Written Blocks": 0, "Shared Written Blocks": 0, "Actual Loops": 1, "Shared Read Blocks": 343, "Worker Number": 0, "Actual Total Time": 39.259, "Local Written Blocks": 0, "Local Dirtied Blocks": 0, "Shared Dirtied Blocks": 0}, {"Shared Hit Blocks": 2413, "Actual Startup Time": 40.162, "Actual Rows": 1361, "Local Hit Blocks": 0, "Temp Read Blocks": 0, "Local Read Blocks": 0, "Temp Written Blocks": 0, "Shared Written Blocks": 0, "Actual Loops": 1, "Shared Read Blocks": 582, "Worker Number": 1, "Actual Total Time": 40.162, "Local Written Blocks": 0, "Local Dirtied Blocks": 0, "Shared Dirtied Blocks": 0}], "Shared Dirtied Blocks": 0, "Local Hit Blocks": 0, "Parent Relationship": "Inner", "Hash Batches": 1, "Parallel Aware": false, "Shared Written Blocks": 0, "Temp Read Blocks": 0, "Shared Read Blocks": 2993, "Original Hash Buckets": 1024, "Hash Buckets": 2048, "Shared Hit Blocks": 5992, "Local Written Blocks": 0}], "Local Dirtied Blocks": 0, "Plan Rows": 976, "Plan Width": 8, "Startup Cost": 5935.1, "Workers": [{"Shared Hit Blocks": 2732, "Actual Startup Time": 39.604, "Actual Rows": 2816, "Local Hit Blocks": 0, "Temp Read Blocks": 0, "Local Read Blocks": 0, "Temp Written Blocks": 0, "Shared Written Blocks": 0, "Actual Loops": 1, "Shared Read Blocks": 6484, "Worker Number": 0, "Actual Total Time": 200.053, "Local Written Blocks": 0, "Local Dirtied Blocks": 0, "Shared Dirtied Blocks": 0}, {"Shared Hit Blocks": 2493, "Actual Startup Time": 40.469, "Actual Rows": 3010, "Local Hit Blocks": 0, "Temp Read Blocks": 0, "Local Read Blocks": 0, "Temp Written Blocks": 0, "Shared Written Blocks": 0, "Actual Loops": 1, "Shared Read Blocks": 6944, "Worker Number": 1, "Actual Total Time": 201.166, "Local Written Blocks": 0, "Local Dirtied Blocks": 0, "Shared Dirtied Blocks": 0}], "Shared Dirtied Blocks": 0, "Local Hit Blocks": 0, "Actual Total Time": 201.014, "Parent Relationship": "Outer", "Parallel Aware": false, "Shared Written Blocks": 0, "Temp Read Blocks": 0, "Shared Read Blocks": 21783, "Local Read Blocks": 0, "Join Type": "Inner", "Local Written Blocks": 0}], "Shared Read Blocks": 8355, "Local Read Blocks": 0, "Local Written Blocks": 0}], "Local Dirtied Blocks": 0, "Plan Rows": 2343, "Plan Width": 8, "Startup Cost": 50555.83, "Shared Dirtied Blocks": 0, "Local Hit Blocks": 0, "Parent Relationship": "Inner", "Hash Batches": 1, "Parallel Aware": false, "Shared Written Blocks": 0, "Temp Read Blocks": 0, "Shared Read Blocks": 8355, "Original Hash Buckets": 4096, "Hash Buckets": 16384, "Shared Hit Blocks": 927, "Local Written Blocks": 0}], "Local Dirtied Blocks": 0, "Plan Rows": 947, "Plan Width": 29, "Startup Cost": 50585.12, "Shared Dirtied Blocks": 0, "Local Hit Blocks": 0, "Actual Total Time": 628.897, "Parent Relationship": "Outer", "Parallel Aware": false, "Shared Written Blocks": 0, "Temp Read Blocks": 0, "Shared Read Blocks": 31667, "Local Read Blocks": 0, "Join Type": "Inner", "Local Written Blocks": 0}], "Local Dirtied Blocks": 0, "Plan Rows": 947, "Plan Width": 29, "Startup Cost": 122023.3, "Shared Dirtied Blocks": 0, "Local Hit Blocks": 0, "Parent Relationship": "Inner", "Hash Batches": 1, "Parallel Aware": false, "Shared Written Blocks": 0, "Temp Read Blocks": 0, "Shared Read Blocks": 31667, "Original Hash Buckets": 1024, "Hash Buckets": 8192, "Shared Hit Blocks": 13613, "Local Written Blocks": 0}], "Local Dirtied Blocks": 0, "Plan Rows": 2, "Plan Width": 25, "Startup Cost": 123036.3, "Shared Dirtied Blocks": 0, "Local Hit Blocks": 0, "Actual Total Time": 1925.423, "Parent Relationship": "Outer", "Parallel Aware": false, "Shared Written Blocks": 0, "Temp Read Blocks": 0, "Shared Read Blocks": 114148, "Local Read Blocks": 0, "Join Type": "Inner", "Local Written Blocks": 0}], "Local Dirtied Blocks": 0, "Plan Rows": 2, "Plan Width": 25, "Startup Cost": 602652.35, "Shared Dirtied Blocks": 0, "Local Hit Blocks": 0, "Parent Relationship": "Inner", "Hash Batches": 1, "Parallel Aware": false, "Shared Written Blocks": 0, "Temp Read Blocks": 0, "Shared Read Blocks": 114148, "Original Hash Buckets": 1024, "Hash Buckets": 1024, "Shared Hit Blocks": 13614, "Local Written Blocks": 0}], "Local Dirtied Blocks": 0, "Plan Rows": 1, "Plan Width": 37, "Startup Cost": 602652.37, "Shared Dirtied Blocks": 0, "Local Hit Blocks": 0, "Actual Total Time": 2461.163, "Parent Relationship": "Outer", "Parallel Aware": false, "Shared Written Blocks": 0, "Temp Read Blocks": 0, "Shared Read Blocks": 150594, "Local Read Blocks": 0, "Join Type": "Inner", "Local Written Blocks": 0}, {"Output": ["ct.id"], "Actual Startup Time": 0.011, "Actual Rows": 4, "Peak Memory Usage": 9, "Total Cost": 1.04, "Local Read Blocks": 0, "Node Type": "Hash", "Temp Written Blocks": 0, "Original Hash Batches": 1, "Actual Loops": 1, "Actual Total Time": 0.011, "Plans": [{"Output": ["ct.id"], "Actual Startup Time": 0.004, "Actual Rows": 4, "Total Cost": 1.04, "Node Type": "Seq Scan", "Temp Written Blocks": 0, "Schema": "public", "Actual Loops": 1, "Shared Hit Blocks": 1, "Local Dirtied Blocks": 0, "Plan Rows": 4, "Shared Dirtied Blocks": 0, "Startup Cost": 0.0, "Relation Name": "company_type", "Plan Width": 4, "Local Hit Blocks": 0, "Actual Total Time": 0.004, "Parent Relationship": "Outer", "Parallel Aware": false, "Shared Written Blocks": 0, "Temp Read Blocks": 0, "Shared Read Blocks": 0, "Local Read Blocks": 0, "Local Written Blocks": 0, "Alias": "ct"}], "Local Dirtied Blocks": 0, "Plan Rows": 4, "Plan Width": 4, "Startup Cost": 1.04, "Shared Dirtied Blocks": 0, "Local Hit Blocks": 0, "Parent Relationship": "Inner", "Hash Batches": 1, "Parallel Aware": false, "Shared Written Blocks": 0, "Temp Read Blocks": 0, "Shared Read Blocks": 0, "Original Hash Buckets": 1024, "Hash Buckets": 1024, "Shared Hit Blocks": 1, "Local Written Blocks": 0}], "Local Dirtied Blocks": 0, "Plan Rows": 1, "Plan Width": 33, "Startup Cost": 602653.46, "Shared Dirtied Blocks": 0, "Local Hit Blocks": 0, "Actual Total Time": 2461.239, "Parent Relationship": "Outer", "Parallel Aware": false, "Shared Written Blocks": 0, "Temp Read Blocks": 0, "Shared Read Blocks": 150594, "Local Read Blocks": 0, "Join Type": "Inner", "Local Written Blocks": 0}], "Local Dirtied Blocks": 0, "Plan Rows": 1, "Shared Dirtied Blocks": 0, "Startup Cost": 686206.64, "Partial Mode": "Simple", "Local Hit Blocks": 0, "Actual Total Time": 2461.361, "Parallel Aware": false, "Shared Written Blocks": 0, "Temp Read Blocks": 0, "Shared Read Blocks": 150594, "Local Read Blocks": 0, "Local Written Blocks": 0}, "Execution Time": 2461.794, "Triggers": []}]