[{"Execution Time": 27251.175, "Planning Time": 1258.246, "Plan": {"Node Type": "Aggregate", "Total Cost": 539803.74, "Strategy": "Plain", "Plans": [{"Node Type": "Nested Loop", "Total Cost": 538552.4, "Plans": [{"Node Type": "Nested Loop", "Total Cost": 533236.39, "Plans": [{"Node Type": "Nested Loop", "Total Cost": 532676.18, "Plans": [{"Node Type": "Hash Join", "Total Cost": 50828.37, "Plans": [{"Node Type": "Foreign Scan", "Total Cost": 50717.47, "Remote SQL": "SELECT r5.movie_id, r5.company_type_id FROM (public.company_name r3 INNER JOIN public.movie_companies r5 ON (((r3.id = r5.company_id)) AND ((r3.country_code = '[ru]'::text))))", "Actual Rows": 8790, "Plan Rows": 2465, "Shared Hit Blocks": 0, "Local Read Blocks": 0, "Local Written Blocks": 0, "Shared Dirtied Blocks": 0, "Actual Startup Time": 114.082, "Actual Loops": 1, "Output": ["mc.movie_id", "mc.company_type_id"], "Operation": "Select", "Shared Written Blocks": 0, "Relations": "(dtinglinux.company_name cn) INNER JOIN (dtinglinux.movie_companies mc)", "Plan Width": 8, "Local Hit Blocks": 0, "Startup Cost": 7035.24, "Parent Relationship": "Outer", "Temp Read Blocks": 0, "Shared Read Blocks": 0, "Local Dirtied Blocks": 0, "Temp Written Blocks": 0, "Actual Total Time": 3873.723, "Parallel Aware": false}, {"Node Type": "Hash", "Total Cost": 101.12, "Plans": [{"Node Type": "Foreign Scan", "Total Cost": 101.12, "Remote SQL": "SELECT id FROM public.company_type", "Actual Rows": 4, "Plan Rows": 4, "Shared Hit Blocks": 0, "Operation": "Select", "Local Written Blocks": 0, "Shared Dirtied Blocks": 0, "Actual Startup Time": 78.594, "Actual Loops": 1, "Output": ["ct.id"], "Shared Written Blocks": 0, "Plan Width": 4, "Local Hit Blocks": 0, "Startup Cost": 100.0, "Relation Name": "company_type", "Parent Relationship": "Outer", "Schema": "dtinglinux", "Temp Read Blocks": 0, "Temp Written Blocks": 0, "Shared Read Blocks": 0, "Local Dirtied Blocks": 0, "Local Read Blocks": 0, "Alias": "ct", "Actual Total Time": 78.595, "Parallel Aware": false}], "Original Hash Batches": 1, "Actual Rows": 4, "Plan Rows": 4, "Shared Hit Blocks": 0, "Local Hit Blocks": 0, "Local Written Blocks": 0, "Shared Dirtied Blocks": 0, "Actual Startup Time": 78.601, "Actual Loops": 1, "Output": ["ct.id"], "Shared Written Blocks": 0, "Original Hash Buckets": 1024, "Plan Width": 4, "Hash Buckets": 1024, "Startup Cost": 101.12, "Parent Relationship": "Inner", "Local Dirtied Blocks": 0, "Temp Read Blocks": 0, "Temp Written Blocks": 0, "Shared Read Blocks": 0, "Hash Batches": 1, "Local Read Blocks": 0, "Peak Memory Usage": 9, "Actual Total Time": 78.601, "Parallel Aware": false}], "Actual Rows": 8790, "Plan Rows": 49, "Shared Hit Blocks": 3, "Local Read Blocks": 0, "Local Written Blocks": 0, "Hash Cond": "(mc.company_type_id = ct.id)", "Shared Dirtied Blocks": 0, "Inner Unique": false, "Actual Loops": 1, "Output": ["mc.movie_id"], "Shared Written Blocks": 0, "Join Type": "Inner", "Actual Startup Time": 192.708, "Plan Width": 4, "Local Hit Blocks": 0, "Startup Cost": 7136.41, "Parent Relationship": "Outer", "Temp Read Blocks": 0, "Shared Read Blocks": 0, "Local Dirtied Blocks": 0, "Temp Written Blocks": 0, "Actual Total Time": 3955.751, "Parallel Aware": false}, {"Node Type": "Materialize", "Total Cost": 480511.0, "Plans": [{"Node Type": "Gather", "Total Cost": 480501.87, "Plans": [{"Node Type": "Hash Join", "Total Cost": 479319.37, "Workers": [{"Local Written Blocks": 0, "Local Hit Blocks": 0, "Shared Read Blocks": 82372, "Temp Read Blocks": 0, "Actual Rows": 9554, "Temp Written Blocks": 0, "Shared Hit Blocks": 635, "Local Dirtied Blocks": 0, "Local Read Blocks": 0, "Worker Number": 0, "Shared Dirtied Blocks": 0, "Actual Startup Time": 394.621, "Actual Loops": 1, "Actual Total Time": 1373.999, "Shared Written Blocks": 0}, {"Local Written Blocks": 0, "Local Hit Blocks": 0, "Shared Read Blocks": 83571, "Temp Read Blocks": 0, "Actual Rows": 9064, "Temp Written Blocks": 0, "Shared Hit Blocks": 635, "Local Dirtied Blocks": 0, "Local Read Blocks": 0, "Worker Number": 1, "Shared Dirtied Blocks": 0, "Actual Startup Time": 394.553, "Actual Loops": 1, "Actual Total Time": 1374.746, "Shared Written Blocks": 0}], "Plans": [{"Node Type": "Seq Scan", "Total Cost": 479209.75, "Workers": [{"Local Written Blocks": 0, "Local Hit Blocks": 0, "Shared Read Blocks": 82372, "Temp Read Blocks": 0, "Actual Rows": 11606, "Temp Written Blocks": 0, "Shared Hit Blocks": 554, "Local Dirtied Blocks": 0, "Local Read Blocks": 0, "Worker Number": 0, "Shared Dirtied Blocks": 0, "Actual Startup Time": 153.033, "Actual Loops": 1, "Actual Total Time": 1371.661, "Shared Written Blocks": 0}, {"Local Written Blocks": 0, "Local Hit Blocks": 0, "Shared Read Blocks": 83571, "Temp Read Blocks": 0, "Actual Rows": 11161, "Temp Written Blocks": 0, "Shared Hit Blocks": 554, "Local Dirtied Blocks": 0, "Local Read Blocks": 0, "Worker Number": 1, "Shared Dirtied Blocks": 0, "Actual Startup Time": 185.326, "Actual Loops": 1, "Actual Total Time": 1372.436, "Shared Written Blocks": 0}], "Actual Rows": 10763, "Plan Rows": 9125, "Filter": "(((ci.note)::text ~~ '%(voice)%'::text) AND ((ci.note)::text ~~ '%(uncredited)%'::text))", "Local Read Blocks": 0, "Local Written Blocks": 0, "Shared Dirtied Blocks": 0, "Actual Startup Time": 165.429, "Actual Loops": 3, "Output": ["ci.id", "ci.person_id", "ci.movie_id", "ci.person_role_id", "ci.note", "ci.nr_order", "ci.role_id"], "Shared Written Blocks": 0, "Plan Width": 12, "Local Hit Blocks": 0, "Startup Cost": 0.0, "Relation Name": "cast_info", "Parent Relationship": "Outer", "Schema": "public", "Temp Read Blocks": 0, "Local Dirtied Blocks": 0, "Rows Removed by Filter": 12070685, "Shared Read Blocks": 250991, "Shared Hit Blocks": 1696, "Temp Written Blocks": 0, "Alias": "ci", "Actual Total Time": 1371.203, "Parallel Aware": true}, {"Node Type": "Hash", "Total Cost": 1.15, "Workers": [{"Local Written Blocks": 0, "Local Hit Blocks": 0, "Shared Read Blocks": 0, "Temp Read Blocks": 0, "Actual Rows": 1, "Temp Written Blocks": 0, "Shared Hit Blocks": 1, "Local Dirtied Blocks": 0, "Local Read Blocks": 0, "Worker Number": 0, "Shared Dirtied Blocks": 0, "Actual Startup Time": 0.039, "Actual Loops": 1, "Actual Total Time": 0.039, "Shared Written Blocks": 0}, {"Local Written Blocks": 0, "Local Hit Blocks": 0, "Shared Read Blocks": 0, "Temp Read Blocks": 0, "Actual Rows": 1, "Temp Written Blocks": 0, "Shared Hit Blocks": 1, "Local Dirtied Blocks": 0, "Local Read Blocks": 0, "Worker Number": 1, "Shared Dirtied Blocks": 0, "Actual Startup Time": 0.037, "Actual Loops": 1, "Actual Total Time": 0.037, "Shared Written Blocks": 0}], "Plans": [{"Node Type": "Seq Scan", "Total Cost": 1.15, "Workers": [{"Local Written Blocks": 0, "Local Hit Blocks": 0, "Shared Read Blocks": 0, "Temp Read Blocks": 0, "Actual Rows": 1, "Temp Written Blocks": 0, "Shared Hit Blocks": 1, "Local Dirtied Blocks": 0, "Local Read Blocks": 0, "Worker Number": 0, "Shared Dirtied Blocks": 0, "Actual Startup Time": 0.032, "Actual Loops": 1, "Actual Total Time": 0.034, "Shared Written Blocks": 0}, {"Local Written Blocks": 0, "Local Hit Blocks": 0, "Shared Read Blocks": 0, "Temp Read Blocks": 0, "Actual Rows": 1, "Temp Written Blocks": 0, "Shared Hit Blocks": 1, "Local Dirtied Blocks": 0, "Local Read Blocks": 0, "Worker Number": 1, "Shared Dirtied Blocks": 0, "Actual Startup Time": 0.03, "Actual Loops": 1, "Actual Total Time": 0.032, "Shared Written Blocks": 0}], "Actual Rows": 1, "Plan Rows": 1, "Filter": "((rt.role)::text = 'actor'::text)", "Local Read Blocks": 0, "Local Written Blocks": 0, "Shared Dirtied Blocks": 0, "Actual Startup Time": 0.025, "Actual Loops": 3, "Output": ["rt.id"], "Shared Written Blocks": 0, "Plan Width": 4, "Local Hit Blocks": 0, "Startup Cost": 0.0, "Relation Name": "role_type", "Parent Relationship": "Outer", "Schema": "public", "Temp Read Blocks": 0, "Local Dirtied Blocks": 0, "Rows Removed by Filter": 11, "Shared Read Blocks": 0, "Shared Hit Blocks": 3, "Temp Written Blocks": 0, "Alias": "rt", "Actual Total Time": 0.026, "Parallel Aware": false}], "Original Hash Batches": 1, "Actual Rows": 1, "Plan Rows": 1, "Shared Hit Blocks": 3, "Local Hit Blocks": 0, "Local Written Blocks": 0, "Shared Dirtied Blocks": 0, "Actual Startup Time": 0.032, "Actual Loops": 3, "Output": ["rt.id"], "Shared Written Blocks": 0, "Original Hash Buckets": 1024, "Plan Width": 4, "Hash Buckets": 1024, "Startup Cost": 1.15, "Parent Relationship": "Inner", "Local Dirtied Blocks": 0, "Temp Read Blocks": 0, "Temp Written Blocks": 0, "Shared Read Blocks": 0, "Hash Batches": 1, "Local Read Blocks": 0, "Peak Memory Usage": 9, "Actual Total Time": 0.032, "Parallel Aware": false}], "Actual Rows": 8625, "Plan Rows": 760, "Shared Hit Blocks": 1859, "Local Read Blocks": 0, "Local Written Blocks": 0, "Hash Cond": "(ci.role_id = rt.id)", "Shared Dirtied Blocks": 0, "Inner Unique": true, "Actual Loops": 3, "Output": ["ci.movie_id", "ci.person_role_id"], "Shared Written Blocks": 0, "Join Type": "Inner", "Actual Startup Time": 396.678, "Plan Width": 8, "Local Hit Blocks": 0, "Startup Cost": 1.16, "Parent Relationship": "Outer", "Temp Read Blocks": 0, "Shared Read Blocks": 250991, "Local Dirtied Blocks": 0, "Temp Written Blocks": 0, "Actual Total Time": 1373.329, "Parallel Aware": false}], "Actual Rows": 25874, "Plan Rows": 1825, "Shared Hit Blocks": 589, "Local Read Blocks": 0, "Local Written Blocks": 0, "Shared Dirtied Blocks": 0, "Actual Startup Time": 402.106, "Actual Loops": 1, "Output": ["ci.movie_id", "ci.person_role_id"], "Workers Launched": 2, "Shared Written Blocks": 0, "Single Copy": false, "Plan Width": 8, "Local Hit Blocks": 0, "Startup Cost": 1001.16, "Parent Relationship": "Outer", "Workers Planned": 2, "Temp Read Blocks": 0, "Shared Read Blocks": 85048, "Local Dirtied Blocks": 0, "Temp Written Blocks": 0, "Actual Total Time": 1378.211, "Parallel Aware": false}], "Actual Rows": 25874, "Plan Rows": 1825, "Shared Hit Blocks": 589, "Local Read Blocks": 0, "Local Written Blocks": 0, "Shared Dirtied Blocks": 0, "Actual Startup Time": 0.046, "Actual Loops": 8790, "Output": ["ci.movie_id", "ci.person_role_id"], "Shared Written Blocks": 0, "Plan Width": 8, "Local Hit Blocks": 0, "Startup Cost": 1001.16, "Parent Relationship": "Inner", "Actual Total Time": 1.047, "Shared Read Blocks": 85048, "Local Dirtied Blocks": 0, "Temp Written Blocks": 0, "Temp Read Blocks": 0, "Parallel Aware": false}], "Actual Rows": 275, "Plan Rows": 101, "Shared Hit Blocks": 592, "Local Read Blocks": 0, "Local Written Blocks": 0, "Shared Dirtied Blocks": 0, "Actual Startup Time": 3530.395, "Actual Loops": 1, "Output": ["ci.movie_id", "ci.person_role_id", "mc.movie_id"], "Shared Written Blocks": 0, "Join Type": "Inner", "Plan Width": 12, "Inner Unique": false, "Startup Cost": 8137.57, "Parent Relationship": "Outer", "Rows Removed by Join Filter": 227432185, "Temp Read Blocks": 0, "Shared Read Blocks": 85048, "Local Dirtied Blocks": 0, "Temp Written Blocks": 0, "Join Filter": "(ci.movie_id = mc.movie_id)", "Local Hit Blocks": 0, "Actual Total Time": 27014.839, "Parallel Aware": false}, {"Node Type": "Index Scan", "Total Cost": 5.55, "Actual Rows": 1, "Plan Rows": 1, "Shared Hit Blocks": 1061, "Local Read Blocks": 0, "Scan Direction": "Forward", "Local Written Blocks": 0, "Rows Removed by Index Recheck": 0, "Output": ["chn.id", "chn.name", "chn.imdb_index", "chn.imdb_id", "chn.name_pcode_nf", "chn.surname_pcode", "chn.md5sum"], "Actual Startup Time": 0.009, "Actual Loops": 275, "Shared Dirtied Blocks": 0, "Shared Written Blocks": 0, "Plan Width": 20, "Local Hit Blocks": 0, "Startup Cost": 0.43, "Relation Name": "char_name", "Parent Relationship": "Inner", "Schema": "public", "Index Name": "char_name_pkey", "Temp Read Blocks": 0, "Shared Read Blocks": 0, "Local Dirtied Blocks": 0, "Temp Written Blocks": 0, "Alias": "chn", "Parallel Aware": false, "Actual Total Time": 0.009, "Index Cond": "(chn.id = ci.person_role_id)"}], "Actual Rows": 265, "Plan Rows": 49, "Shared Hit Blocks": 1653, "Local Read Blocks": 0, "Local Written Blocks": 0, "Shared Dirtied Blocks": 0, "Actual Startup Time": 3530.447, "Actual Loops": 1, "Output": ["chn.name", "ci.movie_id", "mc.movie_id"], "Shared Written Blocks": 0, "Join Type": "Inner", "Plan Width": 24, "Inner Unique": true, "Startup Cost": 8138.0, "Parent Relationship": "Outer", "Temp Read Blocks": 0, "Shared Read Blocks": 85048, "Local Dirtied Blocks": 0, "Temp Written Blocks": 0, "Local Hit Blocks": 0, "Actual Total Time": 27017.726, "Parallel Aware": false}, {"Node Type": "Foreign Scan", "Total Cost": 108.48, "Remote SQL": "SELECT id, title FROM public.title WHERE ((production_year > 2005)) AND (($1::integer = id))", "Actual Rows": 0, "Plan Rows": 1, "Shared Hit Blocks": 0, "Operation": "Select", "Local Written Blocks": 0, "Shared Dirtied Blocks": 0, "Actual Startup Time": 0.403, "Actual Loops": 265, "Output": ["t.id", "t.title", "t.imdb_index", "t.kind_id", "t.production_year", "t.imdb_id", "t.phonetic_code", "t.episode_of_id", "t.season_nr", "t.episode_nr", "t.series_years", "t.md5sum"], "Shared Written Blocks": 0, "Plan Width": 21, "Local Hit Blocks": 0, "Startup Cost": 100.44, "Relation Name": "title", "Parent Relationship": "Inner", "Schema": "ricolelx", "Temp Read Blocks": 0, "Temp Written Blocks": 0, "Shared Read Blocks": 0, "Local Dirtied Blocks": 0, "Local Read Blocks": 0, "Alias": "t", "Actual Total Time": 0.403, "Parallel Aware": false}], "Actual Rows": 104, "Plan Rows": 250266, "Shared Hit Blocks": 1653, "Local Read Blocks": 0, "Local Written Blocks": 0, "Shared Dirtied Blocks": 0, "Actual Startup Time": 3531.067, "Actual Loops": 1, "Output": ["chn.name", "t.title"], "Shared Written Blocks": 0, "Join Type": "Inner", "Plan Width": 48, "Inner Unique": false, "Startup Cost": 8238.44, "Parent Relationship": "Outer", "Temp Read Blocks": 0, "Shared Read Blocks": 85048, "Local Dirtied Blocks": 0, "Temp Written Blocks": 0, "Local Hit Blocks": 0, "Actual Total Time": 27172.834, "Parallel Aware": false}], "Partial Mode": "Simple", "Actual Rows": 1, "Plan Rows": 1, "Shared Hit Blocks": 1653, "Local Read Blocks": 0, "Local Written Blocks": 0, "Shared Dirtied Blocks": 0, "Actual Startup Time": 27173.121, "Actual Loops": 1, "Output": ["min((chn.name)::text)", "min((t.title)::text)"], "Shared Written Blocks": 0, "Plan Width": 64, "Local Hit Blocks": 0, "Startup Cost": 539803.73, "Temp Read Blocks": 0, "Shared Read Blocks": 85048, "Local Dirtied Blocks": 0, "Temp Written Blocks": 0, "Actual Total Time": 27173.121, "Parallel Aware": false}, "Triggers": []}]