[{"Execution Time": 7977.223, "Planning Time": 1262.714, "Plan": {"Node Type": "Aggregate", "Total Cost": 535641.21, "Strategy": "Plain", "Plans": [{"Node Type": "Hash Join", "Total Cost": 535610.22, "Plans": [{"Node Type": "Foreign Scan", "Total Cost": 484740.65, "Remote SQL": "SELECT r1.name, r2.movie_id FROM ((public.char_name r1 INNER JOIN public.cast_info r2 ON (((r1.id = r2.person_role_id)) AND ((r2.note ~~ '%(voice)%'::text)) AND ((r2.note ~~ '%(uncredited)%'::text)))) INNER JOIN public.role_type r6 ON (((r2.role_id = r6.id)) AND ((r6.role = 'actor'::text))))", "Actual Rows": 25523, "Plan Rows": 882, "Shared Hit Blocks": 0, "Local Read Blocks": 0, "Local Written Blocks": 0, "Shared Dirtied Blocks": 0, "Actual Startup Time": 1092.825, "Actual Loops": 1, "Output": ["chn.name", "ci.movie_id"], "Operation": "Select", "Shared Written Blocks": 0, "Relations": "((lxulx.char_name chn) INNER JOIN (lxulx.cast_info ci)) INNER JOIN (lxulx.role_type rt)", "Plan Width": 20, "Local Hit Blocks": 0, "Startup Cost": 1101.59, "Parent Relationship": "Outer", "Temp Read Blocks": 0, "Shared Read Blocks": 0, "Local Dirtied Blocks": 0, "Temp Written Blocks": 0, "Actual Total Time": 3913.213, "Parallel Aware": false}, {"Node Type": "Hash", "Total Cost": 50853.8, "Plans": [{"Node Type": "Nested Loop", "Total Cost": 50853.8, "Plans": [{"Node Type": "Hash Join", "Total Cost": 50828.37, "Plans": [{"Node Type": "Foreign Scan", "Total Cost": 50717.47, "Remote SQL": "SELECT r5.movie_id, r5.company_type_id FROM (public.company_name r3 INNER JOIN public.movie_companies r5 ON (((r3.id = r5.company_id)) AND ((r3.country_code = '[ru]'::text))))", "Actual Rows": 8790, "Plan Rows": 2465, "Shared Hit Blocks": 0, "Local Read Blocks": 0, "Local Written Blocks": 0, "Shared Dirtied Blocks": 0, "Actual Startup Time": 113.201, "Actual Loops": 1, "Output": ["mc.movie_id", "mc.company_type_id"], "Operation": "Select", "Shared Written Blocks": 0, "Relations": "(dtinglinux.company_name cn) INNER JOIN (dtinglinux.movie_companies mc)", "Plan Width": 8, "Local Hit Blocks": 0, "Startup Cost": 7035.24, "Parent Relationship": "Outer", "Temp Read Blocks": 0, "Shared Read Blocks": 0, "Local Dirtied Blocks": 0, "Temp Written Blocks": 0, "Actual Total Time": 3822.198, "Parallel Aware": false}, {"Node Type": "Hash", "Total Cost": 101.12, "Plans": [{"Node Type": "Foreign Scan", "Total Cost": 101.12, "Remote SQL": "SELECT id FROM public.company_type", "Actual Rows": 4, "Plan Rows": 4, "Shared Hit Blocks": 0, "Operation": "Select", "Local Written Blocks": 0, "Shared Dirtied Blocks": 0, "Actual Startup Time": 78.309, "Actual Loops": 1, "Output": ["ct.id"], "Shared Written Blocks": 0, "Plan Width": 4, "Local Hit Blocks": 0, "Startup Cost": 100.0, "Relation Name": "company_type", "Parent Relationship": "Outer", "Schema": "dtinglinux", "Temp Read Blocks": 0, "Temp Written Blocks": 0, "Shared Read Blocks": 0, "Local Dirtied Blocks": 0, "Local Read Blocks": 0, "Alias": "ct", "Actual Total Time": 78.311, "Parallel Aware": false}], "Original Hash Batches": 1, "Actual Rows": 4, "Plan Rows": 4, "Shared Hit Blocks": 0, "Local Hit Blocks": 0, "Local Written Blocks": 0, "Shared Dirtied Blocks": 0, "Actual Startup Time": 78.328, "Actual Loops": 1, "Output": ["ct.id"], "Shared Written Blocks": 0, "Original Hash Buckets": 1024, "Plan Width": 4, "Hash Buckets": 1024, "Startup Cost": 101.12, "Parent Relationship": "Inner", "Local Dirtied Blocks": 0, "Temp Read Blocks": 0, "Temp Written Blocks": 0, "Shared Read Blocks": 0, "Hash Batches": 1, "Local Read Blocks": 0, "Peak Memory Usage": 9, "Actual Total Time": 78.328, "Parallel Aware": false}], "Actual Rows": 8790, "Plan Rows": 49, "Shared Hit Blocks": 0, "Local Read Blocks": 0, "Local Written Blocks": 0, "Hash Cond": "(mc.company_type_id = ct.id)", "Shared Dirtied Blocks": 0, "Inner Unique": false, "Actual Loops": 1, "Output": ["mc.movie_id"], "Shared Written Blocks": 0, "Join Type": "Inner", "Actual Startup Time": 191.545, "Plan Width": 4, "Local Hit Blocks": 0, "Startup Cost": 7136.41, "Parent Relationship": "Outer", "Temp Read Blocks": 0, "Shared Read Blocks": 0, "Local Dirtied Blocks": 0, "Temp Written Blocks": 0, "Actual Total Time": 3902.915, "Parallel Aware": false}, {"Node Type": "Index Scan", "Total Cost": 0.52, "Actual Rows": 1, "Plan Rows": 1, "Filter": "(t.production_year > 2005)", "Local Read Blocks": 0, "Scan Direction": "Forward", "Local Written Blocks": 0, "Rows Removed by Index Recheck": 0, "Output": ["t.id", "t.title", "t.imdb_index", "t.kind_id", "t.production_year", "t.imdb_id", "t.phonetic_code", "t.episode_of_id", "t.season_nr", "t.episode_nr", "t.series_years", "t.md5sum"], "Actual Startup Time": 0.008, "Actual Loops": 8790, "Shared Dirtied Blocks": 0, "Shared Written Blocks": 0, "Plan Width": 21, "Local Hit Blocks": 0, "Startup Cost": 0.43, "Relation Name": "title", "Parent Relationship": "Inner", "Shared Read Blocks": 7207, "Schema": "public", "Temp Read Blocks": 0, "Local Dirtied Blocks": 0, "Rows Removed by Filter": 0, "Index Name": "title_pkey", "Shared Hit Blocks": 28001, "Temp Written Blocks": 0, "Alias": "t", "Parallel Aware": false, "Actual Total Time": 0.008, "Index Cond": "(t.id = mc.movie_id)"}], "Actual Rows": 4539, "Plan Rows": 996, "Shared Hit Blocks": 28001, "Local Read Blocks": 0, "Local Written Blocks": 0, "Shared Dirtied Blocks": 0, "Actual Startup Time": 191.606, "Actual Loops": 1, "Output": ["mc.movie_id", "t.title", "t.id"], "Shared Written Blocks": 0, "Join Type": "Inner", "Plan Width": 25, "Inner Unique": true, "Startup Cost": 7136.84, "Parent Relationship": "Outer", "Temp Read Blocks": 0, "Shared Read Blocks": 7207, "Local Dirtied Blocks": 0, "Temp Written Blocks": 0, "Local Hit Blocks": 0, "Actual Total Time": 3978.498, "Parallel Aware": false}], "Original Hash Batches": 1, "Actual Rows": 4539, "Plan Rows": 996, "Shared Hit Blocks": 28001, "Local Hit Blocks": 0, "Local Written Blocks": 0, "Shared Dirtied Blocks": 0, "Actual Startup Time": 3980.26, "Actual Loops": 1, "Output": ["mc.movie_id", "t.title", "t.id"], "Shared Written Blocks": 0, "Original Hash Buckets": 1024, "Plan Width": 25, "Hash Buckets": 8192, "Startup Cost": 50853.8, "Parent Relationship": "Inner", "Local Dirtied Blocks": 0, "Temp Read Blocks": 0, "Temp Written Blocks": 0, "Shared Read Blocks": 7207, "Hash Batches": 1, "Local Read Blocks": 0, "Peak Memory Usage": 321, "Actual Total Time": 3980.26, "Parallel Aware": false}], "Actual Rows": 104, "Plan Rows": 6195, "Shared Hit Blocks": 28004, "Local Read Blocks": 0, "Local Written Blocks": 0, "Hash Cond": "(ci.movie_id = t.id)", "Shared Dirtied Blocks": 0, "Inner Unique": false, "Actual Loops": 1, "Output": ["chn.name", "t.title"], "Shared Written Blocks": 0, "Join Type": "Inner", "Actual Startup Time": 5084.396, "Plan Width": 49, "Local Hit Blocks": 0, "Startup Cost": 51967.84, "Parent Relationship": "Outer", "Temp Read Blocks": 0, "Shared Read Blocks": 7207, "Local Dirtied Blocks": 0, "Temp Written Blocks": 0, "Actual Total Time": 7899.142, "Parallel Aware": false}], "Partial Mode": "Simple", "Actual Rows": 1, "Plan Rows": 1, "Shared Hit Blocks": 28004, "Local Read Blocks": 0, "Local Written Blocks": 0, "Shared Dirtied Blocks": 0, "Actual Startup Time": 7899.392, "Actual Loops": 1, "Output": ["min((chn.name)::text)", "min((t.title)::text)"], "Shared Written Blocks": 0, "Plan Width": 64, "Local Hit Blocks": 0, "Startup Cost": 535641.2, "Temp Read Blocks": 0, "Shared Read Blocks": 7207, "Local Dirtied Blocks": 0, "Temp Written Blocks": 0, "Actual Total Time": 7899.392, "Parallel Aware": false}, "Triggers": []}]