[{"Execution Time": 83455.32, "Planning Time": 1912.998, "Plan": {"Node Type": "Aggregate", "Total Cost": 531461.44, "Strategy": "Plain", "Plans": [{"Node Type": "Nested Loop", "Total Cost": 531461.42, "Plans": [{"Node Type": "Nested Loop", "Total Cost": 531352.93, "Plans": [{"Node Type": "Nested Loop", "Total Cost": 531352.77, "Plans": [{"Node Type": "Hash Join", "Total Cost": 531244.28, "Plans": [{"Node Type": "Foreign Scan", "Total Cost": 480638.37, "Remote SQL": "SELECT r2.movie_id, r2.person_role_id FROM (public.cast_info r2 INNER JOIN public.role_type r6 ON (((r2.role_id = r6.id)) AND ((r6.role = 'actor'::text)) AND ((r2.note ~~ '%(voice)%'::text)) AND ((r2.note ~~ '%(uncredited)%'::text))))", "Actual Rows": 25874, "Plan Rows": 1825, "Shared Hit Blocks": 0, "Local Read Blocks": 0, "Local Written Blocks": 0, "Shared Dirtied Blocks": 0, "Actual Startup Time": 1162.854, "Actual Loops": 1, "Output": ["ci.movie_id", "ci.person_role_id"], "Operation": "Select", "Shared Written Blocks": 0, "Relations": "(lxulx.cast_info ci) INNER JOIN (lxulx.role_type rt)", "Plan Width": 8, "Local Hit Blocks": 0, "Startup Cost": 1101.16, "Parent Relationship": "Outer", "Temp Read Blocks": 0, "Shared Read Blocks": 0, "Local Dirtied Blocks": 0, "Temp Written Blocks": 0, "Actual Total Time": 14822.498, "Parallel Aware": false}, {"Node Type": "Hash", "Total Cost": 50568.17, "Plans": [{"Node Type": "Gather", "Total Cost": 50568.17, "Plans": [{"Node Type": "Hash Join", "Total Cost": 49321.67, "Workers": [{"Local Written Blocks": 0, "Local Hit Blocks": 0, "Shared Read Blocks": 1888, "Temp Read Blocks": 0, "Actual Rows": 2986, "Temp Written Blocks": 0, "Shared Hit Blocks": 7131, "Local Dirtied Blocks": 0, "Local Read Blocks": 0, "Worker Number": 0, "Shared Dirtied Blocks": 0, "Actual Startup Time": 29.204, "Actual Loops": 1, "Actual Total Time": 268.942, "Shared Written Blocks": 0}, {"Local Written Blocks": 0, "Local Hit Blocks": 0, "Shared Read Blocks": 1889, "Temp Read Blocks": 0, "Actual Rows": 2998, "Temp Written Blocks": 0, "Shared Hit Blocks": 7553, "Local Dirtied Blocks": 0, "Local Read Blocks": 0, "Worker Number": 1, "Shared Dirtied Blocks": 0, "Actual Startup Time": 29.209, "Actual Loops": 1, "Actual Total Time": 268.949, "Shared Written Blocks": 0}], "Plans": [{"Node Type": "Seq Scan", "Total Cost": 29661.37, "Workers": [{"Local Written Blocks": 0, "Local Hit Blocks": 0, "Shared Read Blocks": 1888, "Temp Read Blocks": 0, "Actual Rows": 832973, "Temp Written Blocks": 0, "Shared Hit Blocks": 4056, "Local Dirtied Blocks": 0, "Local Read Blocks": 0, "Worker Number": 0, "Shared Dirtied Blocks": 0, "Actual Startup Time": 0.028, "Actual Loops": 1, "Actual Total Time": 157.229, "Shared Written Blocks": 0}, {"Local Written Blocks": 0, "Local Hit Blocks": 0, "Shared Read Blocks": 1889, "Temp Read Blocks": 0, "Actual Rows": 883869, "Temp Written Blocks": 0, "Shared Hit Blocks": 4478, "Local Dirtied Blocks": 0, "Local Read Blocks": 0, "Worker Number": 1, "Shared Dirtied Blocks": 0, "Actual Startup Time": 0.027, "Actual Loops": 1, "Actual Total Time": 152.822, "Shared Written Blocks": 0}], "Actual Rows": 869710, "Plan Rows": 1087137, "Shared Hit Blocks": 12781, "Local Read Blocks": 0, "Local Written Blocks": 0, "Shared Dirtied Blocks": 0, "Actual Startup Time": 0.025, "Actual Loops": 3, "Output": ["mc.id", "mc.movie_id", "mc.company_id", "mc.company_type_id", "mc.note"], "Shared Written Blocks": 0, "Plan Width": 12, "Local Hit Blocks": 0, "Startup Cost": 0.0, "Relation Name": "movie_companies", "Parent Relationship": "Outer", "Schema": "public", "Temp Read Blocks": 0, "Shared Read Blocks": 6009, "Local Dirtied Blocks": 0, "Temp Written Blocks": 0, "Alias": "mc", "Actual Total Time": 155.392, "Parallel Aware": true}, {"Node Type": "Hash", "Total Cost": 5932.46, "Workers": [{"Local Written Blocks": 0, "Local Hit Blocks": 0, "Shared Read Blocks": 0, "Temp Read Blocks": 0, "Actual Rows": 1361, "Temp Written Blocks": 0, "Shared Hit Blocks": 2995, "Local Dirtied Blocks": 0, "Local Read Blocks": 0, "Worker Number": 0, "Shared Dirtied Blocks": 0, "Actual Startup Time": 28.885, "Actual Loops": 1, "Actual Total Time": 28.885, "Shared Written Blocks": 0}, {"Local Written Blocks": 0, "Local Hit Blocks": 0, "Shared Read Blocks": 0, "Temp Read Blocks": 0, "Actual Rows": 1361, "Temp Written Blocks": 0, "Shared Hit Blocks": 2995, "Local Dirtied Blocks": 0, "Local Read Blocks": 0, "Worker Number": 1, "Shared Dirtied Blocks": 0, "Actual Startup Time": 28.875, "Actual Loops": 1, "Actual Total Time": 28.875, "Shared Written Blocks": 0}], "Plans": [{"Node Type": "Seq Scan", "Total Cost": 5932.46, "Workers": [{"Local Written Blocks": 0, "Local Hit Blocks": 0, "Shared Read Blocks": 0, "Temp Read Blocks": 0, "Actual Rows": 1361, "Temp Written Blocks": 0, "Shared Hit Blocks": 2995, "Local Dirtied Blocks": 0, "Local Read Blocks": 0, "Worker Number": 0, "Shared Dirtied Blocks": 0, "Actual Startup Time": 0.035, "Actual Loops": 1, "Actual Total Time": 28.607, "Shared Written Blocks": 0}, {"Local Written Blocks": 0, "Local Hit Blocks": 0, "Shared Read Blocks": 0, "Temp Read Blocks": 0, "Actual Rows": 1361, "Temp Written Blocks": 0, "Shared Hit Blocks": 2995, "Local Dirtied Blocks": 0, "Local Read Blocks": 0, "Worker Number": 1, "Shared Dirtied Blocks": 0, "Actual Startup Time": 0.032, "Actual Loops": 1, "Actual Total Time": 28.599, "Shared Written Blocks": 0}], "Actual Rows": 1361, "Plan Rows": 222, "Filter": "((cn.country_code)::text = '[ru]'::text)", "Local Read Blocks": 0, "Local Written Blocks": 0, "Shared Dirtied Blocks": 0, "Actual Startup Time": 0.029, "Actual Loops": 3, "Output": ["cn.id"], "Shared Written Blocks": 0, "Plan Width": 4, "Local Hit Blocks": 0, "Startup Cost": 0.0, "Relation Name": "company_name", "Parent Relationship": "Outer", "Schema": "public", "Temp Read Blocks": 0, "Local Dirtied Blocks": 0, "Rows Removed by Filter": 233636, "Shared Read Blocks": 0, "Shared Hit Blocks": 8985, "Temp Written Blocks": 0, "Alias": "cn", "Actual Total Time": 28.277, "Parallel Aware": false}], "Original Hash Batches": 1, "Actual Rows": 1361, "Plan Rows": 222, "Shared Hit Blocks": 8985, "Local Hit Blocks": 0, "Local Written Blocks": 0, "Shared Dirtied Blocks": 0, "Actual Startup Time": 28.55, "Actual Loops": 3, "Output": ["cn.id"], "Shared Written Blocks": 0, "Original Hash Buckets": 1024, "Plan Width": 4, "Hash Buckets": 2048, "Startup Cost": 5932.46, "Parent Relationship": "Inner", "Local Dirtied Blocks": 0, "Temp Read Blocks": 0, "Temp Written Blocks": 0, "Shared Read Blocks": 0, "Hash Batches": 1, "Local Read Blocks": 0, "Peak Memory Usage": 64, "Actual Total Time": 28.55, "Parallel Aware": false}], "Actual Rows": 2930, "Plan Rows": 1027, "Shared Hit Blocks": 21926, "Local Read Blocks": 0, "Local Written Blocks": 0, "Hash Cond": "(mc.company_id = cn.id)", "Shared Dirtied Blocks": 0, "Inner Unique": true, "Actual Loops": 3, "Output": ["mc.movie_id", "mc.company_type_id"], "Shared Written Blocks": 0, "Join Type": "Inner", "Actual Startup Time": 28.78, "Plan Width": 8, "Local Hit Blocks": 0, "Startup Cost": 5935.24, "Parent Relationship": "Outer", "Temp Read Blocks": 0, "Shared Read Blocks": 6009, "Local Dirtied Blocks": 0, "Temp Written Blocks": 0, "Actual Total Time": 269.905, "Parallel Aware": false}], "Actual Rows": 8790, "Plan Rows": 2465, "Shared Hit Blocks": 7242, "Local Read Blocks": 0, "Local Written Blocks": 0, "Shared Dirtied Blocks": 0, "Actual Startup Time": 28.786, "Actual Loops": 1, "Output": ["mc.movie_id", "mc.company_type_id"], "Workers Launched": 2, "Shared Written Blocks": 0, "Single Copy": false, "Plan Width": 8, "Local Hit Blocks": 0, "Startup Cost": 6935.24, "Parent Relationship": "Outer", "Workers Planned": 2, "Temp Read Blocks": 0, "Shared Read Blocks": 2232, "Local Dirtied Blocks": 0, "Temp Written Blocks": 0, "Actual Total Time": 274.684, "Parallel Aware": false}], "Original Hash Batches": 1, "Actual Rows": 8790, "Plan Rows": 2465, "Shared Hit Blocks": 7242, "Local Hit Blocks": 0, "Local Written Blocks": 0, "Shared Dirtied Blocks": 0, "Actual Startup Time": 276.398, "Actual Loops": 1, "Output": ["mc.movie_id", "mc.company_type_id"], "Shared Written Blocks": 0, "Original Hash Buckets": 4096, "Plan Width": 8, "Hash Buckets": 16384, "Startup Cost": 50568.17, "Parent Relationship": "Inner", "Local Dirtied Blocks": 0, "Temp Read Blocks": 0, "Temp Written Blocks": 0, "Shared Read Blocks": 2232, "Hash Batches": 1, "Local Read Blocks": 0, "Peak Memory Usage": 472, "Actual Total Time": 276.398, "Parallel Aware": false}], "Actual Rows": 275, "Plan Rows": 1, "Shared Hit Blocks": 7245, "Local Read Blocks": 0, "Local Written Blocks": 0, "Hash Cond": "(ci.movie_id = mc.movie_id)", "Shared Dirtied Blocks": 0, "Inner Unique": false, "Actual Loops": 1, "Output": ["ci.movie_id", "ci.person_role_id", "mc.movie_id", "mc.company_type_id"], "Shared Written Blocks": 0, "Join Type": "Inner", "Actual Startup Time": 1439.344, "Plan Width": 16, "Local Hit Blocks": 0, "Startup Cost": 51700.14, "Parent Relationship": "Outer", "Temp Read Blocks": 0, "Shared Read Blocks": 2232, "Local Dirtied Blocks": 0, "Temp Written Blocks": 0, "Actual Total Time": 15107.836, "Parallel Aware": false}, {"Node Type": "Foreign Scan", "Total Cost": 108.48, "Remote SQL": "SELECT id, name FROM public.char_name WHERE (($1::integer = id))", "Actual Rows": 1, "Plan Rows": 1, "Shared Hit Blocks": 0, "Operation": "Select", "Local Written Blocks": 0, "Shared Dirtied Blocks": 0, "Actual Startup Time": 83.707, "Actual Loops": 275, "Output": ["chn.id", "chn.name", "chn.imdb_index", "chn.imdb_id", "chn.name_pcode_nf", "chn.surname_pcode", "chn.md5sum"], "Shared Written Blocks": 0, "Plan Width": 20, "Local Hit Blocks": 0, "Startup Cost": 100.44, "Relation Name": "char_name", "Parent Relationship": "Inner", "Schema": "lxulx", "Temp Read Blocks": 0, "Temp Written Blocks": 0, "Shared Read Blocks": 0, "Local Dirtied Blocks": 0, "Local Read Blocks": 0, "Alias": "chn", "Actual Total Time": 83.708, "Parallel Aware": false}], "Actual Rows": 265, "Plan Rows": 1, "Shared Hit Blocks": 7245, "Local Read Blocks": 0, "Local Written Blocks": 0, "Shared Dirtied Blocks": 0, "Actual Startup Time": 1517.619, "Actual Loops": 1, "Output": ["chn.name", "ci.movie_id", "mc.movie_id", "mc.company_type_id"], "Shared Written Blocks": 0, "Join Type": "Inner", "Plan Width": 44, "Inner Unique": false, "Startup Cost": 51800.58, "Parent Relationship": "Outer", "Temp Read Blocks": 0, "Shared Read Blocks": 2232, "Local Dirtied Blocks": 0, "Temp Written Blocks": 0, "Local Hit Blocks": 0, "Actual Total Time": 49675.266, "Parallel Aware": false}, {"Node Type": "Index Only Scan", "Total Cost": 0.15, "Actual Rows": 1, "Plan Rows": 1, "Shared Hit Blocks": 530, "Local Read Blocks": 0, "Scan Direction": "Forward", "Local Written Blocks": 0, "Rows Removed by Index Recheck": 0, "Output": ["ct.id"], "Actual Startup Time": 0.009, "Heap Fetches": 265, "Shared Dirtied Blocks": 0, "Shared Written Blocks": 0, "Plan Width": 4, "Local Hit Blocks": 0, "Startup Cost": 0.13, "Relation Name": "company_type", "Parent Relationship": "Inner", "Actual Loops": 265, "Schema": "public", "Local Dirtied Blocks": 0, "Temp Read Blocks": 0, "Index Name": "company_type_pkey", "Shared Read Blocks": 0, "Temp Written Blocks": 0, "Alias": "ct", "Parallel Aware": false, "Actual Total Time": 0.009, "Index Cond": "(ct.id = mc.company_type_id)"}], "Actual Rows": 265, "Plan Rows": 1, "Shared Hit Blocks": 7775, "Local Read Blocks": 0, "Local Written Blocks": 0, "Shared Dirtied Blocks": 0, "Actual Startup Time": 1517.667, "Actual Loops": 1, "Output": ["chn.name", "ci.movie_id", "mc.movie_id"], "Shared Written Blocks": 0, "Join Type": "Inner", "Plan Width": 40, "Inner Unique": true, "Startup Cost": 51800.71, "Parent Relationship": "Outer", "Temp Read Blocks": 0, "Shared Read Blocks": 2232, "Local Dirtied Blocks": 0, "Temp Written Blocks": 0, "Local Hit Blocks": 0, "Actual Total Time": 49678.894, "Parallel Aware": false}, {"Node Type": "Foreign Scan", "Total Cost": 108.48, "Remote SQL": "SELECT id, title FROM public.title WHERE ((production_year > 2005)) AND (($1::integer = id))", "Actual Rows": 0, "Plan Rows": 1, "Shared Hit Blocks": 0, "Operation": "Select", "Local Written Blocks": 0, "Shared Dirtied Blocks": 0, "Actual Startup Time": 84.718, "Actual Loops": 265, "Output": ["t.id", "t.title", "t.imdb_index", "t.kind_id", "t.production_year", "t.imdb_id", "t.phonetic_code", "t.episode_of_id", "t.season_nr", "t.episode_nr", "t.series_years", "t.md5sum"], "Shared Written Blocks": 0, "Plan Width": 21, "Local Hit Blocks": 0, "Startup Cost": 100.44, "Relation Name": "title", "Parent Relationship": "Inner", "Schema": "ricolelx", "Temp Read Blocks": 0, "Temp Written Blocks": 0, "Shared Read Blocks": 0, "Local Dirtied Blocks": 0, "Local Read Blocks": 0, "Alias": "t", "Actual Total Time": 84.718, "Parallel Aware": false}], "Actual Rows": 104, "Plan Rows": 2, "Shared Hit Blocks": 7775, "Local Read Blocks": 0, "Local Written Blocks": 0, "Shared Dirtied Blocks": 0, "Actual Startup Time": 2586.944, "Actual Loops": 1, "Output": ["chn.name", "t.title"], "Shared Written Blocks": 0, "Join Type": "Inner", "Plan Width": 64, "Inner Unique": false, "Startup Cost": 51901.15, "Parent Relationship": "Outer", "Temp Read Blocks": 0, "Shared Read Blocks": 2232, "Local Dirtied Blocks": 0, "Temp Written Blocks": 0, "Local Hit Blocks": 0, "Actual Total Time": 83338.053, "Parallel Aware": false}], "Partial Mode": "Simple", "Actual Rows": 1, "Plan Rows": 1, "Shared Hit Blocks": 7775, "Local Read Blocks": 0, "Local Written Blocks": 0, "Shared Dirtied Blocks": 0, "Actual Startup Time": 83338.551, "Actual Loops": 1, "Output": ["min((chn.name)::text)", "min((t.title)::text)"], "Shared Written Blocks": 0, "Plan Width": 64, "Local Hit Blocks": 0, "Startup Cost": 531461.43, "Temp Read Blocks": 0, "Shared Read Blocks": 2232, "Local Dirtied Blocks": 0, "Temp Written Blocks": 0, "Actual Total Time": 83338.551, "Parallel Aware": false}, "Triggers": []}]