[{"Triggers": [], "Execution Time": 4479.923, "Plan": {"Actual Rows": 42, "Plan Width": 16, "Output": ["(count(orders.o_orderkey))", "(count(*))"], "Actual Total Time": 4479.793, "Sort Method": "quicksort", "Local Dirtied Blocks": 0, "Shared Read Blocks": 638138, "Sort Space Type": "Memory", "Plan Rows": 200, "Parallel Aware": false, "Sort Key": ["(count(*)) DESC", "(count(orders.o_orderkey)) DESC"], "Plans": [{"Strategy": "Hashed", "Actual Rows": 42, "Plan Width": 16, "Local Read Blocks": 0, "Local Dirtied Blocks": 0, "Group Key": ["count(orders.o_orderkey)"], "Shared Read Blocks": 638138, "Total Cost": 191201.21, "Actual Total Time": 4479.727, "Plan Rows": 200, "Parallel Aware": false, "Temp Read Blocks": 0, "Plans": [{"Strategy": "Sorted", "Actual Rows": 150000, "Plan Width": 12, "Local Read Blocks": 0, "Local Dirtied Blocks": 0, "Group Key": ["customer.c_custkey"], "Shared Read Blocks": 638138, "Total Cost": 188949.21, "Actual Total Time": 4446.673, "Plan Rows": 150000, "Parallel Aware": false, "Temp Read Blocks": 0, "Plans": [{"Actual Rows": 1533808, "Plan Width": 8, "Total Cost": 179949.96, "Local Dirtied Blocks": 0, "Shared Read Blocks": 638138, "Actual Total Time": 4257.859, "Plan Rows": 1499850, "Parallel Aware": false, "Temp Read Blocks": 0, "Plans": [{"Relation Name": "customer", "Scan Direction": "Forward", "Plan Width": 4, "Total Cost": 7617.42, "Actual Rows": 150000, "Alias": "customer", "Local Dirtied Blocks": 0, "Shared Read Blocks": 4116, "Node Type": "Index Only Scan", "Actual Total Time": 45.936, "Plan Rows": 150000, "Actual Startup Time": 0.02, "Temp Read Blocks": 0, "Local Written Blocks": 0, "Index Name": "customer_pkey", "Local Read Blocks": 0, "Heap Fetches": 150000, "Actual Loops": 1, "Shared Dirtied Blocks": 0, "Parallel Aware": false, "Local Hit Blocks": 0, "Shared Written Blocks": 0, "Parent Relationship": "Outer", "Output": ["customer.c_custkey"], "Schema": "public", "Startup Cost": 0.42, "Temp Written Blocks": 0, "Shared Hit Blocks": 4}, {"Relation Name": "orders", "Scan Direction": "Forward", "Plan Width": 12, "Total Cost": 153209.42, "Actual Rows": 1483804, "Alias": "orders", "Local Dirtied Blocks": 0, "Shared Read Blocks": 634022, "Node Type": "Index Scan", "Actual Total Time": 3981.002, "Plan Rows": 1499850, "Filter": "((orders.o_comment)::text !~~ '%special%deposits%'::text)", "Actual Startup Time": 0.012, "Temp Read Blocks": 0, "Local Written Blocks": 0, "Index Name": "o_custkey_fkey", "Local Read Blocks": 0, "Actual Loops": 1, "Shared Dirtied Blocks": 0, "Parallel Aware": false, "Local Hit Blocks": 0, "Shared Written Blocks": 0, "Parent Relationship": "Inner", "Output": ["orders.o_orderkey", "orders.o_custkey", "orders.o_orderstatus", "orders.o_totalprice", "orders.o_orderdate", "orders.o_orderpriority", "orders.o_clerk", "orders.o_shippriority", "orders.o_comment"], "Schema": "public", "Startup Cost": 0.43, "Temp Written Blocks": 0, "Rows Removed by Filter": 16196, "Shared Hit Blocks": 869624}], "Local Written Blocks": 0, "Merge Cond": "(customer.c_custkey = orders.o_custkey)", "Local Read Blocks": 0, "Actual Startup Time": 0.035, "Actual Loops": 1, "Join Type": "Left", "Inner Unique": false, "Shared Dirtied Blocks": 0, "Startup Cost": 0.85, "Local Hit Blocks": 0, "Shared Written Blocks": 0, "Parent Relationship": "Outer", "Output": ["customer.c_custkey", "orders.o_orderkey"], "Node Type": "Merge Join", "Temp Written Blocks": 0, "Shared Hit Blocks": 869628}], "Local Written Blocks": 0, "Partial Mode": "Simple", "Actual Startup Time": 0.087, "Actual Loops": 1, "Shared Dirtied Blocks": 0, "Startup Cost": 0.85, "Local Hit Blocks": 0, "Shared Written Blocks": 0, "Parent Relationship": "Outer", "Output": ["customer.c_custkey", "count(orders.o_orderkey)"], "Node Type": "Aggregate", "Temp Written Blocks": 0, "Shared Hit Blocks": 869628}], "Local Written Blocks": 0, "Partial Mode": "Simple", "Actual Startup Time": 4479.72, "Actual Loops": 1, "Shared Dirtied Blocks": 0, "Startup Cost": 191199.21, "Local Hit Blocks": 0, "Shared Written Blocks": 0, "Parent Relationship": "Outer", "Output": ["(count(orders.o_orderkey))", "count(*)"], "Node Type": "Aggregate", "Temp Written Blocks": 0, "Shared Hit Blocks": 869628}], "Local Written Blocks": 0, "Local Read Blocks": 0, "Actual Startup Time": 4479.79, "Actual Loops": 1, "Temp Read Blocks": 0, "Shared Dirtied Blocks": 0, "Startup Cost": 191208.86, "Local Hit Blocks": 0, "Shared Written Blocks": 0, "Sort Space Used": 26, "Total Cost": 191209.36, "Node Type": "Sort", "Temp Written Blocks": 0, "Shared Hit Blocks": 869631}, "Planning Time": 0.994}]