[{"Triggers": [], "Planning Time": 923.481, "Plan": {"Actual Total Time": 50787.205, "Temp Written Blocks": 332, "Startup Cost": 22692148.9, "Local Written Blocks": 0, "Parallel Aware": false, "Sort Method": "quicksort", "Total Cost": 22692148.91, "Sort Space Used": 26, "Shared Written Blocks": 0, "Plan Rows": 1, "Local Hit Blocks": 0, "Actual Startup Time": 50787.203, "Actual Rows": 42, "Node Type": "Sort", "Actual Loops": 1, "Sort Space Type": "Memory", "Shared Read Blocks": 0, "Local Read Blocks": 0, "Sort Key": ["(count(*)) DESC", "c_orders.c_count DESC"], "Output": ["c_orders.c_count", "(count(*))"], "Plan Width": 16, "Plans": [{"Actual Total Time": 50787.176, "Temp Written Blocks": 332, "Strategy": "Sorted", "Local Written Blocks": 0, "Parallel Aware": false, "Total Cost": 22692148.89, "Shared Dirtied Blocks": 0, "Shared Written Blocks": 0, "Node Type": "Aggregate", "Plan Rows": 1, "Actual Rows": 42, "Output": ["c_orders.c_count", "count(*)"], "Actual Loops": 1, "Plans": [{"Actual Total Time": 50772.986, "Temp Written Blocks": 332, "Startup Cost": 22692148.87, "Local Written Blocks": 0, "Parallel Aware": false, "Sort Method": "external merge", "Total Cost": 22692148.88, "Sort Space Used": 2648, "Shared Written Blocks": 0, "Node Type": "Sort", "Plan Rows": 1, "Actual Rows": 150000, "Output": ["c_orders.c_count"], "Actual Loops": 1, "Local Read Blocks": 0, "Parent Relationship": "Outer", "Shared Read Blocks": 0, "Actual Startup Time": 50759.044, "Sort Key": ["c_orders.c_count DESC"], "Local Hit Blocks": 0, "Plan Width": 8, "Sort Space Type": "Disk", "Local Dirtied Blocks": 0, "Temp Read Blocks": 331, "Plans": [{"Actual Total Time": 50696.127, "Temp Written Blocks": 0, "Startup Cost": 200.85, "Local Written Blocks": 0, "Parallel Aware": false, "Total Cost": 22692148.86, "Shared Dirtied Blocks": 0, "Shared Written Blocks": 0, "Plan Rows": 1, "Actual Rows": 150000, "Output": ["c_orders.c_count"], "Actual Loops": 1, "Plans": [{"Actual Total Time": 50682.086, "Temp Written Blocks": 0, "Strategy": "Sorted", "Local Written Blocks": 0, "Parallel Aware": false, "Total Cost": 22692148.85, "Shared Dirtied Blocks": 0, "Shared Written Blocks": 0, "Node Type": "Aggregate", "Plan Rows": 1, "Actual Rows": 150000, "Output": ["customer.c_custkey", "count(orders.o_orderkey)"], "Actual Loops": 1, "Plans": [{"Actual Total Time": 50520.688, "Temp Written Blocks": 0, "Startup Cost": 200.85, "Local Written Blocks": 0, "Parallel Aware": false, "Total Cost": 17067711.34, "Shared Dirtied Blocks": 0, "Shared Written Blocks": 0, "Node Type": "Merge Join", "Plan Rows": 1124887500, "Actual Startup Time": 700.132, "Actual Rows": 1533808, "Output": ["customer.c_custkey", "orders.o_orderkey"], "Actual Loops": 1, "Plans": [{"Actual Total Time": 4184.484, "Temp Written Blocks": 0, "Startup Cost": 100.42, "Schema": "lxulx", "Parallel Aware": false, "Total Cost": 10717.42, "Shared Dirtied Blocks": 0, "Shared Written Blocks": 0, "Plan Rows": 150000, "Local Hit Blocks": 0, "Actual Rows": 150000, "Output": ["customer.c_custkey", "customer.c_name", "customer.c_address", "customer.c_nationkey", "customer.c_phone", "customer.c_acctbal", "customer.c_mktsegment", "customer.c_comment"], "Actual Loops": 1, "Remote SQL": "SELECT c_custkey FROM public.customer ORDER BY c_custkey ASC NULLS LAST", "Node Type": "Foreign Scan", "Shared Read Blocks": 0, "Actual Startup Time": 301.968, "Local Written Blocks": 0, "Relation Name": "customer", "Plan Width": 4, "Parent Relationship": "Outer", "Local Dirtied Blocks": 0, "Operation": "Select", "Temp Read Blocks": 0, "Alias": "customer", "Local Read Blocks": 0, "Shared Hit Blocks": 0}, {"Actual Total Time": 46099.097, "Temp Written Blocks": 0, "Startup Cost": 100.43, "Local Written Blocks": 0, "Parallel Aware": false, "Total Cost": 187056.05, "Shared Dirtied Blocks": 0, "Shared Written Blocks": 0, "Node Type": "Materialize", "Plan Rows": 1499850, "Actual Rows": 1483804, "Output": ["orders.o_orderkey", "orders.o_custkey", "orders.o_orderstatus", "orders.o_totalprice", "orders.o_orderdate", "orders.o_orderpriority", "orders.o_clerk", "orders.o_shippriority", "orders.o_comment"], "Actual Loops": 1, "Parent Relationship": "Inner", "Shared Read Blocks": 0, "Local Read Blocks": 0, "Local Hit Blocks": 0, "Plan Width": 12, "Plans": [{"Actual Total Time": 45944.544, "Temp Written Blocks": 0, "Startup Cost": 100.43, "Schema": "ricolelx", "Parallel Aware": false, "Total Cost": 183306.42, "Shared Dirtied Blocks": 0, "Shared Written Blocks": 0, "Plan Rows": 1499850, "Local Hit Blocks": 0, "Actual Rows": 1483804, "Output": ["orders.o_orderkey", "orders.o_custkey", "orders.o_orderstatus", "orders.o_totalprice", "orders.o_orderdate", "orders.o_orderpriority", "orders.o_clerk", "orders.o_shippriority", "orders.o_comment"], "Actual Loops": 1, "Remote SQL": "SELECT o_orderkey, o_custkey FROM public.orders WHERE ((o_comment !~~ '%special%deposits%'::text)) ORDER BY o_custkey ASC NULLS LAST", "Node Type": "Foreign Scan", "Shared Read Blocks": 0, "Actual Startup Time": 398.154, "Local Written Blocks": 0, "Relation Name": "orders", "Plan Width": 12, "Parent Relationship": "Outer", "Local Dirtied Blocks": 0, "Operation": "Select", "Temp Read Blocks": 0, "Alias": "orders", "Local Read Blocks": 0, "Shared Hit Blocks": 0}], "Local Dirtied Blocks": 0, "Temp Read Blocks": 0, "Actual Startup Time": 398.157, "Shared Hit Blocks": 0}], "Merge Cond": "(customer.c_custkey = orders.o_custkey)", "Shared Read Blocks": 0, "Local Read Blocks": 0, "Local Hit Blocks": 0, "Plan Width": 8, "Parent Relationship": "Outer", "Local Dirtied Blocks": 0, "Temp Read Blocks": 0, "Inner Unique": false, "Join Type": "Left", "Shared Hit Blocks": 0}], "Group Key": ["customer.c_custkey"], "Shared Read Blocks": 0, "Local Read Blocks": 0, "Startup Cost": 200.85, "Local Hit Blocks": 0, "Plan Width": 12, "Parent Relationship": "Subquery", "Local Dirtied Blocks": 0, "Temp Read Blocks": 0, "Actual Startup Time": 700.143, "Partial Mode": "Simple", "Shared Hit Blocks": 0}], "Node Type": "Subquery Scan", "Shared Read Blocks": 0, "Local Read Blocks": 0, "Local Hit Blocks": 0, "Plan Width": 8, "Parent Relationship": "Outer", "Local Dirtied Blocks": 0, "Temp Read Blocks": 0, "Alias": "c_orders", "Actual Startup Time": 700.144, "Shared Hit Blocks": 0}], "Shared Dirtied Blocks": 0, "Shared Hit Blocks": 0}], "Group Key": ["c_orders.c_count"], "Shared Read Blocks": 0, "Local Read Blocks": 0, "Startup Cost": 22692148.87, "Local Hit Blocks": 0, "Plan Width": 16, "Parent Relationship": "Outer", "Local Dirtied Blocks": 0, "Temp Read Blocks": 331, "Actual Startup Time": 50759.05, "Partial Mode": "Simple", "Shared Hit Blocks": 0}], "Local Dirtied Blocks": 0, "Temp Read Blocks": 331, "Shared Dirtied Blocks": 0, "Shared Hit Blocks": 3}, "Execution Time": 50865.83}]