[{"Triggers": [], "Plan": {"Actual Startup Time": 1622.623, "Parallel Aware": false, "Actual Total Time": 1622.624, "Shared Read Blocks": 80342, "Plan Width": 64, "Shared Dirtied Blocks": 0, "Total Cost": 531555.66, "Temp Read Blocks": 0, "Local Written Blocks": 0, "Partial Mode": "Simple", "Plan Rows": 1, "Local Dirtied Blocks": 0, "Actual Loops": 1, "Local Hit Blocks": 0, "Strategy": "Plain", "Local Read Blocks": 0, "Startup Cost": 531555.65, "Output": ["min((chn.name)::text)", "min((t.title)::text)"], "Shared Written Blocks": 0, "Plans": [{"Actual Startup Time": 238.285, "Parallel Aware": false, "Actual Total Time": 1622.468, "Shared Read Blocks": 80342, "Plan Width": 33, "Shared Dirtied Blocks": 0, "Total Cost": 531555.65, "Parent Relationship": "Outer", "Temp Read Blocks": 0, "Local Written Blocks": 0, "Inner Unique": true, "Plan Rows": 1, "Local Dirtied Blocks": 0, "Actual Loops": 1, "Local Hit Blocks": 0, "Local Read Blocks": 0, "Startup Cost": 51601.13, "Output": ["chn.name", "t.title"], "Join Type": "Inner", "Shared Written Blocks": 0, "Plans": [{"Actual Startup Time": 238.248, "Parallel Aware": false, "Actual Total Time": 1622.203, "Shared Read Blocks": 80342, "Plan Width": 37, "Shared Dirtied Blocks": 0, "Total Cost": 531555.49, "Parent Relationship": "Outer", "Temp Read Blocks": 0, "Local Written Blocks": 0, "Inner Unique": true, "Plan Rows": 1, "Local Dirtied Blocks": 0, "Actual Loops": 1, "Local Hit Blocks": 0, "Local Read Blocks": 0, "Startup Cost": 51601.0, "Output": ["chn.name", "mc.company_type_id", "t.title"], "Join Type": "Inner", "Shared Written Blocks": 0, "Plans": [{"Actual Startup Time": 238.222, "Parallel Aware": false, "Actual Total Time": 1620.647, "Shared Read Blocks": 80207, "Plan Width": 25, "Shared Dirtied Blocks": 0, "Total Cost": 531543.75, "Parent Relationship": "Outer", "Temp Read Blocks": 0, "Local Written Blocks": 0, "Inner Unique": true, "Plan Rows": 2, "Local Dirtied Blocks": 0, "Actual Loops": 1, "Local Hit Blocks": 0, "Local Read Blocks": 0, "Startup Cost": 51600.57, "Output": ["ci.person_role_id", "mc.company_type_id", "t.title"], "Join Type": "Inner", "Shared Written Blocks": 0, "Plans": [{"Actual Startup Time": 214.742, "Parallel Aware": false, "Actual Total Time": 1296.734, "Shared Read Blocks": 79927, "Plan Width": 16, "Shared Dirtied Blocks": 0, "Total Cost": 531541.67, "Parent Relationship": "Outer", "Temp Read Blocks": 0, "Local Written Blocks": 0, "Inner Unique": false, "Local Dirtied Blocks": 0, "Plan Rows": 4, "Actual Loops": 1, "Local Hit Blocks": 0, "Local Read Blocks": 0, "Startup Cost": 51600.14, "Output": ["ci.movie_id", "ci.person_role_id", "mc.movie_id", "mc.company_type_id"], "Plans": [{"Actual Startup Time": 1.08, "Parallel Aware": false, "Actual Total Time": 1079.503, "Shared Read Blocks": 72073, "Plan Width": 8, "Shared Dirtied Blocks": 0, "Total Cost": 480937.02, "Parent Relationship": "Outer", "Temp Read Blocks": 0, "Local Written Blocks": 0, "Local Dirtied Blocks": 0, "Plan Rows": 1502, "Actual Loops": 1, "Single Copy": false, "Local Hit Blocks": 0, "Local Read Blocks": 0, "Workers Launched": 2, "Startup Cost": 1001.16, "Output": ["ci.movie_id", "ci.person_role_id"], "Shared Written Blocks": 0, "Plans": [{"Actual Startup Time": 0.404, "Parallel Aware": false, "Actual Total Time": 1286.511, "Shared Read Blocks": 252687, "Plan Width": 8, "Shared Dirtied Blocks": 0, "Total Cost": 479786.82, "Parent Relationship": "Outer", "Temp Read Blocks": 0, "Local Written Blocks": 0, "Inner Unique": true, "Local Dirtied Blocks": 0, "Plan Rows": 626, "Actual Loops": 3, "Local Hit Blocks": 0, "Workers": [{"Actual Startup Time": 0.52, "Local Read Blocks": 0, "Worker Number": 0, "Actual Total Time": 1425.741, "Shared Read Blocks": 92966, "Shared Dirtied Blocks": 0, "Temp Read Blocks": 0, "Local Written Blocks": 0, "Shared Written Blocks": 0, "Local Dirtied Blocks": 0, "Shared Hit Blocks": 81, "Actual Rows": 11834, "Temp Written Blocks": 0, "Actual Loops": 1, "Local Hit Blocks": 0}, {"Actual Startup Time": 0.497, "Local Read Blocks": 0, "Worker Number": 1, "Actual Total Time": 1360.951, "Shared Read Blocks": 87648, "Shared Dirtied Blocks": 0, "Temp Read Blocks": 0, "Local Written Blocks": 0, "Shared Written Blocks": 0, "Local Dirtied Blocks": 0, "Shared Hit Blocks": 81, "Actual Rows": 10343, "Temp Written Blocks": 0, "Actual Loops": 1, "Local Hit Blocks": 0}], "Local Read Blocks": 0, "Startup Cost": 1.16, "Output": ["ci.movie_id", "ci.person_role_id"], "Plans": [{"Actual Startup Time": 0.245, "Parallel Aware": true, "Actual Total Time": 1284.215, "Shared Read Blocks": 252687, "Plan Width": 12, "Shared Dirtied Blocks": 0, "Total Cost": 479696.38, "Parent Relationship": "Outer", "Filter": "(((ci.note)::text ~~ '%(voice)%'::text) AND ((ci.note)::text ~~ '%(uncredited)%'::text))", "Temp Read Blocks": 0, "Local Written Blocks": 0, "Schema": "public", "Local Dirtied Blocks": 0, "Plan Rows": 7512, "Actual Loops": 3, "Actual Rows": 10763, "Relation Name": "cast_info", "Workers": [{"Actual Startup Time": 0.327, "Local Read Blocks": 0, "Worker Number": 0, "Actual Total Time": 1422.664, "Shared Read Blocks": 92966, "Shared Dirtied Blocks": 0, "Temp Read Blocks": 0, "Local Written Blocks": 0, "Shared Written Blocks": 0, "Local Dirtied Blocks": 0, "Shared Hit Blocks": 0, "Actual Rows": 13901, "Temp Written Blocks": 0, "Actual Loops": 1, "Local Hit Blocks": 0}, {"Actual Startup Time": 0.25, "Local Read Blocks": 0, "Worker Number": 1, "Actual Total Time": 1358.205, "Shared Read Blocks": 87648, "Shared Dirtied Blocks": 0, "Temp Read Blocks": 0, "Local Written Blocks": 0, "Shared Written Blocks": 0, "Local Dirtied Blocks": 0, "Shared Hit Blocks": 0, "Actual Rows": 12456, "Temp Written Blocks": 0, "Actual Loops": 1, "Local Hit Blocks": 0}], "Temp Written Blocks": 0, "Local Read Blocks": 0, "Startup Cost": 0.0, "Output": ["ci.id", "ci.person_id", "ci.movie_id", "ci.person_role_id", "ci.note", "ci.nr_order", "ci.role_id"], "Shared Written Blocks": 0, "Rows Removed by Filter": 12070685, "Shared Hit Blocks": 0, "Alias": "ci", "Local Hit Blocks": 0, "Node Type": "Seq Scan"}, {"Actual Startup Time": 0.022, "Parallel Aware": false, "Actual Total Time": 0.022, "Shared Read Blocks": 0, "Plan Width": 4, "Shared Dirtied Blocks": 0, "Total Cost": 1.15, "Parent Relationship": "Inner", "Hash Batches": 1, "Temp Read Blocks": 0, "Hash Buckets": 1024, "Peak Memory Usage": 9, "Plan Rows": 1, "Local Dirtied Blocks": 0, "Actual Loops": 3, "Original Hash Buckets": 1024, "Local Hit Blocks": 0, "Workers": [{"Actual Startup Time": 0.027, "Local Read Blocks": 0, "Worker Number": 0, "Actual Total Time": 0.027, "Shared Read Blocks": 0, "Shared Dirtied Blocks": 0, "Temp Read Blocks": 0, "Local Written Blocks": 0, "Shared Written Blocks": 0, "Local Dirtied Blocks": 0, "Shared Hit Blocks": 1, "Actual Rows": 1, "Temp Written Blocks": 0, "Actual Loops": 1, "Local Hit Blocks": 0}, {"Actual Startup Time": 0.03, "Local Read Blocks": 0, "Worker Number": 1, "Actual Total Time": 0.03, "Shared Read Blocks": 0, "Shared Dirtied Blocks": 0, "Temp Read Blocks": 0, "Local Written Blocks": 0, "Shared Written Blocks": 0, "Local Dirtied Blocks": 0, "Shared Hit Blocks": 1, "Actual Rows": 1, "Temp Written Blocks": 0, "Actual Loops": 1, "Local Hit Blocks": 0}], "Local Read Blocks": 0, "Startup Cost": 1.15, "Output": ["rt.id"], "Original Hash Batches": 1, "Shared Written Blocks": 0, "Local Written Blocks": 0, "Plans": [{"Actual Startup Time": 0.015, "Parallel Aware": false, "Actual Total Time": 0.017, "Shared Read Blocks": 0, "Plan Width": 4, "Shared Dirtied Blocks": 0, "Total Cost": 1.15, "Parent Relationship": "Outer", "Filter": "((rt.role)::text = 'actor'::text)", "Temp Read Blocks": 0, "Local Written Blocks": 0, "Schema": "public", "Local Dirtied Blocks": 0, "Plan Rows": 1, "Actual Loops": 3, "Actual Rows": 1, "Relation Name": "role_type", "Workers": [{"Actual Startup Time": 0.02, "Local Read Blocks": 0, "Worker Number": 0, "Actual Total Time": 0.022, "Shared Read Blocks": 0, "Shared Dirtied Blocks": 0, "Temp Read Blocks": 0, "Local Written Blocks": 0, "Shared Written Blocks": 0, "Local Dirtied Blocks": 0, "Shared Hit Blocks": 1, "Actual Rows": 1, "Temp Written Blocks": 0, "Actual Loops": 1, "Local Hit Blocks": 0}, {"Actual Startup Time": 0.023, "Local Read Blocks": 0, "Worker Number": 1, "Actual Total Time": 0.024, "Shared Read Blocks": 0, "Shared Dirtied Blocks": 0, "Temp Read Blocks": 0, "Local Written Blocks": 0, "Shared Written Blocks": 0, "Local Dirtied Blocks": 0, "Shared Hit Blocks": 1, "Actual Rows": 1, "Temp Written Blocks": 0, "Actual Loops": 1, "Local Hit Blocks": 0}], "Temp Written Blocks": 0, "Local Read Blocks": 0, "Startup Cost": 0.0, "Output": ["rt.id"], "Shared Written Blocks": 0, "Rows Removed by Filter": 11, "Shared Hit Blocks": 3, "Alias": "rt", "Local Hit Blocks": 0, "Node Type": "Seq Scan"}], "Shared Hit Blocks": 3, "Actual Rows": 1, "Temp Written Blocks": 0, "Node Type": "Hash"}], "Join Type": "Inner", "Shared Written Blocks": 0, "Hash Cond": "(ci.role_id = rt.id)", "Shared Hit Blocks": 166, "Actual Rows": 8625, "Temp Written Blocks": 0, "Node Type": "Hash Join"}], "Shared Hit Blocks": 4, "Actual Rows": 25874, "Temp Written Blocks": 0, "Workers Planned": 2, "Node Type": "Gather"}, {"Actual Startup Time": 213.622, "Parallel Aware": false, "Actual Total Time": 213.622, "Shared Read Blocks": 7854, "Plan Width": 8, "Shared Dirtied Blocks": 0, "Total Cost": 50568.17, "Parent Relationship": "Inner", "Hash Batches": 1, "Temp Read Blocks": 0, "Hash Buckets": 16384, "Peak Memory Usage": 472, "Plan Rows": 2465, "Local Dirtied Blocks": 0, "Actual Loops": 1, "Original Hash Buckets": 4096, "Local Hit Blocks": 0, "Local Read Blocks": 0, "Startup Cost": 50568.17, "Output": ["mc.movie_id", "mc.company_type_id"], "Original Hash Batches": 1, "Shared Written Blocks": 0, "Local Written Blocks": 0, "Plans": [{"Actual Startup Time": 52.763, "Parallel Aware": false, "Actual Total Time": 212.004, "Shared Read Blocks": 7854, "Plan Width": 8, "Shared Dirtied Blocks": 0, "Total Cost": 50568.17, "Parent Relationship": "Outer", "Temp Read Blocks": 0, "Local Written Blocks": 0, "Local Dirtied Blocks": 0, "Plan Rows": 2465, "Actual Loops": 1, "Single Copy": false, "Local Hit Blocks": 0, "Local Read Blocks": 0, "Workers Launched": 2, "Startup Cost": 6935.24, "Output": ["mc.movie_id", "mc.company_type_id"], "Shared Written Blocks": 0, "Plans": [{"Actual Startup Time": 50.046, "Parallel Aware": false, "Actual Total Time": 209.122, "Shared Read Blocks": 21783, "Plan Width": 8, "Shared Dirtied Blocks": 0, "Total Cost": 49321.67, "Parent Relationship": "Outer", "Temp Read Blocks": 0, "Local Written Blocks": 0, "Inner Unique": true, "Local Dirtied Blocks": 0, "Plan Rows": 1027, "Actual Loops": 3, "Local Hit Blocks": 0, "Workers": [{"Actual Startup Time": 48.544, "Local Read Blocks": 0, "Worker Number": 0, "Actual Total Time": 208.52, "Shared Read Blocks": 6438, "Shared Dirtied Blocks": 0, "Temp Read Blocks": 0, "Local Written Blocks": 0, "Shared Written Blocks": 0, "Local Dirtied Blocks": 0, "Shared Hit Blocks": 2816, "Actual Rows": 2798, "Temp Written Blocks": 0, "Actual Loops": 1, "Local Hit Blocks": 0}, {"Actual Startup Time": 49.048, "Local Read Blocks": 0, "Worker Number": 1, "Actual Total Time": 209.181, "Shared Read Blocks": 7491, "Shared Dirtied Blocks": 0, "Temp Read Blocks": 0, "Local Written Blocks": 0, "Shared Written Blocks": 0, "Local Dirtied Blocks": 0, "Shared Hit Blocks": 1949, "Actual Rows": 2973, "Temp Written Blocks": 0, "Actual Loops": 1, "Local Hit Blocks": 0}], "Local Read Blocks": 0, "Startup Cost": 5935.24, "Output": ["mc.movie_id", "mc.company_type_id"], "Plans": [{"Actual Startup Time": 0.029, "Parallel Aware": true, "Actual Total Time": 76.757, "Shared Read Blocks": 18790, "Plan Width": 12, "Shared Dirtied Blocks": 0, "Total Cost": 29661.37, "Parent Relationship": "Outer", "Temp Read Blocks": 0, "Local Written Blocks": 0, "Schema": "public", "Local Dirtied Blocks": 0, "Plan Rows": 1087137, "Actual Loops": 3, "Actual Rows": 869710, "Local Hit Blocks": 0, "Relation Name": "movie_companies", "Workers": [{"Actual Startup Time": 0.035, "Local Read Blocks": 0, "Worker Number": 0, "Actual Total Time": 78.917, "Shared Read Blocks": 6179, "Shared Dirtied Blocks": 0, "Temp Read Blocks": 0, "Local Written Blocks": 0, "Shared Written Blocks": 0, "Local Dirtied Blocks": 0, "Shared Hit Blocks": 0, "Actual Rows": 859511, "Temp Written Blocks": 0, "Actual Loops": 1, "Local Hit Blocks": 0}, {"Actual Startup Time": 0.034, "Local Read Blocks": 0, "Worker Number": 1, "Actual Total Time": 76.362, "Shared Read Blocks": 6365, "Shared Dirtied Blocks": 0, "Temp Read Blocks": 0, "Local Written Blocks": 0, "Shared Written Blocks": 0, "Local Dirtied Blocks": 0, "Shared Hit Blocks": 0, "Actual Rows": 882499, "Temp Written Blocks": 0, "Actual Loops": 1, "Local Hit Blocks": 0}], "Local Read Blocks": 0, "Startup Cost": 0.0, "Output": ["mc.id", "mc.movie_id", "mc.company_id", "mc.company_type_id", "mc.note"], "Shared Written Blocks": 0, "Shared Hit Blocks": 0, "Alias": "mc", "Temp Written Blocks": 0, "Node Type": "Seq Scan"}, {"Actual Startup Time": 49.68, "Parallel Aware": false, "Actual Total Time": 49.68, "Shared Read Blocks": 2993, "Plan Width": 4, "Shared Dirtied Blocks": 0, "Total Cost": 5932.46, "Parent Relationship": "Inner", "Hash Batches": 1, "Temp Read Blocks": 0, "Hash Buckets": 2048, "Peak Memory Usage": 64, "Plan Rows": 222, "Local Dirtied Blocks": 0, "Actual Loops": 3, "Original Hash Buckets": 1024, "Local Hit Blocks": 0, "Workers": [{"Actual Startup Time": 48.236, "Local Read Blocks": 0, "Worker Number": 0, "Actual Total Time": 48.236, "Shared Read Blocks": 259, "Shared Dirtied Blocks": 0, "Temp Read Blocks": 0, "Local Written Blocks": 0, "Shared Written Blocks": 0, "Local Dirtied Blocks": 0, "Shared Hit Blocks": 2736, "Actual Rows": 1361, "Temp Written Blocks": 0, "Actual Loops": 1, "Local Hit Blocks": 0}, {"Actual Startup Time": 48.668, "Local Read Blocks": 0, "Worker Number": 1, "Actual Total Time": 48.668, "Shared Read Blocks": 1126, "Shared Dirtied Blocks": 0, "Temp Read Blocks": 0, "Local Written Blocks": 0, "Shared Written Blocks": 0, "Local Dirtied Blocks": 0, "Shared Hit Blocks": 1869, "Actual Rows": 1361, "Temp Written Blocks": 0, "Actual Loops": 1, "Local Hit Blocks": 0}], "Local Read Blocks": 0, "Startup Cost": 5932.46, "Output": ["cn.id"], "Original Hash Batches": 1, "Shared Written Blocks": 0, "Local Written Blocks": 0, "Plans": [{"Actual Startup Time": 0.028, "Parallel Aware": false, "Actual Total Time": 49.304, "Shared Read Blocks": 2993, "Plan Width": 4, "Shared Dirtied Blocks": 0, "Total Cost": 5932.46, "Parent Relationship": "Outer", "Filter": "((cn.country_code)::text = '[ru]'::text)", "Temp Read Blocks": 0, "Local Written Blocks": 0, "Schema": "public", "Local Dirtied Blocks": 0, "Plan Rows": 222, "Actual Loops": 3, "Actual Rows": 1361, "Relation Name": "company_name", "Workers": [{"Actual Startup Time": 0.041, "Local Read Blocks": 0, "Worker Number": 0, "Actual Total Time": 47.863, "Shared Read Blocks": 259, "Shared Dirtied Blocks": 0, "Temp Read Blocks": 0, "Local Written Blocks": 0, "Shared Written Blocks": 0, "Local Dirtied Blocks": 0, "Shared Hit Blocks": 2736, "Actual Rows": 1361, "Temp Written Blocks": 0, "Actual Loops": 1, "Local Hit Blocks": 0}, {"Actual Startup Time": 0.028, "Local Read Blocks": 0, "Worker Number": 1, "Actual Total Time": 48.295, "Shared Read Blocks": 1126, "Shared Dirtied Blocks": 0, "Temp Read Blocks": 0, "Local Written Blocks": 0, "Shared Written Blocks": 0, "Local Dirtied Blocks": 0, "Shared Hit Blocks": 1869, "Actual Rows": 1361, "Temp Written Blocks": 0, "Actual Loops": 1, "Local Hit Blocks": 0}], "Temp Written Blocks": 0, "Local Read Blocks": 0, "Startup Cost": 0.0, "Output": ["cn.id"], "Shared Written Blocks": 0, "Rows Removed by Filter": 233636, "Shared Hit Blocks": 5992, "Alias": "cn", "Local Hit Blocks": 0, "Node Type": "Seq Scan"}], "Shared Hit Blocks": 5992, "Actual Rows": 1361, "Temp Written Blocks": 0, "Node Type": "Hash"}], "Join Type": "Inner", "Shared Written Blocks": 0, "Hash Cond": "(mc.company_id = cn.id)", "Shared Hit Blocks": 6152, "Actual Rows": 2930, "Temp Written Blocks": 0, "Node Type": "Hash Join"}], "Shared Hit Blocks": 1387, "Actual Rows": 8790, "Temp Written Blocks": 0, "Workers Planned": 2, "Node Type": "Gather"}], "Shared Hit Blocks": 1387, "Actual Rows": 8790, "Temp Written Blocks": 0, "Node Type": "Hash"}], "Join Type": "Inner", "Shared Written Blocks": 0, "Hash Cond": "(ci.movie_id = mc.movie_id)", "Shared Hit Blocks": 1391, "Actual Rows": 275, "Temp Written Blocks": 0, "Node Type": "Hash Join"}, {"Actual Startup Time": 1.177, "Relation Name": "title", "Actual Total Time": 1.177, "Rows Removed by Index Recheck": 0, "Plan Width": 21, "Shared Dirtied Blocks": 0, "Total Cost": 0.52, "Parent Relationship": "Inner", "Filter": "(t.production_year > 2005)", "Temp Read Blocks": 0, "Index Name": "title_pkey", "Schema": "public", "Local Dirtied Blocks": 0, "Plan Rows": 1, "Actual Loops": 275, "Actual Rows": 0, "Parallel Aware": false, "Local Written Blocks": 0, "Temp Written Blocks": 0, "Local Read Blocks": 0, "Startup Cost": 0.43, "Output": ["t.id", "t.title", "t.imdb_index", "t.kind_id", "t.production_year", "t.imdb_id", "t.phonetic_code", "t.episode_of_id", "t.season_nr", "t.episode_nr", "t.series_years", "t.md5sum"], "Index Cond": "(t.id = mc.movie_id)", "Shared Read Blocks": 280, "Shared Written Blocks": 0, "Scan Direction": "Forward", "Rows Removed by Filter": 1, "Shared Hit Blocks": 820, "Alias": "t", "Local Hit Blocks": 0, "Node Type": "Index Scan"}], "Shared Hit Blocks": 2211, "Actual Rows": 112, "Temp Written Blocks": 0, "Node Type": "Nested Loop"}, {"Actual Startup Time": 0.013, "Relation Name": "char_name", "Actual Total Time": 0.013, "Rows Removed by Index Recheck": 0, "Plan Width": 20, "Shared Dirtied Blocks": 0, "Total Cost": 5.87, "Parent Relationship": "Inner", "Temp Read Blocks": 0, "Index Name": "char_name_pkey", "Schema": "public", "Local Dirtied Blocks": 0, "Plan Rows": 1, "Actual Loops": 112, "Actual Rows": 1, "Parallel Aware": false, "Local Written Blocks": 0, "Temp Written Blocks": 0, "Local Read Blocks": 0, "Startup Cost": 0.43, "Output": ["chn.id", "chn.name", "chn.imdb_index", "chn.imdb_id", "chn.name_pcode_nf", "chn.surname_pcode", "chn.md5sum"], "Index Cond": "(chn.id = ci.person_role_id)", "Shared Read Blocks": 135, "Shared Written Blocks": 0, "Scan Direction": "Forward", "Shared Hit Blocks": 282, "Alias": "chn", "Local Hit Blocks": 0, "Node Type": "Index Scan"}], "Shared Hit Blocks": 2493, "Actual Rows": 104, "Temp Written Blocks": 0, "Node Type": "Nested Loop"}, {"Actual Startup Time": 0.002, "Relation Name": "company_type", "Actual Total Time": 0.002, "Rows Removed by Index Recheck": 0, "Plan Width": 4, "Shared Dirtied Blocks": 0, "Total Cost": 0.15, "Parent Relationship": "Inner", "Temp Read Blocks": 0, "Index Name": "company_type_pkey", "Schema": "public", "Local Dirtied Blocks": 0, "Plan Rows": 1, "Actual Loops": 104, "Actual Rows": 1, "Parallel Aware": false, "Local Written Blocks": 0, "Temp Written Blocks": 0, "Local Read Blocks": 0, "Startup Cost": 0.13, "Output": ["ct.id"], "Heap Fetches": 104, "Index Cond": "(ct.id = mc.company_type_id)", "Shared Read Blocks": 0, "Shared Written Blocks": 0, "Scan Direction": "Forward", "Shared Hit Blocks": 208, "Alias": "ct", "Local Hit Blocks": 0, "Node Type": "Index Only Scan"}], "Shared Hit Blocks": 2701, "Actual Rows": 104, "Temp Written Blocks": 0, "Node Type": "Nested Loop"}], "Shared Hit Blocks": 2701, "Actual Rows": 1, "Temp Written Blocks": 0, "Node Type": "Aggregate"}, "Planning Time": 3.005, "Execution Time": 1624.6}]