[{"Triggers": [], "Plan": {"Actual Startup Time": 1493.364, "Parallel Aware": false, "Actual Total Time": 1493.364, "Shared Read Blocks": 88492, "Plan Width": 64, "Shared Dirtied Blocks": 0, "Total Cost": 531041.43, "Temp Read Blocks": 0, "Local Written Blocks": 0, "Partial Mode": "Simple", "Plan Rows": 1, "Local Dirtied Blocks": 0, "Actual Loops": 1, "Local Hit Blocks": 0, "Strategy": "Plain", "Local Read Blocks": 0, "Startup Cost": 531041.42, "Output": ["min((chn.name)::text)", "min((t.title)::text)"], "Shared Written Blocks": 0, "Plans": [{"Actual Startup Time": 215.339, "Parallel Aware": false, "Actual Total Time": 1493.236, "Shared Read Blocks": 88492, "Plan Width": 33, "Shared Dirtied Blocks": 0, "Total Cost": 531041.42, "Parent Relationship": "Outer", "Temp Read Blocks": 0, "Local Written Blocks": 0, "Inner Unique": true, "Plan Rows": 1, "Local Dirtied Blocks": 0, "Actual Loops": 1, "Local Hit Blocks": 0, "Local Read Blocks": 0, "Startup Cost": 51587.27, "Output": ["chn.name", "t.title"], "Join Type": "Inner", "Shared Written Blocks": 0, "Plans": [{"Actual Startup Time": 215.305, "Parallel Aware": false, "Actual Total Time": 1493.058, "Shared Read Blocks": 88492, "Plan Width": 37, "Shared Dirtied Blocks": 0, "Total Cost": 531041.26, "Parent Relationship": "Outer", "Temp Read Blocks": 0, "Local Written Blocks": 0, "Inner Unique": true, "Plan Rows": 1, "Local Dirtied Blocks": 0, "Actual Loops": 1, "Local Hit Blocks": 0, "Local Read Blocks": 0, "Startup Cost": 51587.14, "Output": ["chn.name", "mc.company_type_id", "t.title"], "Join Type": "Inner", "Shared Written Blocks": 0, "Plans": [{"Actual Startup Time": 215.272, "Parallel Aware": false, "Actual Total Time": 1491.947, "Shared Read Blocks": 88357, "Plan Width": 25, "Shared Dirtied Blocks": 0, "Total Cost": 531030.65, "Parent Relationship": "Outer", "Temp Read Blocks": 0, "Local Written Blocks": 0, "Inner Unique": true, "Plan Rows": 2, "Local Dirtied Blocks": 0, "Actual Loops": 1, "Local Hit Blocks": 0, "Local Read Blocks": 0, "Startup Cost": 51586.71, "Output": ["ci.person_role_id", "mc.company_type_id", "t.title"], "Join Type": "Inner", "Shared Written Blocks": 0, "Plans": [{"Actual Startup Time": 215.001, "Parallel Aware": false, "Actual Total Time": 1489.4, "Shared Read Blocks": 88077, "Plan Width": 16, "Shared Dirtied Blocks": 0, "Total Cost": 531028.05, "Parent Relationship": "Outer", "Temp Read Blocks": 0, "Local Written Blocks": 0, "Inner Unique": false, "Local Dirtied Blocks": 0, "Plan Rows": 5, "Actual Loops": 1, "Local Hit Blocks": 0, "Local Read Blocks": 0, "Startup Cost": 51586.28, "Output": ["ci.movie_id", "ci.person_role_id", "mc.movie_id", "mc.company_type_id"], "Plans": [{"Actual Startup Time": 0.528, "Parallel Aware": false, "Actual Total Time": 1271.845, "Shared Read Blocks": 80834, "Plan Width": 8, "Shared Dirtied Blocks": 0, "Total Cost": 480435.34, "Parent Relationship": "Outer", "Temp Read Blocks": 0, "Local Written Blocks": 0, "Local Dirtied Blocks": 0, "Plan Rows": 2013, "Actual Loops": 1, "Single Copy": false, "Local Hit Blocks": 0, "Local Read Blocks": 0, "Workers Launched": 2, "Startup Cost": 1001.16, "Output": ["ci.movie_id", "ci.person_role_id"], "Shared Written Blocks": 0, "Plans": [{"Actual Startup Time": 0.378, "Parallel Aware": false, "Actual Total Time": 1308.471, "Shared Read Blocks": 252687, "Plan Width": 8, "Shared Dirtied Blocks": 0, "Total Cost": 479234.04, "Parent Relationship": "Outer", "Temp Read Blocks": 0, "Local Written Blocks": 0, "Inner Unique": true, "Local Dirtied Blocks": 0, "Plan Rows": 839, "Actual Loops": 3, "Local Hit Blocks": 0, "Workers": [{"Actual Startup Time": 0.291, "Local Read Blocks": 0, "Worker Number": 0, "Actual Total Time": 1329.317, "Shared Read Blocks": 85905, "Shared Dirtied Blocks": 0, "Temp Read Blocks": 0, "Local Written Blocks": 0, "Shared Written Blocks": 0, "Local Dirtied Blocks": 0, "Shared Hit Blocks": 81, "Actual Rows": 10013, "Temp Written Blocks": 0, "Actual Loops": 1, "Local Hit Blocks": 0}, {"Actual Startup Time": 0.655, "Local Read Blocks": 0, "Worker Number": 1, "Actual Total Time": 1330.564, "Shared Read Blocks": 85948, "Shared Dirtied Blocks": 0, "Temp Read Blocks": 0, "Local Written Blocks": 0, "Shared Written Blocks": 0, "Local Dirtied Blocks": 0, "Shared Hit Blocks": 81, "Actual Rows": 9575, "Temp Written Blocks": 0, "Actual Loops": 1, "Local Hit Blocks": 0}], "Local Read Blocks": 0, "Startup Cost": 1.16, "Output": ["ci.movie_id", "ci.person_role_id"], "Plans": [{"Actual Startup Time": 0.233, "Parallel Aware": true, "Actual Total Time": 1306.21, "Shared Read Blocks": 252687, "Plan Width": 12, "Shared Dirtied Blocks": 0, "Total Cost": 479113.25, "Parent Relationship": "Outer", "Filter": "(((ci.note)::text ~~ '%(voice)%'::text) AND ((ci.note)::text ~~ '%(uncredited)%'::text))", "Temp Read Blocks": 0, "Local Written Blocks": 0, "Schema": "public", "Local Dirtied Blocks": 0, "Plan Rows": 10065, "Actual Loops": 3, "Actual Rows": 10763, "Relation Name": "cast_info", "Workers": [{"Actual Startup Time": 0.087, "Local Read Blocks": 0, "Worker Number": 0, "Actual Total Time": 1326.776, "Shared Read Blocks": 85905, "Shared Dirtied Blocks": 0, "Temp Read Blocks": 0, "Local Written Blocks": 0, "Shared Written Blocks": 0, "Local Dirtied Blocks": 0, "Shared Hit Blocks": 0, "Actual Rows": 12346, "Temp Written Blocks": 0, "Actual Loops": 1, "Local Hit Blocks": 0}, {"Actual Startup Time": 0.455, "Local Read Blocks": 0, "Worker Number": 1, "Actual Total Time": 1327.92, "Shared Read Blocks": 85948, "Shared Dirtied Blocks": 0, "Temp Read Blocks": 0, "Local Written Blocks": 0, "Shared Written Blocks": 0, "Local Dirtied Blocks": 0, "Shared Hit Blocks": 0, "Actual Rows": 11455, "Temp Written Blocks": 0, "Actual Loops": 1, "Local Hit Blocks": 0}], "Temp Written Blocks": 0, "Local Read Blocks": 0, "Startup Cost": 0.0, "Output": ["ci.id", "ci.person_id", "ci.movie_id", "ci.person_role_id", "ci.note", "ci.nr_order", "ci.role_id"], "Shared Written Blocks": 0, "Rows Removed by Filter": 12070685, "Shared Hit Blocks": 0, "Alias": "ci", "Local Hit Blocks": 0, "Node Type": "Seq Scan"}, {"Actual Startup Time": 0.018, "Parallel Aware": false, "Actual Total Time": 0.018, "Shared Read Blocks": 0, "Plan Width": 4, "Shared Dirtied Blocks": 0, "Total Cost": 1.15, "Parent Relationship": "Inner", "Hash Batches": 1, "Temp Read Blocks": 0, "Hash Buckets": 1024, "Peak Memory Usage": 9, "Plan Rows": 1, "Local Dirtied Blocks": 0, "Actual Loops": 3, "Original Hash Buckets": 1024, "Local Hit Blocks": 0, "Workers": [{"Actual Startup Time": 0.023, "Local Read Blocks": 0, "Worker Number": 0, "Actual Total Time": 0.023, "Shared Read Blocks": 0, "Shared Dirtied Blocks": 0, "Temp Read Blocks": 0, "Local Written Blocks": 0, "Shared Written Blocks": 0, "Local Dirtied Blocks": 0, "Shared Hit Blocks": 1, "Actual Rows": 1, "Temp Written Blocks": 0, "Actual Loops": 1, "Local Hit Blocks": 0}, {"Actual Startup Time": 0.022, "Local Read Blocks": 0, "Worker Number": 1, "Actual Total Time": 0.022, "Shared Read Blocks": 0, "Shared Dirtied Blocks": 0, "Temp Read Blocks": 0, "Local Written Blocks": 0, "Shared Written Blocks": 0, "Local Dirtied Blocks": 0, "Shared Hit Blocks": 1, "Actual Rows": 1, "Temp Written Blocks": 0, "Actual Loops": 1, "Local Hit Blocks": 0}], "Local Read Blocks": 0, "Startup Cost": 1.15, "Output": ["rt.id"], "Original Hash Batches": 1, "Shared Written Blocks": 0, "Local Written Blocks": 0, "Plans": [{"Actual Startup Time": 0.011, "Parallel Aware": false, "Actual Total Time": 0.013, "Shared Read Blocks": 0, "Plan Width": 4, "Shared Dirtied Blocks": 0, "Total Cost": 1.15, "Parent Relationship": "Outer", "Filter": "((rt.role)::text = 'actor'::text)", "Temp Read Blocks": 0, "Local Written Blocks": 0, "Schema": "public", "Local Dirtied Blocks": 0, "Plan Rows": 1, "Actual Loops": 3, "Actual Rows": 1, "Relation Name": "role_type", "Workers": [{"Actual Startup Time": 0.017, "Local Read Blocks": 0, "Worker Number": 0, "Actual Total Time": 0.018, "Shared Read Blocks": 0, "Shared Dirtied Blocks": 0, "Temp Read Blocks": 0, "Local Written Blocks": 0, "Shared Written Blocks": 0, "Local Dirtied Blocks": 0, "Shared Hit Blocks": 1, "Actual Rows": 1, "Temp Written Blocks": 0, "Actual Loops": 1, "Local Hit Blocks": 0}, {"Actual Startup Time": 0.015, "Local Read Blocks": 0, "Worker Number": 1, "Actual Total Time": 0.016, "Shared Read Blocks": 0, "Shared Dirtied Blocks": 0, "Temp Read Blocks": 0, "Local Written Blocks": 0, "Shared Written Blocks": 0, "Local Dirtied Blocks": 0, "Shared Hit Blocks": 1, "Actual Rows": 1, "Temp Written Blocks": 0, "Actual Loops": 1, "Local Hit Blocks": 0}], "Temp Written Blocks": 0, "Local Read Blocks": 0, "Startup Cost": 0.0, "Output": ["rt.id"], "Shared Written Blocks": 0, "Rows Removed by Filter": 11, "Shared Hit Blocks": 3, "Alias": "rt", "Local Hit Blocks": 0, "Node Type": "Seq Scan"}], "Shared Hit Blocks": 3, "Actual Rows": 1, "Temp Written Blocks": 0, "Node Type": "Hash"}], "Join Type": "Inner", "Shared Written Blocks": 0, "Hash Cond": "(ci.role_id = rt.id)", "Shared Hit Blocks": 166, "Actual Rows": 8625, "Temp Written Blocks": 0, "Node Type": "Hash Join"}], "Shared Hit Blocks": 4, "Actual Rows": 25874, "Temp Written Blocks": 0, "Workers Planned": 2, "Node Type": "Gather"}, {"Actual Startup Time": 214.434, "Parallel Aware": false, "Actual Total Time": 214.434, "Shared Read Blocks": 7243, "Plan Width": 8, "Shared Dirtied Blocks": 0, "Total Cost": 50555.83, "Parent Relationship": "Inner", "Hash Batches": 1, "Temp Read Blocks": 0, "Hash Buckets": 16384, "Peak Memory Usage": 472, "Plan Rows": 2343, "Local Dirtied Blocks": 0, "Actual Loops": 1, "Original Hash Buckets": 4096, "Local Hit Blocks": 0, "Local Read Blocks": 0, "Startup Cost": 50555.83, "Output": ["mc.movie_id", "mc.company_type_id"], "Original Hash Batches": 1, "Shared Written Blocks": 0, "Local Written Blocks": 0, "Plans": [{"Actual Startup Time": 46.593, "Parallel Aware": false, "Actual Total Time": 212.827, "Shared Read Blocks": 7243, "Plan Width": 8, "Shared Dirtied Blocks": 0, "Total Cost": 50555.83, "Parent Relationship": "Outer", "Temp Read Blocks": 0, "Local Written Blocks": 0, "Local Dirtied Blocks": 0, "Plan Rows": 2343, "Actual Loops": 1, "Single Copy": false, "Local Hit Blocks": 0, "Local Read Blocks": 0, "Workers Launched": 2, "Startup Cost": 6935.1, "Output": ["mc.movie_id", "mc.company_type_id"], "Shared Written Blocks": 0, "Plans": [{"Actual Startup Time": 44.207, "Parallel Aware": false, "Actual Total Time": 210.106, "Shared Read Blocks": 21783, "Plan Width": 8, "Shared Dirtied Blocks": 0, "Total Cost": 49321.53, "Parent Relationship": "Outer", "Temp Read Blocks": 0, "Local Written Blocks": 0, "Inner Unique": true, "Local Dirtied Blocks": 0, "Plan Rows": 976, "Actual Loops": 3, "Local Hit Blocks": 0, "Workers": [{"Actual Startup Time": 43.227, "Local Read Blocks": 0, "Worker Number": 0, "Actual Total Time": 209.676, "Shared Read Blocks": 7881, "Shared Dirtied Blocks": 0, "Temp Read Blocks": 0, "Local Written Blocks": 0, "Shared Written Blocks": 0, "Local Dirtied Blocks": 0, "Shared Hit Blocks": 1474, "Actual Rows": 2949, "Temp Written Blocks": 0, "Actual Loops": 1, "Local Hit Blocks": 0}, {"Actual Startup Time": 43.0, "Local Read Blocks": 0, "Worker Number": 1, "Actual Total Time": 209.872, "Shared Read Blocks": 6659, "Shared Dirtied Blocks": 0, "Temp Read Blocks": 0, "Local Written Blocks": 0, "Shared Written Blocks": 0, "Local Dirtied Blocks": 0, "Shared Hit Blocks": 2729, "Actual Rows": 2977, "Temp Written Blocks": 0, "Actual Loops": 1, "Local Hit Blocks": 0}], "Local Read Blocks": 0, "Startup Cost": 5935.1, "Output": ["mc.movie_id", "mc.company_type_id"], "Plans": [{"Actual Startup Time": 0.023, "Parallel Aware": true, "Actual Total Time": 77.782, "Shared Read Blocks": 18790, "Plan Width": 12, "Shared Dirtied Blocks": 0, "Total Cost": 29661.37, "Parent Relationship": "Outer", "Temp Read Blocks": 0, "Local Written Blocks": 0, "Schema": "public", "Local Dirtied Blocks": 0, "Plan Rows": 1087137, "Actual Loops": 3, "Actual Rows": 869710, "Local Hit Blocks": 0, "Relation Name": "movie_companies", "Workers": [{"Actual Startup Time": 0.029, "Local Read Blocks": 0, "Worker Number": 0, "Actual Total Time": 78.513, "Shared Read Blocks": 6280, "Shared Dirtied Blocks": 0, "Temp Read Blocks": 0, "Local Written Blocks": 0, "Shared Written Blocks": 0, "Local Dirtied Blocks": 0, "Shared Hit Blocks": 0, "Actual Rows": 871782, "Temp Written Blocks": 0, "Actual Loops": 1, "Local Hit Blocks": 0}, {"Actual Startup Time": 0.028, "Local Read Blocks": 0, "Worker Number": 1, "Actual Total Time": 77.754, "Shared Read Blocks": 6313, "Shared Dirtied Blocks": 0, "Temp Read Blocks": 0, "Local Written Blocks": 0, "Shared Written Blocks": 0, "Local Dirtied Blocks": 0, "Shared Hit Blocks": 0, "Actual Rows": 875955, "Temp Written Blocks": 0, "Actual Loops": 1, "Local Hit Blocks": 0}], "Local Read Blocks": 0, "Startup Cost": 0.0, "Output": ["mc.id", "mc.movie_id", "mc.company_id", "mc.company_type_id", "mc.note"], "Shared Written Blocks": 0, "Shared Hit Blocks": 0, "Alias": "mc", "Temp Written Blocks": 0, "Node Type": "Seq Scan"}, {"Actual Startup Time": 43.775, "Parallel Aware": false, "Actual Total Time": 43.775, "Shared Read Blocks": 2993, "Plan Width": 4, "Shared Dirtied Blocks": 0, "Total Cost": 5932.46, "Parent Relationship": "Inner", "Hash Batches": 1, "Temp Read Blocks": 0, "Hash Buckets": 2048, "Peak Memory Usage": 64, "Plan Rows": 211, "Local Dirtied Blocks": 0, "Actual Loops": 3, "Original Hash Buckets": 1024, "Local Hit Blocks": 0, "Workers": [{"Actual Startup Time": 42.447, "Local Read Blocks": 0, "Worker Number": 0, "Actual Total Time": 42.447, "Shared Read Blocks": 1601, "Shared Dirtied Blocks": 0, "Temp Read Blocks": 0, "Local Written Blocks": 0, "Shared Written Blocks": 0, "Local Dirtied Blocks": 0, "Shared Hit Blocks": 1394, "Actual Rows": 1361, "Temp Written Blocks": 0, "Actual Loops": 1, "Local Hit Blocks": 0}, {"Actual Startup Time": 42.62, "Local Read Blocks": 0, "Worker Number": 1, "Actual Total Time": 42.62, "Shared Read Blocks": 346, "Shared Dirtied Blocks": 0, "Temp Read Blocks": 0, "Local Written Blocks": 0, "Shared Written Blocks": 0, "Local Dirtied Blocks": 0, "Shared Hit Blocks": 2649, "Actual Rows": 1361, "Temp Written Blocks": 0, "Actual Loops": 1, "Local Hit Blocks": 0}], "Local Read Blocks": 0, "Startup Cost": 5932.46, "Output": ["cn.id"], "Original Hash Batches": 1, "Shared Written Blocks": 0, "Local Written Blocks": 0, "Plans": [{"Actual Startup Time": 0.022, "Parallel Aware": false, "Actual Total Time": 43.449, "Shared Read Blocks": 2993, "Plan Width": 4, "Shared Dirtied Blocks": 0, "Total Cost": 5932.46, "Parent Relationship": "Outer", "Filter": "((cn.country_code)::text = '[ru]'::text)", "Temp Read Blocks": 0, "Local Written Blocks": 0, "Schema": "public", "Local Dirtied Blocks": 0, "Plan Rows": 211, "Actual Loops": 3, "Actual Rows": 1361, "Relation Name": "company_name", "Workers": [{"Actual Startup Time": 0.024, "Local Read Blocks": 0, "Worker Number": 0, "Actual Total Time": 42.129, "Shared Read Blocks": 1601, "Shared Dirtied Blocks": 0, "Temp Read Blocks": 0, "Local Written Blocks": 0, "Shared Written Blocks": 0, "Local Dirtied Blocks": 0, "Shared Hit Blocks": 1394, "Actual Rows": 1361, "Temp Written Blocks": 0, "Actual Loops": 1, "Local Hit Blocks": 0}, {"Actual Startup Time": 0.026, "Local Read Blocks": 0, "Worker Number": 1, "Actual Total Time": 42.3, "Shared Read Blocks": 346, "Shared Dirtied Blocks": 0, "Temp Read Blocks": 0, "Local Written Blocks": 0, "Shared Written Blocks": 0, "Local Dirtied Blocks": 0, "Shared Hit Blocks": 2649, "Actual Rows": 1361, "Temp Written Blocks": 0, "Actual Loops": 1, "Local Hit Blocks": 0}], "Temp Written Blocks": 0, "Local Read Blocks": 0, "Startup Cost": 0.0, "Output": ["cn.id"], "Shared Written Blocks": 0, "Rows Removed by Filter": 233636, "Shared Hit Blocks": 5992, "Alias": "cn", "Local Hit Blocks": 0, "Node Type": "Seq Scan"}], "Shared Hit Blocks": 5992, "Actual Rows": 1361, "Temp Written Blocks": 0, "Node Type": "Hash"}], "Join Type": "Inner", "Shared Written Blocks": 0, "Hash Cond": "(mc.company_id = cn.id)", "Shared Hit Blocks": 6152, "Actual Rows": 2930, "Temp Written Blocks": 0, "Node Type": "Hash Join"}], "Shared Hit Blocks": 1949, "Actual Rows": 8790, "Temp Written Blocks": 0, "Workers Planned": 2, "Node Type": "Gather"}], "Shared Hit Blocks": 1949, "Actual Rows": 8790, "Temp Written Blocks": 0, "Node Type": "Hash"}], "Join Type": "Inner", "Shared Written Blocks": 0, "Hash Cond": "(ci.movie_id = mc.movie_id)", "Shared Hit Blocks": 1953, "Actual Rows": 275, "Temp Written Blocks": 0, "Node Type": "Hash Join"}, {"Actual Startup Time": 0.009, "Relation Name": "title", "Actual Total Time": 0.009, "Rows Removed by Index Recheck": 0, "Plan Width": 21, "Shared Dirtied Blocks": 0, "Total Cost": 0.52, "Parent Relationship": "Inner", "Filter": "(t.production_year > 2005)", "Temp Read Blocks": 0, "Index Name": "title_pkey", "Schema": "public", "Local Dirtied Blocks": 0, "Plan Rows": 1, "Actual Loops": 275, "Actual Rows": 0, "Parallel Aware": false, "Local Written Blocks": 0, "Temp Written Blocks": 0, "Local Read Blocks": 0, "Startup Cost": 0.43, "Output": ["t.id", "t.title", "t.imdb_index", "t.kind_id", "t.production_year", "t.imdb_id", "t.phonetic_code", "t.episode_of_id", "t.season_nr", "t.episode_nr", "t.series_years", "t.md5sum"], "Index Cond": "(t.id = mc.movie_id)", "Shared Read Blocks": 280, "Shared Written Blocks": 0, "Scan Direction": "Forward", "Rows Removed by Filter": 1, "Shared Hit Blocks": 820, "Alias": "t", "Local Hit Blocks": 0, "Node Type": "Index Scan"}], "Shared Hit Blocks": 2773, "Actual Rows": 112, "Temp Written Blocks": 0, "Node Type": "Nested Loop"}, {"Actual Startup Time": 0.009, "Relation Name": "char_name", "Actual Total Time": 0.009, "Rows Removed by Index Recheck": 0, "Plan Width": 20, "Shared Dirtied Blocks": 0, "Total Cost": 5.31, "Parent Relationship": "Inner", "Temp Read Blocks": 0, "Index Name": "char_name_pkey", "Schema": "public", "Local Dirtied Blocks": 0, "Plan Rows": 1, "Actual Loops": 112, "Actual Rows": 1, "Parallel Aware": false, "Local Written Blocks": 0, "Temp Written Blocks": 0, "Local Read Blocks": 0, "Startup Cost": 0.43, "Output": ["chn.id", "chn.name", "chn.imdb_index", "chn.imdb_id", "chn.name_pcode_nf", "chn.surname_pcode", "chn.md5sum"], "Index Cond": "(chn.id = ci.person_role_id)", "Shared Read Blocks": 135, "Shared Written Blocks": 0, "Scan Direction": "Forward", "Shared Hit Blocks": 282, "Alias": "chn", "Local Hit Blocks": 0, "Node Type": "Index Scan"}], "Shared Hit Blocks": 3055, "Actual Rows": 104, "Temp Written Blocks": 0, "Node Type": "Nested Loop"}, {"Actual Startup Time": 0.001, "Relation Name": "company_type", "Actual Total Time": 0.001, "Rows Removed by Index Recheck": 0, "Plan Width": 4, "Shared Dirtied Blocks": 0, "Total Cost": 0.15, "Parent Relationship": "Inner", "Temp Read Blocks": 0, "Index Name": "company_type_pkey", "Schema": "public", "Local Dirtied Blocks": 0, "Plan Rows": 1, "Actual Loops": 104, "Actual Rows": 1, "Parallel Aware": false, "Local Written Blocks": 0, "Temp Written Blocks": 0, "Local Read Blocks": 0, "Startup Cost": 0.13, "Output": ["ct.id"], "Heap Fetches": 104, "Index Cond": "(ct.id = mc.company_type_id)", "Shared Read Blocks": 0, "Shared Written Blocks": 0, "Scan Direction": "Forward", "Shared Hit Blocks": 208, "Alias": "ct", "Local Hit Blocks": 0, "Node Type": "Index Only Scan"}], "Shared Hit Blocks": 3263, "Actual Rows": 104, "Temp Written Blocks": 0, "Node Type": "Nested Loop"}], "Shared Hit Blocks": 3263, "Actual Rows": 1, "Temp Written Blocks": 0, "Node Type": "Aggregate"}, "Planning Time": 2.733, "Execution Time": 1495.371}]