[{"Plan": {"Node Type": "Aggregate", "Strategy": "Sorted", "Partial Mode": "Simple", "Parallel Aware": false, "Async Capable": false, "Startup Cost": 26.5, "Total Cost": 26.52, "Plan Rows": 1, "Plan Width": 72, "Actual Startup Time": 0.306, "Actual Total Time": 0.308, "Actual Rows": 4, "Actual Loops": 1, "Output": ["orders.o_orderpriority", "count(*)"], "Group Key": ["orders.o_orderpriority"], "Plans": [{"Node Type": "Sort", "Parent Relationship": "Outer", "Parallel Aware": false, "Async Capable": false, "Startup Cost": 26.5, "Total Cost": 26.5, "Plan Rows": 1, "Plan Width": 64, "Actual Startup Time": 0.303, "Actual Total Time": 0.304, "Actual Rows": 5, "Actual Loops": 1, "Output": ["orders.o_orderpriority"], "Sort Key": ["orders.o_orderpriority"], "Sort Method": "quicksort", "Sort Space Used": 25, "Sort Space Type": "Memory", "Plans": [{"Node Type": "Nested Loop", "Parent Relationship": "Outer", "Parallel Aware": false, "Async Capable": false, "Join Type": "Semi", "Startup Cost": 0.0, "Total Cost": 26.49, "Plan Rows": 1, "Plan Width": 64, "Actual Startup Time": 0.029, "Actual Total Time": 0.297, "Actual Rows": 5, "Actual Loops": 1, "Output": ["orders.o_orderpriority"], "Inner Unique": false, "Join Filter": "(orders.o_orderkey = lineitem.l_orderkey)", "Rows Removed by Join Filter": 1002, "Plans": [{"Node Type": "Seq Scan", "Parent Relationship": "Outer", "Parallel Aware": false, "Async Capable": false, "Relation Name": "orders", "Schema": "pg_temp", "Alias": "orders", "Startup Cost": 0.0, "Total Cost": 13.15, "Plan Rows": 1, "Plan Width": 68, "Actual Startup Time": 0.008, "Actual Total Time": 0.017, "Actual Rows": 5, "Actual Loops": 1, "Output": ["orders.o_orderkey", "orders.o_custkey", "orders.o_orderstatus", "orders.o_totalprice", "orders.o_orderdate", "orders.o_orderpriority", "orders.o_clerk", "orders.o_shippriority", "orders.o_comment"], "Filter": "((orders.o_orderdate >= '1993-07-01'::date) AND (orders.o_orderdate < '1993-10-01'::date))", "Rows Removed by Filter": 123}, {"Node Type": "Seq Scan", "Parent Relationship": "Inner", "Parallel Aware": false, "Async Capable": false, "Relation Name": "lineitem", "Schema": "pg_temp", "Alias": "lineitem", "Startup Cost": 0.0, "Total Cost": 12.5, "Plan Rows": 67, "Plan Width": 4, "Actual Startup Time": 0.002, "Actual Total Time": 0.047, "Actual Rows": 201, "Actual Loops": 5, "Output": ["lineitem.l_orderkey", "lineitem.l_partkey", "lineitem.l_suppkey", "lineitem.l_linenumber", "lineitem.l_quantity", "lineitem.l_extendedprice", "lineitem.l_discount", "lineitem.l_tax", "lineitem.l_returnflag", "lineitem.l_linestatus", "lineitem.l_shipdate", "lineitem.l_commitdate", "lineitem.l_receiptdate", "lineitem.l_shipinstruct", "lineitem.l_shipmode", "lineitem.l_comment"], "Filter": "(lineitem.l_commitdate < lineitem.l_receiptdate)", "Rows Removed by Filter": 133}]}]}]}, "Planning Time": 0.071, "Triggers": [], "Execution Time": 0.324}]