[{"Plan": {"Node Type": "Aggregate", "Strategy": "Sorted", "Partial Mode": "Simple", "Parallel Aware": false, "Async Capable": false, "Startup Cost": 100.04, "Total Cost": 100.08, "Plan Rows": 1, "Plan Width": 64, "Actual Startup Time": 7.77, "Actual Total Time": 7.775, "Actual Rows": 1, "Actual Loops": 1, "Output": ["(EXTRACT(year FROM orders.o_orderdate))", "(sum(CASE WHEN (n2.n_name = 'BRAZIL'::bpchar) THEN (lineitem.l_extendedprice * ('1'::numeric - lineitem.l_discount)) ELSE '0'::numeric END) / sum((lineitem.l_extendedprice * ('1'::numeric - lineitem.l_discount))))"], "Group Key": ["(EXTRACT(year FROM orders.o_orderdate))"], "Plans": [{"Node Type": "Sort", "Parent Relationship": "Outer", "Parallel Aware": false, "Async Capable": false, "Startup Cost": 100.04, "Total Cost": 100.04, "Plan Rows": 1, "Plan Width": 168, "Actual Startup Time": 7.757, "Actual Total Time": 7.762, "Actual Rows": 1, "Actual Loops": 1, "Output": ["(EXTRACT(year FROM orders.o_orderdate))", "n2.n_name", "lineitem.l_extendedprice", "lineitem.l_discount"], "Sort Key": ["(EXTRACT(year FROM orders.o_orderdate))"], "Sort Method": "quicksort", "Sort Space Used": 25, "Sort Space Type": "Memory", "Plans": [{"Node Type": "Nested Loop", "Parent Relationship": "Outer", "Parallel Aware": false, "Async Capable": false, "Join Type": "Inner", "Startup Cost": 62.11, "Total Cost": 100.03, "Plan Rows": 1, "Plan Width": 168, "Actual Startup Time": 6.773, "Actual Total Time": 7.748, "Actual Rows": 1, "Actual Loops": 1, "Output": ["EXTRACT(year FROM orders.o_orderdate)", "n2.n_name", "lineitem.l_extendedprice", "lineitem.l_discount"], "Inner Unique": false, "Join Filter": "(lineitem.l_partkey = part.p_partkey)", "Rows Removed by Join Filter": 143, "Plans": [{"Node Type": "Nested Loop", "Parent Relationship": "Outer", "Parallel Aware": false, "Async Capable": false, "Join Type": "Inner", "Startup Cost": 62.11, "Total Cost": 86.81, "Plan Rows": 1, "Plan Width": 144, "Actual Startup Time": 1.126, "Actual Total Time": 1.696, "Actual Rows": 48, "Actual Loops": 1, "Output": ["lineitem.l_extendedprice", "lineitem.l_discount", "lineitem.l_partkey", "orders.o_orderdate", "n2.n_name"], "Inner Unique": false, "Join Filter": "(n1.n_nationkey = customer.c_nationkey)", "Rows Removed by Join Filter": 1107, "Plans": [{"Node Type": "Hash Join", "Parent Relationship": "Outer", "Parallel Aware": false, "Async Capable": false, "Join Type": "Inner", "Startup Cost": 12.14, "Total Cost": 24.48, "Plan Rows": 1, "Plan Width": 4, "Actual Startup Time": 0.038, "Actual Total Time": 0.048, "Actual Rows": 5, "Actual Loops": 1, "Output": ["n1.n_nationkey"], "Inner Unique": false, "Hash Cond": "(n1.n_regionkey = region.r_regionkey)", "Plans": [{"Node Type": "Seq Scan", "Parent Relationship": "Outer", "Parallel Aware": false, "Async Capable": false, "Relation Name": "nation", "Schema": "pg_temp", "Alias": "n1", "Startup Cost": 0.0, "Total Cost": 11.7, "Plan Rows": 170, "Plan Width": 8, "Actual Startup Time": 0.007, "Actual Total Time": 0.01, "Actual Rows": 25, "Actual Loops": 1, "Output": ["n1.n_nationkey", "n1.n_name", "n1.n_regionkey", "n1.n_comment"]}, {"Node Type": "Hash", "Parent Relationship": "Inner", "Parallel Aware": false, "Async Capable": false, "Startup Cost": 12.12, "Total Cost": 12.12, "Plan Rows": 1, "Plan Width": 4, "Actual Startup Time": 0.011, "Actual Total Time": 0.012, "Actual Rows": 1, "Actual Loops": 1, "Output": ["region.r_regionkey"], "Hash Buckets": 1024, "Original Hash Buckets": 1024, "Hash Batches": 1, "Original Hash Batches": 1, "Peak Memory Usage": 9, "Plans": [{"Node Type": "Seq Scan", "Parent Relationship": "Outer", "Parallel Aware": false, "Async Capable": false, "Relation Name": "region", "Schema": "pg_temp", "Alias": "region", "Startup Cost": 0.0, "Total Cost": 12.12, "Plan Rows": 1, "Plan Width": 4, "Actual Startup Time": 0.006, "Actual Total Time": 0.008, "Actual Rows": 1, "Actual Loops": 1, "Output": ["region.r_regionkey"], "Filter": "(region.r_name = 'AMERICA'::bpchar)", "Rows Removed by Filter": 4}]}]}, {"Node Type": "Hash Join", "Parent Relationship": "Inner", "Parallel Aware": false, "Async Capable": false, "Join Type": "Inner", "Startup Cost": 49.97, "Total Cost": 62.31, "Plan Rows": 1, "Plan Width": 148, "Actual Startup Time": 0.218, "Actual Total Time": 0.301, "Actual Rows": 231, "Actual Loops": 5, "Output": ["lineitem.l_extendedprice", "lineitem.l_discount", "lineitem.l_partkey", "orders.o_orderdate", "customer.c_nationkey", "n2.n_name"], "Inner Unique": false, "Hash Cond": "(n2.n_nationkey = supplier.s_nationkey)", "Plans": [{"Node Type": "Seq Scan", "Parent Relationship": "Outer", "Parallel Aware": false, "Async Capable": false, "Relation Name": "nation", "Schema": "pg_temp", "Alias": "n2", "Startup Cost": 0.0, "Total Cost": 11.7, "Plan Rows": 170, "Plan Width": 108, "Actual Startup Time": 0.001, "Actual Total Time": 0.005, "Actual Rows": 25, "Actual Loops": 5, "Output": ["n2.n_nationkey", "n2.n_name", "n2.n_regionkey", "n2.n_comment"]}, {"Node Type": "Hash", "Parent Relationship": "Inner", "Parallel Aware": false, "Async Capable": false, "Startup Cost": 49.95, "Total Cost": 49.95, "Plan Rows": 1, "Plan Width": 48, "Actual Startup Time": 1.069, "Actual Total Time": 1.071, "Actual Rows": 231, "Actual Loops": 1, "Output": ["supplier.s_nationkey", "lineitem.l_extendedprice", "lineitem.l_discount", "lineitem.l_partkey", "orders.o_orderdate", "customer.c_nationkey"], "Hash Buckets": 1024, "Original Hash Buckets": 1024, "Hash Batches": 1, "Original Hash Batches": 1, "Peak Memory Usage": 23, "Plans": [{"Node Type": "Hash Join", "Parent Relationship": "Outer", "Parallel Aware": false, "Async Capable": false, "Join Type": "Inner", "Startup Cost": 37.88, "Total Cost": 49.95, "Plan Rows": 1, "Plan Width": 48, "Actual Startup Time": 0.656, "Actual Total Time": 0.951, "Actual Rows": 231, "Actual Loops": 1, "Output": ["supplier.s_nationkey", "lineitem.l_extendedprice", "lineitem.l_discount", "lineitem.l_partkey", "orders.o_orderdate", "customer.c_nationkey"], "Inner Unique": false, "Hash Cond": "(supplier.s_suppkey = lineitem.l_suppkey)", "Plans": [{"Node Type": "Seq Scan", "Parent Relationship": "Outer", "Parallel Aware": false, "Async Capable": false, "Relation Name": "supplier", "Schema": "pg_temp", "Alias": "supplier", "Startup Cost": 0.0, "Total Cost": 11.5, "Plan Rows": 150, "Plan Width": 8, "Actual Startup Time": 0.004, "Actual Total Time": 0.093, "Actual Rows": 518, "Actual Loops": 1, "Output": ["supplier.s_suppkey", "supplier.s_name", "supplier.s_address", "supplier.s_nationkey", "supplier.s_phone", "supplier.s_acctbal", "supplier.s_comment"]}, {"Node Type": "Hash", "Parent Relationship": "Inner", "Parallel Aware": false, "Async Capable": false, "Startup Cost": 37.87, "Total Cost": 37.87, "Plan Rows": 1, "Plan Width": 48, "Actual Startup Time": 0.631, "Actual Total Time": 0.633, "Actual Rows": 231, "Actual Loops": 1, "Output": ["lineitem.l_extendedprice", "lineitem.l_discount", "lineitem.l_partkey", "lineitem.l_suppkey", "orders.o_orderdate", "customer.c_nationkey"], "Hash Buckets": 1024, "Original Hash Buckets": 1024, "Hash Batches": 1, "Original Hash Batches": 1, "Peak Memory Usage": 23, "Plans": [{"Node Type": "Hash Join", "Parent Relationship": "Outer", "Parallel Aware": false, "Async Capable": false, "Join Type": "Inner", "Startup Cost": 25.11, "Total Cost": 37.87, "Plan Rows": 1, "Plan Width": 48, "Actual Startup Time": 0.212, "Actual Total Time": 0.508, "Actual Rows": 231, "Actual Loops": 1, "Output": ["lineitem.l_extendedprice", "lineitem.l_discount", "lineitem.l_partkey", "lineitem.l_suppkey", "orders.o_orderdate", "customer.c_nationkey"], "Inner Unique": false, "Hash Cond": "(lineitem.l_orderkey = orders.o_orderkey)", "Plans": [{"Node Type": "Seq Scan", "Parent Relationship": "Outer", "Parallel Aware": false, "Async Capable": false, "Relation Name": "lineitem", "Schema": "pg_temp", "Alias": "lineitem", "Startup Cost": 0.0, "Total Cost": 12.0, "Plan Rows": 200, "Plan Width": 44, "Actual Startup Time": 0.004, "Actual Total Time": 0.103, "Actual Rows": 572, "Actual Loops": 1, "Output": ["lineitem.l_orderkey", "lineitem.l_partkey", "lineitem.l_suppkey", "lineitem.l_linenumber", "lineitem.l_quantity", "lineitem.l_extendedprice", "lineitem.l_discount", "lineitem.l_tax", "lineitem.l_returnflag", "lineitem.l_linestatus", "lineitem.l_shipdate", "lineitem.l_commitdate", "lineitem.l_receiptdate", "lineitem.l_shipinstruct", "lineitem.l_shipmode", "lineitem.l_comment"]}, {"Node Type": "Hash", "Parent Relationship": "Inner", "Parallel Aware": false, "Async Capable": false, "Startup Cost": 25.1, "Total Cost": 25.1, "Plan Rows": 1, "Plan Width": 12, "Actual Startup Time": 0.181, "Actual Total Time": 0.182, "Actual Rows": 47, "Actual Loops": 1, "Output": ["orders.o_orderdate", "orders.o_orderkey", "customer.c_nationkey"], "Hash Buckets": 1024, "Original Hash Buckets": 1024, "Hash Batches": 1, "Original Hash Batches": 1, "Peak Memory Usage": 11, "Plans": [{"Node Type": "Hash Join", "Parent Relationship": "Outer", "Parallel Aware": false, "Async Capable": false, "Join Type": "Inner", "Startup Cost": 13.16, "Total Cost": 25.1, "Plan Rows": 1, "Plan Width": 12, "Actual Startup Time": 0.095, "Actual Total Time": 0.159, "Actual Rows": 47, "Actual Loops": 1, "Output": ["orders.o_orderdate", "orders.o_orderkey", "customer.c_nationkey"], "Inner Unique": false, "Hash Cond": "(customer.c_custkey = orders.o_custkey)", "Plans": [{"Node Type": "Seq Scan", "Parent Relationship": "Outer", "Parallel Aware": false, "Async Capable": false, "Relation Name": "customer", "Schema": "pg_temp", "Alias": "customer", "Startup Cost": 0.0, "Total Cost": 11.4, "Plan Rows": 140, "Plan Width": 8, "Actual Startup Time": 0.004, "Actual Total Time": 0.024, "Actual Rows": 129, "Actual Loops": 1, "Output": ["customer.c_custkey", "customer.c_name", "customer.c_address", "customer.c_nationkey", "customer.c_phone", "customer.c_acctbal", "customer.c_mktsegment", "customer.c_comment"]}, {"Node Type": "Hash", "Parent Relationship": "Inner", "Parallel Aware": false, "Async Capable": false, "Startup Cost": 13.15, "Total Cost": 13.15, "Plan Rows": 1, "Plan Width": 12, "Actual Startup Time": 0.065, "Actual Total Time": 0.066, "Actual Rows": 47, "Actual Loops": 1, "Output": ["orders.o_orderdate", "orders.o_orderkey", "orders.o_custkey"], "Hash Buckets": 1024, "Original Hash Buckets": 1024, "Hash Batches": 1, "Original Hash Batches": 1, "Peak Memory Usage": 11, "Plans": [{"Node Type": "Seq Scan", "Parent Relationship": "Outer", "Parallel Aware": false, "Async Capable": false, "Relation Name": "orders", "Schema": "pg_temp", "Alias": "orders", "Startup Cost": 0.0, "Total Cost": 13.15, "Plan Rows": 1, "Plan Width": 12, "Actual Startup Time": 0.008, "Actual Total Time": 0.042, "Actual Rows": 47, "Actual Loops": 1, "Output": ["orders.o_orderdate", "orders.o_orderkey", "orders.o_custkey"], "Filter": "((orders.o_orderdate >= '1995-01-01'::date) AND (orders.o_orderdate <= '1996-12-31'::date))", "Rows Removed by Filter": 81}]}]}]}]}]}]}]}]}]}, {"Node Type": "Seq Scan", "Parent Relationship": "Inner", "Parallel Aware": false, "Async Capable": false, "Relation Name": "part", "Schema": "pg_temp", "Alias": "part", "Startup Cost": 0.0, "Total Cost": 13.2, "Plan Rows": 1, "Plan Width": 4, "Actual Startup Time": 0.024, "Actual Total Time": 0.125, "Actual Rows": 3, "Actual Loops": 48, "Output": ["part.p_partkey", "part.p_name", "part.p_mfgr", "part.p_brand", "part.p_type", "part.p_size", "part.p_container", "part.p_retailprice", "part.p_comment"], "Filter": "((part.p_type)::text = 'ECONOMY ANODIZED STEEL'::text)", "Rows Removed by Filter": 530}]}]}]}, "Planning Time": 1.223, "Triggers": [], "Execution Time": 7.876}]