[{"Plan": {"Node Type": "Aggregate", "Strategy": "Sorted", "Partial Mode": "Simple", "Parallel Aware": false, "Async Capable": false, "Startup Cost": 14.53, "Total Cost": 18.89, "Plan Rows": 67, "Plan Width": 248, "Actual Startup Time": 0.325, "Actual Total Time": 0.646, "Actual Rows": 4, "Actual Loops": 1, "Output": ["l_returnflag", "l_linestatus", "sum(l_quantity)", "sum(l_extendedprice)", "sum((l_extendedprice * ('1'::numeric - l_discount)))", "sum(((l_extendedprice * ('1'::numeric - l_discount)) * ('1'::numeric + l_tax)))", "avg(l_quantity)", "avg(l_extendedprice)", "avg(l_discount)", "count(*)"], "Group Key": ["lineitem.l_returnflag", "lineitem.l_linestatus"], "Plans": [{"Node Type": "Sort", "Parent Relationship": "Outer", "Parallel Aware": false, "Async Capable": false, "Startup Cost": 14.53, "Total Cost": 14.7, "Plan Rows": 67, "Plan Width": 80, "Actual Startup Time": 0.187, "Actual Total Time": 0.215, "Actual Rows": 568, "Actual Loops": 1, "Output": ["l_returnflag", "l_linestatus", "l_quantity", "l_extendedprice", "l_discount", "l_tax"], "Sort Key": ["lineitem.l_returnflag", "lineitem.l_linestatus"], "Sort Method": "quicksort", "Sort Space Used": 64, "Sort Space Type": "Memory", "Plans": [{"Node Type": "Seq Scan", "Parent Relationship": "Outer", "Parallel Aware": false, "Async Capable": false, "Relation Name": "lineitem", "Schema": "pg_temp", "Alias": "lineitem", "Startup Cost": 0.0, "Total Cost": 12.5, "Plan Rows": 67, "Plan Width": 80, "Actual Startup Time": 0.005, "Actual Total Time": 0.073, "Actual Rows": 568, "Actual Loops": 1, "Output": ["l_returnflag", "l_linestatus", "l_quantity", "l_extendedprice", "l_discount", "l_tax"], "Filter": "(lineitem.l_shipdate <= '1998-09-02 00:00:00'::timestamp without time zone)", "Rows Removed by Filter": 4}]}]}, "Planning Time": 0.061, "Triggers": [], "Execution Time": 0.663}]