[{"Plan": {"Node Type": "Sort", "Parallel Aware": false, "Async Capable": false, "Startup Cost": 73.21, "Total Cost": 73.22, "Plan Rows": 1, "Plan Width": 36, "Actual Startup Time": 0.286, "Actual Total Time": 0.288, "Actual Rows": 21, "Actual Loops": 1, "Output": ["partsupp.ps_partkey", "(sum((partsupp.ps_supplycost * (partsupp.ps_availqty)::numeric)))"], "Sort Key": ["(sum((partsupp.ps_supplycost * (partsupp.ps_availqty)::numeric))) DESC"], "Sort Method": "quicksort", "Sort Space Used": 26, "Sort Space Type": "Memory", "Plans": [{"Node Type": "Aggregate", "Strategy": "Plain", "Partial Mode": "Simple", "Parent Relationship": "InitPlan", "Subplan Name": "InitPlan 1 (returns $0)", "Parallel Aware": false, "Async Capable": false, "Startup Cost": 36.58, "Total Cost": 36.59, "Plan Rows": 1, "Plan Width": 32, "Actual Startup Time": 0.128, "Actual Total Time": 0.128, "Actual Rows": 1, "Actual Loops": 1, "Output": ["(sum((partsupp_1.ps_supplycost * (partsupp_1.ps_availqty)::numeric)) * 0.0001)"], "Plans": [{"Node Type": "Hash Join", "Parent Relationship": "Outer", "Parallel Aware": false, "Async Capable": false, "Join Type": "Inner", "Startup Cost": 24.22, "Total Cost": 36.57, "Plan Rows": 1, "Plan Width": 20, "Actual Startup Time": 0.067, "Actual Total Time": 0.122, "Actual Rows": 21, "Actual Loops": 1, "Output": ["partsupp_1.ps_supplycost", "partsupp_1.ps_availqty"], "Inner Unique": false, "Hash Cond": "(partsupp_1.ps_suppkey = supplier_1.s_suppkey)", "Plans": [{"Node Type": "Seq Scan", "Parent Relationship": "Outer", "Parallel Aware": false, "Async Capable": false, "Relation Name": "partsupp", "Schema": "pg_temp", "Alias": "partsupp_1", "Startup Cost": 0.0, "Total Cost": 11.7, "Plan Rows": 170, "Plan Width": 24, "Actual Startup Time": 0.002, "Actual Total Time": 0.026, "Actual Rows": 537, "Actual Loops": 1, "Output": ["partsupp_1.ps_partkey", "partsupp_1.ps_suppkey", "partsupp_1.ps_availqty", "partsupp_1.ps_supplycost", "partsupp_1.ps_comment"]}, {"Node Type": "Hash", "Parent Relationship": "Inner", "Parallel Aware": false, "Async Capable": false, "Startup Cost": 24.21, "Total Cost": 24.21, "Plan Rows": 1, "Plan Width": 4, "Actual Startup Time": 0.063, "Actual Total Time": 0.064, "Actual Rows": 19, "Actual Loops": 1, "Output": ["supplier_1.s_suppkey"], "Hash Buckets": 1024, "Original Hash Buckets": 1024, "Hash Batches": 1, "Original Hash Batches": 1, "Peak Memory Usage": 9, "Plans": [{"Node Type": "Hash Join", "Parent Relationship": "Outer", "Parallel Aware": false, "Async Capable": false, "Join Type": "Inner", "Startup Cost": 12.14, "Total Cost": 24.21, "Plan Rows": 1, "Plan Width": 4, "Actual Startup Time": 0.007, "Actual Total Time": 0.062, "Actual Rows": 19, "Actual Loops": 1, "Output": ["supplier_1.s_suppkey"], "Inner Unique": false, "Hash Cond": "(supplier_1.s_nationkey = nation_1.n_nationkey)", "Plans": [{"Node Type": "Seq Scan", "Parent Relationship": "Outer", "Parallel Aware": false, "Async Capable": false, "Relation Name": "supplier", "Schema": "pg_temp", "Alias": "supplier_1", "Startup Cost": 0.0, "Total Cost": 11.5, "Plan Rows": 150, "Plan Width": 8, "Actual Startup Time": 0.001, "Actual Total Time": 0.025, "Actual Rows": 518, "Actual Loops": 1, "Output": ["supplier_1.s_suppkey", "supplier_1.s_name", "supplier_1.s_address", "supplier_1.s_nationkey", "supplier_1.s_phone", "supplier_1.s_acctbal", "supplier_1.s_comment"]}, {"Node Type": "Hash", "Parent Relationship": "Inner", "Parallel Aware": false, "Async Capable": false, "Startup Cost": 12.12, "Total Cost": 12.12, "Plan Rows": 1, "Plan Width": 4, "Actual Startup Time": 0.003, "Actual Total Time": 0.003, "Actual Rows": 1, "Actual Loops": 1, "Output": ["nation_1.n_nationkey"], "Hash Buckets": 1024, "Original Hash Buckets": 1024, "Hash Batches": 1, "Original Hash Batches": 1, "Peak Memory Usage": 9, "Plans": [{"Node Type": "Seq Scan", "Parent Relationship": "Outer", "Parallel Aware": false, "Async Capable": false, "Relation Name": "nation", "Schema": "pg_temp", "Alias": "nation_1", "Startup Cost": 0.0, "Total Cost": 12.12, "Plan Rows": 1, "Plan Width": 4, "Actual Startup Time": 0.001, "Actual Total Time": 0.003, "Actual Rows": 1, "Actual Loops": 1, "Output": ["nation_1.n_nationkey"], "Filter": "(nation_1.n_name = 'GERMANY'::bpchar)", "Rows Removed by Filter": 24}]}]}]}]}]}, {"Node Type": "Aggregate", "Strategy": "Sorted", "Partial Mode": "Simple", "Parent Relationship": "Outer", "Parallel Aware": false, "Async Capable": false, "Startup Cost": 36.58, "Total Cost": 36.61, "Plan Rows": 1, "Plan Width": 36, "Actual Startup Time": 0.267, "Actual Total Time": 0.281, "Actual Rows": 21, "Actual Loops": 1, "Output": ["partsupp.ps_partkey", "sum((partsupp.ps_supplycost * (partsupp.ps_availqty)::numeric))"], "Group Key": ["partsupp.ps_partkey"], "Filter": "(sum((partsupp.ps_supplycost * (partsupp.ps_availqty)::numeric)) > $0)", "Rows Removed by Filter": 0, "Plans": [{"Node Type": "Sort", "Parent Relationship": "Outer", "Parallel Aware": false, "Async Capable": false, "Startup Cost": 36.58, "Total Cost": 36.59, "Plan Rows": 1, "Plan Width": 24, "Actual Startup Time": 0.134, "Actual Total Time": 0.136, "Actual Rows": 21, "Actual Loops": 1, "Output": ["partsupp.ps_partkey", "partsupp.ps_supplycost", "partsupp.ps_availqty"], "Sort Key": ["partsupp.ps_partkey"], "Sort Method": "quicksort", "Sort Space Used": 26, "Sort Space Type": "Memory", "Plans": [{"Node Type": "Hash Join", "Parent Relationship": "Outer", "Parallel Aware": false, "Async Capable": false, "Join Type": "Inner", "Startup Cost": 24.22, "Total Cost": 36.57, "Plan Rows": 1, "Plan Width": 24, "Actual Startup Time": 0.075, "Actual Total Time": 0.13, "Actual Rows": 21, "Actual Loops": 1, "Output": ["partsupp.ps_partkey", "partsupp.ps_supplycost", "partsupp.ps_availqty"], "Inner Unique": false, "Hash Cond": "(partsupp.ps_suppkey = supplier.s_suppkey)", "Plans": [{"Node Type": "Seq Scan", "Parent Relationship": "Outer", "Parallel Aware": false, "Async Capable": false, "Relation Name": "partsupp", "Schema": "pg_temp", "Alias": "partsupp", "Startup Cost": 0.0, "Total Cost": 11.7, "Plan Rows": 170, "Plan Width": 28, "Actual Startup Time": 0.004, "Actual Total Time": 0.027, "Actual Rows": 537, "Actual Loops": 1, "Output": ["partsupp.ps_partkey", "partsupp.ps_suppkey", "partsupp.ps_availqty", "partsupp.ps_supplycost", "partsupp.ps_comment"]}, {"Node Type": "Hash", "Parent Relationship": "Inner", "Parallel Aware": false, "Async Capable": false, "Startup Cost": 24.21, "Total Cost": 24.21, "Plan Rows": 1, "Plan Width": 4, "Actual Startup Time": 0.069, "Actual Total Time": 0.069, "Actual Rows": 19, "Actual Loops": 1, "Output": ["supplier.s_suppkey"], "Hash Buckets": 1024, "Original Hash Buckets": 1024, "Hash Batches": 1, "Original Hash Batches": 1, "Peak Memory Usage": 9, "Plans": [{"Node Type": "Hash Join", "Parent Relationship": "Outer", "Parallel Aware": false, "Async Capable": false, "Join Type": "Inner", "Startup Cost": 12.14, "Total Cost": 24.21, "Plan Rows": 1, "Plan Width": 4, "Actual Startup Time": 0.011, "Actual Total Time": 0.067, "Actual Rows": 19, "Actual Loops": 1, "Output": ["supplier.s_suppkey"], "Inner Unique": false, "Hash Cond": "(supplier.s_nationkey = nation.n_nationkey)", "Plans": [{"Node Type": "Seq Scan", "Parent Relationship": "Outer", "Parallel Aware": false, "Async Capable": false, "Relation Name": "supplier", "Schema": "pg_temp", "Alias": "supplier", "Startup Cost": 0.0, "Total Cost": 11.5, "Plan Rows": 150, "Plan Width": 8, "Actual Startup Time": 0.001, "Actual Total Time": 0.027, "Actual Rows": 518, "Actual Loops": 1, "Output": ["supplier.s_suppkey", "supplier.s_name", "supplier.s_address", "supplier.s_nationkey", "supplier.s_phone", "supplier.s_acctbal", "supplier.s_comment"]}, {"Node Type": "Hash", "Parent Relationship": "Inner", "Parallel Aware": false, "Async Capable": false, "Startup Cost": 12.12, "Total Cost": 12.12, "Plan Rows": 1, "Plan Width": 4, "Actual Startup Time": 0.005, "Actual Total Time": 0.005, "Actual Rows": 1, "Actual Loops": 1, "Output": ["nation.n_nationkey"], "Hash Buckets": 1024, "Original Hash Buckets": 1024, "Hash Batches": 1, "Original Hash Batches": 1, "Peak Memory Usage": 9, "Plans": [{"Node Type": "Seq Scan", "Parent Relationship": "Outer", "Parallel Aware": false, "Async Capable": false, "Relation Name": "nation", "Schema": "pg_temp", "Alias": "nation", "Startup Cost": 0.0, "Total Cost": 12.12, "Plan Rows": 1, "Plan Width": 4, "Actual Startup Time": 0.003, "Actual Total Time": 0.004, "Actual Rows": 1, "Actual Loops": 1, "Output": ["nation.n_nationkey"], "Filter": "(nation.n_name = 'GERMANY'::bpchar)", "Rows Removed by Filter": 24}]}]}]}]}]}]}]}, "Planning Time": 0.094, "Triggers": [], "Execution Time": 0.312}]