[{"Plan": {"Node Type": "Aggregate", "Strategy": "Sorted", "Partial Mode": "Simple", "Parallel Aware": false, "Async Capable": false, "Startup Cost": 75.19, "Total Cost": 75.23, "Plan Rows": 1, "Plan Width": 272, "Actual Startup Time": 11.121, "Actual Total Time": 11.123, "Actual Rows": 1, "Actual Loops": 1, "Output": ["n1.n_name", "n2.n_name", "(EXTRACT(year FROM lineitem.l_shipdate))", "sum((lineitem.l_extendedprice * ('1'::numeric - lineitem.l_discount)))"], "Group Key": ["n1.n_name", "n2.n_name", "(EXTRACT(year FROM lineitem.l_shipdate))"], "Plans": [{"Node Type": "Sort", "Parent Relationship": "Outer", "Parallel Aware": false, "Async Capable": false, "Startup Cost": 75.19, "Total Cost": 75.2, "Plan Rows": 1, "Plan Width": 272, "Actual Startup Time": 11.116, "Actual Total Time": 11.118, "Actual Rows": 1, "Actual Loops": 1, "Output": ["n1.n_name", "n2.n_name", "(EXTRACT(year FROM lineitem.l_shipdate))", "lineitem.l_extendedprice", "lineitem.l_discount"], "Sort Key": ["n1.n_name", "n2.n_name", "(EXTRACT(year FROM lineitem.l_shipdate))"], "Sort Method": "quicksort", "Sort Space Used": 25, "Sort Space Type": "Memory", "Plans": [{"Node Type": "Nested Loop", "Parent Relationship": "Outer", "Parallel Aware": false, "Async Capable": false, "Join Type": "Inner", "Startup Cost": 37.12, "Total Cost": 75.18, "Plan Rows": 1, "Plan Width": 272, "Actual Startup Time": 1.786, "Actual Total Time": 11.112, "Actual Rows": 1, "Actual Loops": 1, "Output": ["n1.n_name", "n2.n_name", "EXTRACT(year FROM lineitem.l_shipdate)", "lineitem.l_extendedprice", "lineitem.l_discount"], "Inner Unique": false, "Join Filter": "((supplier.s_suppkey = lineitem.l_suppkey) AND (((n1.n_name = 'FRANCE'::bpchar) AND (n2.n_name = 'GERMANY'::bpchar)) OR ((n1.n_name = 'GERMANY'::bpchar) AND (n2.n_name = 'FRANCE'::bpchar))))", "Rows Removed by Join Filter": 1319, "Plans": [{"Node Type": "Nested Loop", "Parent Relationship": "Outer", "Parallel Aware": false, "Async Capable": false, "Join Type": "Inner", "Startup Cost": 24.55, "Total Cost": 50.48, "Plan Rows": 1, "Plan Width": 144, "Actual Startup Time": 0.157, "Actual Total Time": 7.344, "Actual Rows": 30, "Actual Loops": 1, "Output": ["lineitem.l_shipdate", "lineitem.l_extendedprice", "lineitem.l_discount", "lineitem.l_suppkey", "n2.n_name"], "Inner Unique": false, "Join Filter": "(orders.o_orderkey = lineitem.l_orderkey)", "Rows Removed by Join Filter": 2862, "Plans": [{"Node Type": "Seq Scan", "Parent Relationship": "Outer", "Parallel Aware": false, "Async Capable": false, "Relation Name": "lineitem", "Schema": "pg_temp", "Alias": "lineitem", "Startup Cost": 0.0, "Total Cost": 13.0, "Plan Rows": 1, "Plan Width": 44, "Actual Startup Time": 0.01, "Actual Total Time": 0.124, "Actual Rows": 241, "Actual Loops": 1, "Output": ["lineitem.l_orderkey", "lineitem.l_partkey", "lineitem.l_suppkey", "lineitem.l_linenumber", "lineitem.l_quantity", "lineitem.l_extendedprice", "lineitem.l_discount", "lineitem.l_tax", "lineitem.l_returnflag", "lineitem.l_linestatus", "lineitem.l_shipdate", "lineitem.l_commitdate", "lineitem.l_receiptdate", "lineitem.l_shipinstruct", "lineitem.l_shipmode", "lineitem.l_comment"], "Filter": "((lineitem.l_shipdate >= '1995-01-01'::date) AND (lineitem.l_shipdate <= '1996-12-31'::date))", "Rows Removed by Filter": 331}, {"Node Type": "Hash Join", "Parent Relationship": "Inner", "Parallel Aware": false, "Async Capable": false, "Join Type": "Inner", "Startup Cost": 24.55, "Total Cost": 37.45, "Plan Rows": 2, "Plan Width": 108, "Actual Startup Time": 0.004, "Actual Total Time": 0.029, "Actual Rows": 12, "Actual Loops": 241, "Output": ["orders.o_orderkey", "n2.n_name"], "Inner Unique": false, "Hash Cond": "(orders.o_custkey = customer.c_custkey)", "Plans": [{"Node Type": "Seq Scan", "Parent Relationship": "Outer", "Parallel Aware": false, "Async Capable": false, "Relation Name": "orders", "Schema": "pg_temp", "Alias": "orders", "Startup Cost": 0.0, "Total Cost": 12.1, "Plan Rows": 210, "Plan Width": 8, "Actual Startup Time": 0.002, "Actual Total Time": 0.013, "Actual Rows": 128, "Actual Loops": 241, "Output": ["orders.o_orderkey", "orders.o_custkey", "orders.o_orderstatus", "orders.o_totalprice", "orders.o_orderdate", "orders.o_orderpriority", "orders.o_clerk", "orders.o_shippriority", "orders.o_comment"]}, {"Node Type": "Hash", "Parent Relationship": "Inner", "Parallel Aware": false, "Async Capable": false, "Startup Cost": 24.52, "Total Cost": 24.52, "Plan Rows": 2, "Plan Width": 108, "Actual Startup Time": 0.06, "Actual Total Time": 0.061, "Actual Rows": 12, "Actual Loops": 1, "Output": ["customer.c_custkey", "n2.n_name"], "Hash Buckets": 1024, "Original Hash Buckets": 1024, "Hash Batches": 1, "Original Hash Batches": 1, "Peak Memory Usage": 9, "Plans": [{"Node Type": "Hash Join", "Parent Relationship": "Outer", "Parallel Aware": false, "Async Capable": false, "Join Type": "Inner", "Startup Cost": 12.58, "Total Cost": 24.52, "Plan Rows": 2, "Plan Width": 108, "Actual Startup Time": 0.027, "Actual Total Time": 0.057, "Actual Rows": 12, "Actual Loops": 1, "Output": ["customer.c_custkey", "n2.n_name"], "Inner Unique": false, "Hash Cond": "(customer.c_nationkey = n2.n_nationkey)", "Plans": [{"Node Type": "Seq Scan", "Parent Relationship": "Outer", "Parallel Aware": false, "Async Capable": false, "Relation Name": "customer", "Schema": "pg_temp", "Alias": "customer", "Startup Cost": 0.0, "Total Cost": 11.4, "Plan Rows": 140, "Plan Width": 8, "Actual Startup Time": 0.003, "Actual Total Time": 0.015, "Actual Rows": 129, "Actual Loops": 1, "Output": ["customer.c_custkey", "customer.c_name", "customer.c_address", "customer.c_nationkey", "customer.c_phone", "customer.c_acctbal", "customer.c_mktsegment", "customer.c_comment"]}, {"Node Type": "Hash", "Parent Relationship": "Inner", "Parallel Aware": false, "Async Capable": false, "Startup Cost": 12.55, "Total Cost": 12.55, "Plan Rows": 2, "Plan Width": 108, "Actual Startup Time": 0.012, "Actual Total Time": 0.013, "Actual Rows": 2, "Actual Loops": 1, "Output": ["n2.n_name", "n2.n_nationkey"], "Hash Buckets": 1024, "Original Hash Buckets": 1024, "Hash Batches": 1, "Original Hash Batches": 1, "Peak Memory Usage": 9, "Plans": [{"Node Type": "Seq Scan", "Parent Relationship": "Outer", "Parallel Aware": false, "Async Capable": false, "Relation Name": "nation", "Schema": "pg_temp", "Alias": "n2", "Startup Cost": 0.0, "Total Cost": 12.55, "Plan Rows": 2, "Plan Width": 108, "Actual Startup Time": 0.005, "Actual Total Time": 0.009, "Actual Rows": 2, "Actual Loops": 1, "Output": ["n2.n_name", "n2.n_nationkey"], "Filter": "((n2.n_name = 'GERMANY'::bpchar) OR (n2.n_name = 'FRANCE'::bpchar))", "Rows Removed by Filter": 23}]}]}]}]}]}, {"Node Type": "Hash Join", "Parent Relationship": "Inner", "Parallel Aware": false, "Async Capable": false, "Join Type": "Inner", "Startup Cost": 12.58, "Total Cost": 24.66, "Plan Rows": 2, "Plan Width": 108, "Actual Startup Time": 0.007, "Actual Total Time": 0.122, "Actual Rows": 44, "Actual Loops": 30, "Output": ["supplier.s_suppkey", "n1.n_name"], "Inner Unique": false, "Hash Cond": "(supplier.s_nationkey = n1.n_nationkey)", "Plans": [{"Node Type": "Seq Scan", "Parent Relationship": "Outer", "Parallel Aware": false, "Async Capable": false, "Relation Name": "supplier", "Schema": "pg_temp", "Alias": "supplier", "Startup Cost": 0.0, "Total Cost": 11.5, "Plan Rows": 150, "Plan Width": 8, "Actual Startup Time": 0.002, "Actual Total Time": 0.051, "Actual Rows": 518, "Actual Loops": 30, "Output": ["supplier.s_suppkey", "supplier.s_name", "supplier.s_address", "supplier.s_nationkey", "supplier.s_phone", "supplier.s_acctbal", "supplier.s_comment"]}, {"Node Type": "Hash", "Parent Relationship": "Inner", "Parallel Aware": false, "Async Capable": false, "Startup Cost": 12.55, "Total Cost": 12.55, "Plan Rows": 2, "Plan Width": 108, "Actual Startup Time": 0.009, "Actual Total Time": 0.009, "Actual Rows": 2, "Actual Loops": 1, "Output": ["n1.n_name", "n1.n_nationkey"], "Hash Buckets": 1024, "Original Hash Buckets": 1024, "Hash Batches": 1, "Original Hash Batches": 1, "Peak Memory Usage": 9, "Plans": [{"Node Type": "Seq Scan", "Parent Relationship": "Outer", "Parallel Aware": false, "Async Capable": false, "Relation Name": "nation", "Schema": "pg_temp", "Alias": "n1", "Startup Cost": 0.0, "Total Cost": 12.55, "Plan Rows": 2, "Plan Width": 108, "Actual Startup Time": 0.004, "Actual Total Time": 0.008, "Actual Rows": 2, "Actual Loops": 1, "Output": ["n1.n_name", "n1.n_nationkey"], "Filter": "((n1.n_name = 'FRANCE'::bpchar) OR (n1.n_name = 'GERMANY'::bpchar))", "Rows Removed by Filter": 23}]}]}]}]}]}, "Planning Time": 0.498, "Triggers": [], "Execution Time": 11.17}]