[{"Plan": {"Node Type": "Sort", "Parallel Aware": false, "Async Capable": false, "Startup Cost": 74.5, "Total Cost": 74.51, "Plan Rows": 1, "Plan Width": 136, "Actual Startup Time": 5.384, "Actual Total Time": 5.385, "Actual Rows": 1, "Actual Loops": 1, "Output": ["nation.n_name", "(sum((lineitem.l_extendedprice * ('1'::numeric - lineitem.l_discount))))"], "Sort Key": ["(sum((lineitem.l_extendedprice * ('1'::numeric - lineitem.l_discount)))) DESC"], "Sort Method": "quicksort", "Sort Space Used": 25, "Sort Space Type": "Memory", "Plans": [{"Node Type": "Aggregate", "Strategy": "Sorted", "Partial Mode": "Simple", "Parent Relationship": "Outer", "Parallel Aware": false, "Async Capable": false, "Startup Cost": 74.47, "Total Cost": 74.49, "Plan Rows": 1, "Plan Width": 136, "Actual Startup Time": 5.374, "Actual Total Time": 5.376, "Actual Rows": 1, "Actual Loops": 1, "Output": ["nation.n_name", "sum((lineitem.l_extendedprice * ('1'::numeric - lineitem.l_discount)))"], "Group Key": ["nation.n_name"], "Plans": [{"Node Type": "Sort", "Parent Relationship": "Outer", "Parallel Aware": false, "Async Capable": false, "Startup Cost": 74.47, "Total Cost": 74.47, "Plan Rows": 1, "Plan Width": 136, "Actual Startup Time": 5.37, "Actual Total Time": 5.371, "Actual Rows": 1, "Actual Loops": 1, "Output": ["nation.n_name", "lineitem.l_extendedprice", "lineitem.l_discount"], "Sort Key": ["nation.n_name"], "Sort Method": "quicksort", "Sort Space Used": 25, "Sort Space Type": "Memory", "Plans": [{"Node Type": "Nested Loop", "Parent Relationship": "Outer", "Parallel Aware": false, "Async Capable": false, "Join Type": "Inner", "Startup Cost": 48.53, "Total Cost": 74.45, "Plan Rows": 1, "Plan Width": 136, "Actual Startup Time": 2.706, "Actual Total Time": 5.368, "Actual Rows": 1, "Actual Loops": 1, "Output": ["nation.n_name", "lineitem.l_extendedprice", "lineitem.l_discount"], "Inner Unique": false, "Join Filter": "((customer.c_custkey = orders.o_custkey) AND (lineitem.l_orderkey = orders.o_orderkey))", "Rows Removed by Join Filter": 18251, "Plans": [{"Node Type": "Hash Join", "Parent Relationship": "Outer", "Parallel Aware": false, "Async Capable": false, "Join Type": "Inner", "Startup Cost": 48.53, "Total Cost": 61.29, "Plan Rows": 1, "Plan Width": 144, "Actual Startup Time": 0.194, "Actual Total Time": 0.306, "Actual Rows": 468, "Actual Loops": 1, "Output": ["customer.c_custkey", "lineitem.l_extendedprice", "lineitem.l_discount", "lineitem.l_orderkey", "nation.n_name"], "Inner Unique": false, "Hash Cond": "(lineitem.l_suppkey = supplier.s_suppkey)", "Plans": [{"Node Type": "Seq Scan", "Parent Relationship": "Outer", "Parallel Aware": false, "Async Capable": false, "Relation Name": "lineitem", "Schema": "pg_temp", "Alias": "lineitem", "Startup Cost": 0.0, "Total Cost": 12.0, "Plan Rows": 200, "Plan Width": 40, "Actual Startup Time": 0.005, "Actual Total Time": 0.033, "Actual Rows": 572, "Actual Loops": 1, "Output": ["lineitem.l_orderkey", "lineitem.l_partkey", "lineitem.l_suppkey", "lineitem.l_linenumber", "lineitem.l_quantity", "lineitem.l_extendedprice", "lineitem.l_discount", "lineitem.l_tax", "lineitem.l_returnflag", "lineitem.l_linestatus", "lineitem.l_shipdate", "lineitem.l_commitdate", "lineitem.l_receiptdate", "lineitem.l_shipinstruct", "lineitem.l_shipmode", "lineitem.l_comment"]}, {"Node Type": "Hash", "Parent Relationship": "Inner", "Parallel Aware": false, "Async Capable": false, "Startup Cost": 48.52, "Total Cost": 48.52, "Plan Rows": 1, "Plan Width": 112, "Actual Startup Time": 0.185, "Actual Total Time": 0.186, "Actual Rows": 460, "Actual Loops": 1, "Output": ["customer.c_custkey", "supplier.s_suppkey", "nation.n_name"], "Hash Buckets": 1024, "Original Hash Buckets": 1024, "Hash Batches": 1, "Original Hash Batches": 1, "Peak Memory Usage": 38, "Plans": [{"Node Type": "Hash Join", "Parent Relationship": "Outer", "Parallel Aware": false, "Async Capable": false, "Join Type": "Inner", "Startup Cost": 36.45, "Total Cost": 48.52, "Plan Rows": 1, "Plan Width": 112, "Actual Startup Time": 0.038, "Actual Total Time": 0.139, "Actual Rows": 460, "Actual Loops": 1, "Output": ["customer.c_custkey", "supplier.s_suppkey", "nation.n_name"], "Inner Unique": false, "Hash Cond": "(supplier.s_nationkey = customer.c_nationkey)", "Plans": [{"Node Type": "Seq Scan", "Parent Relationship": "Outer", "Parallel Aware": false, "Async Capable": false, "Relation Name": "supplier", "Schema": "pg_temp", "Alias": "supplier", "Startup Cost": 0.0, "Total Cost": 11.5, "Plan Rows": 150, "Plan Width": 8, "Actual Startup Time": 0.002, "Actual Total Time": 0.028, "Actual Rows": 518, "Actual Loops": 1, "Output": ["supplier.s_suppkey", "supplier.s_name", "supplier.s_address", "supplier.s_nationkey", "supplier.s_phone", "supplier.s_acctbal", "supplier.s_comment"]}, {"Node Type": "Hash", "Parent Relationship": "Inner", "Parallel Aware": false, "Async Capable": false, "Startup Cost": 36.43, "Total Cost": 36.43, "Plan Rows": 1, "Plan Width": 116, "Actual Startup Time": 0.035, "Actual Total Time": 0.035, "Actual Rows": 21, "Actual Loops": 1, "Output": ["customer.c_custkey", "customer.c_nationkey", "nation.n_name", "nation.n_nationkey"], "Hash Buckets": 1024, "Original Hash Buckets": 1024, "Hash Batches": 1, "Original Hash Batches": 1, "Peak Memory Usage": 10, "Plans": [{"Node Type": "Hash Join", "Parent Relationship": "Outer", "Parallel Aware": false, "Async Capable": false, "Join Type": "Inner", "Startup Cost": 24.5, "Total Cost": 36.43, "Plan Rows": 1, "Plan Width": 116, "Actual Startup Time": 0.016, "Actual Total Time": 0.033, "Actual Rows": 21, "Actual Loops": 1, "Output": ["customer.c_custkey", "customer.c_nationkey", "nation.n_name", "nation.n_nationkey"], "Inner Unique": false, "Hash Cond": "(customer.c_nationkey = nation.n_nationkey)", "Plans": [{"Node Type": "Seq Scan", "Parent Relationship": "Outer", "Parallel Aware": false, "Async Capable": false, "Relation Name": "customer", "Schema": "pg_temp", "Alias": "customer", "Startup Cost": 0.0, "Total Cost": 11.4, "Plan Rows": 140, "Plan Width": 8, "Actual Startup Time": 0.002, "Actual Total Time": 0.008, "Actual Rows": 129, "Actual Loops": 1, "Output": ["customer.c_custkey", "customer.c_name", "customer.c_address", "customer.c_nationkey", "customer.c_phone", "customer.c_acctbal", "customer.c_mktsegment", "customer.c_comment"]}, {"Node Type": "Hash", "Parent Relationship": "Inner", "Parallel Aware": false, "Async Capable": false, "Startup Cost": 24.48, "Total Cost": 24.48, "Plan Rows": 1, "Plan Width": 108, "Actual Startup Time": 0.012, "Actual Total Time": 0.013, "Actual Rows": 5, "Actual Loops": 1, "Output": ["nation.n_name", "nation.n_nationkey"], "Hash Buckets": 1024, "Original Hash Buckets": 1024, "Hash Batches": 1, "Original Hash Batches": 1, "Peak Memory Usage": 9, "Plans": [{"Node Type": "Hash Join", "Parent Relationship": "Outer", "Parallel Aware": false, "Async Capable": false, "Join Type": "Inner", "Startup Cost": 12.14, "Total Cost": 24.48, "Plan Rows": 1, "Plan Width": 108, "Actual Startup Time": 0.009, "Actual Total Time": 0.012, "Actual Rows": 5, "Actual Loops": 1, "Output": ["nation.n_name", "nation.n_nationkey"], "Inner Unique": false, "Hash Cond": "(nation.n_regionkey = region.r_regionkey)", "Plans": [{"Node Type": "Seq Scan", "Parent Relationship": "Outer", "Parallel Aware": false, "Async Capable": false, "Relation Name": "nation", "Schema": "pg_temp", "Alias": "nation", "Startup Cost": 0.0, "Total Cost": 11.7, "Plan Rows": 170, "Plan Width": 112, "Actual Startup Time": 0.001, "Actual Total Time": 0.002, "Actual Rows": 25, "Actual Loops": 1, "Output": ["nation.n_nationkey", "nation.n_name", "nation.n_regionkey", "nation.n_comment"]}, {"Node Type": "Hash", "Parent Relationship": "Inner", "Parallel Aware": false, "Async Capable": false, "Startup Cost": 12.12, "Total Cost": 12.12, "Plan Rows": 1, "Plan Width": 4, "Actual Startup Time": 0.004, "Actual Total Time": 0.005, "Actual Rows": 1, "Actual Loops": 1, "Output": ["region.r_regionkey"], "Hash Buckets": 1024, "Original Hash Buckets": 1024, "Hash Batches": 1, "Original Hash Batches": 1, "Peak Memory Usage": 9, "Plans": [{"Node Type": "Seq Scan", "Parent Relationship": "Outer", "Parallel Aware": false, "Async Capable": false, "Relation Name": "region", "Schema": "pg_temp", "Alias": "region", "Startup Cost": 0.0, "Total Cost": 12.12, "Plan Rows": 1, "Plan Width": 4, "Actual Startup Time": 0.002, "Actual Total Time": 0.003, "Actual Rows": 1, "Actual Loops": 1, "Output": ["region.r_regionkey"], "Filter": "(region.r_name = 'ASIA'::bpchar)", "Rows Removed by Filter": 4}]}]}]}]}]}]}]}]}, {"Node Type": "Seq Scan", "Parent Relationship": "Inner", "Parallel Aware": false, "Async Capable": false, "Relation Name": "orders", "Schema": "pg_temp", "Alias": "orders", "Startup Cost": 0.0, "Total Cost": 13.15, "Plan Rows": 1, "Plan Width": 8, "Actual Startup Time": 0.001, "Actual Total Time": 0.009, "Actual Rows": 39, "Actual Loops": 468, "Output": ["orders.o_orderkey", "orders.o_custkey", "orders.o_orderstatus", "orders.o_totalprice", "orders.o_orderdate", "orders.o_orderpriority", "orders.o_clerk", "orders.o_shippriority", "orders.o_comment"], "Filter": "((orders.o_orderdate >= '1994-01-01'::date) AND (orders.o_orderdate < '1995-01-01'::date))", "Rows Removed by Filter": 89}]}]}]}]}, "Planning Time": 0.292, "Triggers": [], "Execution Time": 5.414}]