[{"Plan": {"Node Type": "Aggregate", "Strategy": "Sorted", "Partial Mode": "Simple", "Parallel Aware": false, "Async Capable": false, "Startup Cost": 27.42, "Total Cost": 27.45, "Plan Rows": 1, "Plan Width": 60, "Actual Startup Time": 0.116, "Actual Total Time": 0.117, "Actual Rows": 2, "Actual Loops": 1, "Output": ["lineitem.l_shipmode", "sum(CASE WHEN ((orders.o_orderpriority = '1-URGENT'::bpchar) OR (orders.o_orderpriority = '2-HIGH'::bpchar)) THEN 1 ELSE 0 END)", "sum(CASE WHEN ((orders.o_orderpriority <> '1-URGENT'::bpchar) AND (orders.o_orderpriority <> '2-HIGH'::bpchar)) THEN 1 ELSE 0 END)"], "Group Key": ["lineitem.l_shipmode"], "Plans": [{"Node Type": "Sort", "Parent Relationship": "Outer", "Parallel Aware": false, "Async Capable": false, "Startup Cost": 27.42, "Total Cost": 27.42, "Plan Rows": 1, "Plan Width": 108, "Actual Startup Time": 0.112, "Actual Total Time": 0.113, "Actual Rows": 2, "Actual Loops": 1, "Output": ["lineitem.l_shipmode", "orders.o_orderpriority"], "Sort Key": ["lineitem.l_shipmode"], "Sort Method": "quicksort", "Sort Space Used": 25, "Sort Space Type": "Memory", "Plans": [{"Node Type": "Hash Join", "Parent Relationship": "Outer", "Parallel Aware": false, "Async Capable": false, "Join Type": "Inner", "Startup Cost": 14.51, "Total Cost": 27.41, "Plan Rows": 1, "Plan Width": 108, "Actual Startup Time": 0.101, "Actual Total Time": 0.109, "Actual Rows": 2, "Actual Loops": 1, "Output": ["lineitem.l_shipmode", "orders.o_orderpriority"], "Inner Unique": false, "Hash Cond": "(orders.o_orderkey = lineitem.l_orderkey)", "Plans": [{"Node Type": "Seq Scan", "Parent Relationship": "Outer", "Parallel Aware": false, "Async Capable": false, "Relation Name": "orders", "Schema": "pg_temp", "Alias": "orders", "Startup Cost": 0.0, "Total Cost": 12.1, "Plan Rows": 210, "Plan Width": 68, "Actual Startup Time": 0.004, "Actual Total Time": 0.009, "Actual Rows": 128, "Actual Loops": 1, "Output": ["orders.o_orderkey", "orders.o_custkey", "orders.o_orderstatus", "orders.o_totalprice", "orders.o_orderdate", "orders.o_orderpriority", "orders.o_clerk", "orders.o_shippriority", "orders.o_comment"]}, {"Node Type": "Hash", "Parent Relationship": "Inner", "Parallel Aware": false, "Async Capable": false, "Startup Cost": 14.5, "Total Cost": 14.5, "Plan Rows": 1, "Plan Width": 48, "Actual Startup Time": 0.089, "Actual Total Time": 0.089, "Actual Rows": 2, "Actual Loops": 1, "Output": ["lineitem.l_shipmode", "lineitem.l_orderkey"], "Hash Buckets": 1024, "Original Hash Buckets": 1024, "Hash Batches": 1, "Original Hash Batches": 1, "Peak Memory Usage": 9, "Plans": [{"Node Type": "Seq Scan", "Parent Relationship": "Outer", "Parallel Aware": false, "Async Capable": false, "Relation Name": "lineitem", "Schema": "pg_temp", "Alias": "lineitem", "Startup Cost": 0.0, "Total Cost": 14.5, "Plan Rows": 1, "Plan Width": 48, "Actual Startup Time": 0.04, "Actual Total Time": 0.087, "Actual Rows": 2, "Actual Loops": 1, "Output": ["lineitem.l_shipmode", "lineitem.l_orderkey"], "Filter": "((lineitem.l_shipmode = ANY ('{MAIL,SHIP}'::bpchar[])) AND (lineitem.l_commitdate < lineitem.l_receiptdate) AND (lineitem.l_shipdate < lineitem.l_commitdate) AND (lineitem.l_receiptdate >= '1994-01-01'::date) AND (lineitem.l_receiptdate < '1995-01-01'::date))", "Rows Removed by Filter": 570}]}]}]}]}, "Planning Time": 0.061, "Triggers": [], "Execution Time": 0.134}]