[{"Plan": {"Node Type": "Aggregate", "Strategy": "Sorted", "Partial Mode": "Simple", "Parallel Aware": false, "Async Capable": false, "Startup Cost": 42.14, "Total Cost": 42.17, "Plan Rows": 1, "Plan Width": 72, "Actual Startup Time": 0.452, "Actual Total Time": 0.454, "Actual Rows": 1, "Actual Loops": 1, "Output": ["(SUBSTRING(customer.c_phone FROM 1 FOR 2))", "count(*)", "sum(customer.c_acctbal)"], "Group Key": ["(SUBSTRING(customer.c_phone FROM 1 FOR 2))"], "Plans": [{"Node Type": "Aggregate", "Strategy": "Plain", "Partial Mode": "Simple", "Parent Relationship": "InitPlan", "Subplan Name": "InitPlan 1 (returns $0)", "Parallel Aware": false, "Async Capable": false, "Startup Cost": 13.68, "Total Cost": 13.69, "Plan Rows": 1, "Plan Width": 32, "Actual Startup Time": 0.179, "Actual Total Time": 0.18, "Actual Rows": 1, "Actual Loops": 1, "Output": ["avg(customer_1.c_acctbal)"], "Plans": [{"Node Type": "Seq Scan", "Parent Relationship": "Outer", "Parallel Aware": false, "Async Capable": false, "Relation Name": "customer", "Schema": "pg_temp", "Alias": "customer_1", "Startup Cost": 0.0, "Total Cost": 13.68, "Plan Rows": 2, "Plan Width": 16, "Actual Startup Time": 0.015, "Actual Total Time": 0.161, "Actual Rows": 37, "Actual Loops": 1, "Output": ["customer_1.c_custkey", "customer_1.c_name", "customer_1.c_address", "customer_1.c_nationkey", "customer_1.c_phone", "customer_1.c_acctbal", "customer_1.c_mktsegment", "customer_1.c_comment"], "Filter": "((customer_1.c_acctbal > 0.00) AND (SUBSTRING(customer_1.c_phone FROM 1 FOR 2) = ANY ('{13,31,23,29,30,18,17}'::text[])))", "Rows Removed by Filter": 92}]}, {"Node Type": "Sort", "Parent Relationship": "Outer", "Parallel Aware": false, "Async Capable": false, "Startup Cost": 28.45, "Total Cost": 28.45, "Plan Rows": 1, "Plan Width": 48, "Actual Startup Time": 0.444, "Actual Total Time": 0.445, "Actual Rows": 1, "Actual Loops": 1, "Output": ["(SUBSTRING(customer.c_phone FROM 1 FOR 2))", "customer.c_acctbal"], "Sort Key": ["(SUBSTRING(customer.c_phone FROM 1 FOR 2))"], "Sort Method": "quicksort", "Sort Space Used": 25, "Sort Space Type": "Memory", "Plans": [{"Node Type": "Hash Join", "Parent Relationship": "Outer", "Parallel Aware": false, "Async Capable": false, "Join Type": "Anti", "Startup Cost": 14.72, "Total Cost": 28.44, "Plan Rows": 1, "Plan Width": 48, "Actual Startup Time": 0.361, "Actual Total Time": 0.417, "Actual Rows": 1, "Actual Loops": 1, "Output": ["SUBSTRING(customer.c_phone FROM 1 FOR 2)", "customer.c_acctbal"], "Inner Unique": false, "Hash Cond": "(customer.c_custkey = orders.o_custkey)", "Plans": [{"Node Type": "Seq Scan", "Parent Relationship": "Outer", "Parallel Aware": false, "Async Capable": false, "Relation Name": "customer", "Schema": "pg_temp", "Alias": "customer", "Startup Cost": 0.0, "Total Cost": 13.68, "Plan Rows": 2, "Plan Width": 84, "Actual Startup Time": 0.195, "Actual Total Time": 0.291, "Actual Rows": 20, "Actual Loops": 1, "Output": ["customer.c_custkey", "customer.c_name", "customer.c_address", "customer.c_nationkey", "customer.c_phone", "customer.c_acctbal", "customer.c_mktsegment", "customer.c_comment"], "Filter": "((customer.c_acctbal > $0) AND (SUBSTRING(customer.c_phone FROM 1 FOR 2) = ANY ('{13,31,23,29,30,18,17}'::text[])))", "Rows Removed by Filter": 109}, {"Node Type": "Hash", "Parent Relationship": "Inner", "Parallel Aware": false, "Async Capable": false, "Startup Cost": 12.1, "Total Cost": 12.1, "Plan Rows": 210, "Plan Width": 4, "Actual Startup Time": 0.109, "Actual Total Time": 0.109, "Actual Rows": 128, "Actual Loops": 1, "Output": ["orders.o_custkey"], "Hash Buckets": 1024, "Original Hash Buckets": 1024, "Hash Batches": 1, "Original Hash Batches": 1, "Peak Memory Usage": 13, "Plans": [{"Node Type": "Seq Scan", "Parent Relationship": "Outer", "Parallel Aware": false, "Async Capable": false, "Relation Name": "orders", "Schema": "pg_temp", "Alias": "orders", "Startup Cost": 0.0, "Total Cost": 12.1, "Plan Rows": 210, "Plan Width": 4, "Actual Startup Time": 0.006, "Actual Total Time": 0.033, "Actual Rows": 128, "Actual Loops": 1, "Output": ["orders.o_custkey"]}]}]}]}]}, "Planning Time": 0.454, "Triggers": [], "Execution Time": 0.513}]