[{"Plan": {"Node Type": "Aggregate", "Strategy": "Plain", "Partial Mode": "Simple", "Parallel Aware": false, "Async Capable": false, "Startup Cost": 14.51, "Total Cost": 14.52, "Plan Rows": 1, "Plan Width": 32, "Actual Startup Time": 0.252, "Actual Total Time": 0.253, "Actual Rows": 1, "Actual Loops": 1, "Output": ["sum((l_extendedprice * l_discount))"], "Plans": [{"Node Type": "Seq Scan", "Parent Relationship": "Outer", "Parallel Aware": false, "Async Capable": false, "Relation Name": "lineitem", "Schema": "pg_temp", "Alias": "lineitem", "Startup Cost": 0.0, "Total Cost": 14.5, "Plan Rows": 1, "Plan Width": 32, "Actual Startup Time": 0.042, "Actual Total Time": 0.232, "Actual Rows": 20, "Actual Loops": 1, "Output": ["l_orderkey", "l_partkey", "l_suppkey", "l_linenumber", "l_quantity", "l_extendedprice", "l_discount", "l_tax", "l_returnflag", "l_linestatus", "l_shipdate", "l_commitdate", "l_receiptdate", "l_shipinstruct", "l_shipmode", "l_comment"], "Filter": "((lineitem.l_shipdate >= '1994-01-01'::date) AND (lineitem.l_shipdate < '1995-01-01'::date) AND (lineitem.l_discount >= 0.05) AND (lineitem.l_discount <= 0.07) AND (lineitem.l_quantity < '24'::numeric))", "Rows Removed by Filter": 552}]}, "Planning Time": 0.088, "Triggers": [], "Execution Time": 0.28}]