[{"Plan": {"Node Type": "Sort", "Parallel Aware": false, "Async Capable": false, "Startup Cost": 40.03, "Total Cost": 40.04, "Plan Rows": 4, "Plan Width": 124, "Actual Startup Time": 1.059, "Actual Total Time": 1.068, "Actual Rows": 81, "Actual Loops": 1, "Output": ["part.p_brand", "part.p_type", "part.p_size", "(count(DISTINCT partsupp.ps_suppkey))"], "Sort Key": ["(count(DISTINCT partsupp.ps_suppkey)) DESC", "part.p_brand", "part.p_type", "part.p_size"], "Sort Method": "quicksort", "Sort Space Used": 31, "Sort Space Type": "Memory", "Plans": [{"Node Type": "Aggregate", "Strategy": "Sorted", "Partial Mode": "Simple", "Parent Relationship": "Outer", "Parallel Aware": false, "Async Capable": false, "Startup Cost": 39.9, "Total Cost": 39.99, "Plan Rows": 4, "Plan Width": 124, "Actual Startup Time": 0.838, "Actual Total Time": 0.979, "Actual Rows": 81, "Actual Loops": 1, "Output": ["part.p_brand", "part.p_type", "part.p_size", "count(DISTINCT partsupp.ps_suppkey)"], "Group Key": ["part.p_brand", "part.p_type", "part.p_size"], "Plans": [{"Node Type": "Sort", "Parent Relationship": "Outer", "Parallel Aware": false, "Async Capable": false, "Startup Cost": 39.9, "Total Cost": 39.91, "Plan Rows": 4, "Plan Width": 120, "Actual Startup Time": 0.828, "Actual Total Time": 0.836, "Actual Rows": 81, "Actual Loops": 1, "Output": ["part.p_brand", "part.p_type", "part.p_size", "partsupp.ps_suppkey"], "Sort Key": ["part.p_brand", "part.p_type", "part.p_size"], "Sort Method": "quicksort", "Sort Space Used": 31, "Sort Space Type": "Memory", "Plans": [{"Node Type": "Hash Join", "Parent Relationship": "Outer", "Parallel Aware": false, "Async Capable": false, "Join Type": "Inner", "Startup Cost": 27.38, "Total Cost": 39.86, "Plan Rows": 4, "Plan Width": 120, "Actual Startup Time": 0.447, "Actual Total Time": 0.632, "Actual Rows": 81, "Actual Loops": 1, "Output": ["part.p_brand", "part.p_type", "part.p_size", "partsupp.ps_suppkey"], "Inner Unique": false, "Hash Cond": "(partsupp.ps_partkey = part.p_partkey)", "Plans": [{"Node Type": "Seq Scan", "Parent Relationship": "Outer", "Parallel Aware": false, "Async Capable": false, "Relation Name": "partsupp", "Schema": "pg_temp", "Alias": "partsupp", "Startup Cost": 11.88, "Total Cost": 24.0, "Plan Rows": 85, "Plan Width": 8, "Actual Startup Time": 0.151, "Actual Total Time": 0.256, "Actual Rows": 537, "Actual Loops": 1, "Output": ["partsupp.ps_partkey", "partsupp.ps_suppkey", "partsupp.ps_availqty", "partsupp.ps_supplycost", "partsupp.ps_comment"], "Filter": "(NOT (hashed SubPlan 1))", "Rows Removed by Filter": 0, "Plans": [{"Node Type": "Seq Scan", "Parent Relationship": "SubPlan", "Subplan Name": "SubPlan 1", "Parallel Aware": false, "Async Capable": false, "Relation Name": "supplier", "Schema": "pg_temp", "Alias": "supplier", "Startup Cost": 0.0, "Total Cost": 11.88, "Plan Rows": 1, "Plan Width": 4, "Actual Startup Time": 0.136, "Actual Total Time": 0.136, "Actual Rows": 0, "Actual Loops": 1, "Output": ["supplier.s_suppkey"], "Filter": "((supplier.s_comment)::text ~~ '%Customer%Complaints%'::text)", "Rows Removed by Filter": 518}]}, {"Node Type": "Hash", "Parent Relationship": "Inner", "Parallel Aware": false, "Async Capable": false, "Startup Cost": 15.4, "Total Cost": 15.4, "Plan Rows": 8, "Plan Width": 120, "Actual Startup Time": 0.283, "Actual Total Time": 0.283, "Actual Rows": 81, "Actual Loops": 1, "Output": ["part.p_brand", "part.p_type", "part.p_size", "part.p_partkey"], "Hash Buckets": 1024, "Original Hash Buckets": 1024, "Hash Batches": 1, "Original Hash Batches": 1, "Peak Memory Usage": 14, "Plans": [{"Node Type": "Seq Scan", "Parent Relationship": "Outer", "Parallel Aware": false, "Async Capable": false, "Relation Name": "part", "Schema": "pg_temp", "Alias": "part", "Startup Cost": 0.0, "Total Cost": 15.4, "Plan Rows": 8, "Plan Width": 120, "Actual Startup Time": 0.008, "Actual Total Time": 0.249, "Actual Rows": 81, "Actual Loops": 1, "Output": ["part.p_brand", "part.p_type", "part.p_size", "part.p_partkey"], "Filter": "((part.p_brand <> 'Brand#45'::bpchar) AND ((part.p_type)::text !~~ 'MEDIUM POLISHED%'::text) AND (part.p_size = ANY ('{49,14,23,45,19,3,36,9}'::integer[])))", "Rows Removed by Filter": 452}]}]}]}]}]}, "Planning Time": 0.246, "Triggers": [], "Execution Time": 1.122}]