[{"Plan": {"Node Type": "Limit", "Parallel Aware": false, "Async Capable": false, "Startup Cost": 50.03, "Total Cost": 50.04, "Plan Rows": 1, "Plan Width": 638, "Actual Startup Time": 0.611, "Actual Total Time": 0.613, "Actual Rows": 8, "Actual Loops": 1, "Output": ["customer.c_custkey", "customer.c_name", "(sum((lineitem.l_extendedprice * ('1'::numeric - lineitem.l_discount))))", "customer.c_acctbal", "nation.n_name", "customer.c_address", "customer.c_phone", "customer.c_comment"], "Plans": [{"Node Type": "Sort", "Parent Relationship": "Outer", "Parallel Aware": false, "Async Capable": false, "Startup Cost": 50.03, "Total Cost": 50.04, "Plan Rows": 1, "Plan Width": 638, "Actual Startup Time": 0.61, "Actual Total Time": 0.612, "Actual Rows": 8, "Actual Loops": 1, "Output": ["customer.c_custkey", "customer.c_name", "(sum((lineitem.l_extendedprice * ('1'::numeric - lineitem.l_discount))))", "customer.c_acctbal", "nation.n_name", "customer.c_address", "customer.c_phone", "customer.c_comment"], "Sort Key": ["(sum((lineitem.l_extendedprice * ('1'::numeric - lineitem.l_discount)))) DESC"], "Sort Method": "quicksort", "Sort Space Used": 26, "Sort Space Type": "Memory", "Plans": [{"Node Type": "Aggregate", "Strategy": "Sorted", "Partial Mode": "Simple", "Parent Relationship": "Outer", "Parallel Aware": false, "Async Capable": false, "Startup Cost": 49.98, "Total Cost": 50.02, "Plan Rows": 1, "Plan Width": 638, "Actual Startup Time": 0.591, "Actual Total Time": 0.607, "Actual Rows": 8, "Actual Loops": 1, "Output": ["customer.c_custkey", "customer.c_name", "sum((lineitem.l_extendedprice * ('1'::numeric - lineitem.l_discount)))", "customer.c_acctbal", "nation.n_name", "customer.c_address", "customer.c_phone", "customer.c_comment"], "Group Key": ["customer.c_custkey", "customer.c_name", "customer.c_acctbal", "customer.c_phone", "nation.n_name", "customer.c_address", "customer.c_comment"], "Plans": [{"Node Type": "Sort", "Parent Relationship": "Outer", "Parallel Aware": false, "Async Capable": false, "Startup Cost": 49.98, "Total Cost": 49.98, "Plan Rows": 1, "Plan Width": 638, "Actual Startup Time": 0.586, "Actual Total Time": 0.588, "Actual Rows": 23, "Actual Loops": 1, "Output": ["customer.c_custkey", "customer.c_name", "customer.c_acctbal", "nation.n_name", "customer.c_address", "customer.c_phone", "customer.c_comment", "lineitem.l_extendedprice", "lineitem.l_discount"], "Sort Key": ["customer.c_custkey", "customer.c_name", "customer.c_acctbal", "customer.c_phone", "nation.n_name", "customer.c_address", "customer.c_comment"], "Sort Method": "quicksort", "Sort Space Used": 28, "Sort Space Type": "Memory", "Plans": [{"Node Type": "Nested Loop", "Parent Relationship": "Outer", "Parallel Aware": false, "Async Capable": false, "Join Type": "Inner", "Startup Cost": 25.11, "Total Cost": 49.97, "Plan Rows": 1, "Plan Width": 638, "Actual Startup Time": 0.041, "Actual Total Time": 0.57, "Actual Rows": 23, "Actual Loops": 1, "Output": ["customer.c_custkey", "customer.c_name", "customer.c_acctbal", "nation.n_name", "customer.c_address", "customer.c_phone", "customer.c_comment", "lineitem.l_extendedprice", "lineitem.l_discount"], "Inner Unique": false, "Join Filter": "(orders.o_orderkey = lineitem.l_orderkey)", "Rows Removed by Join Filter": 1345, "Plans": [{"Node Type": "Hash Join", "Parent Relationship": "Outer", "Parallel Aware": false, "Async Capable": false, "Join Type": "Inner", "Startup Cost": 25.11, "Total Cost": 37.46, "Plan Rows": 1, "Plan Width": 610, "Actual Startup Time": 0.038, "Actual Total Time": 0.043, "Actual Rows": 9, "Actual Loops": 1, "Output": ["customer.c_custkey", "customer.c_name", "customer.c_acctbal", "customer.c_address", "customer.c_phone", "customer.c_comment", "orders.o_orderkey", "nation.n_name"], "Inner Unique": false, "Hash Cond": "(nation.n_nationkey = customer.c_nationkey)", "Plans": [{"Node Type": "Seq Scan", "Parent Relationship": "Outer", "Parallel Aware": false, "Async Capable": false, "Relation Name": "nation", "Schema": "pg_temp", "Alias": "nation", "Startup Cost": 0.0, "Total Cost": 11.7, "Plan Rows": 170, "Plan Width": 108, "Actual Startup Time": 0.002, "Actual Total Time": 0.003, "Actual Rows": 25, "Actual Loops": 1, "Output": ["nation.n_nationkey", "nation.n_name", "nation.n_regionkey", "nation.n_comment"]}, {"Node Type": "Hash", "Parent Relationship": "Inner", "Parallel Aware": false, "Async Capable": false, "Startup Cost": 25.1, "Total Cost": 25.1, "Plan Rows": 1, "Plan Width": 510, "Actual Startup Time": 0.034, "Actual Total Time": 0.034, "Actual Rows": 9, "Actual Loops": 1, "Output": ["customer.c_custkey", "customer.c_name", "customer.c_acctbal", "customer.c_address", "customer.c_phone", "customer.c_comment", "customer.c_nationkey", "orders.o_orderkey"], "Hash Buckets": 1024, "Original Hash Buckets": 1024, "Hash Batches": 1, "Original Hash Batches": 1, "Peak Memory Usage": 10, "Plans": [{"Node Type": "Hash Join", "Parent Relationship": "Outer", "Parallel Aware": false, "Async Capable": false, "Join Type": "Inner", "Startup Cost": 13.16, "Total Cost": 25.1, "Plan Rows": 1, "Plan Width": 510, "Actual Startup Time": 0.017, "Actual Total Time": 0.032, "Actual Rows": 9, "Actual Loops": 1, "Output": ["customer.c_custkey", "customer.c_name", "customer.c_acctbal", "customer.c_address", "customer.c_phone", "customer.c_comment", "customer.c_nationkey", "orders.o_orderkey"], "Inner Unique": false, "Hash Cond": "(customer.c_custkey = orders.o_custkey)", "Plans": [{"Node Type": "Seq Scan", "Parent Relationship": "Outer", "Parallel Aware": false, "Async Capable": false, "Relation Name": "customer", "Schema": "pg_temp", "Alias": "customer", "Startup Cost": 0.0, "Total Cost": 11.4, "Plan Rows": 140, "Plan Width": 506, "Actual Startup Time": 0.001, "Actual Total Time": 0.007, "Actual Rows": 129, "Actual Loops": 1, "Output": ["customer.c_custkey", "customer.c_name", "customer.c_address", "customer.c_nationkey", "customer.c_phone", "customer.c_acctbal", "customer.c_mktsegment", "customer.c_comment"]}, {"Node Type": "Hash", "Parent Relationship": "Inner", "Parallel Aware": false, "Async Capable": false, "Startup Cost": 13.15, "Total Cost": 13.15, "Plan Rows": 1, "Plan Width": 8, "Actual Startup Time": 0.013, "Actual Total Time": 0.013, "Actual Rows": 9, "Actual Loops": 1, "Output": ["orders.o_custkey", "orders.o_orderkey"], "Hash Buckets": 1024, "Original Hash Buckets": 1024, "Hash Batches": 1, "Original Hash Batches": 1, "Peak Memory Usage": 9, "Plans": [{"Node Type": "Seq Scan", "Parent Relationship": "Outer", "Parallel Aware": false, "Async Capable": false, "Relation Name": "orders", "Schema": "pg_temp", "Alias": "orders", "Startup Cost": 0.0, "Total Cost": 13.15, "Plan Rows": 1, "Plan Width": 8, "Actual Startup Time": 0.003, "Actual Total Time": 0.011, "Actual Rows": 9, "Actual Loops": 1, "Output": ["orders.o_custkey", "orders.o_orderkey"], "Filter": "((orders.o_orderdate >= '1993-10-01'::date) AND (orders.o_orderdate < '1994-01-01'::date))", "Rows Removed by Filter": 119}]}]}]}]}, {"Node Type": "Seq Scan", "Parent Relationship": "Inner", "Parallel Aware": false, "Async Capable": false, "Relation Name": "lineitem", "Schema": "pg_temp", "Alias": "lineitem", "Startup Cost": 0.0, "Total Cost": 12.5, "Plan Rows": 1, "Plan Width": 36, "Actual Startup Time": 0.001, "Actual Total Time": 0.053, "Actual Rows": 152, "Actual Loops": 9, "Output": ["lineitem.l_orderkey", "lineitem.l_partkey", "lineitem.l_suppkey", "lineitem.l_linenumber", "lineitem.l_quantity", "lineitem.l_extendedprice", "lineitem.l_discount", "lineitem.l_tax", "lineitem.l_returnflag", "lineitem.l_linestatus", "lineitem.l_shipdate", "lineitem.l_commitdate", "lineitem.l_receiptdate", "lineitem.l_shipinstruct", "lineitem.l_shipmode", "lineitem.l_comment"], "Filter": "(lineitem.l_returnflag = 'R'::bpchar)", "Rows Removed by Filter": 420}]}]}]}]}]}, "Planning Time": 0.104, "Triggers": [], "Execution Time": 0.634}]