[{"Plan": {"Node Type": "Sort", "Parallel Aware": false, "Async Capable": false, "Startup Cost": 25.19, "Total Cost": 25.19, "Plan Rows": 1, "Plan Width": 302, "Actual Startup Time": 0.376, "Actual Total Time": 0.378, "Actual Rows": 1, "Actual Loops": 1, "Output": ["supplier.s_suppkey", "supplier.s_name", "supplier.s_address", "supplier.s_phone", "revenue.total_revenue"], "Sort Key": ["supplier.s_suppkey"], "Sort Method": "quicksort", "Sort Space Used": 25, "Sort Space Type": "Memory", "Plans": [{"Node Type": "Aggregate", "Strategy": "Sorted", "Partial Mode": "Simple", "Parent Relationship": "InitPlan", "Subplan Name": "CTE revenue", "Parallel Aware": false, "Async Capable": false, "Startup Cost": 13.01, "Total Cost": 13.04, "Plan Rows": 1, "Plan Width": 36, "Actual Startup Time": 0.14, "Actual Total Time": 0.205, "Actual Rows": 50, "Actual Loops": 1, "Output": ["lineitem.l_suppkey", "sum((lineitem.l_extendedprice * ('1'::numeric - lineitem.l_discount)))"], "Group Key": ["lineitem.l_suppkey"], "Plans": [{"Node Type": "Sort", "Parent Relationship": "Outer", "Parallel Aware": false, "Async Capable": false, "Startup Cost": 13.01, "Total Cost": 13.02, "Plan Rows": 1, "Plan Width": 36, "Actual Startup Time": 0.131, "Actual Total Time": 0.135, "Actual Rows": 50, "Actual Loops": 1, "Output": ["lineitem.l_suppkey", "lineitem.l_extendedprice", "lineitem.l_discount"], "Sort Key": ["lineitem.l_suppkey"], "Sort Method": "quicksort", "Sort Space Used": 28, "Sort Space Type": "Memory", "Plans": [{"Node Type": "Seq Scan", "Parent Relationship": "Outer", "Parallel Aware": false, "Async Capable": false, "Relation Name": "lineitem", "Schema": "pg_temp", "Alias": "lineitem", "Startup Cost": 0.0, "Total Cost": 13.0, "Plan Rows": 1, "Plan Width": 36, "Actual Startup Time": 0.009, "Actual Total Time": 0.112, "Actual Rows": 50, "Actual Loops": 1, "Output": ["lineitem.l_suppkey", "lineitem.l_extendedprice", "lineitem.l_discount"], "Filter": "((lineitem.l_shipdate >= '1996-01-01'::date) AND (lineitem.l_shipdate < '1996-04-01'::date))", "Rows Removed by Filter": 522}]}]}, {"Node Type": "Aggregate", "Strategy": "Plain", "Partial Mode": "Simple", "Parent Relationship": "InitPlan", "Subplan Name": "InitPlan 2 (returns $1)", "Parallel Aware": false, "Async Capable": false, "Startup Cost": 0.02, "Total Cost": 0.03, "Plan Rows": 1, "Plan Width": 32, "Actual Startup Time": 0.094, "Actual Total Time": 0.094, "Actual Rows": 1, "Actual Loops": 1, "Output": ["max(revenue_1.total_revenue)"], "Plans": [{"Node Type": "CTE Scan", "Parent Relationship": "Outer", "Parallel Aware": false, "Async Capable": false, "CTE Name": "revenue", "Alias": "revenue_1", "Startup Cost": 0.0, "Total Cost": 0.02, "Plan Rows": 1, "Plan Width": 32, "Actual Startup Time": 0.0, "Actual Total Time": 0.081, "Actual Rows": 50, "Actual Loops": 1, "Output": ["revenue_1.supplier_no", "revenue_1.total_revenue"]}]}, {"Node Type": "Hash Join", "Parent Relationship": "Outer", "Parallel Aware": false, "Async Capable": false, "Join Type": "Inner", "Startup Cost": 0.04, "Total Cost": 12.11, "Plan Rows": 1, "Plan Width": 302, "Actual Startup Time": 0.323, "Actual Total Time": 0.373, "Actual Rows": 1, "Actual Loops": 1, "Output": ["supplier.s_suppkey", "supplier.s_name", "supplier.s_address", "supplier.s_phone", "revenue.total_revenue"], "Inner Unique": false, "Hash Cond": "(supplier.s_suppkey = revenue.supplier_no)", "Plans": [{"Node Type": "Seq Scan", "Parent Relationship": "Outer", "Parallel Aware": false, "Async Capable": false, "Relation Name": "supplier", "Schema": "pg_temp", "Alias": "supplier", "Startup Cost": 0.0, "Total Cost": 11.5, "Plan Rows": 150, "Plan Width": 270, "Actual Startup Time": 0.005, "Actual Total Time": 0.057, "Actual Rows": 518, "Actual Loops": 1, "Output": ["supplier.s_suppkey", "supplier.s_name", "supplier.s_address", "supplier.s_nationkey", "supplier.s_phone", "supplier.s_acctbal", "supplier.s_comment"]}, {"Node Type": "Hash", "Parent Relationship": "Inner", "Parallel Aware": false, "Async Capable": false, "Startup Cost": 0.02, "Total Cost": 0.02, "Plan Rows": 1, "Plan Width": 36, "Actual Startup Time": 0.253, "Actual Total Time": 0.254, "Actual Rows": 1, "Actual Loops": 1, "Output": ["revenue.total_revenue", "revenue.supplier_no"], "Hash Buckets": 1024, "Original Hash Buckets": 1024, "Hash Batches": 1, "Original Hash Batches": 1, "Peak Memory Usage": 9, "Plans": [{"Node Type": "CTE Scan", "Parent Relationship": "Outer", "Parallel Aware": false, "Async Capable": false, "CTE Name": "revenue", "Alias": "revenue", "Startup Cost": 0.0, "Total Cost": 0.02, "Plan Rows": 1, "Plan Width": 36, "Actual Startup Time": 0.244, "Actual Total Time": 0.251, "Actual Rows": 1, "Actual Loops": 1, "Output": ["revenue.total_revenue", "revenue.supplier_no"], "Filter": "(revenue.total_revenue = $1)", "Rows Removed by Filter": 49}]}]}]}, "Planning Time": 0.154, "Triggers": [], "Execution Time": 0.416}]