[{"Plan": {"Node Type": "Limit", "Parallel Aware": false, "Async Capable": false, "Startup Cost": 78.73, "Total Cost": 78.73, "Plan Rows": 1, "Plan Width": 112, "Actual Startup Time": 4.104, "Actual Total Time": 4.105, "Actual Rows": 1, "Actual Loops": 1, "Output": ["supplier.s_name", "(count(*))"], "Plans": [{"Node Type": "Sort", "Parent Relationship": "Outer", "Parallel Aware": false, "Async Capable": false, "Startup Cost": 78.73, "Total Cost": 78.73, "Plan Rows": 1, "Plan Width": 112, "Actual Startup Time": 4.103, "Actual Total Time": 4.104, "Actual Rows": 1, "Actual Loops": 1, "Output": ["supplier.s_name", "(count(*))"], "Sort Key": ["(count(*)) DESC", "supplier.s_name"], "Sort Method": "quicksort", "Sort Space Used": 25, "Sort Space Type": "Memory", "Plans": [{"Node Type": "Aggregate", "Strategy": "Sorted", "Partial Mode": "Simple", "Parent Relationship": "Outer", "Parallel Aware": false, "Async Capable": false, "Startup Cost": 78.7, "Total Cost": 78.72, "Plan Rows": 1, "Plan Width": 112, "Actual Startup Time": 4.101, "Actual Total Time": 4.102, "Actual Rows": 1, "Actual Loops": 1, "Output": ["supplier.s_name", "count(*)"], "Group Key": ["supplier.s_name"], "Plans": [{"Node Type": "Sort", "Parent Relationship": "Outer", "Parallel Aware": false, "Async Capable": false, "Startup Cost": 78.7, "Total Cost": 78.7, "Plan Rows": 1, "Plan Width": 104, "Actual Startup Time": 4.099, "Actual Total Time": 4.1, "Actual Rows": 1, "Actual Loops": 1, "Output": ["supplier.s_name"], "Sort Key": ["supplier.s_name"], "Sort Method": "quicksort", "Sort Space Used": 25, "Sort Space Type": "Memory", "Plans": [{"Node Type": "Nested Loop", "Parent Relationship": "Outer", "Parallel Aware": false, "Async Capable": false, "Join Type": "Anti", "Startup Cost": 12.14, "Total Cost": 78.69, "Plan Rows": 1, "Plan Width": 104, "Actual Startup Time": 2.086, "Actual Total Time": 4.098, "Actual Rows": 1, "Actual Loops": 1, "Output": ["supplier.s_name"], "Inner Unique": false, "Join Filter": "((l3.l_suppkey <> l1.l_suppkey) AND (l3.l_orderkey = l1.l_orderkey))", "Rows Removed by Join Filter": 3354, "Plans": [{"Node Type": "Nested Loop", "Parent Relationship": "Outer", "Parallel Aware": false, "Async Capable": false, "Join Type": "Semi", "Startup Cost": 12.14, "Total Cost": 65.19, "Plan Rows": 1, "Plan Width": 112, "Actual Startup Time": 0.127, "Actual Total Time": 3.427, "Actual Rows": 15, "Actual Loops": 1, "Output": ["supplier.s_name", "l1.l_suppkey", "l1.l_orderkey"], "Inner Unique": false, "Join Filter": "((l2.l_suppkey <> l1.l_suppkey) AND (orders.o_orderkey = l2.l_orderkey))", "Rows Removed by Join Filter": 6840, "Plans": [{"Node Type": "Nested Loop", "Parent Relationship": "Outer", "Parallel Aware": false, "Async Capable": false, "Join Type": "Inner", "Startup Cost": 12.14, "Total Cost": 50.19, "Plan Rows": 1, "Plan Width": 116, "Actual Startup Time": 0.118, "Actual Total Time": 2.773, "Actual Rows": 18, "Actual Loops": 1, "Output": ["supplier.s_name", "l1.l_suppkey", "l1.l_orderkey", "orders.o_orderkey"], "Inner Unique": false, "Join Filter": "(l1.l_orderkey = orders.o_orderkey)", "Rows Removed by Join Filter": 1953, "Plans": [{"Node Type": "Nested Loop", "Parent Relationship": "Outer", "Parallel Aware": false, "Async Capable": false, "Join Type": "Inner", "Startup Cost": 12.14, "Total Cost": 37.55, "Plan Rows": 1, "Plan Width": 112, "Actual Startup Time": 0.084, "Actual Total Time": 2.431, "Actual Rows": 27, "Actual Loops": 1, "Output": ["supplier.s_name", "l1.l_suppkey", "l1.l_orderkey"], "Inner Unique": false, "Join Filter": "(supplier.s_suppkey = l1.l_suppkey)", "Rows Removed by Join Filter": 12188, "Plans": [{"Node Type": "Hash Join", "Parent Relationship": "Outer", "Parallel Aware": false, "Async Capable": false, "Join Type": "Inner", "Startup Cost": 12.14, "Total Cost": 24.21, "Plan Rows": 1, "Plan Width": 108, "Actual Startup Time": 0.015, "Actual Total Time": 0.07, "Actual Rows": 35, "Actual Loops": 1, "Output": ["supplier.s_name", "supplier.s_suppkey"], "Inner Unique": false, "Hash Cond": "(supplier.s_nationkey = nation.n_nationkey)", "Plans": [{"Node Type": "Seq Scan", "Parent Relationship": "Outer", "Parallel Aware": false, "Async Capable": false, "Relation Name": "supplier", "Schema": "pg_temp", "Alias": "supplier", "Startup Cost": 0.0, "Total Cost": 11.5, "Plan Rows": 150, "Plan Width": 112, "Actual Startup Time": 0.003, "Actual Total Time": 0.028, "Actual Rows": 518, "Actual Loops": 1, "Output": ["supplier.s_suppkey", "supplier.s_name", "supplier.s_address", "supplier.s_nationkey", "supplier.s_phone", "supplier.s_acctbal", "supplier.s_comment"]}, {"Node Type": "Hash", "Parent Relationship": "Inner", "Parallel Aware": false, "Async Capable": false, "Startup Cost": 12.12, "Total Cost": 12.12, "Plan Rows": 1, "Plan Width": 4, "Actual Startup Time": 0.005, "Actual Total Time": 0.005, "Actual Rows": 1, "Actual Loops": 1, "Output": ["nation.n_nationkey"], "Hash Buckets": 1024, "Original Hash Buckets": 1024, "Hash Batches": 1, "Original Hash Batches": 1, "Peak Memory Usage": 9, "Plans": [{"Node Type": "Seq Scan", "Parent Relationship": "Outer", "Parallel Aware": false, "Async Capable": false, "Relation Name": "nation", "Schema": "pg_temp", "Alias": "nation", "Startup Cost": 0.0, "Total Cost": 12.12, "Plan Rows": 1, "Plan Width": 4, "Actual Startup Time": 0.004, "Actual Total Time": 0.004, "Actual Rows": 1, "Actual Loops": 1, "Output": ["nation.n_nationkey"], "Filter": "(nation.n_name = 'SAUDI ARABIA'::bpchar)", "Rows Removed by Filter": 24}]}]}, {"Node Type": "Seq Scan", "Parent Relationship": "Inner", "Parallel Aware": false, "Async Capable": false, "Relation Name": "lineitem", "Schema": "pg_temp", "Alias": "l1", "Startup Cost": 0.0, "Total Cost": 12.5, "Plan Rows": 67, "Plan Width": 8, "Actual Startup Time": 0.001, "Actual Total Time": 0.056, "Actual Rows": 349, "Actual Loops": 35, "Output": ["l1.l_orderkey", "l1.l_partkey", "l1.l_suppkey", "l1.l_linenumber", "l1.l_quantity", "l1.l_extendedprice", "l1.l_discount", "l1.l_tax", "l1.l_returnflag", "l1.l_linestatus", "l1.l_shipdate", "l1.l_commitdate", "l1.l_receiptdate", "l1.l_shipinstruct", "l1.l_shipmode", "l1.l_comment"], "Filter": "(l1.l_receiptdate > l1.l_commitdate)", "Rows Removed by Filter": 223}]}, {"Node Type": "Seq Scan", "Parent Relationship": "Inner", "Parallel Aware": false, "Async Capable": false, "Relation Name": "orders", "Schema": "pg_temp", "Alias": "orders", "Startup Cost": 0.0, "Total Cost": 12.62, "Plan Rows": 1, "Plan Width": 4, "Actual Startup Time": 0.001, "Actual Total Time": 0.01, "Actual Rows": 73, "Actual Loops": 27, "Output": ["orders.o_orderkey", "orders.o_custkey", "orders.o_orderstatus", "orders.o_totalprice", "orders.o_orderdate", "orders.o_orderpriority", "orders.o_clerk", "orders.o_shippriority", "orders.o_comment"], "Filter": "(orders.o_orderstatus = 'F'::bpchar)", "Rows Removed by Filter": 55}]}, {"Node Type": "Seq Scan", "Parent Relationship": "Inner", "Parallel Aware": false, "Async Capable": false, "Relation Name": "lineitem", "Schema": "pg_temp", "Alias": "l2", "Startup Cost": 0.0, "Total Cost": 12.0, "Plan Rows": 200, "Plan Width": 8, "Actual Startup Time": 0.001, "Actual Total Time": 0.017, "Actual Rows": 381, "Actual Loops": 18, "Output": ["l2.l_orderkey", "l2.l_partkey", "l2.l_suppkey", "l2.l_linenumber", "l2.l_quantity", "l2.l_extendedprice", "l2.l_discount", "l2.l_tax", "l2.l_returnflag", "l2.l_linestatus", "l2.l_shipdate", "l2.l_commitdate", "l2.l_receiptdate", "l2.l_shipinstruct", "l2.l_shipmode", "l2.l_comment"]}]}, {"Node Type": "Seq Scan", "Parent Relationship": "Inner", "Parallel Aware": false, "Async Capable": false, "Relation Name": "lineitem", "Schema": "pg_temp", "Alias": "l3", "Startup Cost": 0.0, "Total Cost": 12.5, "Plan Rows": 67, "Plan Width": 8, "Actual Startup Time": 0.001, "Actual Total Time": 0.036, "Actual Rows": 225, "Actual Loops": 15, "Output": ["l3.l_orderkey", "l3.l_partkey", "l3.l_suppkey", "l3.l_linenumber", "l3.l_quantity", "l3.l_extendedprice", "l3.l_discount", "l3.l_tax", "l3.l_returnflag", "l3.l_linestatus", "l3.l_shipdate", "l3.l_commitdate", "l3.l_receiptdate", "l3.l_shipinstruct", "l3.l_shipmode", "l3.l_comment"], "Filter": "(l3.l_receiptdate > l3.l_commitdate)", "Rows Removed by Filter": 147}]}]}]}]}]}, "Planning Time": 0.266, "Triggers": [], "Execution Time": 4.128}]