[{"Plan": {"Node Type": "Aggregate", "Strategy": "Plain", "Partial Mode": "Simple", "Parallel Aware": false, "Async Capable": false, "Startup Cost": 34.55, "Total Cost": 34.56, "Plan Rows": 1, "Plan Width": 32, "Actual Startup Time": 2.468, "Actual Total Time": 2.469, "Actual Rows": 1, "Actual Loops": 1, "Output": ["sum((lineitem.l_extendedprice * ('1'::numeric - lineitem.l_discount)))"], "Plans": [{"Node Type": "Nested Loop", "Parent Relationship": "Outer", "Parallel Aware": false, "Async Capable": false, "Join Type": "Inner", "Startup Cost": 0.0, "Total Cost": 34.54, "Plan Rows": 1, "Plan Width": 32, "Actual Startup Time": 0.232, "Actual Total Time": 2.461, "Actual Rows": 1, "Actual Loops": 1, "Output": ["lineitem.l_extendedprice", "lineitem.l_discount"], "Inner Unique": false, "Join Filter": "((lineitem.l_partkey = part.p_partkey) AND (((part.p_brand = 'Brand#12'::bpchar) AND (part.p_container = ANY ('{\"SM CASE\",\"SM BOX\",\"SM PACK\",\"SM PKG\"}'::bpchar[])) AND (lineitem.l_quantity >= '1'::numeric) AND (lineitem.l_quantity <= '11'::numeric) AND (part.p_size <= 5)) OR ((part.p_brand = 'Brand#23'::bpchar) AND (part.p_container = ANY ('{\"MED BAG\",\"MED BOX\",\"MED PKG\",\"MED PACK\"}'::bpchar[])) AND (lineitem.l_quantity >= '10'::numeric) AND (lineitem.l_quantity <= '20'::numeric) AND (part.p_size <= 10)) OR ((part.p_brand = 'Brand#34'::bpchar) AND (part.p_container = ANY ('{\"LG CASE\",\"LG BOX\",\"LG PACK\",\"LG PKG\"}'::bpchar[])) AND (lineitem.l_quantity >= '20'::numeric) AND (lineitem.l_quantity <= '30'::numeric) AND (part.p_size <= 15))))", "Rows Removed by Join Filter": 35, "Plans": [{"Node Type": "Seq Scan", "Parent Relationship": "Outer", "Parallel Aware": false, "Async Capable": false, "Relation Name": "lineitem", "Schema": "pg_temp", "Alias": "lineitem", "Startup Cost": 0.0, "Total Cost": 16.0, "Plan Rows": 1, "Plan Width": 52, "Actual Startup Time": 0.025, "Actual Total Time": 0.194, "Actual Rows": 12, "Actual Loops": 1, "Output": ["lineitem.l_orderkey", "lineitem.l_partkey", "lineitem.l_suppkey", "lineitem.l_linenumber", "lineitem.l_quantity", "lineitem.l_extendedprice", "lineitem.l_discount", "lineitem.l_tax", "lineitem.l_returnflag", "lineitem.l_linestatus", "lineitem.l_shipdate", "lineitem.l_commitdate", "lineitem.l_receiptdate", "lineitem.l_shipinstruct", "lineitem.l_shipmode", "lineitem.l_comment"], "Filter": "((lineitem.l_shipmode = ANY ('{AIR,\"AIR REG\"}'::bpchar[])) AND (lineitem.l_shipinstruct = 'DELIVER IN PERSON'::bpchar) AND (((lineitem.l_quantity >= '1'::numeric) AND (lineitem.l_quantity <= '11'::numeric)) OR ((lineitem.l_quantity >= '10'::numeric) AND (lineitem.l_quantity <= '20'::numeric)) OR ((lineitem.l_quantity >= '20'::numeric) AND (lineitem.l_quantity <= '30'::numeric))))", "Rows Removed by Filter": 560}, {"Node Type": "Seq Scan", "Parent Relationship": "Inner", "Parallel Aware": false, "Async Capable": false, "Relation Name": "part", "Schema": "pg_temp", "Alias": "part", "Startup Cost": 0.0, "Total Cost": 18.48, "Plan Rows": 1, "Plan Width": 96, "Actual Startup Time": 0.003, "Actual Total Time": 0.187, "Actual Rows": 3, "Actual Loops": 12, "Output": ["part.p_partkey", "part.p_name", "part.p_mfgr", "part.p_brand", "part.p_type", "part.p_size", "part.p_container", "part.p_retailprice", "part.p_comment"], "Filter": "((part.p_size >= 1) AND (((part.p_brand = 'Brand#12'::bpchar) AND (part.p_container = ANY ('{\"SM CASE\",\"SM BOX\",\"SM PACK\",\"SM PKG\"}'::bpchar[])) AND (part.p_size <= 5)) OR ((part.p_brand = 'Brand#23'::bpchar) AND (part.p_container = ANY ('{\"MED BAG\",\"MED BOX\",\"MED PKG\",\"MED PACK\"}'::bpchar[])) AND (part.p_size <= 10)) OR ((part.p_brand = 'Brand#34'::bpchar) AND (part.p_container = ANY ('{\"LG CASE\",\"LG BOX\",\"LG PACK\",\"LG PKG\"}'::bpchar[])) AND (part.p_size <= 15))))", "Rows Removed by Filter": 530}]}]}, "Planning Time": 0.179, "Triggers": [], "Execution Time": 2.501}]