[{"Plan": {"Node Type": "Limit", "Parallel Aware": false, "Async Capable": false, "Startup Cost": 86.97, "Total Cost": 86.98, "Plan Rows": 1, "Plan Width": 714, "Output": ["supplier.s_acctbal", "supplier.s_name", "nation.n_name", "part.p_partkey", "part.p_mfgr", "supplier.s_address", "supplier.s_phone", "supplier.s_comment"], "Plans": [{"Node Type": "Sort", "Parent Relationship": "Outer", "Parallel Aware": false, "Async Capable": false, "Startup Cost": 86.97, "Total Cost": 86.98, "Plan Rows": 1, "Plan Width": 714, "Output": ["supplier.s_acctbal", "supplier.s_name", "nation.n_name", "part.p_partkey", "part.p_mfgr", "supplier.s_address", "supplier.s_phone", "supplier.s_comment"], "Sort Key": ["supplier.s_acctbal DESC", "nation.n_name", "supplier.s_name", "part.p_partkey"], "Plans": [{"Node Type": "Hash Join", "Parent Relationship": "Outer", "Parallel Aware": false, "Async Capable": false, "Join Type": "Inner", "Startup Cost": 48.95, "Total Cost": 86.96, "Plan Rows": 1, "Plan Width": 714, "Output": ["supplier.s_acctbal", "supplier.s_name", "nation.n_name", "part.p_partkey", "part.p_mfgr", "supplier.s_address", "supplier.s_phone", "supplier.s_comment"], "Inner Unique": false, "Hash Cond": "((part.p_partkey = partsupp.ps_partkey) AND ((SubPlan 1) = partsupp.ps_supplycost))", "Plans": [{"Node Type": "Seq Scan", "Parent Relationship": "Outer", "Parallel Aware": false, "Async Capable": false, "Relation Name": "part", "Schema": "pg_temp", "Alias": "part", "Startup Cost": 0.0, "Total Cost": 13.64, "Plan Rows": 1, "Plan Width": 108, "Output": ["part.p_partkey", "part.p_name", "part.p_mfgr", "part.p_brand", "part.p_type", "part.p_size", "part.p_container", "part.p_retailprice", "part.p_comment"], "Filter": "(((part.p_type)::text ~~ '%BRASS'::text) AND (part.p_size = 15))"}, {"Node Type": "Hash", "Parent Relationship": "Inner", "Parallel Aware": false, "Async Capable": false, "Startup Cost": 48.93, "Total Cost": 48.93, "Plan Rows": 1, "Plan Width": 626, "Output": ["supplier.s_acctbal", "supplier.s_name", "supplier.s_address", "supplier.s_phone", "supplier.s_comment", "partsupp.ps_partkey", "partsupp.ps_supplycost", "nation.n_name"], "Plans": [{"Node Type": "Hash Join", "Parent Relationship": "Outer", "Parallel Aware": false, "Async Capable": false, "Join Type": "Inner", "Startup Cost": 36.58, "Total Cost": 48.93, "Plan Rows": 1, "Plan Width": 626, "Output": ["supplier.s_acctbal", "supplier.s_name", "supplier.s_address", "supplier.s_phone", "supplier.s_comment", "partsupp.ps_partkey", "partsupp.ps_supplycost", "nation.n_name"], "Inner Unique": false, "Hash Cond": "(partsupp.ps_suppkey = supplier.s_suppkey)", "Plans": [{"Node Type": "Seq Scan", "Parent Relationship": "Outer", "Parallel Aware": false, "Async Capable": false, "Relation Name": "partsupp", "Schema": "pg_temp", "Alias": "partsupp", "Startup Cost": 0.0, "Total Cost": 11.7, "Plan Rows": 170, "Plan Width": 24, "Output": ["partsupp.ps_partkey", "partsupp.ps_suppkey", "partsupp.ps_availqty", "partsupp.ps_supplycost", "partsupp.ps_comment"]}, {"Node Type": "Hash", "Parent Relationship": "Inner", "Parallel Aware": false, "Async Capable": false, "Startup Cost": 36.57, "Total Cost": 36.57, "Plan Rows": 1, "Plan Width": 610, "Output": ["supplier.s_acctbal", "supplier.s_name", "supplier.s_address", "supplier.s_phone", "supplier.s_comment", "supplier.s_suppkey", "nation.n_name"], "Plans": [{"Node Type": "Hash Join", "Parent Relationship": "Outer", "Parallel Aware": false, "Async Capable": false, "Join Type": "Inner", "Startup Cost": 24.5, "Total Cost": 36.57, "Plan Rows": 1, "Plan Width": 610, "Output": ["supplier.s_acctbal", "supplier.s_name", "supplier.s_address", "supplier.s_phone", "supplier.s_comment", "supplier.s_suppkey", "nation.n_name"], "Inner Unique": false, "Hash Cond": "(supplier.s_nationkey = nation.n_nationkey)", "Plans": [{"Node Type": "Seq Scan", "Parent Relationship": "Outer", "Parallel Aware": false, "Async Capable": false, "Relation Name": "supplier", "Schema": "pg_temp", "Alias": "supplier", "Startup Cost": 0.0, "Total Cost": 11.5, "Plan Rows": 150, "Plan Width": 510, "Output": ["supplier.s_suppkey", "supplier.s_name", "supplier.s_address", "supplier.s_nationkey", "supplier.s_phone", "supplier.s_acctbal", "supplier.s_comment"]}, {"Node Type": "Hash", "Parent Relationship": "Inner", "Parallel Aware": false, "Async Capable": false, "Startup Cost": 24.48, "Total Cost": 24.48, "Plan Rows": 1, "Plan Width": 108, "Output": ["nation.n_name", "nation.n_nationkey"], "Plans": [{"Node Type": "Hash Join", "Parent Relationship": "Outer", "Parallel Aware": false, "Async Capable": false, "Join Type": "Inner", "Startup Cost": 12.14, "Total Cost": 24.48, "Plan Rows": 1, "Plan Width": 108, "Output": ["nation.n_name", "nation.n_nationkey"], "Inner Unique": false, "Hash Cond": "(nation.n_regionkey = region.r_regionkey)", "Plans": [{"Node Type": "Seq Scan", "Parent Relationship": "Outer", "Parallel Aware": false, "Async Capable": false, "Relation Name": "nation", "Schema": "pg_temp", "Alias": "nation", "Startup Cost": 0.0, "Total Cost": 11.7, "Plan Rows": 170, "Plan Width": 112, "Output": ["nation.n_nationkey", "nation.n_name", "nation.n_regionkey", "nation.n_comment"]}, {"Node Type": "Hash", "Parent Relationship": "Inner", "Parallel Aware": false, "Async Capable": false, "Startup Cost": 12.12, "Total Cost": 12.12, "Plan Rows": 1, "Plan Width": 4, "Output": ["region.r_regionkey"], "Plans": [{"Node Type": "Seq Scan", "Parent Relationship": "Outer", "Parallel Aware": false, "Async Capable": false, "Relation Name": "region", "Schema": "pg_temp", "Alias": "region", "Startup Cost": 0.0, "Total Cost": 12.12, "Plan Rows": 1, "Plan Width": 4, "Output": ["region.r_regionkey"], "Filter": "(region.r_name = 'EUROPE'::bpchar)"}]}]}]}]}]}]}]}, {"Node Type": "Aggregate", "Strategy": "Plain", "Partial Mode": "Simple", "Parent Relationship": "SubPlan", "Subplan Name": "SubPlan 1", "Parallel Aware": false, "Async Capable": false, "Startup Cost": 48.71, "Total Cost": 48.72, "Plan Rows": 1, "Plan Width": 32, "Output": ["min(partsupp_1.ps_supplycost)"], "Plans": [{"Node Type": "Nested Loop", "Parent Relationship": "Outer", "Parallel Aware": false, "Async Capable": false, "Join Type": "Inner", "Startup Cost": 24.22, "Total Cost": 48.71, "Plan Rows": 1, "Plan Width": 16, "Output": ["partsupp_1.ps_supplycost"], "Inner Unique": false, "Join Filter": "(nation_1.n_regionkey = region_1.r_regionkey)", "Plans": [{"Node Type": "Hash Join", "Parent Relationship": "Outer", "Parallel Aware": false, "Async Capable": false, "Join Type": "Inner", "Startup Cost": 24.22, "Total Cost": 36.57, "Plan Rows": 1, "Plan Width": 20, "Output": ["partsupp_1.ps_supplycost", "nation_1.n_regionkey"], "Inner Unique": false, "Hash Cond": "(nation_1.n_nationkey = supplier_1.s_nationkey)", "Plans": [{"Node Type": "Seq Scan", "Parent Relationship": "Outer", "Parallel Aware": false, "Async Capable": false, "Relation Name": "nation", "Schema": "pg_temp", "Alias": "nation_1", "Startup Cost": 0.0, "Total Cost": 11.7, "Plan Rows": 170, "Plan Width": 8, "Output": ["nation_1.n_nationkey", "nation_1.n_name", "nation_1.n_regionkey", "nation_1.n_comment"]}, {"Node Type": "Hash", "Parent Relationship": "Inner", "Parallel Aware": false, "Async Capable": false, "Startup Cost": 24.21, "Total Cost": 24.21, "Plan Rows": 1, "Plan Width": 20, "Output": ["partsupp_1.ps_supplycost", "supplier_1.s_nationkey"], "Plans": [{"Node Type": "Hash Join", "Parent Relationship": "Outer", "Parallel Aware": false, "Async Capable": false, "Join Type": "Inner", "Startup Cost": 12.14, "Total Cost": 24.21, "Plan Rows": 1, "Plan Width": 20, "Output": ["partsupp_1.ps_supplycost", "supplier_1.s_nationkey"], "Inner Unique": false, "Hash Cond": "(supplier_1.s_suppkey = partsupp_1.ps_suppkey)", "Plans": [{"Node Type": "Seq Scan", "Parent Relationship": "Outer", "Parallel Aware": false, "Async Capable": false, "Relation Name": "supplier", "Schema": "pg_temp", "Alias": "supplier_1", "Startup Cost": 0.0, "Total Cost": 11.5, "Plan Rows": 150, "Plan Width": 8, "Output": ["supplier_1.s_suppkey", "supplier_1.s_name", "supplier_1.s_address", "supplier_1.s_nationkey", "supplier_1.s_phone", "supplier_1.s_acctbal", "supplier_1.s_comment"]}, {"Node Type": "Hash", "Parent Relationship": "Inner", "Parallel Aware": false, "Async Capable": false, "Startup Cost": 12.12, "Total Cost": 12.12, "Plan Rows": 1, "Plan Width": 20, "Output": ["partsupp_1.ps_supplycost", "partsupp_1.ps_suppkey"], "Plans": [{"Node Type": "Seq Scan", "Parent Relationship": "Outer", "Parallel Aware": false, "Async Capable": false, "Relation Name": "partsupp", "Schema": "pg_temp", "Alias": "partsupp_1", "Startup Cost": 0.0, "Total Cost": 12.12, "Plan Rows": 1, "Plan Width": 20, "Output": ["partsupp_1.ps_supplycost", "partsupp_1.ps_suppkey"], "Filter": "(part.p_partkey = partsupp_1.ps_partkey)"}]}]}]}]}, {"Node Type": "Seq Scan", "Parent Relationship": "Inner", "Parallel Aware": false, "Async Capable": false, "Relation Name": "region", "Schema": "pg_temp", "Alias": "region_1", "Startup Cost": 0.0, "Total Cost": 12.12, "Plan Rows": 1, "Plan Width": 4, "Output": ["region_1.r_regionkey", "region_1.r_name", "region_1.r_comment"], "Filter": "(region_1.r_name = 'EUROPE'::bpchar)"}]}]}]}]}]}}]