[{"Plan": {"Node Type": "Limit", "Parallel Aware": false, "Async Capable": false, "Startup Cost": 60.3, "Total Cost": 61.77, "Plan Rows": 49, "Plan Width": 128, "Actual Startup Time": 1.144, "Actual Total Time": 1.157, "Actual Rows": 2, "Actual Loops": 1, "Output": ["customer.c_name", "customer.c_custkey", "orders.o_orderkey", "orders.o_orderdate", "orders.o_totalprice", "(sum(lineitem.l_quantity))"], "Plans": [{"Node Type": "Aggregate", "Strategy": "Sorted", "Partial Mode": "Simple", "Parent Relationship": "Outer", "Parallel Aware": false, "Async Capable": false, "Startup Cost": 60.3, "Total Cost": 61.77, "Plan Rows": 49, "Plan Width": 128, "Actual Startup Time": 1.142, "Actual Total Time": 1.154, "Actual Rows": 2, "Actual Loops": 1, "Output": ["customer.c_name", "customer.c_custkey", "orders.o_orderkey", "orders.o_orderdate", "orders.o_totalprice", "sum(lineitem.l_quantity)"], "Group Key": ["orders.o_totalprice", "orders.o_orderdate", "customer.c_name", "customer.c_custkey", "orders.o_orderkey"], "Plans": [{"Node Type": "Sort", "Parent Relationship": "Outer", "Parallel Aware": false, "Async Capable": false, "Startup Cost": 60.3, "Total Cost": 60.42, "Plan Rows": 49, "Plan Width": 112, "Actual Startup Time": 1.126, "Actual Total Time": 1.132, "Actual Rows": 14, "Actual Loops": 1, "Output": ["customer.c_name", "customer.c_custkey", "orders.o_orderkey", "orders.o_orderdate", "orders.o_totalprice", "lineitem.l_quantity"], "Sort Key": ["orders.o_totalprice DESC", "orders.o_orderdate", "customer.c_name", "customer.c_custkey", "orders.o_orderkey"], "Sort Method": "quicksort", "Sort Space Used": 26, "Sort Space Type": "Memory", "Plans": [{"Node Type": "Hash Join", "Parent Relationship": "Outer", "Parallel Aware": false, "Async Capable": false, "Join Type": "Inner", "Startup Cost": 44.68, "Total Cost": 58.92, "Plan Rows": 49, "Plan Width": 112, "Actual Startup Time": 0.942, "Actual Total Time": 1.038, "Actual Rows": 14, "Actual Loops": 1, "Output": ["customer.c_name", "customer.c_custkey", "orders.o_orderkey", "orders.o_orderdate", "orders.o_totalprice", "lineitem.l_quantity"], "Inner Unique": false, "Hash Cond": "(lineitem.l_orderkey = orders.o_orderkey)", "Plans": [{"Node Type": "Seq Scan", "Parent Relationship": "Outer", "Parallel Aware": false, "Async Capable": false, "Relation Name": "lineitem", "Schema": "pg_temp", "Alias": "lineitem", "Startup Cost": 0.0, "Total Cost": 12.0, "Plan Rows": 200, "Plan Width": 20, "Actual Startup Time": 0.007, "Actual Total Time": 0.103, "Actual Rows": 572, "Actual Loops": 1, "Output": ["lineitem.l_orderkey", "lineitem.l_partkey", "lineitem.l_suppkey", "lineitem.l_linenumber", "lineitem.l_quantity", "lineitem.l_extendedprice", "lineitem.l_discount", "lineitem.l_tax", "lineitem.l_returnflag", "lineitem.l_linestatus", "lineitem.l_shipdate", "lineitem.l_commitdate", "lineitem.l_receiptdate", "lineitem.l_shipinstruct", "lineitem.l_shipmode", "lineitem.l_comment"]}, {"Node Type": "Hash", "Parent Relationship": "Inner", "Parallel Aware": false, "Async Capable": false, "Startup Cost": 44.07, "Total Cost": 44.07, "Plan Rows": 49, "Plan Width": 100, "Actual Startup Time": 0.81, "Actual Total Time": 0.813, "Actual Rows": 2, "Actual Loops": 1, "Output": ["customer.c_name", "customer.c_custkey", "orders.o_orderkey", "orders.o_orderdate", "orders.o_totalprice", "lineitem_1.l_orderkey"], "Hash Buckets": 1024, "Original Hash Buckets": 1024, "Hash Batches": 1, "Original Hash Batches": 1, "Peak Memory Usage": 9, "Plans": [{"Node Type": "Hash Join", "Parent Relationship": "Outer", "Parallel Aware": false, "Async Capable": false, "Join Type": "Inner", "Startup Cost": 30.66, "Total Cost": 44.07, "Plan Rows": 49, "Plan Width": 100, "Actual Startup Time": 0.782, "Actual Total Time": 0.806, "Actual Rows": 2, "Actual Loops": 1, "Output": ["customer.c_name", "customer.c_custkey", "orders.o_orderkey", "orders.o_orderdate", "orders.o_totalprice", "lineitem_1.l_orderkey"], "Inner Unique": false, "Hash Cond": "(orders.o_custkey = customer.c_custkey)", "Plans": [{"Node Type": "Hash Join", "Parent Relationship": "Outer", "Parallel Aware": false, "Async Capable": false, "Join Type": "Inner", "Startup Cost": 17.51, "Total Cost": 30.17, "Plan Rows": 70, "Plan Width": 32, "Actual Startup Time": 0.662, "Actual Total Time": 0.683, "Actual Rows": 2, "Actual Loops": 1, "Output": ["orders.o_orderkey", "orders.o_orderdate", "orders.o_totalprice", "orders.o_custkey", "lineitem_1.l_orderkey"], "Inner Unique": true, "Hash Cond": "(orders.o_orderkey = lineitem_1.l_orderkey)", "Plans": [{"Node Type": "Seq Scan", "Parent Relationship": "Outer", "Parallel Aware": false, "Async Capable": false, "Relation Name": "orders", "Schema": "pg_temp", "Alias": "orders", "Startup Cost": 0.0, "Total Cost": 12.1, "Plan Rows": 210, "Plan Width": 28, "Actual Startup Time": 0.004, "Actual Total Time": 0.024, "Actual Rows": 128, "Actual Loops": 1, "Output": ["orders.o_orderkey", "orders.o_custkey", "orders.o_orderstatus", "orders.o_totalprice", "orders.o_orderdate", "orders.o_orderpriority", "orders.o_clerk", "orders.o_shippriority", "orders.o_comment"]}, {"Node Type": "Hash", "Parent Relationship": "Inner", "Parallel Aware": false, "Async Capable": false, "Startup Cost": 16.67, "Total Cost": 16.67, "Plan Rows": 67, "Plan Width": 4, "Actual Startup Time": 0.61, "Actual Total Time": 0.611, "Actual Rows": 2, "Actual Loops": 1, "Output": ["lineitem_1.l_orderkey"], "Hash Buckets": 1024, "Original Hash Buckets": 1024, "Hash Batches": 1, "Original Hash Batches": 1, "Peak Memory Usage": 9, "Plans": [{"Node Type": "Aggregate", "Strategy": "Hashed", "Partial Mode": "Simple", "Parent Relationship": "Outer", "Parallel Aware": false, "Async Capable": false, "Startup Cost": 13.0, "Total Cost": 16.0, "Plan Rows": 67, "Plan Width": 4, "Actual Startup Time": 0.565, "Actual Total Time": 0.606, "Actual Rows": 2, "Actual Loops": 1, "Output": ["lineitem_1.l_orderkey"], "Group Key": ["lineitem_1.l_orderkey"], "Filter": "(sum(lineitem_1.l_quantity) > '300'::numeric)", "Planned Partitions": 0, "HashAgg Batches": 1, "Peak Memory Usage": 96, "Disk Usage": 0, "Rows Removed by Filter": 126, "Plans": [{"Node Type": "Seq Scan", "Parent Relationship": "Outer", "Parallel Aware": false, "Async Capable": false, "Relation Name": "lineitem", "Schema": "pg_temp", "Alias": "lineitem_1", "Startup Cost": 0.0, "Total Cost": 12.0, "Plan Rows": 200, "Plan Width": 20, "Actual Startup Time": 0.004, "Actual Total Time": 0.106, "Actual Rows": 572, "Actual Loops": 1, "Output": ["lineitem_1.l_orderkey", "lineitem_1.l_partkey", "lineitem_1.l_suppkey", "lineitem_1.l_linenumber", "lineitem_1.l_quantity", "lineitem_1.l_extendedprice", "lineitem_1.l_discount", "lineitem_1.l_tax", "lineitem_1.l_returnflag", "lineitem_1.l_linestatus", "lineitem_1.l_shipdate", "lineitem_1.l_commitdate", "lineitem_1.l_receiptdate", "lineitem_1.l_shipinstruct", "lineitem_1.l_shipmode", "lineitem_1.l_comment"]}]}]}]}, {"Node Type": "Hash", "Parent Relationship": "Inner", "Parallel Aware": false, "Async Capable": false, "Startup Cost": 11.4, "Total Cost": 11.4, "Plan Rows": 140, "Plan Width": 72, "Actual Startup Time": 0.094, "Actual Total Time": 0.094, "Actual Rows": 129, "Actual Loops": 1, "Output": ["customer.c_name", "customer.c_custkey"], "Hash Buckets": 1024, "Original Hash Buckets": 1024, "Hash Batches": 1, "Original Hash Batches": 1, "Peak Memory Usage": 16, "Plans": [{"Node Type": "Seq Scan", "Parent Relationship": "Outer", "Parallel Aware": false, "Async Capable": false, "Relation Name": "customer", "Schema": "pg_temp", "Alias": "customer", "Startup Cost": 0.0, "Total Cost": 11.4, "Plan Rows": 140, "Plan Width": 72, "Actual Startup Time": 0.005, "Actual Total Time": 0.037, "Actual Rows": 129, "Actual Loops": 1, "Output": ["customer.c_name", "customer.c_custkey"]}]}]}]}]}]}]}]}, "Planning Time": 0.62, "Triggers": [], "Execution Time": 1.272}]