[{"Plan": {"Node Type": "Aggregate", "Strategy": "Plain", "Partial Mode": "Simple", "Parallel Aware": false, "Async Capable": false, "Startup Cost": 26.46, "Total Cost": 26.48, "Plan Rows": 1, "Plan Width": 32, "Actual Startup Time": 0.125, "Actual Total Time": 0.125, "Actual Rows": 1, "Actual Loops": 1, "Output": ["((100.00 * sum(CASE WHEN ((part.p_type)::text ~~ 'PROMO%'::text) THEN (lineitem.l_extendedprice * ('1'::numeric - lineitem.l_discount)) ELSE '0'::numeric END)) / sum((lineitem.l_extendedprice * ('1'::numeric - lineitem.l_discount))))"], "Plans": [{"Node Type": "Hash Join", "Parent Relationship": "Outer", "Parallel Aware": false, "Async Capable": false, "Join Type": "Inner", "Startup Cost": 13.01, "Total Cost": 26.44, "Plan Rows": 1, "Plan Width": 100, "Actual Startup Time": 0.062, "Actual Total Time": 0.115, "Actual Rows": 11, "Actual Loops": 1, "Output": ["part.p_type", "lineitem.l_extendedprice", "lineitem.l_discount"], "Inner Unique": false, "Hash Cond": "(part.p_partkey = lineitem.l_partkey)", "Plans": [{"Node Type": "Seq Scan", "Parent Relationship": "Outer", "Parallel Aware": false, "Async Capable": false, "Relation Name": "part", "Schema": "pg_temp", "Alias": "part", "Startup Cost": 0.0, "Total Cost": 12.76, "Plan Rows": 176, "Plan Width": 72, "Actual Startup Time": 0.003, "Actual Total Time": 0.03, "Actual Rows": 533, "Actual Loops": 1, "Output": ["part.p_partkey", "part.p_name", "part.p_mfgr", "part.p_brand", "part.p_type", "part.p_size", "part.p_container", "part.p_retailprice", "part.p_comment"]}, {"Node Type": "Hash", "Parent Relationship": "Inner", "Parallel Aware": false, "Async Capable": false, "Startup Cost": 13.0, "Total Cost": 13.0, "Plan Rows": 1, "Plan Width": 36, "Actual Startup Time": 0.055, "Actual Total Time": 0.055, "Actual Rows": 11, "Actual Loops": 1, "Output": ["lineitem.l_extendedprice", "lineitem.l_discount", "lineitem.l_partkey"], "Hash Buckets": 1024, "Original Hash Buckets": 1024, "Hash Batches": 1, "Original Hash Batches": 1, "Peak Memory Usage": 9, "Plans": [{"Node Type": "Seq Scan", "Parent Relationship": "Outer", "Parallel Aware": false, "Async Capable": false, "Relation Name": "lineitem", "Schema": "pg_temp", "Alias": "lineitem", "Startup Cost": 0.0, "Total Cost": 13.0, "Plan Rows": 1, "Plan Width": 36, "Actual Startup Time": 0.005, "Actual Total Time": 0.052, "Actual Rows": 11, "Actual Loops": 1, "Output": ["lineitem.l_extendedprice", "lineitem.l_discount", "lineitem.l_partkey"], "Filter": "((lineitem.l_shipdate >= '1995-09-01'::date) AND (lineitem.l_shipdate < '1995-10-01'::date))", "Rows Removed by Filter": 561}]}]}]}, "Planning Time": 0.048, "Triggers": [], "Execution Time": 0.138}]