[{"Plan": {"Node Type": "Aggregate", "Strategy": "Plain", "Partial Mode": "Simple", "Parallel Aware": false, "Async Capable": false, "Startup Cost": 38.94, "Total Cost": 38.95, "Plan Rows": 1, "Plan Width": 32, "Actual Startup Time": 4.156, "Actual Total Time": 4.158, "Actual Rows": 1, "Actual Loops": 1, "Output": ["(sum(lineitem.l_extendedprice) / 7.0)"], "Plans": [{"Node Type": "Hash Join", "Parent Relationship": "Outer", "Parallel Aware": false, "Async Capable": false, "Join Type": "Inner", "Startup Cost": 13.65, "Total Cost": 38.93, "Plan Rows": 1, "Plan Width": 16, "Actual Startup Time": 1.234, "Actual Total Time": 4.153, "Actual Rows": 2, "Actual Loops": 1, "Output": ["lineitem.l_extendedprice"], "Inner Unique": false, "Hash Cond": "(lineitem.l_partkey = part.p_partkey)", "Join Filter": "(lineitem.l_quantity < (SubPlan 1))", "Rows Removed by Join Filter": 39, "Plans": [{"Node Type": "Seq Scan", "Parent Relationship": "Outer", "Parallel Aware": false, "Async Capable": false, "Relation Name": "lineitem", "Schema": "pg_temp", "Alias": "lineitem", "Startup Cost": 0.0, "Total Cost": 12.0, "Plan Rows": 200, "Plan Width": 36, "Actual Startup Time": 0.007, "Actual Total Time": 0.081, "Actual Rows": 572, "Actual Loops": 1, "Output": ["lineitem.l_orderkey", "lineitem.l_partkey", "lineitem.l_suppkey", "lineitem.l_linenumber", "lineitem.l_quantity", "lineitem.l_extendedprice", "lineitem.l_discount", "lineitem.l_tax", "lineitem.l_returnflag", "lineitem.l_linestatus", "lineitem.l_shipdate", "lineitem.l_commitdate", "lineitem.l_receiptdate", "lineitem.l_shipinstruct", "lineitem.l_shipmode", "lineitem.l_comment"]}, {"Node Type": "Hash", "Parent Relationship": "Inner", "Parallel Aware": false, "Async Capable": false, "Startup Cost": 13.64, "Total Cost": 13.64, "Plan Rows": 1, "Plan Width": 4, "Actual Startup Time": 0.131, "Actual Total Time": 0.132, "Actual Rows": 3, "Actual Loops": 1, "Output": ["part.p_partkey"], "Hash Buckets": 1024, "Original Hash Buckets": 1024, "Hash Batches": 1, "Original Hash Batches": 1, "Peak Memory Usage": 9, "Plans": [{"Node Type": "Seq Scan", "Parent Relationship": "Outer", "Parallel Aware": false, "Async Capable": false, "Relation Name": "part", "Schema": "pg_temp", "Alias": "part", "Startup Cost": 0.0, "Total Cost": 13.64, "Plan Rows": 1, "Plan Width": 4, "Actual Startup Time": 0.008, "Actual Total Time": 0.128, "Actual Rows": 3, "Actual Loops": 1, "Output": ["part.p_partkey"], "Filter": "((part.p_brand = 'Brand#23'::bpchar) AND (part.p_container = 'MED BOX'::bpchar))", "Rows Removed by Filter": 530}]}, {"Node Type": "Aggregate", "Strategy": "Plain", "Partial Mode": "Simple", "Parent Relationship": "SubPlan", "Subplan Name": "SubPlan 1", "Parallel Aware": false, "Async Capable": false, "Startup Cost": 12.5, "Total Cost": 12.52, "Plan Rows": 1, "Plan Width": 32, "Actual Startup Time": 0.093, "Actual Total Time": 0.093, "Actual Rows": 1, "Actual Loops": 41, "Output": ["(0.2 * avg(lineitem_1.l_quantity))"], "Plans": [{"Node Type": "Seq Scan", "Parent Relationship": "Outer", "Parallel Aware": false, "Async Capable": false, "Relation Name": "lineitem", "Schema": "pg_temp", "Alias": "lineitem_1", "Startup Cost": 0.0, "Total Cost": 12.5, "Plan Rows": 1, "Plan Width": 16, "Actual Startup Time": 0.005, "Actual Total Time": 0.082, "Actual Rows": 37, "Actual Loops": 41, "Output": ["lineitem_1.l_orderkey", "lineitem_1.l_partkey", "lineitem_1.l_suppkey", "lineitem_1.l_linenumber", "lineitem_1.l_quantity", "lineitem_1.l_extendedprice", "lineitem_1.l_discount", "lineitem_1.l_tax", "lineitem_1.l_returnflag", "lineitem_1.l_linestatus", "lineitem_1.l_shipdate", "lineitem_1.l_commitdate", "lineitem_1.l_receiptdate", "lineitem_1.l_shipinstruct", "lineitem_1.l_shipmode", "lineitem_1.l_comment"], "Filter": "(lineitem_1.l_partkey = part.p_partkey)", "Rows Removed by Filter": 535}]}]}]}, "Planning Time": 0.143, "Triggers": [], "Execution Time": 4.198}]