[{"Plan": {"Node Type": "Aggregate", "Strategy": "Sorted", "Partial Mode": "Simple", "Parallel Aware": false, "Async Capable": false, "Startup Cost": 76.34, "Total Cost": 76.38, "Plan Rows": 1, "Plan Width": 168, "Actual Startup Time": 0.342, "Actual Total Time": 0.369, "Actual Rows": 27, "Actual Loops": 1, "Output": ["nation.n_name", "(EXTRACT(year FROM orders.o_orderdate))", "sum(((lineitem.l_extendedprice * ('1'::numeric - lineitem.l_discount)) - (partsupp.ps_supplycost * lineitem.l_quantity)))"], "Group Key": ["nation.n_name", "(EXTRACT(year FROM orders.o_orderdate))"], "Plans": [{"Node Type": "Sort", "Parent Relationship": "Outer", "Parallel Aware": false, "Async Capable": false, "Startup Cost": 76.34, "Total Cost": 76.35, "Plan Rows": 1, "Plan Width": 200, "Actual Startup Time": 0.337, "Actual Total Time": 0.339, "Actual Rows": 28, "Actual Loops": 1, "Output": ["nation.n_name", "(EXTRACT(year FROM orders.o_orderdate))", "lineitem.l_extendedprice", "lineitem.l_discount", "partsupp.ps_supplycost", "lineitem.l_quantity"], "Sort Key": ["nation.n_name", "(EXTRACT(year FROM orders.o_orderdate)) DESC"], "Sort Method": "quicksort", "Sort Space Used": 27, "Sort Space Type": "Memory", "Plans": [{"Node Type": "Hash Join", "Parent Relationship": "Outer", "Parallel Aware": false, "Async Capable": false, "Join Type": "Inner", "Startup Cost": 63.34, "Total Cost": 76.33, "Plan Rows": 1, "Plan Width": 200, "Actual Startup Time": 0.256, "Actual Total Time": 0.318, "Actual Rows": 28, "Actual Loops": 1, "Output": ["nation.n_name", "EXTRACT(year FROM orders.o_orderdate)", "lineitem.l_extendedprice", "lineitem.l_discount", "partsupp.ps_supplycost", "lineitem.l_quantity"], "Inner Unique": false, "Hash Cond": "((partsupp.ps_suppkey = supplier.s_suppkey) AND (partsupp.ps_partkey = lineitem.l_partkey))", "Plans": [{"Node Type": "Seq Scan", "Parent Relationship": "Outer", "Parallel Aware": false, "Async Capable": false, "Relation Name": "partsupp", "Schema": "pg_temp", "Alias": "partsupp", "Startup Cost": 0.0, "Total Cost": 11.7, "Plan Rows": 170, "Plan Width": 24, "Actual Startup Time": 0.005, "Actual Total Time": 0.028, "Actual Rows": 537, "Actual Loops": 1, "Output": ["partsupp.ps_partkey", "partsupp.ps_suppkey", "partsupp.ps_availqty", "partsupp.ps_supplycost", "partsupp.ps_comment"]}, {"Node Type": "Hash", "Parent Relationship": "Inner", "Parallel Aware": false, "Async Capable": false, "Startup Cost": 63.33, "Total Cost": 63.33, "Plan Rows": 1, "Plan Width": 172, "Actual Startup Time": 0.245, "Actual Total Time": 0.246, "Actual Rows": 28, "Actual Loops": 1, "Output": ["part.p_partkey", "lineitem.l_extendedprice", "lineitem.l_discount", "lineitem.l_quantity", "lineitem.l_suppkey", "lineitem.l_partkey", "supplier.s_suppkey", "orders.o_orderdate", "nation.n_name"], "Hash Buckets": 1024, "Original Hash Buckets": 1024, "Hash Batches": 1, "Original Hash Batches": 1, "Peak Memory Usage": 11, "Plans": [{"Node Type": "Hash Join", "Parent Relationship": "Outer", "Parallel Aware": false, "Async Capable": false, "Join Type": "Inner", "Startup Cost": 50.43, "Total Cost": 63.33, "Plan Rows": 1, "Plan Width": 172, "Actual Startup Time": 0.224, "Actual Total Time": 0.241, "Actual Rows": 28, "Actual Loops": 1, "Output": ["part.p_partkey", "lineitem.l_extendedprice", "lineitem.l_discount", "lineitem.l_quantity", "lineitem.l_suppkey", "lineitem.l_partkey", "supplier.s_suppkey", "orders.o_orderdate", "nation.n_name"], "Inner Unique": false, "Hash Cond": "(orders.o_orderkey = lineitem.l_orderkey)", "Plans": [{"Node Type": "Seq Scan", "Parent Relationship": "Outer", "Parallel Aware": false, "Async Capable": false, "Relation Name": "orders", "Schema": "pg_temp", "Alias": "orders", "Startup Cost": 0.0, "Total Cost": 12.1, "Plan Rows": 210, "Plan Width": 8, "Actual Startup Time": 0.002, "Actual Total Time": 0.007, "Actual Rows": 128, "Actual Loops": 1, "Output": ["orders.o_orderkey", "orders.o_custkey", "orders.o_orderstatus", "orders.o_totalprice", "orders.o_orderdate", "orders.o_orderpriority", "orders.o_clerk", "orders.o_shippriority", "orders.o_comment"]}, {"Node Type": "Hash", "Parent Relationship": "Inner", "Parallel Aware": false, "Async Capable": false, "Startup Cost": 50.42, "Total Cost": 50.42, "Plan Rows": 1, "Plan Width": 172, "Actual Startup Time": 0.22, "Actual Total Time": 0.221, "Actual Rows": 28, "Actual Loops": 1, "Output": ["part.p_partkey", "lineitem.l_extendedprice", "lineitem.l_discount", "lineitem.l_quantity", "lineitem.l_suppkey", "lineitem.l_partkey", "lineitem.l_orderkey", "supplier.s_suppkey", "nation.n_name"], "Hash Buckets": 1024, "Original Hash Buckets": 1024, "Hash Batches": 1, "Original Hash Batches": 1, "Peak Memory Usage": 11, "Plans": [{"Node Type": "Hash Join", "Parent Relationship": "Outer", "Parallel Aware": false, "Async Capable": false, "Join Type": "Inner", "Startup Cost": 38.07, "Total Cost": 50.42, "Plan Rows": 1, "Plan Width": 172, "Actual Startup Time": 0.209, "Actual Total Time": 0.215, "Actual Rows": 28, "Actual Loops": 1, "Output": ["part.p_partkey", "lineitem.l_extendedprice", "lineitem.l_discount", "lineitem.l_quantity", "lineitem.l_suppkey", "lineitem.l_partkey", "lineitem.l_orderkey", "supplier.s_suppkey", "nation.n_name"], "Inner Unique": false, "Hash Cond": "(nation.n_nationkey = supplier.s_nationkey)", "Plans": [{"Node Type": "Seq Scan", "Parent Relationship": "Outer", "Parallel Aware": false, "Async Capable": false, "Relation Name": "nation", "Schema": "pg_temp", "Alias": "nation", "Startup Cost": 0.0, "Total Cost": 11.7, "Plan Rows": 170, "Plan Width": 108, "Actual Startup Time": 0.002, "Actual Total Time": 0.003, "Actual Rows": 25, "Actual Loops": 1, "Output": ["nation.n_nationkey", "nation.n_name", "nation.n_regionkey", "nation.n_comment"]}, {"Node Type": "Hash", "Parent Relationship": "Inner", "Parallel Aware": false, "Async Capable": false, "Startup Cost": 38.06, "Total Cost": 38.06, "Plan Rows": 1, "Plan Width": 72, "Actual Startup Time": 0.205, "Actual Total Time": 0.206, "Actual Rows": 28, "Actual Loops": 1, "Output": ["part.p_partkey", "lineitem.l_extendedprice", "lineitem.l_discount", "lineitem.l_quantity", "lineitem.l_suppkey", "lineitem.l_partkey", "lineitem.l_orderkey", "supplier.s_suppkey", "supplier.s_nationkey"], "Hash Buckets": 1024, "Original Hash Buckets": 1024, "Hash Batches": 1, "Original Hash Batches": 1, "Peak Memory Usage": 11, "Plans": [{"Node Type": "Hash Join", "Parent Relationship": "Outer", "Parallel Aware": false, "Async Capable": false, "Join Type": "Inner", "Startup Cost": 25.98, "Total Cost": 38.06, "Plan Rows": 1, "Plan Width": 72, "Actual Startup Time": 0.144, "Actual Total Time": 0.2, "Actual Rows": 28, "Actual Loops": 1, "Output": ["part.p_partkey", "lineitem.l_extendedprice", "lineitem.l_discount", "lineitem.l_quantity", "lineitem.l_suppkey", "lineitem.l_partkey", "lineitem.l_orderkey", "supplier.s_suppkey", "supplier.s_nationkey"], "Inner Unique": false, "Hash Cond": "(supplier.s_suppkey = lineitem.l_suppkey)", "Plans": [{"Node Type": "Seq Scan", "Parent Relationship": "Outer", "Parallel Aware": false, "Async Capable": false, "Relation Name": "supplier", "Schema": "pg_temp", "Alias": "supplier", "Startup Cost": 0.0, "Total Cost": 11.5, "Plan Rows": 150, "Plan Width": 8, "Actual Startup Time": 0.001, "Actual Total Time": 0.027, "Actual Rows": 518, "Actual Loops": 1, "Output": ["supplier.s_suppkey", "supplier.s_name", "supplier.s_address", "supplier.s_nationkey", "supplier.s_phone", "supplier.s_acctbal", "supplier.s_comment"]}, {"Node Type": "Hash", "Parent Relationship": "Inner", "Parallel Aware": false, "Async Capable": false, "Startup Cost": 25.97, "Total Cost": 25.97, "Plan Rows": 1, "Plan Width": 64, "Actual Startup Time": 0.14, "Actual Total Time": 0.141, "Actual Rows": 28, "Actual Loops": 1, "Output": ["part.p_partkey", "lineitem.l_extendedprice", "lineitem.l_discount", "lineitem.l_quantity", "lineitem.l_suppkey", "lineitem.l_partkey", "lineitem.l_orderkey"], "Hash Buckets": 1024, "Original Hash Buckets": 1024, "Hash Batches": 1, "Original Hash Batches": 1, "Peak Memory Usage": 10, "Plans": [{"Node Type": "Hash Join", "Parent Relationship": "Outer", "Parallel Aware": false, "Async Capable": false, "Join Type": "Inner", "Startup Cost": 13.21, "Total Cost": 25.97, "Plan Rows": 1, "Plan Width": 64, "Actual Startup Time": 0.072, "Actual Total Time": 0.136, "Actual Rows": 28, "Actual Loops": 1, "Output": ["part.p_partkey", "lineitem.l_extendedprice", "lineitem.l_discount", "lineitem.l_quantity", "lineitem.l_suppkey", "lineitem.l_partkey", "lineitem.l_orderkey"], "Inner Unique": false, "Hash Cond": "(lineitem.l_partkey = part.p_partkey)", "Plans": [{"Node Type": "Seq Scan", "Parent Relationship": "Outer", "Parallel Aware": false, "Async Capable": false, "Relation Name": "lineitem", "Schema": "pg_temp", "Alias": "lineitem", "Startup Cost": 0.0, "Total Cost": 12.0, "Plan Rows": 200, "Plan Width": 60, "Actual Startup Time": 0.001, "Actual Total Time": 0.029, "Actual Rows": 572, "Actual Loops": 1, "Output": ["lineitem.l_orderkey", "lineitem.l_partkey", "lineitem.l_suppkey", "lineitem.l_linenumber", "lineitem.l_quantity", "lineitem.l_extendedprice", "lineitem.l_discount", "lineitem.l_tax", "lineitem.l_returnflag", "lineitem.l_linestatus", "lineitem.l_shipdate", "lineitem.l_commitdate", "lineitem.l_receiptdate", "lineitem.l_shipinstruct", "lineitem.l_shipmode", "lineitem.l_comment"]}, {"Node Type": "Hash", "Parent Relationship": "Inner", "Parallel Aware": false, "Async Capable": false, "Startup Cost": 13.2, "Total Cost": 13.2, "Plan Rows": 1, "Plan Width": 4, "Actual Startup Time": 0.069, "Actual Total Time": 0.069, "Actual Rows": 28, "Actual Loops": 1, "Output": ["part.p_partkey"], "Hash Buckets": 1024, "Original Hash Buckets": 1024, "Hash Batches": 1, "Original Hash Batches": 1, "Peak Memory Usage": 9, "Plans": [{"Node Type": "Seq Scan", "Parent Relationship": "Outer", "Parallel Aware": false, "Async Capable": false, "Relation Name": "part", "Schema": "pg_temp", "Alias": "part", "Startup Cost": 0.0, "Total Cost": 13.2, "Plan Rows": 1, "Plan Width": 4, "Actual Startup Time": 0.003, "Actual Total Time": 0.065, "Actual Rows": 28, "Actual Loops": 1, "Output": ["part.p_partkey"], "Filter": "((part.p_name)::text ~~ '%green%'::text)", "Rows Removed by Filter": 505}]}]}]}]}]}]}]}]}]}]}]}]}, "Planning Time": 0.294, "Triggers": [], "Execution Time": 0.405}]