[{"Plan": {"Node Type": "Sort", "Parallel Aware": false, "Async Capable": false, "Startup Cost": 2435.48, "Total Cost": 2435.49, "Plan Rows": 1, "Plan Width": 202, "Actual Startup Time": 45.757, "Actual Total Time": 45.758, "Actual Rows": 1, "Actual Loops": 1, "Output": ["supplier.s_name", "supplier.s_address"], "Sort Key": ["supplier.s_name"], "Sort Method": "quicksort", "Sort Space Used": 25, "Sort Space Type": "Memory", "Plans": [{"Node Type": "Nested Loop", "Parent Relationship": "Outer", "Parallel Aware": false, "Async Capable": false, "Join Type": "Inner", "Startup Cost": 0.0, "Total Cost": 2435.47, "Plan Rows": 1, "Plan Width": 202, "Actual Startup Time": 45.702, "Actual Total Time": 45.753, "Actual Rows": 1, "Actual Loops": 1, "Output": ["supplier.s_name", "supplier.s_address"], "Inner Unique": false, "Join Filter": "(supplier.s_nationkey = nation.n_nationkey)", "Rows Removed by Join Filter": 0, "Plans": [{"Node Type": "Nested Loop", "Parent Relationship": "Outer", "Parallel Aware": false, "Async Capable": false, "Join Type": "Semi", "Startup Cost": 0.0, "Total Cost": 2423.33, "Plan Rows": 1, "Plan Width": 206, "Actual Startup Time": 45.7, "Actual Total Time": 45.749, "Actual Rows": 1, "Actual Loops": 1, "Output": ["supplier.s_name", "supplier.s_address", "supplier.s_nationkey"], "Inner Unique": false, "Join Filter": "(supplier.s_suppkey = partsupp.ps_suppkey)", "Rows Removed by Join Filter": 517, "Plans": [{"Node Type": "Seq Scan", "Parent Relationship": "Outer", "Parallel Aware": false, "Async Capable": false, "Relation Name": "supplier", "Schema": "pg_temp", "Alias": "supplier", "Startup Cost": 0.0, "Total Cost": 11.5, "Plan Rows": 150, "Plan Width": 210, "Actual Startup Time": 0.007, "Actual Total Time": 0.033, "Actual Rows": 518, "Actual Loops": 1, "Output": ["supplier.s_suppkey", "supplier.s_name", "supplier.s_address", "supplier.s_nationkey", "supplier.s_phone", "supplier.s_acctbal", "supplier.s_comment"]}, {"Node Type": "Materialize", "Parent Relationship": "Inner", "Parallel Aware": false, "Async Capable": false, "Startup Cost": 0.0, "Total Cost": 2409.59, "Plan Rows": 1, "Plan Width": 4, "Actual Startup Time": 0.063, "Actual Total Time": 0.088, "Actual Rows": 1, "Actual Loops": 518, "Output": ["partsupp.ps_suppkey"], "Plans": [{"Node Type": "Nested Loop", "Parent Relationship": "Outer", "Parallel Aware": false, "Async Capable": false, "Join Type": "Semi", "Startup Cost": 0.0, "Total Cost": 2409.58, "Plan Rows": 1, "Plan Width": 4, "Actual Startup Time": 32.467, "Actual Total Time": 45.632, "Actual Rows": 1, "Actual Loops": 1, "Output": ["partsupp.ps_suppkey"], "Inner Unique": false, "Join Filter": "(partsupp.ps_partkey = part.p_partkey)", "Rows Removed by Join Filter": 590, "Plans": [{"Node Type": "Seq Scan", "Parent Relationship": "Outer", "Parallel Aware": false, "Async Capable": false, "Relation Name": "partsupp", "Schema": "pg_temp", "Alias": "partsupp", "Startup Cost": 0.0, "Total Cost": 2395.52, "Plan Rows": 57, "Plan Width": 8, "Actual Startup Time": 0.582, "Actual Total Time": 45.396, "Actual Rows": 148, "Actual Loops": 1, "Output": ["partsupp.ps_partkey", "partsupp.ps_suppkey", "partsupp.ps_availqty", "partsupp.ps_supplycost", "partsupp.ps_comment"], "Filter": "((partsupp.ps_availqty)::numeric > (SubPlan 1))", "Rows Removed by Filter": 389, "Plans": [{"Node Type": "Aggregate", "Strategy": "Plain", "Partial Mode": "Simple", "Parent Relationship": "SubPlan", "Subplan Name": "SubPlan 1", "Parallel Aware": false, "Async Capable": false, "Startup Cost": 14.0, "Total Cost": 14.02, "Plan Rows": 1, "Plan Width": 32, "Actual Startup Time": 0.084, "Actual Total Time": 0.084, "Actual Rows": 1, "Actual Loops": 537, "Output": ["(0.5 * sum(lineitem.l_quantity))"], "Plans": [{"Node Type": "Seq Scan", "Parent Relationship": "Outer", "Parallel Aware": false, "Async Capable": false, "Relation Name": "lineitem", "Schema": "pg_temp", "Alias": "lineitem", "Startup Cost": 0.0, "Total Cost": 14.0, "Plan Rows": 1, "Plan Width": 16, "Actual Startup Time": 0.071, "Actual Total Time": 0.083, "Actual Rows": 0, "Actual Loops": 537, "Output": ["lineitem.l_orderkey", "lineitem.l_partkey", "lineitem.l_suppkey", "lineitem.l_linenumber", "lineitem.l_quantity", "lineitem.l_extendedprice", "lineitem.l_discount", "lineitem.l_tax", "lineitem.l_returnflag", "lineitem.l_linestatus", "lineitem.l_shipdate", "lineitem.l_commitdate", "lineitem.l_receiptdate", "lineitem.l_shipinstruct", "lineitem.l_shipmode", "lineitem.l_comment"], "Filter": "((lineitem.l_shipdate >= '1994-01-01'::date) AND (lineitem.l_shipdate < '1995-01-01'::date) AND (lineitem.l_partkey = partsupp.ps_partkey) AND (lineitem.l_suppkey = partsupp.ps_suppkey))", "Rows Removed by Filter": 572}]}]}, {"Node Type": "Materialize", "Parent Relationship": "Inner", "Parallel Aware": false, "Async Capable": false, "Startup Cost": 0.0, "Total Cost": 13.21, "Plan Rows": 1, "Plan Width": 4, "Actual Startup Time": 0.0, "Actual Total Time": 0.001, "Actual Rows": 4, "Actual Loops": 148, "Output": ["part.p_partkey"], "Plans": [{"Node Type": "Seq Scan", "Parent Relationship": "Outer", "Parallel Aware": false, "Async Capable": false, "Relation Name": "part", "Schema": "pg_temp", "Alias": "part", "Startup Cost": 0.0, "Total Cost": 13.2, "Plan Rows": 1, "Plan Width": 4, "Actual Startup Time": 0.01, "Actual Total Time": 0.127, "Actual Rows": 4, "Actual Loops": 1, "Output": ["part.p_partkey"], "Filter": "((part.p_name)::text ~~ 'forest%'::text)", "Rows Removed by Filter": 529}]}]}]}]}, {"Node Type": "Seq Scan", "Parent Relationship": "Inner", "Parallel Aware": false, "Async Capable": false, "Relation Name": "nation", "Schema": "pg_temp", "Alias": "nation", "Startup Cost": 0.0, "Total Cost": 12.12, "Plan Rows": 1, "Plan Width": 4, "Actual Startup Time": 0.002, "Actual Total Time": 0.003, "Actual Rows": 1, "Actual Loops": 1, "Output": ["nation.n_nationkey", "nation.n_name", "nation.n_regionkey", "nation.n_comment"], "Filter": "(nation.n_name = 'CANADA'::bpchar)", "Rows Removed by Filter": 24}]}]}, "Planning Time": 0.342, "Triggers": [], "Execution Time": 45.805}]