[{"Triggers": [], "Plan": {"Actual Startup Time": 1547.985, "Parallel Aware": false, "Actual Total Time": 1547.992, "Shared Read Blocks": 90277, "Plan Width": 64, "Shared Dirtied Blocks": 0, "Total Cost": 531217.51, "Temp Read Blocks": 0, "Local Written Blocks": 0, "Partial Mode": "Simple", "Plan Rows": 1, "Local Dirtied Blocks": 0, "Actual Loops": 1, "Local Hit Blocks": 0, "Strategy": "Plain", "Local Read Blocks": 0, "Startup Cost": 531217.5, "Output": ["min((chn.name)::text)", "min((t.title)::text)"], "Shared Written Blocks": 0, "Plans": [{"Actual Startup Time": 213.108, "Parallel Aware": false, "Actual Total Time": 1547.85, "Shared Read Blocks": 90277, "Plan Width": 33, "Shared Dirtied Blocks": 0, "Total Cost": 531217.49, "Parent Relationship": "Outer", "Temp Read Blocks": 0, "Local Written Blocks": 0, "Inner Unique": true, "Plan Rows": 1, "Local Dirtied Blocks": 0, "Actual Loops": 1, "Local Hit Blocks": 0, "Local Read Blocks": 0, "Startup Cost": 51625.11, "Output": ["chn.name", "t.title"], "Join Type": "Inner", "Shared Written Blocks": 0, "Plans": [{"Actual Startup Time": 213.08, "Parallel Aware": false, "Actual Total Time": 1547.674, "Shared Read Blocks": 90277, "Plan Width": 37, "Shared Dirtied Blocks": 0, "Total Cost": 531217.34, "Parent Relationship": "Outer", "Temp Read Blocks": 0, "Local Written Blocks": 0, "Inner Unique": true, "Plan Rows": 1, "Local Dirtied Blocks": 0, "Actual Loops": 1, "Local Hit Blocks": 0, "Local Read Blocks": 0, "Startup Cost": 51624.98, "Output": ["chn.name", "mc.company_type_id", "t.title"], "Join Type": "Inner", "Shared Written Blocks": 0, "Plans": [{"Actual Startup Time": 213.051, "Parallel Aware": false, "Actual Total Time": 1546.303, "Shared Read Blocks": 90142, "Plan Width": 25, "Shared Dirtied Blocks": 0, "Total Cost": 531206.25, "Parent Relationship": "Outer", "Temp Read Blocks": 0, "Local Written Blocks": 0, "Inner Unique": true, "Plan Rows": 2, "Local Dirtied Blocks": 0, "Actual Loops": 1, "Local Hit Blocks": 0, "Local Read Blocks": 0, "Startup Cost": 51624.55, "Output": ["ci.person_role_id", "mc.company_type_id", "t.title"], "Join Type": "Inner", "Shared Written Blocks": 0, "Plans": [{"Actual Startup Time": 212.949, "Parallel Aware": false, "Actual Total Time": 1543.223, "Shared Read Blocks": 89862, "Plan Width": 16, "Shared Dirtied Blocks": 0, "Total Cost": 531203.65, "Parent Relationship": "Outer", "Temp Read Blocks": 0, "Local Written Blocks": 0, "Inner Unique": false, "Local Dirtied Blocks": 0, "Plan Rows": 5, "Actual Loops": 1, "Local Hit Blocks": 0, "Local Read Blocks": 0, "Startup Cost": 51624.12, "Output": ["ci.movie_id", "ci.person_role_id", "mc.movie_id", "mc.company_type_id"], "Plans": [{"Actual Startup Time": 1.335, "Parallel Aware": false, "Actual Total Time": 1328.126, "Shared Read Blocks": 81713, "Plan Width": 8, "Shared Dirtied Blocks": 0, "Total Cost": 480573.8, "Parent Relationship": "Outer", "Temp Read Blocks": 0, "Local Written Blocks": 0, "Local Dirtied Blocks": 0, "Plan Rows": 1826, "Actual Loops": 1, "Single Copy": false, "Local Hit Blocks": 0, "Local Read Blocks": 0, "Workers Launched": 2, "Startup Cost": 1001.16, "Output": ["ci.movie_id", "ci.person_role_id"], "Shared Written Blocks": 0, "Plans": [{"Actual Startup Time": 0.397, "Parallel Aware": false, "Actual Total Time": 1369.27, "Shared Read Blocks": 252687, "Plan Width": 8, "Shared Dirtied Blocks": 0, "Total Cost": 479391.2, "Parent Relationship": "Outer", "Temp Read Blocks": 0, "Local Written Blocks": 0, "Inner Unique": true, "Local Dirtied Blocks": 0, "Plan Rows": 761, "Actual Loops": 3, "Local Hit Blocks": 0, "Workers": [{"Actual Startup Time": 0.336, "Local Read Blocks": 0, "Worker Number": 0, "Actual Total Time": 1394.71, "Shared Read Blocks": 84547, "Shared Dirtied Blocks": 0, "Temp Read Blocks": 0, "Local Written Blocks": 0, "Shared Written Blocks": 0, "Local Dirtied Blocks": 0, "Shared Hit Blocks": 81, "Actual Rows": 9428, "Temp Written Blocks": 0, "Actual Loops": 1, "Local Hit Blocks": 0}, {"Actual Startup Time": 0.658, "Local Read Blocks": 0, "Worker Number": 1, "Actual Total Time": 1391.598, "Shared Read Blocks": 86427, "Shared Dirtied Blocks": 0, "Temp Read Blocks": 0, "Local Written Blocks": 0, "Shared Written Blocks": 0, "Local Dirtied Blocks": 0, "Shared Hit Blocks": 81, "Actual Rows": 9883, "Temp Written Blocks": 0, "Actual Loops": 1, "Local Hit Blocks": 0}], "Local Read Blocks": 0, "Startup Cost": 1.16, "Output": ["ci.movie_id", "ci.person_role_id"], "Plans": [{"Actual Startup Time": 0.239, "Parallel Aware": true, "Actual Total Time": 1367.157, "Shared Read Blocks": 252687, "Plan Width": 12, "Shared Dirtied Blocks": 0, "Total Cost": 479281.55, "Parent Relationship": "Outer", "Filter": "(((ci.note)::text ~~ '%(voice)%'::text) AND ((ci.note)::text ~~ '%(uncredited)%'::text))", "Temp Read Blocks": 0, "Local Written Blocks": 0, "Schema": "public", "Local Dirtied Blocks": 0, "Plan Rows": 9128, "Actual Loops": 3, "Actual Rows": 10763, "Relation Name": "cast_info", "Workers": [{"Actual Startup Time": 0.122, "Local Read Blocks": 0, "Worker Number": 0, "Actual Total Time": 1392.395, "Shared Read Blocks": 84547, "Shared Dirtied Blocks": 0, "Temp Read Blocks": 0, "Local Written Blocks": 0, "Shared Written Blocks": 0, "Local Dirtied Blocks": 0, "Shared Hit Blocks": 0, "Actual Rows": 11397, "Temp Written Blocks": 0, "Actual Loops": 1, "Local Hit Blocks": 0}, {"Actual Startup Time": 0.433, "Local Read Blocks": 0, "Worker Number": 1, "Actual Total Time": 1389.148, "Shared Read Blocks": 86427, "Shared Dirtied Blocks": 0, "Temp Read Blocks": 0, "Local Written Blocks": 0, "Shared Written Blocks": 0, "Local Dirtied Blocks": 0, "Shared Hit Blocks": 0, "Actual Rows": 12014, "Temp Written Blocks": 0, "Actual Loops": 1, "Local Hit Blocks": 0}], "Temp Written Blocks": 0, "Local Read Blocks": 0, "Startup Cost": 0.0, "Output": ["ci.id", "ci.person_id", "ci.movie_id", "ci.person_role_id", "ci.note", "ci.nr_order", "ci.role_id"], "Shared Written Blocks": 0, "Rows Removed by Filter": 12070685, "Shared Hit Blocks": 0, "Alias": "ci", "Local Hit Blocks": 0, "Node Type": "Seq Scan"}, {"Actual Startup Time": 0.019, "Parallel Aware": false, "Actual Total Time": 0.019, "Shared Read Blocks": 0, "Plan Width": 4, "Shared Dirtied Blocks": 0, "Total Cost": 1.15, "Parent Relationship": "Inner", "Hash Batches": 1, "Temp Read Blocks": 0, "Hash Buckets": 1024, "Peak Memory Usage": 9, "Plan Rows": 1, "Local Dirtied Blocks": 0, "Actual Loops": 3, "Original Hash Buckets": 1024, "Local Hit Blocks": 0, "Workers": [{"Actual Startup Time": 0.024, "Local Read Blocks": 0, "Worker Number": 0, "Actual Total Time": 0.024, "Shared Read Blocks": 0, "Shared Dirtied Blocks": 0, "Temp Read Blocks": 0, "Local Written Blocks": 0, "Shared Written Blocks": 0, "Local Dirtied Blocks": 0, "Shared Hit Blocks": 1, "Actual Rows": 1, "Temp Written Blocks": 0, "Actual Loops": 1, "Local Hit Blocks": 0}, {"Actual Startup Time": 0.026, "Local Read Blocks": 0, "Worker Number": 1, "Actual Total Time": 0.026, "Shared Read Blocks": 0, "Shared Dirtied Blocks": 0, "Temp Read Blocks": 0, "Local Written Blocks": 0, "Shared Written Blocks": 0, "Local Dirtied Blocks": 0, "Shared Hit Blocks": 1, "Actual Rows": 1, "Temp Written Blocks": 0, "Actual Loops": 1, "Local Hit Blocks": 0}], "Local Read Blocks": 0, "Startup Cost": 1.15, "Output": ["rt.id"], "Original Hash Batches": 1, "Shared Written Blocks": 0, "Local Written Blocks": 0, "Plans": [{"Actual Startup Time": 0.013, "Parallel Aware": false, "Actual Total Time": 0.015, "Shared Read Blocks": 0, "Plan Width": 4, "Shared Dirtied Blocks": 0, "Total Cost": 1.15, "Parent Relationship": "Outer", "Filter": "((rt.role)::text = 'actor'::text)", "Temp Read Blocks": 0, "Local Written Blocks": 0, "Schema": "public", "Local Dirtied Blocks": 0, "Plan Rows": 1, "Actual Loops": 3, "Actual Rows": 1, "Relation Name": "role_type", "Workers": [{"Actual Startup Time": 0.018, "Local Read Blocks": 0, "Worker Number": 0, "Actual Total Time": 0.019, "Shared Read Blocks": 0, "Shared Dirtied Blocks": 0, "Temp Read Blocks": 0, "Local Written Blocks": 0, "Shared Written Blocks": 0, "Local Dirtied Blocks": 0, "Shared Hit Blocks": 1, "Actual Rows": 1, "Temp Written Blocks": 0, "Actual Loops": 1, "Local Hit Blocks": 0}, {"Actual Startup Time": 0.018, "Local Read Blocks": 0, "Worker Number": 1, "Actual Total Time": 0.02, "Shared Read Blocks": 0, "Shared Dirtied Blocks": 0, "Temp Read Blocks": 0, "Local Written Blocks": 0, "Shared Written Blocks": 0, "Local Dirtied Blocks": 0, "Shared Hit Blocks": 1, "Actual Rows": 1, "Temp Written Blocks": 0, "Actual Loops": 1, "Local Hit Blocks": 0}], "Temp Written Blocks": 0, "Local Read Blocks": 0, "Startup Cost": 0.0, "Output": ["rt.id"], "Shared Written Blocks": 0, "Rows Removed by Filter": 11, "Shared Hit Blocks": 3, "Alias": "rt", "Local Hit Blocks": 0, "Node Type": "Seq Scan"}], "Shared Hit Blocks": 3, "Actual Rows": 1, "Temp Written Blocks": 0, "Node Type": "Hash"}], "Join Type": "Inner", "Shared Written Blocks": 0, "Hash Cond": "(ci.role_id = rt.id)", "Shared Hit Blocks": 166, "Actual Rows": 8625, "Temp Written Blocks": 0, "Node Type": "Hash Join"}], "Shared Hit Blocks": 4, "Actual Rows": 25874, "Temp Written Blocks": 0, "Workers Planned": 2, "Node Type": "Gather"}, {"Actual Startup Time": 211.56, "Parallel Aware": false, "Actual Total Time": 211.56, "Shared Read Blocks": 8149, "Plan Width": 8, "Shared Dirtied Blocks": 0, "Total Cost": 50589.51, "Parent Relationship": "Inner", "Hash Batches": 1, "Temp Read Blocks": 0, "Hash Buckets": 16384, "Peak Memory Usage": 472, "Plan Rows": 2676, "Local Dirtied Blocks": 0, "Actual Loops": 1, "Original Hash Buckets": 4096, "Local Hit Blocks": 0, "Local Read Blocks": 0, "Startup Cost": 50589.51, "Output": ["mc.movie_id", "mc.company_type_id"], "Original Hash Batches": 1, "Shared Written Blocks": 0, "Local Written Blocks": 0, "Plans": [{"Actual Startup Time": 56.289, "Parallel Aware": false, "Actual Total Time": 210.063, "Shared Read Blocks": 8149, "Plan Width": 8, "Shared Dirtied Blocks": 0, "Total Cost": 50589.51, "Parent Relationship": "Outer", "Temp Read Blocks": 0, "Local Written Blocks": 0, "Local Dirtied Blocks": 0, "Plan Rows": 2676, "Actual Loops": 1, "Single Copy": false, "Local Hit Blocks": 0, "Local Read Blocks": 0, "Workers Launched": 2, "Startup Cost": 6935.47, "Output": ["mc.movie_id", "mc.company_type_id"], "Shared Written Blocks": 0, "Plans": [{"Actual Startup Time": 53.467, "Parallel Aware": false, "Actual Total Time": 206.792, "Shared Read Blocks": 21783, "Plan Width": 8, "Shared Dirtied Blocks": 0, "Total Cost": 49321.91, "Parent Relationship": "Outer", "Temp Read Blocks": 0, "Local Written Blocks": 0, "Inner Unique": true, "Local Dirtied Blocks": 0, "Plan Rows": 1115, "Actual Loops": 3, "Local Hit Blocks": 0, "Workers": [{"Actual Startup Time": 51.764, "Local Read Blocks": 0, "Worker Number": 0, "Actual Total Time": 206.11, "Shared Read Blocks": 7174, "Shared Dirtied Blocks": 0, "Temp Read Blocks": 0, "Local Written Blocks": 0, "Shared Written Blocks": 0, "Local Dirtied Blocks": 0, "Shared Hit Blocks": 2200, "Actual Rows": 2848, "Temp Written Blocks": 0, "Actual Loops": 1, "Local Hit Blocks": 0}, {"Actual Startup Time": 52.565, "Local Read Blocks": 0, "Worker Number": 1, "Actual Total Time": 206.378, "Shared Read Blocks": 6460, "Shared Dirtied Blocks": 0, "Temp Read Blocks": 0, "Local Written Blocks": 0, "Shared Written Blocks": 0, "Local Dirtied Blocks": 0, "Shared Hit Blocks": 2938, "Actual Rows": 3153, "Temp Written Blocks": 0, "Actual Loops": 1, "Local Hit Blocks": 0}], "Local Read Blocks": 0, "Startup Cost": 5935.47, "Output": ["mc.movie_id", "mc.company_type_id"], "Plans": [{"Actual Startup Time": 0.028, "Parallel Aware": true, "Actual Total Time": 76.748, "Shared Read Blocks": 18790, "Plan Width": 12, "Shared Dirtied Blocks": 0, "Total Cost": 29661.37, "Parent Relationship": "Outer", "Temp Read Blocks": 0, "Local Written Blocks": 0, "Schema": "public", "Local Dirtied Blocks": 0, "Plan Rows": 1087137, "Actual Loops": 3, "Actual Rows": 869710, "Local Hit Blocks": 0, "Relation Name": "movie_companies", "Workers": [{"Actual Startup Time": 0.033, "Local Read Blocks": 0, "Worker Number": 0, "Actual Total Time": 77.946, "Shared Read Blocks": 6299, "Shared Dirtied Blocks": 0, "Temp Read Blocks": 0, "Local Written Blocks": 0, "Shared Written Blocks": 0, "Local Dirtied Blocks": 0, "Shared Hit Blocks": 0, "Actual Rows": 874984, "Temp Written Blocks": 0, "Actual Loops": 1, "Local Hit Blocks": 0}, {"Actual Startup Time": 0.033, "Local Read Blocks": 0, "Worker Number": 1, "Actual Total Time": 76.279, "Shared Read Blocks": 6323, "Shared Dirtied Blocks": 0, "Temp Read Blocks": 0, "Local Written Blocks": 0, "Shared Written Blocks": 0, "Local Dirtied Blocks": 0, "Shared Hit Blocks": 0, "Actual Rows": 876040, "Temp Written Blocks": 0, "Actual Loops": 1, "Local Hit Blocks": 0}], "Local Read Blocks": 0, "Startup Cost": 0.0, "Output": ["mc.id", "mc.movie_id", "mc.company_id", "mc.company_type_id", "mc.note"], "Shared Written Blocks": 0, "Shared Hit Blocks": 0, "Alias": "mc", "Temp Written Blocks": 0, "Node Type": "Seq Scan"}, {"Actual Startup Time": 53.077, "Parallel Aware": false, "Actual Total Time": 53.077, "Shared Read Blocks": 2993, "Plan Width": 4, "Shared Dirtied Blocks": 0, "Total Cost": 5932.46, "Parent Relationship": "Inner", "Hash Batches": 1, "Temp Read Blocks": 0, "Hash Buckets": 2048, "Peak Memory Usage": 64, "Plan Rows": 241, "Local Dirtied Blocks": 0, "Actual Loops": 3, "Original Hash Buckets": 1024, "Local Hit Blocks": 0, "Workers": [{"Actual Startup Time": 51.393, "Local Read Blocks": 0, "Worker Number": 0, "Actual Total Time": 51.393, "Shared Read Blocks": 875, "Shared Dirtied Blocks": 0, "Temp Read Blocks": 0, "Local Written Blocks": 0, "Shared Written Blocks": 0, "Local Dirtied Blocks": 0, "Shared Hit Blocks": 2120, "Actual Rows": 1361, "Temp Written Blocks": 0, "Actual Loops": 1, "Local Hit Blocks": 0}, {"Actual Startup Time": 51.915, "Local Read Blocks": 0, "Worker Number": 1, "Actual Total Time": 51.915, "Shared Read Blocks": 137, "Shared Dirtied Blocks": 0, "Temp Read Blocks": 0, "Local Written Blocks": 0, "Shared Written Blocks": 0, "Local Dirtied Blocks": 0, "Shared Hit Blocks": 2858, "Actual Rows": 1361, "Temp Written Blocks": 0, "Actual Loops": 1, "Local Hit Blocks": 0}], "Local Read Blocks": 0, "Startup Cost": 5932.46, "Output": ["cn.id"], "Original Hash Batches": 1, "Shared Written Blocks": 0, "Local Written Blocks": 0, "Plans": [{"Actual Startup Time": 0.027, "Parallel Aware": false, "Actual Total Time": 52.744, "Shared Read Blocks": 2993, "Plan Width": 4, "Shared Dirtied Blocks": 0, "Total Cost": 5932.46, "Parent Relationship": "Outer", "Filter": "((cn.country_code)::text = '[ru]'::text)", "Temp Read Blocks": 0, "Local Written Blocks": 0, "Schema": "public", "Local Dirtied Blocks": 0, "Plan Rows": 241, "Actual Loops": 3, "Actual Rows": 1361, "Relation Name": "company_name", "Workers": [{"Actual Startup Time": 0.032, "Local Read Blocks": 0, "Worker Number": 0, "Actual Total Time": 51.069, "Shared Read Blocks": 875, "Shared Dirtied Blocks": 0, "Temp Read Blocks": 0, "Local Written Blocks": 0, "Shared Written Blocks": 0, "Local Dirtied Blocks": 0, "Shared Hit Blocks": 2120, "Actual Rows": 1361, "Temp Written Blocks": 0, "Actual Loops": 1, "Local Hit Blocks": 0}, {"Actual Startup Time": 0.033, "Local Read Blocks": 0, "Worker Number": 1, "Actual Total Time": 51.568, "Shared Read Blocks": 137, "Shared Dirtied Blocks": 0, "Temp Read Blocks": 0, "Local Written Blocks": 0, "Shared Written Blocks": 0, "Local Dirtied Blocks": 0, "Shared Hit Blocks": 2858, "Actual Rows": 1361, "Temp Written Blocks": 0, "Actual Loops": 1, "Local Hit Blocks": 0}], "Temp Written Blocks": 0, "Local Read Blocks": 0, "Startup Cost": 0.0, "Output": ["cn.id"], "Shared Written Blocks": 0, "Rows Removed by Filter": 233636, "Shared Hit Blocks": 5992, "Alias": "cn", "Local Hit Blocks": 0, "Node Type": "Seq Scan"}], "Shared Hit Blocks": 5992, "Actual Rows": 1361, "Temp Written Blocks": 0, "Node Type": "Hash"}], "Join Type": "Inner", "Shared Written Blocks": 0, "Hash Cond": "(mc.company_id = cn.id)", "Shared Hit Blocks": 6152, "Actual Rows": 2930, "Temp Written Blocks": 0, "Node Type": "Hash Join"}], "Shared Hit Blocks": 1014, "Actual Rows": 8790, "Temp Written Blocks": 0, "Workers Planned": 2, "Node Type": "Gather"}], "Shared Hit Blocks": 1014, "Actual Rows": 8790, "Temp Written Blocks": 0, "Node Type": "Hash"}], "Join Type": "Inner", "Shared Written Blocks": 0, "Hash Cond": "(ci.movie_id = mc.movie_id)", "Shared Hit Blocks": 1018, "Actual Rows": 275, "Temp Written Blocks": 0, "Node Type": "Hash Join"}, {"Actual Startup Time": 0.011, "Relation Name": "title", "Actual Total Time": 0.011, "Rows Removed by Index Recheck": 0, "Plan Width": 21, "Shared Dirtied Blocks": 0, "Total Cost": 0.52, "Parent Relationship": "Inner", "Filter": "(t.production_year > 2005)", "Temp Read Blocks": 0, "Index Name": "title_pkey", "Schema": "public", "Local Dirtied Blocks": 0, "Plan Rows": 1, "Actual Loops": 275, "Actual Rows": 0, "Parallel Aware": false, "Local Written Blocks": 0, "Temp Written Blocks": 0, "Local Read Blocks": 0, "Startup Cost": 0.43, "Output": ["t.id", "t.title", "t.imdb_index", "t.kind_id", "t.production_year", "t.imdb_id", "t.phonetic_code", "t.episode_of_id", "t.season_nr", "t.episode_nr", "t.series_years", "t.md5sum"], "Index Cond": "(t.id = mc.movie_id)", "Shared Read Blocks": 280, "Shared Written Blocks": 0, "Scan Direction": "Forward", "Rows Removed by Filter": 1, "Shared Hit Blocks": 820, "Alias": "t", "Local Hit Blocks": 0, "Node Type": "Index Scan"}], "Shared Hit Blocks": 1838, "Actual Rows": 112, "Temp Written Blocks": 0, "Node Type": "Nested Loop"}, {"Actual Startup Time": 0.012, "Relation Name": "char_name", "Actual Total Time": 0.012, "Rows Removed by Index Recheck": 0, "Plan Width": 20, "Shared Dirtied Blocks": 0, "Total Cost": 5.55, "Parent Relationship": "Inner", "Temp Read Blocks": 0, "Index Name": "char_name_pkey", "Schema": "public", "Local Dirtied Blocks": 0, "Plan Rows": 1, "Actual Loops": 112, "Actual Rows": 1, "Parallel Aware": false, "Local Written Blocks": 0, "Temp Written Blocks": 0, "Local Read Blocks": 0, "Startup Cost": 0.43, "Output": ["chn.id", "chn.name", "chn.imdb_index", "chn.imdb_id", "chn.name_pcode_nf", "chn.surname_pcode", "chn.md5sum"], "Index Cond": "(chn.id = ci.person_role_id)", "Shared Read Blocks": 135, "Shared Written Blocks": 0, "Scan Direction": "Forward", "Shared Hit Blocks": 282, "Alias": "chn", "Local Hit Blocks": 0, "Node Type": "Index Scan"}], "Shared Hit Blocks": 2120, "Actual Rows": 104, "Temp Written Blocks": 0, "Node Type": "Nested Loop"}, {"Actual Startup Time": 0.001, "Relation Name": "company_type", "Actual Total Time": 0.001, "Rows Removed by Index Recheck": 0, "Plan Width": 4, "Shared Dirtied Blocks": 0, "Total Cost": 0.15, "Parent Relationship": "Inner", "Temp Read Blocks": 0, "Index Name": "company_type_pkey", "Schema": "public", "Local Dirtied Blocks": 0, "Plan Rows": 1, "Actual Loops": 104, "Actual Rows": 1, "Parallel Aware": false, "Local Written Blocks": 0, "Temp Written Blocks": 0, "Local Read Blocks": 0, "Startup Cost": 0.13, "Output": ["ct.id"], "Heap Fetches": 104, "Index Cond": "(ct.id = mc.company_type_id)", "Shared Read Blocks": 0, "Shared Written Blocks": 0, "Scan Direction": "Forward", "Shared Hit Blocks": 208, "Alias": "ct", "Local Hit Blocks": 0, "Node Type": "Index Only Scan"}], "Shared Hit Blocks": 2328, "Actual Rows": 104, "Temp Written Blocks": 0, "Node Type": "Nested Loop"}], "Shared Hit Blocks": 2328, "Actual Rows": 1, "Temp Written Blocks": 0, "Node Type": "Aggregate"}, "Planning Time": 2.899, "Execution Time": 1549.766}]