[{"Plan": {"Node Type": "CTE Scan", "Parallel Aware": false, "Async Capable": false, "CTE Name": "x", "Alias": "x", "Startup Cost": 2.64, "Total Cost": 3.26, "Plan Rows": 31, "Plan Width": 4, "Output": ["x.i"], "Plans": [{"Node Type": "Recursive Union", "Parent Relationship": "InitPlan", "Subplan Name": "CTE x", "Parallel Aware": false, "Async Capable": false, "Startup Cost": 0.0, "Total Cost": 2.64, "Plan Rows": 31, "Plan Width": 4, "Plans": [{"Node Type": "Result", "Parent Relationship": "Outer", "Parallel Aware": false, "Async Capable": false, "Startup Cost": 0.0, "Total Cost": 0.01, "Plan Rows": 1, "Plan Width": 4, "Output": ["1"]}, {"Node Type": "WorkTable Scan", "Parent Relationship": "Inner", "Parallel Aware": false, "Async Capable": false, "CTE Name": "x", "Alias": "x_1", "Startup Cost": 0.0, "Total Cost": 0.23, "Plan Rows": 3, "Plan Width": 4, "Output": ["(x_1.i + 1)"], "Filter": "(x_1.i < 100)"}]}]}}]