[{"Plan": {"Node Type": "Aggregate", "Strategy": "Hashed", "Partial Mode": "Simple", "Parallel Aware": false, "Async Capable": false, "Startup Cost": 45.7, "Total Cost": 48.2, "Plan Rows": 200, "Plan Width": 44, "Output": ["a1", "sum(b1)", "avg(c1)"], "Group Key": ["t1.a1"], "Planned Partitions": 0, "Plans": [{"Node Type": "Seq Scan", "Parent Relationship": "Outer", "Parallel Aware": false, "Async Capable": false, "Relation Name": "t1", "Schema": "pg_temp", "Alias": "t1", "Startup Cost": 0.0, "Total Cost": 30.4, "Plan Rows": 2040, "Plan Width": 12, "Output": ["a1", "b1", "c1"]}]}}]