[{"Plan": {"Node Type": "ModifyTable", "Operation": "Insert", "Parallel Aware": false, "Async Capable": false, "Relation Name": "t2", "Schema": "pg_temp", "Alias": "t2", "Startup Cost": 0.0, "Total Cost": 112.03, "Plan Rows": 0, "Plan Width": 0, "Plans": [{"Node Type": "Nested Loop", "Parent Relationship": "Outer", "Parallel Aware": false, "Async Capable": false, "Join Type": "Inner", "Startup Cost": 0.0, "Total Cost": 112.03, "Plan Rows": 4080, "Plan Width": 12, "Output": ["(t1.a1 * \"*VALUES*\".column1)", "(t1.b1 * \"*VALUES*\".column1)", "(t1.c1 * \"*VALUES*\".column1)"], "Inner Unique": false, "Plans": [{"Node Type": "Seq Scan", "Parent Relationship": "Outer", "Parallel Aware": false, "Async Capable": false, "Relation Name": "t1", "Schema": "pg_temp", "Alias": "t1", "Startup Cost": 0.0, "Total Cost": 30.4, "Plan Rows": 2040, "Plan Width": 12, "Output": ["t1.a1", "t1.b1", "t1.c1"]}, {"Node Type": "Materialize", "Parent Relationship": "Inner", "Parallel Aware": false, "Async Capable": false, "Startup Cost": 0.0, "Total Cost": 0.04, "Plan Rows": 2, "Plan Width": 4, "Output": ["\"*VALUES*\".column1"], "Plans": [{"Node Type": "Values Scan", "Parent Relationship": "Outer", "Parallel Aware": false, "Async Capable": false, "Alias": "*VALUES*", "Startup Cost": 0.0, "Total Cost": 0.03, "Plan Rows": 2, "Plan Width": 4, "Output": ["\"*VALUES*\".column1"]}]}]}]}}]