[
  {
    "Plan": {
      "Node Type": "Limit",
      "Parallel Aware": false,
      "Startup Cost": 0.00,
      "Total Cost": 0.01,
      "Plan Rows": 1,
      "Plan Width": 8,
      "Actual Startup Time": 0.001,
      "Actual Total Time": 0.001,
      "Actual Rows": 0,
      "Actual Loops": 1,
      "Output": ["result_column_1", "result_column_2"],
      "Plans": [
        {
          "Node Type": "Result",
          "Parent Relationship": "Outer",
          "Parallel Aware": false,
          "Startup Cost": 0.00,
          "Total Cost": 0.01,
          "Plan Rows": 1,
          "Plan Width": 8,
          "Actual Startup Time": 0.000,
          "Actual Total Time": 0.000,
          "Actual Rows": 0,
          "Actual Loops": 0,
          "Output": ["result_column_1", "result_column_2"]
        }
      ]
    },
    "Planning Time": 0.028,
    "Triggers": [
    ],
    "Execution Time": 0.013
  }
]
