[{"Plan": {"Node Type": "Seq Scan", "Parallel Aware": false, "Async Capable": false, "Relation Name": "t1", "Schema": "pg_temp", "Alias": "t1", "Startup Cost": 0.0, "Total Cost": 75938.8, "Plan Rows": 2040, "Plan Width": 12, "Output": ["t1.a1", "(SubPlan 1)"], "Plans": [{"Node Type": "Aggregate", "Strategy": "Plain", "Partial Mode": "Simple", "Parent Relationship": "SubPlan", "Subplan Name": "SubPlan 1", "Parallel Aware": false, "Async Capable": false, "Startup Cost": 37.2, "Total Cost": 37.21, "Plan Rows": 1, "Plan Width": 8, "Output": ["sum(t2.a2)"], "Plans": [{"Node Type": "Seq Scan", "Parent Relationship": "Outer", "Parallel Aware": false, "Async Capable": false, "Relation Name": "t2", "Schema": "pg_temp", "Alias": "t2", "Startup Cost": 0.0, "Total Cost": 35.5, "Plan Rows": 680, "Plan Width": 4, "Output": ["t2.a2", "t2.b2", "t2.c2"], "Filter": "(t2.a2 < t1.a1)"}]}]}}]