[{"Plan": {"Node Type": "Seq Scan", "Parallel Aware": false, "Async Capable": false, "Relation Name": "t1", "Schema": "pg_temp", "Alias": "t1", "Startup Cost": 0.0, "Total Cost": 27638.4, "Plan Rows": 2040, "Plan Width": 13, "Output": ["t1.a1", "t1.b1", "t1.c1", "(SubPlan 1)"], "Plans": [{"Node Type": "Seq Scan", "Parent Relationship": "SubPlan", "Subplan Name": "SubPlan 1", "Parallel Aware": false, "Async Capable": false, "Relation Name": "t2", "Schema": "pg_temp", "Alias": "t2", "Startup Cost": 0.0, "Total Cost": 40.6, "Plan Rows": 3, "Plan Width": 0, "Filter": "((t1.b1 < t2.b2) AND (t1.a1 = t2.a2))"}]}}]