[{"Plan": {"Node Type": "Append", "Parallel Aware": false, "Async Capable": false, "Startup Cost": 0.0, "Total Cost": 293.1, "Plan Rows": 4760, "Plan Width": 8, "Subplans Removed": 0, "Plans": [{"Node Type": "Seq Scan", "Parent Relationship": "Member", "Parallel Aware": false, "Async Capable": false, "Relation Name": "t2", "Schema": "pg_temp", "Alias": "t2", "Startup Cost": 0.0, "Total Cost": 30.4, "Plan Rows": 2040, "Plan Width": 8, "Output": ["t2.a2", "t2.b2"]}, {"Node Type": "Seq Scan", "Parent Relationship": "Member", "Parallel Aware": false, "Async Capable": false, "Relation Name": "t2", "Schema": "pg_temp", "Alias": "t2_1", "Startup Cost": 0.0, "Total Cost": 30.4, "Plan Rows": 2040, "Plan Width": 8, "Output": ["t2_1.a2", "t2_1.c2"]}, {"Node Type": "Result", "Parent Relationship": "Member", "Parallel Aware": false, "Async Capable": false, "Startup Cost": 0.0, "Total Cost": 167.7, "Plan Rows": 680, "Plan Width": 8, "Output": ["\"*SELECT* 3\".b1", "\"*SELECT* 3\".c1"], "Plans": [{"Node Type": "SetOp", "Strategy": "Hashed", "Parent Relationship": "Outer", "Parallel Aware": false, "Async Capable": false, "Command": "Except All", "Startup Cost": 0.0, "Total Cost": 160.9, "Plan Rows": 680, "Plan Width": 12, "Output": ["\"*SELECT* 3\".b1", "\"*SELECT* 3\".c1", "(0)"], "Plans": [{"Node Type": "Append", "Parent Relationship": "Outer", "Parallel Aware": false, "Async Capable": false, "Startup Cost": 0.0, "Total Cost": 154.1, "Plan Rows": 1360, "Plan Width": 12, "Subplans Removed": 0, "Plans": [{"Node Type": "Result", "Parent Relationship": "Member", "Parallel Aware": false, "Async Capable": false, "Startup Cost": 0.0, "Total Cost": 105.0, "Plan Rows": 680, "Plan Width": 12, "Output": ["\"*SELECT* 3\".b1", "\"*SELECT* 3\".c1", "0"], "Plans": [{"Node Type": "SetOp", "Strategy": "Hashed", "Parent Relationship": "Outer", "Parallel Aware": false, "Async Capable": false, "Command": "Intersect All", "Startup Cost": 0.0, "Total Cost": 98.2, "Plan Rows": 680, "Plan Width": 12, "Output": ["\"*SELECT* 3\".b1", "\"*SELECT* 3\".c1", "(0)"], "Plans": [{"Node Type": "Append", "Parent Relationship": "Outer", "Parallel Aware": false, "Async Capable": false, "Startup Cost": 0.0, "Total Cost": 91.4, "Plan Rows": 1360, "Plan Width": 12, "Subplans Removed": 0, "Plans": [{"Node Type": "Subquery Scan", "Parent Relationship": "Member", "Parallel Aware": false, "Async Capable": false, "Alias": "*SELECT* 3", "Startup Cost": 0.0, "Total Cost": 42.3, "Plan Rows": 680, "Plan Width": 12, "Output": ["\"*SELECT* 3\".b1", "\"*SELECT* 3\".c1", "0"], "Plans": [{"Node Type": "Seq Scan", "Parent Relationship": "Subquery", "Parallel Aware": false, "Async Capable": false, "Relation Name": "t1", "Schema": "pg_temp", "Alias": "t1", "Startup Cost": 0.0, "Total Cost": 35.5, "Plan Rows": 680, "Plan Width": 8, "Output": ["t1.b1", "t1.c1"], "Filter": "(t1.a1 < 0)"}]}, {"Node Type": "Subquery Scan", "Parent Relationship": "Member", "Parallel Aware": false, "Async Capable": false, "Alias": "*SELECT* 4", "Startup Cost": 0.0, "Total Cost": 42.3, "Plan Rows": 680, "Plan Width": 12, "Output": ["\"*SELECT* 4\".b1", "\"*SELECT* 4\".c1", "1"], "Plans": [{"Node Type": "Seq Scan", "Parent Relationship": "Subquery", "Parallel Aware": false, "Async Capable": false, "Relation Name": "t1", "Schema": "pg_temp", "Alias": "t1_1", "Startup Cost": 0.0, "Total Cost": 35.5, "Plan Rows": 680, "Plan Width": 8, "Output": ["t1_1.b1", "t1_1.c1"], "Filter": "(t1_1.a1 > 0)"}]}]}]}]}, {"Node Type": "Subquery Scan", "Parent Relationship": "Member", "Parallel Aware": false, "Async Capable": false, "Alias": "*SELECT* 5", "Startup Cost": 0.0, "Total Cost": 42.3, "Plan Rows": 680, "Plan Width": 12, "Output": ["\"*SELECT* 5\".b1", "\"*SELECT* 5\".c1", "1"], "Plans": [{"Node Type": "Seq Scan", "Parent Relationship": "Subquery", "Parallel Aware": false, "Async Capable": false, "Relation Name": "t1", "Schema": "pg_temp", "Alias": "t1_2", "Startup Cost": 0.0, "Total Cost": 35.5, "Plan Rows": 680, "Plan Width": 8, "Output": ["t1_2.b1", "t1_2.c1"], "Filter": "(t1_2.a1 > 0)"}]}]}]}]}]}}]