[{"Plan": {"Node Type": "WindowAgg", "Parallel Aware": false, "Async Capable": false, "Startup Cost": 290.38, "Total Cost": 326.08, "Plan Rows": 2040, "Plan Width": 48, "Output": ["a1", "sum(b1) OVER (?)", "(avg(c1) OVER (?))", "b1"], "Plans": [{"Node Type": "Sort", "Parent Relationship": "Outer", "Parallel Aware": false, "Async Capable": false, "Startup Cost": 290.38, "Total Cost": 295.48, "Plan Rows": 2040, "Plan Width": 44, "Output": ["a1", "b1", "c1", "(avg(c1) OVER (?))"], "Sort Key": ["t1.a1"], "Plans": [{"Node Type": "WindowAgg", "Parent Relationship": "Outer", "Parallel Aware": false, "Async Capable": false, "Startup Cost": 142.54, "Total Cost": 178.24, "Plan Rows": 2040, "Plan Width": 44, "Output": ["a1", "b1", "c1", "avg(c1) OVER (?)"], "Plans": [{"Node Type": "Sort", "Parent Relationship": "Outer", "Parallel Aware": false, "Async Capable": false, "Startup Cost": 142.54, "Total Cost": 147.64, "Plan Rows": 2040, "Plan Width": 12, "Output": ["a1", "b1", "c1"], "Sort Key": ["t1.b1"], "Plans": [{"Node Type": "Seq Scan", "Parent Relationship": "Outer", "Parallel Aware": false, "Async Capable": false, "Relation Name": "t1", "Schema": "pg_temp", "Alias": "t1", "Startup Cost": 0.0, "Total Cost": 30.4, "Plan Rows": 2040, "Plan Width": 12, "Output": ["a1", "b1", "c1"]}]}]}]}]}}]