[{"Plan": {"Local Read Blocks": 0, "Local Hit Blocks": 0, "Sort Key": ["(count(*)) DESC", "(count(orders.o_orderkey)) DESC"], "Local Dirtied Blocks": 0, "Temp Read Blocks": 0, "Plans": [{"Local Read Blocks": 0, "Local Hit Blocks": 0, "Local Dirtied Blocks": 0, "Temp Read Blocks": 0, "Total Cost": 163741.99, "Strategy": "Hashed", "Plans": [{"Local Read Blocks": 0, "Local Hit Blocks": 0, "Local Dirtied Blocks": 0, "Temp Read Blocks": 0, "Total Cost": 161489.99, "Strategy": "Sorted", "Plans": [{"Local Read Blocks": 0, "Local Hit Blocks": 0, "Local Dirtied Blocks": 0, "Temp Read Blocks": 0, "Total Cost": 158489.99, "Plans": [{"Local Read Blocks": 0, "Local Hit Blocks": 0, "Local Dirtied Blocks": 0, "Temp Read Blocks": 0, "Total Cost": 122862.53, "Strategy": "Sorted", "Plans": [{"Local Read Blocks": 0, "Local Hit Blocks": 0, "Local Dirtied Blocks": 0, "Local Written Blocks": 0, "Total Cost": 118237.84, "Plans": [{"Index Name": "customer_pkey", "Local Hit Blocks": 0, "Local Dirtied Blocks": 0, "Local Read Blocks": 0, "Total Cost": 6742.42, "Local Written Blocks": 0, "Shared Written Blocks": 0, "Temp Written Blocks": 0, "Shared Read Blocks": 4116, "Plan Width": 4, "Startup Cost": 0.42, "Plan Rows": 62500, "Shared Dirtied Blocks": 0, "Alias": "customer", "Actual Loops": 3, "Node Type": "Index Only Scan", "Actual Startup Time": 0.04, "Shared Hit Blocks": 376, "Temp Read Blocks": 0, "Output": ["customer.c_custkey"], "Actual Rows": 50000, "Schema": "public", "Heap Fetches": 31110, "Parent Relationship": "Outer", "Actual Total Time": 17.306, "Workers": [{"Local Read Blocks": 0, "Actual Loops": 1, "Local Hit Blocks": 0, "Local Dirtied Blocks": 0, "Actual Startup Time": 0.054, "Local Written Blocks": 0, "Shared Hit Blocks": 146, "Temp Read Blocks": 0, "Worker Number": 0, "Actual Rows": 65880, "Shared Dirtied Blocks": 0, "Shared Read Blocks": 1810, "Temp Written Blocks": 0, "Actual Total Time": 21.459, "Shared Written Blocks": 0}, {"Local Read Blocks": 0, "Actual Loops": 1, "Local Hit Blocks": 0, "Local Dirtied Blocks": 0, "Actual Startup Time": 0.045, "Local Written Blocks": 0, "Shared Hit Blocks": 145, "Temp Read Blocks": 0, "Worker Number": 1, "Actual Rows": 53010, "Shared Dirtied Blocks": 0, "Shared Read Blocks": 1449, "Temp Written Blocks": 0, "Actual Total Time": 18.371, "Shared Written Blocks": 0}], "Parallel Aware": true, "Scan Direction": "Forward", "Relation Name": "customer"}, {"Index Name": "o_custkey_fkey", "Local Hit Blocks": 0, "Local Dirtied Blocks": 0, "Local Read Blocks": 0, "Filter": "((orders.o_comment)::text !~~ '%special%deposits%'::text)", "Total Cost": 1.61, "Local Written Blocks": 0, "Shared Written Blocks": 0, "Temp Written Blocks": 0, "Shared Read Blocks": 644675, "Plan Width": 12, "Startup Cost": 0.43, "Plan Rows": 17, "Shared Dirtied Blocks": 0, "Alias": "orders", "Actual Loops": 150000, "Node Type": "Index Scan", "Actual Startup Time": 0.004, "Rows Removed by Index Recheck": 0, "Temp Read Blocks": 0, "Output": ["orders.o_orderkey", "orders.o_custkey", "orders.o_orderstatus", "orders.o_totalprice", "orders.o_orderdate", "orders.o_orderpriority", "orders.o_clerk", "orders.o_shippriority", "orders.o_comment"], "Actual Rows": 10, "Schema": "public", "Parent Relationship": "Inner", "Rows Removed by Filter": 0, "Index Cond": "(customer.c_custkey = orders.o_custkey)", "Shared Hit Blocks": 1309401, "Actual Total Time": 0.029, "Workers": [{"Local Read Blocks": 0, "Actual Loops": 65880, "Local Hit Blocks": 0, "Local Dirtied Blocks": 0, "Actual Startup Time": 0.003, "Local Written Blocks": 0, "Shared Hit Blocks": 576550, "Temp Read Blocks": 0, "Worker Number": 0, "Actual Rows": 10, "Shared Dirtied Blocks": 0, "Shared Read Blocks": 283319, "Temp Written Blocks": 0, "Actual Total Time": 0.025, "Shared Written Blocks": 0}, {"Local Read Blocks": 0, "Actual Loops": 53010, "Local Hit Blocks": 0, "Local Dirtied Blocks": 0, "Actual Startup Time": 0.004, "Local Written Blocks": 0, "Shared Hit Blocks": 462192, "Temp Read Blocks": 0, "Worker Number": 1, "Actual Rows": 10, "Shared Dirtied Blocks": 0, "Shared Read Blocks": 227247, "Temp Written Blocks": 0, "Actual Total Time": 0.033, "Shared Written Blocks": 0}], "Parallel Aware": false, "Scan Direction": "Forward", "Relation Name": "orders"}], "Temp Written Blocks": 0, "Shared Read Blocks": 648791, "Plan Width": 8, "Startup Cost": 0.85, "Plan Rows": 624938, "Join Type": "Left", "Inner Unique": false, "Actual Loops": 3, "Parallel Aware": false, "Node Type": "Nested Loop", "Actual Startup Time": 0.095, "Shared Hit Blocks": 1309777, "Temp Read Blocks": 0, "Output": ["customer.c_custkey", "orders.o_orderkey"], "Actual Rows": 511269, "Shared Dirtied Blocks": 0, "Parent Relationship": "Outer", "Actual Total Time": 1552.015, "Workers": [{"Local Read Blocks": 0, "Actual Loops": 1, "Local Hit Blocks": 0, "Local Dirtied Blocks": 0, "Actual Startup Time": 0.127, "Local Written Blocks": 0, "Shared Hit Blocks": 576696, "Temp Read Blocks": 0, "Worker Number": 0, "Actual Rows": 675268, "Shared Dirtied Blocks": 0, "Shared Read Blocks": 285129, "Temp Written Blocks": 0, "Actual Total Time": 1789.64, "Shared Written Blocks": 0}, {"Local Read Blocks": 0, "Actual Loops": 1, "Local Hit Blocks": 0, "Local Dirtied Blocks": 0, "Actual Startup Time": 0.112, "Local Written Blocks": 0, "Shared Hit Blocks": 462337, "Temp Read Blocks": 0, "Worker Number": 1, "Actual Rows": 540850, "Shared Dirtied Blocks": 0, "Shared Read Blocks": 228696, "Temp Written Blocks": 0, "Actual Total Time": 1822.103, "Shared Written Blocks": 0}], "Shared Written Blocks": 0}], "Temp Written Blocks": 0, "Shared Read Blocks": 648791, "Plan Width": 12, "Startup Cost": 0.85, "Plan Rows": 150000, "Group Key": ["customer.c_custkey"], "Local Written Blocks": 0, "Actual Loops": 3, "Parallel Aware": false, "Node Type": "Aggregate", "Actual Startup Time": 0.23, "Shared Hit Blocks": 1309777, "Output": ["customer.c_custkey", "PARTIAL count(orders.o_orderkey)"], "Actual Rows": 50000, "Shared Dirtied Blocks": 0, "Parent Relationship": "Outer", "Actual Total Time": 1622.86, "Workers": [{"Local Read Blocks": 0, "Actual Loops": 1, "Local Hit Blocks": 0, "Local Dirtied Blocks": 0, "Actual Startup Time": 0.286, "Local Written Blocks": 0, "Shared Hit Blocks": 576696, "Temp Read Blocks": 0, "Worker Number": 0, "Actual Rows": 65880, "Shared Dirtied Blocks": 0, "Shared Read Blocks": 285129, "Temp Written Blocks": 0, "Actual Total Time": 1882.019, "Shared Written Blocks": 0}, {"Local Read Blocks": 0, "Actual Loops": 1, "Local Hit Blocks": 0, "Local Dirtied Blocks": 0, "Actual Startup Time": 0.305, "Local Written Blocks": 0, "Shared Hit Blocks": 462337, "Temp Read Blocks": 0, "Worker Number": 1, "Actual Rows": 53010, "Shared Dirtied Blocks": 0, "Shared Read Blocks": 228696, "Temp Written Blocks": 0, "Actual Total Time": 1897.057, "Shared Written Blocks": 0}], "Shared Written Blocks": 0, "Partial Mode": "Partial"}], "Temp Written Blocks": 0, "Shared Read Blocks": 134966, "Plan Width": 12, "Startup Cost": 1000.87, "Plan Rows": 300000, "Local Written Blocks": 0, "Actual Loops": 1, "Parallel Aware": false, "Node Type": "Gather Merge", "Actual Startup Time": 4.027, "Shared Hit Blocks": 270744, "Output": ["customer.c_custkey", "(PARTIAL count(orders.o_orderkey))"], "Actual Rows": 150000, "Shared Dirtied Blocks": 0, "Parent Relationship": "Outer", "Workers Launched": 2, "Actual Total Time": 1875.789, "Workers Planned": 2, "Shared Written Blocks": 0}], "Temp Written Blocks": 0, "Shared Read Blocks": 134966, "Plan Width": 12, "Startup Cost": 1000.87, "Plan Rows": 150000, "Group Key": ["customer.c_custkey"], "Local Written Blocks": 0, "Actual Loops": 1, "Parallel Aware": false, "Node Type": "Aggregate", "Actual Startup Time": 4.105, "Shared Hit Blocks": 270744, "Output": ["customer.c_custkey", "count(orders.o_orderkey)"], "Actual Rows": 150000, "Shared Dirtied Blocks": 0, "Parent Relationship": "Outer", "Actual Total Time": 1920.916, "Shared Written Blocks": 0, "Partial Mode": "Finalize"}], "Temp Written Blocks": 0, "Shared Read Blocks": 134966, "Plan Width": 16, "Startup Cost": 163739.99, "Plan Rows": 200, "Group Key": ["count(orders.o_orderkey)"], "Local Written Blocks": 0, "Actual Loops": 1, "Parallel Aware": false, "Node Type": "Aggregate", "Actual Startup Time": 1948.392, "Shared Hit Blocks": 270744, "Output": ["(count(orders.o_orderkey))", "count(*)"], "Actual Rows": 42, "Shared Dirtied Blocks": 0, "Parent Relationship": "Outer", "Actual Total Time": 1948.399, "Shared Written Blocks": 0, "Partial Mode": "Simple"}], "Total Cost": 163750.14, "Sort Space Type": "Memory", "Temp Written Blocks": 0, "Shared Read Blocks": 134966, "Plan Width": 16, "Startup Cost": 163749.64, "Plan Rows": 200, "Sort Space Used": 26, "Local Written Blocks": 0, "Actual Loops": 1, "Parallel Aware": false, "Node Type": "Sort", "Sort Method": "quicksort", "Actual Startup Time": 1948.478, "Shared Hit Blocks": 270747, "Output": ["(count(orders.o_orderkey))", "(count(*))"], "Actual Rows": 42, "Shared Dirtied Blocks": 0, "Actual Total Time": 1948.48, "Shared Written Blocks": 0}, "Execution Time": 1951.677, "Planning Time": 1.209, "Triggers": []}]