[{"Plan": {"Local Read Blocks": 0, "Local Hit Blocks": 0, "Sort Key": ["(count(*)) DESC", "(count(orders.o_orderkey)) DESC"], "Local Dirtied Blocks": 0, "Temp Read Blocks": 0, "Plans": [{"Local Read Blocks": 0, "Local Hit Blocks": 0, "Local Dirtied Blocks": 0, "Temp Read Blocks": 0, "Total Cost": 165585.76, "Strategy": "Hashed", "Plans": [{"Local Read Blocks": 0, "Local Hit Blocks": 0, "Local Dirtied Blocks": 0, "Temp Read Blocks": 0, "Total Cost": 163333.76, "Strategy": "Sorted", "Plans": [{"Local Read Blocks": 0, "Local Hit Blocks": 0, "Local Dirtied Blocks": 0, "Temp Read Blocks": 0, "Total Cost": 160333.76, "Plans": [{"Local Read Blocks": 0, "Local Hit Blocks": 0, "Local Dirtied Blocks": 0, "Temp Read Blocks": 0, "Total Cost": 124706.29, "Strategy": "Sorted", "Plans": [{"Local Read Blocks": 0, "Local Hit Blocks": 0, "Local Dirtied Blocks": 0, "Local Written Blocks": 0, "Total Cost": 120112.84, "Plans": [{"Index Name": "customer_pkey", "Local Hit Blocks": 0, "Local Dirtied Blocks": 0, "Local Read Blocks": 0, "Total Cost": 6742.42, "Local Written Blocks": 0, "Shared Written Blocks": 0, "Temp Written Blocks": 0, "Shared Read Blocks": 4116, "Plan Width": 4, "Startup Cost": 0.42, "Plan Rows": 62500, "Shared Dirtied Blocks": 0, "Alias": "customer", "Actual Loops": 3, "Node Type": "Index Only Scan", "Actual Startup Time": 0.044, "Shared Hit Blocks": 389, "Temp Read Blocks": 0, "Output": ["customer.c_custkey"], "Actual Rows": 50000, "Schema": "public", "Heap Fetches": 31842, "Parent Relationship": "Outer", "Actual Total Time": 17.296, "Workers": [{"Local Read Blocks": 0, "Actual Loops": 1, "Local Hit Blocks": 0, "Local Dirtied Blocks": 0, "Actual Startup Time": 0.06, "Local Written Blocks": 0, "Shared Hit Blocks": 152, "Temp Read Blocks": 0, "Worker Number": 0, "Actual Rows": 61794, "Shared Dirtied Blocks": 0, "Shared Read Blocks": 1699, "Temp Written Blocks": 0, "Actual Total Time": 21.026, "Shared Written Blocks": 0}, {"Local Read Blocks": 0, "Actual Loops": 1, "Local Hit Blocks": 0, "Local Dirtied Blocks": 0, "Actual Startup Time": 0.053, "Local Written Blocks": 0, "Shared Hit Blocks": 149, "Temp Read Blocks": 0, "Worker Number": 1, "Actual Rows": 56364, "Shared Dirtied Blocks": 0, "Shared Read Blocks": 1546, "Temp Written Blocks": 0, "Actual Total Time": 19.055, "Shared Written Blocks": 0}], "Parallel Aware": true, "Scan Direction": "Forward", "Relation Name": "customer"}, {"Index Name": "o_custkey_fkey", "Local Hit Blocks": 0, "Local Dirtied Blocks": 0, "Local Read Blocks": 0, "Filter": "((orders.o_comment)::text !~~ '%special%deposits%'::text)", "Total Cost": 1.63, "Local Written Blocks": 0, "Shared Written Blocks": 0, "Temp Written Blocks": 0, "Shared Read Blocks": 645092, "Plan Width": 12, "Startup Cost": 0.43, "Plan Rows": 18, "Shared Dirtied Blocks": 0, "Alias": "orders", "Actual Loops": 150000, "Node Type": "Index Scan", "Actual Startup Time": 0.004, "Rows Removed by Index Recheck": 0, "Temp Read Blocks": 0, "Output": ["orders.o_orderkey", "orders.o_custkey", "orders.o_orderstatus", "orders.o_totalprice", "orders.o_orderdate", "orders.o_orderpriority", "orders.o_clerk", "orders.o_shippriority", "orders.o_comment"], "Actual Rows": 10, "Schema": "public", "Parent Relationship": "Inner", "Rows Removed by Filter": 0, "Index Cond": "(customer.c_custkey = orders.o_custkey)", "Shared Hit Blocks": 1308984, "Actual Total Time": 0.032, "Workers": [{"Local Read Blocks": 0, "Actual Loops": 61794, "Local Hit Blocks": 0, "Local Dirtied Blocks": 0, "Actual Startup Time": 0.004, "Local Written Blocks": 0, "Shared Hit Blocks": 540256, "Temp Read Blocks": 0, "Worker Number": 0, "Actual Rows": 10, "Shared Dirtied Blocks": 0, "Shared Read Blocks": 265584, "Temp Written Blocks": 0, "Actual Total Time": 0.03, "Shared Written Blocks": 0}, {"Local Read Blocks": 0, "Actual Loops": 56364, "Local Hit Blocks": 0, "Local Dirtied Blocks": 0, "Actual Startup Time": 0.004, "Local Written Blocks": 0, "Shared Hit Blocks": 490971, "Temp Read Blocks": 0, "Worker Number": 1, "Actual Rows": 10, "Shared Dirtied Blocks": 0, "Shared Read Blocks": 242358, "Temp Written Blocks": 0, "Actual Total Time": 0.034, "Shared Written Blocks": 0}], "Parallel Aware": false, "Scan Direction": "Forward", "Relation Name": "orders"}], "Temp Written Blocks": 0, "Shared Read Blocks": 649208, "Plan Width": 8, "Startup Cost": 0.85, "Plan Rows": 618691, "Join Type": "Left", "Inner Unique": false, "Actual Loops": 3, "Parallel Aware": false, "Node Type": "Nested Loop", "Actual Startup Time": 0.108, "Shared Hit Blocks": 1309373, "Temp Read Blocks": 0, "Output": ["customer.c_custkey", "orders.o_orderkey"], "Actual Rows": 511269, "Shared Dirtied Blocks": 0, "Parent Relationship": "Outer", "Actual Total Time": 1678.299, "Workers": [{"Local Read Blocks": 0, "Actual Loops": 1, "Local Hit Blocks": 0, "Local Dirtied Blocks": 0, "Actual Startup Time": 0.143, "Local Written Blocks": 0, "Shared Hit Blocks": 540408, "Temp Read Blocks": 0, "Worker Number": 0, "Actual Rows": 632675, "Shared Dirtied Blocks": 0, "Shared Read Blocks": 267283, "Temp Written Blocks": 0, "Actual Total Time": 1979.829, "Shared Written Blocks": 0}, {"Local Read Blocks": 0, "Actual Loops": 1, "Local Hit Blocks": 0, "Local Dirtied Blocks": 0, "Actual Startup Time": 0.134, "Local Written Blocks": 0, "Shared Hit Blocks": 491120, "Temp Read Blocks": 0, "Worker Number": 1, "Actual Rows": 575439, "Shared Dirtied Blocks": 0, "Shared Read Blocks": 243904, "Temp Written Blocks": 0, "Actual Total Time": 1975.433, "Shared Written Blocks": 0}], "Shared Written Blocks": 0}], "Temp Written Blocks": 0, "Shared Read Blocks": 649208, "Plan Width": 12, "Startup Cost": 0.85, "Plan Rows": 150000, "Group Key": ["customer.c_custkey"], "Local Written Blocks": 0, "Actual Loops": 3, "Parallel Aware": false, "Node Type": "Aggregate", "Actual Startup Time": 0.231, "Shared Hit Blocks": 1309373, "Output": ["customer.c_custkey", "PARTIAL count(orders.o_orderkey)"], "Actual Rows": 50000, "Shared Dirtied Blocks": 0, "Parent Relationship": "Outer", "Actual Total Time": 1739.056, "Workers": [{"Local Read Blocks": 0, "Actual Loops": 1, "Local Hit Blocks": 0, "Local Dirtied Blocks": 0, "Actual Startup Time": 0.293, "Local Written Blocks": 0, "Shared Hit Blocks": 540408, "Temp Read Blocks": 0, "Worker Number": 0, "Actual Rows": 61794, "Shared Dirtied Blocks": 0, "Shared Read Blocks": 267283, "Temp Written Blocks": 0, "Actual Total Time": 2055.62, "Shared Written Blocks": 0}, {"Local Read Blocks": 0, "Actual Loops": 1, "Local Hit Blocks": 0, "Local Dirtied Blocks": 0, "Actual Startup Time": 0.294, "Local Written Blocks": 0, "Shared Hit Blocks": 491120, "Temp Read Blocks": 0, "Worker Number": 1, "Actual Rows": 56364, "Shared Dirtied Blocks": 0, "Shared Read Blocks": 243904, "Temp Written Blocks": 0, "Actual Total Time": 2040.828, "Shared Written Blocks": 0}], "Shared Written Blocks": 0, "Partial Mode": "Partial"}], "Temp Written Blocks": 0, "Shared Read Blocks": 138021, "Plan Width": 12, "Startup Cost": 1000.87, "Plan Rows": 300000, "Local Written Blocks": 0, "Actual Loops": 1, "Parallel Aware": false, "Node Type": "Gather Merge", "Actual Startup Time": 4.795, "Shared Hit Blocks": 277845, "Output": ["customer.c_custkey", "(PARTIAL count(orders.o_orderkey))"], "Actual Rows": 150000, "Shared Dirtied Blocks": 0, "Parent Relationship": "Outer", "Workers Launched": 2, "Actual Total Time": 2037.123, "Workers Planned": 2, "Shared Written Blocks": 0}], "Temp Written Blocks": 0, "Shared Read Blocks": 138021, "Plan Width": 12, "Startup Cost": 1000.87, "Plan Rows": 150000, "Group Key": ["customer.c_custkey"], "Local Written Blocks": 0, "Actual Loops": 1, "Parallel Aware": false, "Node Type": "Aggregate", "Actual Startup Time": 4.891, "Shared Hit Blocks": 277845, "Output": ["customer.c_custkey", "count(orders.o_orderkey)"], "Actual Rows": 150000, "Shared Dirtied Blocks": 0, "Parent Relationship": "Outer", "Actual Total Time": 2079.222, "Shared Written Blocks": 0, "Partial Mode": "Finalize"}], "Temp Written Blocks": 0, "Shared Read Blocks": 138021, "Plan Width": 16, "Startup Cost": 165583.76, "Plan Rows": 200, "Group Key": ["count(orders.o_orderkey)"], "Local Written Blocks": 0, "Actual Loops": 1, "Parallel Aware": false, "Node Type": "Aggregate", "Actual Startup Time": 2105.343, "Shared Hit Blocks": 277845, "Output": ["(count(orders.o_orderkey))", "count(*)"], "Actual Rows": 42, "Shared Dirtied Blocks": 0, "Parent Relationship": "Outer", "Actual Total Time": 2105.35, "Shared Written Blocks": 0, "Partial Mode": "Simple"}], "Total Cost": 165593.9, "Sort Space Type": "Memory", "Temp Written Blocks": 0, "Shared Read Blocks": 138021, "Plan Width": 16, "Startup Cost": 165593.4, "Plan Rows": 200, "Sort Space Used": 26, "Local Written Blocks": 0, "Actual Loops": 1, "Parallel Aware": false, "Node Type": "Sort", "Sort Method": "quicksort", "Actual Startup Time": 2105.399, "Shared Hit Blocks": 277848, "Output": ["(count(orders.o_orderkey))", "(count(*))"], "Actual Rows": 42, "Shared Dirtied Blocks": 0, "Actual Total Time": 2105.401, "Shared Written Blocks": 0}, "Execution Time": 2110.693, "Planning Time": 1.679, "Triggers": []}]