[{"Plan": {"Local Read Blocks": 0, "Local Hit Blocks": 0, "Sort Key": ["(count(*)) DESC", "(count(orders.o_orderkey)) DESC"], "Local Dirtied Blocks": 0, "Temp Read Blocks": 0, "Plans": [{"Local Read Blocks": 0, "Local Hit Blocks": 0, "Local Dirtied Blocks": 0, "Temp Read Blocks": 0, "Total Cost": 163741.99, "Strategy": "Hashed", "Plans": [{"Local Read Blocks": 0, "Local Hit Blocks": 0, "Local Dirtied Blocks": 0, "Temp Read Blocks": 0, "Total Cost": 161489.99, "Strategy": "Sorted", "Plans": [{"Local Read Blocks": 0, "Local Hit Blocks": 0, "Local Dirtied Blocks": 0, "Temp Read Blocks": 0, "Total Cost": 158489.99, "Plans": [{"Local Read Blocks": 0, "Local Hit Blocks": 0, "Local Dirtied Blocks": 0, "Temp Read Blocks": 0, "Total Cost": 122862.53, "Strategy": "Sorted", "Plans": [{"Local Read Blocks": 0, "Local Hit Blocks": 0, "Local Dirtied Blocks": 0, "Local Written Blocks": 0, "Total Cost": 118237.84, "Plans": [{"Index Name": "customer_pkey", "Local Hit Blocks": 0, "Local Dirtied Blocks": 0, "Local Read Blocks": 0, "Total Cost": 6742.42, "Local Written Blocks": 0, "Shared Written Blocks": 0, "Temp Written Blocks": 0, "Shared Read Blocks": 4116, "Plan Width": 4, "Startup Cost": 0.42, "Plan Rows": 62500, "Shared Dirtied Blocks": 0, "Alias": "customer", "Actual Loops": 3, "Node Type": "Index Only Scan", "Actual Startup Time": 0.04, "Shared Hit Blocks": 399, "Temp Read Blocks": 0, "Output": ["customer.c_custkey"], "Actual Rows": 50000, "Schema": "public", "Heap Fetches": 30318, "Parent Relationship": "Outer", "Actual Total Time": 17.401, "Workers": [{"Local Read Blocks": 0, "Actual Loops": 1, "Local Hit Blocks": 0, "Local Dirtied Blocks": 0, "Actual Startup Time": 0.061, "Local Written Blocks": 0, "Shared Hit Blocks": 157, "Temp Read Blocks": 0, "Worker Number": 0, "Actual Rows": 59658, "Shared Dirtied Blocks": 0, "Shared Read Blocks": 1637, "Temp Written Blocks": 0, "Actual Total Time": 20.559, "Shared Written Blocks": 0}, {"Local Read Blocks": 0, "Actual Loops": 1, "Local Hit Blocks": 0, "Local Dirtied Blocks": 0, "Actual Startup Time": 0.041, "Local Written Blocks": 0, "Shared Hit Blocks": 158, "Temp Read Blocks": 0, "Worker Number": 1, "Actual Rows": 60024, "Shared Dirtied Blocks": 0, "Shared Read Blocks": 1648, "Temp Written Blocks": 0, "Actual Total Time": 20.007, "Shared Written Blocks": 0}], "Parallel Aware": true, "Scan Direction": "Forward", "Relation Name": "customer"}, {"Index Name": "o_custkey_fkey", "Local Hit Blocks": 0, "Local Dirtied Blocks": 0, "Local Read Blocks": 0, "Filter": "((orders.o_comment)::text !~~ '%special%deposits%'::text)", "Total Cost": 1.61, "Local Written Blocks": 0, "Shared Written Blocks": 0, "Temp Written Blocks": 0, "Shared Read Blocks": 644660, "Plan Width": 12, "Startup Cost": 0.43, "Plan Rows": 17, "Shared Dirtied Blocks": 0, "Alias": "orders", "Actual Loops": 150000, "Node Type": "Index Scan", "Actual Startup Time": 0.004, "Rows Removed by Index Recheck": 0, "Temp Read Blocks": 0, "Output": ["orders.o_orderkey", "orders.o_custkey", "orders.o_orderstatus", "orders.o_totalprice", "orders.o_orderdate", "orders.o_orderpriority", "orders.o_clerk", "orders.o_shippriority", "orders.o_comment"], "Actual Rows": 10, "Schema": "public", "Parent Relationship": "Inner", "Rows Removed by Filter": 0, "Index Cond": "(customer.c_custkey = orders.o_custkey)", "Shared Hit Blocks": 1309416, "Actual Total Time": 0.029, "Workers": [{"Local Read Blocks": 0, "Actual Loops": 59658, "Local Hit Blocks": 0, "Local Dirtied Blocks": 0, "Actual Startup Time": 0.003, "Local Written Blocks": 0, "Shared Hit Blocks": 521662, "Temp Read Blocks": 0, "Worker Number": 0, "Actual Rows": 10, "Shared Dirtied Blocks": 0, "Shared Read Blocks": 256158, "Temp Written Blocks": 0, "Actual Total Time": 0.027, "Shared Written Blocks": 0}, {"Local Read Blocks": 0, "Actual Loops": 60024, "Local Hit Blocks": 0, "Local Dirtied Blocks": 0, "Actual Startup Time": 0.003, "Local Written Blocks": 0, "Shared Hit Blocks": 523393, "Temp Read Blocks": 0, "Worker Number": 1, "Actual Rows": 10, "Shared Dirtied Blocks": 0, "Shared Read Blocks": 258360, "Temp Written Blocks": 0, "Actual Total Time": 0.027, "Shared Written Blocks": 0}], "Parallel Aware": false, "Scan Direction": "Forward", "Relation Name": "orders"}], "Temp Written Blocks": 0, "Shared Read Blocks": 648776, "Plan Width": 8, "Startup Cost": 0.85, "Plan Rows": 624938, "Join Type": "Left", "Inner Unique": false, "Actual Loops": 3, "Parallel Aware": false, "Node Type": "Nested Loop", "Actual Startup Time": 0.093, "Shared Hit Blocks": 1309815, "Temp Read Blocks": 0, "Output": ["customer.c_custkey", "orders.o_orderkey"], "Actual Rows": 511269, "Shared Dirtied Blocks": 0, "Parent Relationship": "Outer", "Actual Total Time": 1513.908, "Workers": [{"Local Read Blocks": 0, "Actual Loops": 1, "Local Hit Blocks": 0, "Local Dirtied Blocks": 0, "Actual Startup Time": 0.134, "Local Written Blocks": 0, "Shared Hit Blocks": 521819, "Temp Read Blocks": 0, "Worker Number": 0, "Actual Rows": 610737, "Shared Dirtied Blocks": 0, "Shared Read Blocks": 257795, "Temp Written Blocks": 0, "Actual Total Time": 1714.657, "Shared Written Blocks": 0}, {"Local Read Blocks": 0, "Actual Loops": 1, "Local Hit Blocks": 0, "Local Dirtied Blocks": 0, "Actual Startup Time": 0.102, "Local Written Blocks": 0, "Shared Hit Blocks": 523551, "Temp Read Blocks": 0, "Worker Number": 1, "Actual Rows": 613497, "Shared Dirtied Blocks": 0, "Shared Read Blocks": 260008, "Temp Written Blocks": 0, "Actual Total Time": 1716.637, "Shared Written Blocks": 0}], "Shared Written Blocks": 0}], "Temp Written Blocks": 0, "Shared Read Blocks": 648776, "Plan Width": 12, "Startup Cost": 0.85, "Plan Rows": 150000, "Group Key": ["customer.c_custkey"], "Local Written Blocks": 0, "Actual Loops": 3, "Parallel Aware": false, "Node Type": "Aggregate", "Actual Startup Time": 0.21, "Shared Hit Blocks": 1309815, "Output": ["customer.c_custkey", "PARTIAL count(orders.o_orderkey)"], "Actual Rows": 50000, "Shared Dirtied Blocks": 0, "Parent Relationship": "Outer", "Actual Total Time": 1579.042, "Workers": [{"Local Read Blocks": 0, "Actual Loops": 1, "Local Hit Blocks": 0, "Local Dirtied Blocks": 0, "Actual Startup Time": 0.291, "Local Written Blocks": 0, "Shared Hit Blocks": 521819, "Temp Read Blocks": 0, "Worker Number": 0, "Actual Rows": 59658, "Shared Dirtied Blocks": 0, "Shared Read Blocks": 257795, "Temp Written Blocks": 0, "Actual Total Time": 1792.434, "Shared Written Blocks": 0}, {"Local Read Blocks": 0, "Actual Loops": 1, "Local Hit Blocks": 0, "Local Dirtied Blocks": 0, "Actual Startup Time": 0.225, "Local Written Blocks": 0, "Shared Hit Blocks": 523551, "Temp Read Blocks": 0, "Worker Number": 1, "Actual Rows": 60024, "Shared Dirtied Blocks": 0, "Shared Read Blocks": 260008, "Temp Written Blocks": 0, "Actual Total Time": 1794.638, "Shared Written Blocks": 0}], "Shared Written Blocks": 0, "Partial Mode": "Partial"}], "Temp Written Blocks": 0, "Shared Read Blocks": 130973, "Plan Width": 12, "Startup Cost": 1000.87, "Plan Rows": 300000, "Local Written Blocks": 0, "Actual Loops": 1, "Parallel Aware": false, "Node Type": "Gather Merge", "Actual Startup Time": 4.823, "Shared Hit Blocks": 264445, "Output": ["customer.c_custkey", "(PARTIAL count(orders.o_orderkey))"], "Actual Rows": 150000, "Shared Dirtied Blocks": 0, "Parent Relationship": "Outer", "Workers Launched": 2, "Actual Total Time": 1784.923, "Workers Planned": 2, "Shared Written Blocks": 0}], "Temp Written Blocks": 0, "Shared Read Blocks": 130973, "Plan Width": 12, "Startup Cost": 1000.87, "Plan Rows": 150000, "Group Key": ["customer.c_custkey"], "Local Written Blocks": 0, "Actual Loops": 1, "Parallel Aware": false, "Node Type": "Aggregate", "Actual Startup Time": 4.92, "Shared Hit Blocks": 264445, "Output": ["customer.c_custkey", "count(orders.o_orderkey)"], "Actual Rows": 150000, "Shared Dirtied Blocks": 0, "Parent Relationship": "Outer", "Actual Total Time": 1827.832, "Shared Written Blocks": 0, "Partial Mode": "Finalize"}], "Temp Written Blocks": 0, "Shared Read Blocks": 130973, "Plan Width": 16, "Startup Cost": 163739.99, "Plan Rows": 200, "Group Key": ["count(orders.o_orderkey)"], "Local Written Blocks": 0, "Actual Loops": 1, "Parallel Aware": false, "Node Type": "Aggregate", "Actual Startup Time": 1853.915, "Shared Hit Blocks": 264445, "Output": ["(count(orders.o_orderkey))", "count(*)"], "Actual Rows": 42, "Shared Dirtied Blocks": 0, "Parent Relationship": "Outer", "Actual Total Time": 1853.921, "Shared Written Blocks": 0, "Partial Mode": "Simple"}], "Total Cost": 163750.14, "Sort Space Type": "Memory", "Temp Written Blocks": 0, "Shared Read Blocks": 130973, "Plan Width": 16, "Startup Cost": 163749.64, "Plan Rows": 200, "Sort Space Used": 26, "Local Written Blocks": 0, "Actual Loops": 1, "Parallel Aware": false, "Node Type": "Sort", "Sort Method": "quicksort", "Actual Startup Time": 1853.988, "Shared Hit Blocks": 264448, "Output": ["(count(orders.o_orderkey))", "(count(*))"], "Actual Rows": 42, "Shared Dirtied Blocks": 0, "Actual Total Time": 1853.99, "Shared Written Blocks": 0}, "Execution Time": 1854.269, "Planning Time": 1.301, "Triggers": []}]