[{"Planning Time": 1257.111, "Plan": {"Actual Rows": 1, "Startup Cost": 760241.1, "Local Read Blocks": 0, "Plans": [{"Inner Unique": false, "Startup Cost": 623733.16, "Local Read Blocks": 0, "Plans": [{"Operation": "Select", "Startup Cost": 480605.06, "Local Read Blocks": 0, "Relations": "((lxulx.char_name chn) INNER JOIN (lxulx.cast_info ci)) INNER JOIN (lxulx.role_type rt)", "Remote SQL": "SELECT r1.name, r2.movie_id FROM ((public.char_name r1 INNER JOIN public.cast_info r2 ON (((r1.id = r2.person_role_id)) AND ((r2.note ~~ '%(voice)%'::text)) AND ((r2.note ~~ '%(uncredited)%'::text)))) INNER JOIN public.role_type r6 ON (((r2.role_id = r6.id)) AND ((r6.role = 'actor'::text))))", "Node Type": "Foreign Scan", "Shared Read Blocks": 0, "Output": ["chn.name", "ci.movie_id"], "Temp Written Blocks": 0, "Actual Total Time": 4839.56, "Temp Read Blocks": 0, "Shared Dirtied Blocks": 0, "Plan Rows": 882, "Local Dirtied Blocks": 0, "Shared Hit Blocks": 0, "Actual Startup Time": 4619.118, "Local Hit Blocks": 0, "Parallel Aware": false, "Total Cost": 617078.72, "Shared Written Blocks": 0, "Local Written Blocks": 0, "Actual Loops": 1, "Plan Width": 20, "Parent Relationship": "Outer", "Actual Rows": 25523}, {"Original Hash Batches": 1, "Startup Cost": 143115.65, "Actual Loops": 1, "Hash Buckets": 8192, "Local Read Blocks": 0, "Original Hash Buckets": 1024, "Node Type": "Hash", "Peak Memory Usage": 321, "Shared Read Blocks": 35998, "Hash Batches": 1, "Local Hit Blocks": 0, "Temp Written Blocks": 5014, "Plans": [{"Inner Unique": true, "Startup Cost": 93386.62, "Local Read Blocks": 0, "Plans": [{"Operation": "Select", "Startup Cost": 7036.33, "Local Read Blocks": 0, "Relations": "((dtinglinux.company_name cn) INNER JOIN (dtinglinux.movie_companies mc)) INNER JOIN (dtinglinux.company_type ct)", "Remote SQL": "SELECT r5.movie_id FROM ((public.company_name r3 INNER JOIN public.movie_companies r5 ON (((r3.id = r5.company_id)) AND ((r3.country_code = '[ru]'::text)))) INNER JOIN public.company_type r4 ON (((r5.company_type_id = r4.id))))", "Node Type": "Foreign Scan", "Shared Read Blocks": 0, "Output": ["mc.movie_id"], "Temp Written Blocks": 0, "Actual Total Time": 511.536, "Temp Read Blocks": 0, "Shared Dirtied Blocks": 0, "Plan Rows": 2465, "Local Dirtied Blocks": 0, "Shared Hit Blocks": 0, "Actual Startup Time": 510.989, "Local Hit Blocks": 0, "Parallel Aware": false, "Total Cost": 50729.24, "Shared Written Blocks": 0, "Local Written Blocks": 0, "Actual Loops": 1, "Plan Width": 4, "Parent Relationship": "Outer", "Actual Rows": 8790}, {"Original Hash Batches": 16, "Startup Cost": 67597.89, "Actual Loops": 1, "Hash Buckets": 65536, "Local Read Blocks": 0, "Original Hash Buckets": 65536, "Node Type": "Hash", "Peak Memory Usage": 3917, "Shared Read Blocks": 35998, "Hash Batches": 16, "Local Hit Blocks": 0, "Temp Written Blocks": 4969, "Plans": [{"Startup Cost": 0.0, "Schema": "public", "Local Read Blocks": 0, "Relation Name": "title", "Node Type": "Seq Scan", "Shared Read Blocks": 35998, "Filter": "(t.production_year > 2005)", "Local Hit Blocks": 0, "Temp Written Blocks": 0, "Actual Total Time": 347.704, "Temp Read Blocks": 0, "Shared Dirtied Blocks": 0, "Plan Rows": 1021392, "Parent Relationship": "Outer", "Local Dirtied Blocks": 0, "Alias": "t", "Shared Hit Blocks": 0, "Actual Startup Time": 0.032, "Output": ["t.title", "t.id"], "Parallel Aware": false, "Total Cost": 67597.89, "Shared Written Blocks": 0, "Local Written Blocks": 0, "Actual Loops": 1, "Plan Width": 21, "Rows Removed by Filter": 1515392, "Actual Rows": 1012920}], "Actual Total Time": 548.949, "Temp Read Blocks": 0, "Shared Dirtied Blocks": 0, "Local Dirtied Blocks": 0, "Shared Hit Blocks": 0, "Actual Startup Time": 548.949, "Output": ["t.title", "t.id"], "Parallel Aware": false, "Total Cost": 67597.89, "Shared Written Blocks": 0, "Local Written Blocks": 0, "Plan Rows": 1021392, "Plan Width": 21, "Parent Relationship": "Inner", "Actual Rows": 1012920}], "Node Type": "Hash Join", "Shared Read Blocks": 35998, "Join Type": "Inner", "Temp Written Blocks": 5014, "Actual Total Time": 1142.781, "Temp Read Blocks": 5044, "Shared Dirtied Blocks": 0, "Plan Rows": 996, "Local Dirtied Blocks": 0, "Shared Hit Blocks": 0, "Actual Startup Time": 1060.302, "Output": ["mc.movie_id", "t.title", "t.id"], "Hash Cond": "(mc.movie_id = t.id)", "Local Hit Blocks": 0, "Parallel Aware": false, "Total Cost": 143115.65, "Shared Written Blocks": 0, "Local Written Blocks": 0, "Actual Loops": 1, "Plan Width": 25, "Parent Relationship": "Outer", "Actual Rows": 4539}], "Actual Total Time": 1143.597, "Temp Read Blocks": 5044, "Shared Dirtied Blocks": 0, "Local Dirtied Blocks": 0, "Shared Hit Blocks": 0, "Actual Startup Time": 1143.597, "Output": ["mc.movie_id", "t.title", "t.id"], "Parallel Aware": false, "Total Cost": 143115.65, "Shared Written Blocks": 0, "Local Written Blocks": 0, "Plan Rows": 996, "Plan Width": 25, "Parent Relationship": "Inner", "Actual Rows": 4539}], "Node Type": "Hash Join", "Shared Read Blocks": 35998, "Join Type": "Inner", "Temp Written Blocks": 5014, "Actual Total Time": 5986.134, "Temp Read Blocks": 5044, "Shared Dirtied Blocks": 0, "Plan Rows": 6192, "Local Dirtied Blocks": 0, "Shared Hit Blocks": 3, "Actual Startup Time": 5762.918, "Output": ["chn.name", "t.title"], "Hash Cond": "(ci.movie_id = t.id)", "Local Hit Blocks": 0, "Parallel Aware": false, "Total Cost": 760210.14, "Shared Written Blocks": 0, "Local Written Blocks": 0, "Actual Loops": 1, "Plan Width": 49, "Parent Relationship": "Outer", "Actual Rows": 104}], "Local Dirtied Blocks": 0, "Partial Mode": "Simple", "Shared Read Blocks": 35998, "Output": ["min((chn.name)::text)", "min((t.title)::text)"], "Temp Written Blocks": 5014, "Plan Width": 64, "Actual Total Time": 5986.216, "Temp Read Blocks": 5044, "Shared Dirtied Blocks": 0, "Plan Rows": 1, "Shared Hit Blocks": 3, "Actual Startup Time": 5986.216, "Local Hit Blocks": 0, "Parallel Aware": false, "Total Cost": 760241.11, "Shared Written Blocks": 0, "Local Written Blocks": 0, "Actual Loops": 1, "Strategy": "Plain", "Node Type": "Aggregate"}, "Execution Time": 6025.682, "Triggers": []}]