[{"Planning Time": 1766.64, "Plan": {"Actual Rows": 1, "Startup Cost": 760529.81, "Local Read Blocks": 0, "Plans": [{"Inner Unique": true, "Startup Cost": 623274.62, "Local Read Blocks": 0, "Plans": [{"Inner Unique": false, "Startup Cost": 623273.53, "Local Read Blocks": 0, "Plans": [{"Operation": "Select", "Startup Cost": 480605.06, "Local Read Blocks": 0, "Relations": "((lxulx.char_name chn) INNER JOIN (lxulx.cast_info ci)) INNER JOIN (lxulx.role_type rt)", "Remote SQL": "SELECT r1.name, r2.movie_id FROM ((public.char_name r1 INNER JOIN public.cast_info r2 ON (((r1.id = r2.person_role_id)) AND ((r2.note ~~ '%(voice)%'::text)) AND ((r2.note ~~ '%(uncredited)%'::text)))) INNER JOIN public.role_type r6 ON (((r2.role_id = r6.id)) AND ((r6.role = 'actor'::text))))", "Node Type": "Foreign Scan", "Shared Read Blocks": 0, "Output": ["chn.name", "ci.movie_id"], "Temp Written Blocks": 0, "Actual Total Time": 5682.539, "Temp Read Blocks": 0, "Shared Dirtied Blocks": 0, "Plan Rows": 882, "Local Dirtied Blocks": 0, "Shared Hit Blocks": 0, "Actual Startup Time": 4954.089, "Local Hit Blocks": 0, "Parallel Aware": false, "Total Cost": 617078.72, "Shared Written Blocks": 0, "Local Written Blocks": 0, "Actual Loops": 1, "Plan Width": 20, "Parent Relationship": "Outer", "Actual Rows": 25523}, {"Original Hash Batches": 1, "Startup Cost": 142605.39, "Actual Loops": 1, "Hash Buckets": 8192, "Local Read Blocks": 0, "Original Hash Buckets": 8192, "Node Type": "Hash", "Peak Memory Usage": 339, "Shared Read Blocks": 6324, "Hash Batches": 1, "Local Hit Blocks": 0, "Temp Written Blocks": 0, "Plans": [{"Inner Unique": false, "Startup Cost": 50698.98, "Local Read Blocks": 0, "Plans": [{"Operation": "Select", "Startup Cost": 100.0, "Schema": "ricolelx", "Local Read Blocks": 0, "Remote SQL": "SELECT id, title FROM public.title WHERE ((production_year > 2005))", "Relation Name": "title", "Node Type": "Foreign Scan", "Shared Read Blocks": 0, "Local Hit Blocks": 0, "Temp Written Blocks": 0, "Actual Total Time": 38315.95, "Temp Read Blocks": 0, "Shared Dirtied Blocks": 0, "Plan Rows": 1021392, "Local Dirtied Blocks": 0, "Alias": "t", "Shared Hit Blocks": 0, "Actual Startup Time": 386.007, "Output": ["t.id", "t.title", "t.imdb_index", "t.kind_id", "t.production_year", "t.imdb_id", "t.phonetic_code", "t.episode_of_id", "t.season_nr", "t.episode_nr", "t.series_years", "t.md5sum"], "Parallel Aware": false, "Total Cost": 88125.73, "Shared Written Blocks": 0, "Local Written Blocks": 0, "Actual Loops": 1, "Plan Width": 21, "Parent Relationship": "Outer", "Actual Rows": 1012920}, {"Original Hash Batches": 1, "Startup Cost": 50568.17, "Actual Loops": 1, "Hash Buckets": 16384, "Local Read Blocks": 0, "Original Hash Buckets": 4096, "Node Type": "Hash", "Peak Memory Usage": 472, "Shared Read Blocks": 6324, "Hash Batches": 1, "Local Hit Blocks": 0, "Temp Written Blocks": 0, "Plans": [{"Startup Cost": 6935.24, "Actual Loops": 1, "Local Read Blocks": 0, "Workers Launched": 2, "Node Type": "Gather", "Workers Planned": 2, "Shared Read Blocks": 6324, "Output": ["mc.movie_id", "mc.company_type_id"], "Temp Written Blocks": 0, "Plans": [{"Inner Unique": true, "Startup Cost": 5935.24, "Workers": [{"Temp Written Blocks": 0, "Actual Total Time": 187.312, "Temp Read Blocks": 0, "Shared Dirtied Blocks": 0, "Local Read Blocks": 0, "Worker Number": 0, "Shared Hit Blocks": 3086, "Actual Startup Time": 30.529, "Local Hit Blocks": 0, "Local Written Blocks": 0, "Local Dirtied Blocks": 0, "Shared Written Blocks": 0, "Actual Loops": 1, "Shared Read Blocks": 6213, "Actual Rows": 2956}, {"Temp Written Blocks": 0, "Actual Total Time": 187.337, "Temp Read Blocks": 0, "Shared Dirtied Blocks": 0, "Local Read Blocks": 0, "Worker Number": 1, "Shared Hit Blocks": 3086, "Actual Startup Time": 30.755, "Local Hit Blocks": 0, "Local Written Blocks": 0, "Local Dirtied Blocks": 0, "Shared Written Blocks": 0, "Actual Loops": 1, "Shared Read Blocks": 6221, "Actual Rows": 2881}], "Local Read Blocks": 0, "Plans": [{"Startup Cost": 0.0, "Schema": "public", "Workers": [{"Temp Written Blocks": 0, "Actual Total Time": 75.874, "Temp Read Blocks": 0, "Shared Dirtied Blocks": 0, "Local Read Blocks": 0, "Worker Number": 0, "Shared Hit Blocks": 11, "Actual Startup Time": 0.033, "Local Hit Blocks": 0, "Local Written Blocks": 0, "Local Dirtied Blocks": 0, "Shared Written Blocks": 0, "Actual Loops": 1, "Shared Read Blocks": 6213, "Actual Rows": 865404}, {"Temp Written Blocks": 0, "Actual Total Time": 75.703, "Temp Read Blocks": 0, "Shared Dirtied Blocks": 0, "Local Read Blocks": 0, "Worker Number": 1, "Shared Hit Blocks": 11, "Actual Startup Time": 0.03, "Local Hit Blocks": 0, "Local Written Blocks": 0, "Local Dirtied Blocks": 0, "Shared Written Blocks": 0, "Actual Loops": 1, "Shared Read Blocks": 6221, "Actual Rows": 866667}], "Local Read Blocks": 0, "Relation Name": "movie_companies", "Node Type": "Seq Scan", "Shared Read Blocks": 18758, "Local Hit Blocks": 0, "Temp Written Blocks": 0, "Actual Total Time": 75.588, "Temp Read Blocks": 0, "Shared Dirtied Blocks": 0, "Plan Rows": 1087137, "Local Dirtied Blocks": 0, "Alias": "mc", "Shared Hit Blocks": 32, "Actual Startup Time": 0.034, "Output": ["mc.id", "mc.movie_id", "mc.company_id", "mc.company_type_id", "mc.note"], "Parallel Aware": true, "Total Cost": 29661.37, "Shared Written Blocks": 0, "Local Written Blocks": 0, "Actual Loops": 3, "Plan Width": 12, "Parent Relationship": "Outer", "Actual Rows": 869710}, {"Original Hash Batches": 1, "Workers": [{"Temp Written Blocks": 0, "Actual Total Time": 30.168, "Temp Read Blocks": 0, "Shared Dirtied Blocks": 0, "Local Read Blocks": 0, "Worker Number": 0, "Shared Hit Blocks": 2995, "Actual Startup Time": 30.168, "Local Hit Blocks": 0, "Local Written Blocks": 0, "Local Dirtied Blocks": 0, "Shared Written Blocks": 0, "Actual Loops": 1, "Shared Read Blocks": 0, "Actual Rows": 1361}, {"Temp Written Blocks": 0, "Actual Total Time": 30.161, "Temp Read Blocks": 0, "Shared Dirtied Blocks": 0, "Local Read Blocks": 0, "Worker Number": 1, "Shared Hit Blocks": 2995, "Actual Startup Time": 30.161, "Local Hit Blocks": 0, "Local Written Blocks": 0, "Local Dirtied Blocks": 0, "Shared Written Blocks": 0, "Actual Loops": 1, "Shared Read Blocks": 0, "Actual Rows": 1361}], "Startup Cost": 5932.46, "Actual Loops": 3, "Hash Buckets": 2048, "Local Read Blocks": 0, "Original Hash Buckets": 1024, "Node Type": "Hash", "Peak Memory Usage": 64, "Shared Read Blocks": 0, "Hash Batches": 1, "Local Hit Blocks": 0, "Temp Written Blocks": 0, "Plans": [{"Startup Cost": 0.0, "Schema": "public", "Workers": [{"Temp Written Blocks": 0, "Actual Total Time": 29.871, "Temp Read Blocks": 0, "Shared Dirtied Blocks": 0, "Local Read Blocks": 0, "Worker Number": 0, "Shared Hit Blocks": 2995, "Actual Startup Time": 0.037, "Local Hit Blocks": 0, "Local Written Blocks": 0, "Local Dirtied Blocks": 0, "Shared Written Blocks": 0, "Actual Loops": 1, "Shared Read Blocks": 0, "Actual Rows": 1361}, {"Temp Written Blocks": 0, "Actual Total Time": 29.878, "Temp Read Blocks": 0, "Shared Dirtied Blocks": 0, "Local Read Blocks": 0, "Worker Number": 1, "Shared Hit Blocks": 2995, "Actual Startup Time": 0.038, "Local Hit Blocks": 0, "Local Written Blocks": 0, "Local Dirtied Blocks": 0, "Shared Written Blocks": 0, "Actual Loops": 1, "Shared Read Blocks": 0, "Actual Rows": 1361}], "Local Read Blocks": 0, "Relation Name": "company_name", "Node Type": "Seq Scan", "Shared Read Blocks": 0, "Filter": "((cn.country_code)::text = '[ru]'::text)", "Local Hit Blocks": 0, "Temp Written Blocks": 0, "Actual Total Time": 30.375, "Temp Read Blocks": 0, "Shared Dirtied Blocks": 0, "Plan Rows": 222, "Parent Relationship": "Outer", "Local Dirtied Blocks": 0, "Alias": "cn", "Shared Hit Blocks": 8985, "Actual Startup Time": 0.031, "Output": ["cn.id"], "Parallel Aware": false, "Total Cost": 5932.46, "Shared Written Blocks": 0, "Local Written Blocks": 0, "Actual Loops": 3, "Plan Width": 4, "Rows Removed by Filter": 233636, "Actual Rows": 1361}], "Actual Total Time": 30.649, "Temp Read Blocks": 0, "Shared Dirtied Blocks": 0, "Local Dirtied Blocks": 0, "Shared Hit Blocks": 8985, "Actual Startup Time": 30.649, "Output": ["cn.id"], "Parallel Aware": false, "Total Cost": 5932.46, "Shared Written Blocks": 0, "Local Written Blocks": 0, "Plan Rows": 222, "Plan Width": 4, "Parent Relationship": "Inner", "Actual Rows": 1361}], "Node Type": "Hash Join", "Shared Read Blocks": 18758, "Join Type": "Inner", "Temp Written Blocks": 0, "Actual Total Time": 188.119, "Temp Read Blocks": 0, "Shared Dirtied Blocks": 0, "Plan Rows": 1027, "Local Dirtied Blocks": 0, "Shared Hit Blocks": 9177, "Actual Startup Time": 31.071, "Output": ["mc.movie_id", "mc.company_type_id"], "Hash Cond": "(mc.company_id = cn.id)", "Local Hit Blocks": 0, "Parallel Aware": false, "Total Cost": 49321.67, "Shared Written Blocks": 0, "Local Written Blocks": 0, "Actual Loops": 3, "Plan Width": 8, "Parent Relationship": "Outer", "Actual Rows": 2930}], "Actual Total Time": 192.732, "Temp Read Blocks": 0, "Shared Dirtied Blocks": 0, "Local Dirtied Blocks": 0, "Shared Hit Blocks": 3005, "Actual Startup Time": 32.595, "Local Hit Blocks": 0, "Single Copy": false, "Parallel Aware": false, "Total Cost": 50568.17, "Shared Written Blocks": 0, "Local Written Blocks": 0, "Plan Rows": 2465, "Plan Width": 8, "Parent Relationship": "Outer", "Actual Rows": 8790}], "Actual Total Time": 194.155, "Temp Read Blocks": 0, "Shared Dirtied Blocks": 0, "Local Dirtied Blocks": 0, "Shared Hit Blocks": 3005, "Actual Startup Time": 194.155, "Output": ["mc.movie_id", "mc.company_type_id"], "Parallel Aware": false, "Total Cost": 50568.17, "Shared Written Blocks": 0, "Local Written Blocks": 0, "Plan Rows": 2465, "Plan Width": 8, "Parent Relationship": "Inner", "Actual Rows": 8790}], "Node Type": "Hash Join", "Shared Read Blocks": 6324, "Join Type": "Inner", "Temp Written Blocks": 0, "Actual Total Time": 38631.435, "Temp Read Blocks": 0, "Shared Dirtied Blocks": 0, "Plan Rows": 5046, "Local Dirtied Blocks": 0, "Shared Hit Blocks": 3005, "Actual Startup Time": 580.386, "Output": ["mc.movie_id", "mc.company_type_id", "t.title", "t.id"], "Hash Cond": "(t.id = mc.movie_id)", "Local Hit Blocks": 0, "Parallel Aware": false, "Total Cost": 142605.39, "Shared Written Blocks": 0, "Local Written Blocks": 0, "Actual Loops": 1, "Plan Width": 44, "Parent Relationship": "Outer", "Actual Rows": 4539}], "Actual Total Time": 38632.662, "Temp Read Blocks": 0, "Shared Dirtied Blocks": 0, "Local Dirtied Blocks": 0, "Shared Hit Blocks": 3005, "Actual Startup Time": 38632.662, "Output": ["mc.movie_id", "mc.company_type_id", "t.title", "t.id"], "Parallel Aware": false, "Total Cost": 142605.39, "Shared Written Blocks": 0, "Local Written Blocks": 0, "Plan Rows": 5046, "Plan Width": 44, "Parent Relationship": "Inner", "Actual Rows": 4539}], "Node Type": "Hash Join", "Shared Read Blocks": 6324, "Join Type": "Inner", "Temp Written Blocks": 0, "Actual Total Time": 44318.455, "Temp Read Blocks": 0, "Shared Dirtied Blocks": 0, "Plan Rows": 2, "Local Dirtied Blocks": 0, "Shared Hit Blocks": 3005, "Actual Startup Time": 43587.078, "Output": ["chn.name", "mc.company_type_id", "t.title"], "Hash Cond": "(ci.movie_id = t.id)", "Local Hit Blocks": 0, "Parallel Aware": false, "Total Cost": 760528.68, "Shared Written Blocks": 0, "Local Written Blocks": 0, "Actual Loops": 1, "Plan Width": 68, "Parent Relationship": "Outer", "Actual Rows": 104}, {"Original Hash Batches": 1, "Startup Cost": 1.04, "Actual Loops": 1, "Hash Buckets": 1024, "Local Read Blocks": 0, "Original Hash Buckets": 1024, "Node Type": "Hash", "Peak Memory Usage": 9, "Shared Read Blocks": 0, "Hash Batches": 1, "Local Hit Blocks": 0, "Temp Written Blocks": 0, "Plans": [{"Startup Cost": 0.0, "Schema": "public", "Local Read Blocks": 0, "Relation Name": "company_type", "Node Type": "Seq Scan", "Shared Read Blocks": 0, "Local Hit Blocks": 0, "Temp Written Blocks": 0, "Actual Total Time": 0.007, "Temp Read Blocks": 0, "Shared Dirtied Blocks": 0, "Plan Rows": 4, "Local Dirtied Blocks": 0, "Alias": "ct", "Shared Hit Blocks": 1, "Actual Startup Time": 0.006, "Output": ["ct.id"], "Parallel Aware": false, "Total Cost": 1.04, "Shared Written Blocks": 0, "Local Written Blocks": 0, "Actual Loops": 1, "Plan Width": 4, "Parent Relationship": "Outer", "Actual Rows": 4}], "Actual Total Time": 0.013, "Temp Read Blocks": 0, "Shared Dirtied Blocks": 0, "Local Dirtied Blocks": 0, "Shared Hit Blocks": 1, "Actual Startup Time": 0.013, "Output": ["ct.id"], "Parallel Aware": false, "Total Cost": 1.04, "Shared Written Blocks": 0, "Local Written Blocks": 0, "Plan Rows": 4, "Plan Width": 4, "Parent Relationship": "Inner", "Actual Rows": 4}], "Node Type": "Hash Join", "Shared Read Blocks": 6324, "Join Type": "Inner", "Temp Written Blocks": 0, "Actual Total Time": 44318.522, "Temp Read Blocks": 0, "Shared Dirtied Blocks": 0, "Plan Rows": 2, "Local Dirtied Blocks": 0, "Shared Hit Blocks": 3009, "Actual Startup Time": 43587.124, "Output": ["chn.name", "t.title"], "Hash Cond": "(mc.company_type_id = ct.id)", "Local Hit Blocks": 0, "Parallel Aware": false, "Total Cost": 760529.8, "Shared Written Blocks": 0, "Local Written Blocks": 0, "Actual Loops": 1, "Plan Width": 64, "Parent Relationship": "Outer", "Actual Rows": 104}], "Local Dirtied Blocks": 0, "Partial Mode": "Simple", "Shared Read Blocks": 6324, "Output": ["min((chn.name)::text)", "min((t.title)::text)"], "Temp Written Blocks": 0, "Plan Width": 64, "Actual Total Time": 44318.597, "Temp Read Blocks": 0, "Shared Dirtied Blocks": 0, "Plan Rows": 1, "Shared Hit Blocks": 3009, "Actual Startup Time": 44318.597, "Local Hit Blocks": 0, "Parallel Aware": false, "Total Cost": 760529.82, "Shared Written Blocks": 0, "Local Written Blocks": 0, "Actual Loops": 1, "Strategy": "Plain", "Node Type": "Aggregate"}, "Execution Time": 44397.038, "Triggers": []}]