[{"Triggers": [], "Planning Time": 13.871, "Plan": {"Actual Total Time": 4789.003, "Temp Written Blocks": 0, "Startup Cost": 225055.48, "Local Written Blocks": 0, "Parallel Aware": false, "Sort Method": "quicksort", "Total Cost": 225055.98, "Sort Space Used": 26, "Shared Written Blocks": 0, "Plan Rows": 200, "Local Hit Blocks": 0, "Actual Startup Time": 4789.002, "Actual Rows": 42, "Node Type": "Sort", "Actual Loops": 1, "Sort Space Type": "Memory", "Shared Read Blocks": 0, "Local Read Blocks": 0, "Sort Key": ["(count(*)) DESC", "(count(orders.o_orderkey)) DESC"], "Output": ["(count(orders.o_orderkey))", "(count(*))"], "Plan Width": 16, "Plans": [{"Actual Total Time": 4788.958, "Temp Written Blocks": 0, "Strategy": "Hashed", "Local Written Blocks": 0, "Parallel Aware": false, "Total Cost": 225047.84, "Shared Dirtied Blocks": 0, "Shared Written Blocks": 0, "Node Type": "Aggregate", "Plan Rows": 200, "Actual Rows": 42, "Output": ["(count(orders.o_orderkey))", "count(*)"], "Actual Loops": 1, "Plans": [{"Actual Total Time": 4766.077, "Temp Written Blocks": 0, "Strategy": "Sorted", "Local Written Blocks": 0, "Parallel Aware": false, "Total Cost": 222795.84, "Shared Dirtied Blocks": 0, "Shared Written Blocks": 0, "Node Type": "Aggregate", "Plan Rows": 150000, "Actual Rows": 150000, "Output": ["customer.c_custkey", "count(orders.o_orderkey)"], "Actual Loops": 1, "Plans": [{"Actual Total Time": 4614.507, "Temp Written Blocks": 0, "Startup Cost": 100.85, "Local Written Blocks": 0, "Parallel Aware": false, "Total Cost": 213796.59, "Shared Dirtied Blocks": 0, "Shared Written Blocks": 0, "Node Type": "Merge Join", "Plan Rows": 1499850, "Actual Startup Time": 45.152, "Actual Rows": 1533808, "Output": ["customer.c_custkey", "orders.o_orderkey"], "Actual Loops": 1, "Plans": [{"Actual Total Time": 45.114, "Temp Written Blocks": 0, "Startup Cost": 0.42, "Schema": "public", "Parallel Aware": false, "Total Cost": 7617.42, "Shared Dirtied Blocks": 0, "Shared Written Blocks": 0, "Plan Rows": 150000, "Local Hit Blocks": 0, "Actual Startup Time": 0.04, "Actual Rows": 150000, "Output": ["customer.c_custkey"], "Actual Loops": 1, "Local Read Blocks": 0, "Node Type": "Index Only Scan", "Shared Read Blocks": 0, "Heap Fetches": 150000, "Local Written Blocks": 0, "Relation Name": "customer", "Plan Width": 4, "Parent Relationship": "Outer", "Local Dirtied Blocks": 0, "Scan Direction": "Forward", "Temp Read Blocks": 0, "Alias": "customer", "Index Name": "customer_pkey", "Shared Hit Blocks": 4120}, {"Actual Total Time": 4360.59, "Temp Written Blocks": 0, "Startup Cost": 100.43, "Local Written Blocks": 0, "Parallel Aware": false, "Total Cost": 187056.05, "Shared Dirtied Blocks": 0, "Shared Written Blocks": 0, "Node Type": "Materialize", "Plan Rows": 1499850, "Actual Rows": 1483804, "Output": ["orders.o_orderkey", "orders.o_custkey", "orders.o_orderstatus", "orders.o_totalprice", "orders.o_orderdate", "orders.o_orderpriority", "orders.o_clerk", "orders.o_shippriority", "orders.o_comment"], "Actual Loops": 1, "Parent Relationship": "Inner", "Shared Read Blocks": 0, "Local Read Blocks": 0, "Local Hit Blocks": 0, "Plan Width": 12, "Plans": [{"Actual Total Time": 4228.901, "Temp Written Blocks": 0, "Startup Cost": 100.43, "Schema": "ricolelx", "Parallel Aware": false, "Total Cost": 183306.42, "Shared Dirtied Blocks": 0, "Shared Written Blocks": 0, "Plan Rows": 1499850, "Local Hit Blocks": 0, "Actual Rows": 1483804, "Output": ["orders.o_orderkey", "orders.o_custkey", "orders.o_orderstatus", "orders.o_totalprice", "orders.o_orderdate", "orders.o_orderpriority", "orders.o_clerk", "orders.o_shippriority", "orders.o_comment"], "Actual Loops": 1, "Remote SQL": "SELECT o_orderkey, o_custkey FROM public.orders WHERE ((o_comment !~~ '%special%deposits%'::text)) ORDER BY o_custkey ASC NULLS LAST", "Node Type": "Foreign Scan", "Shared Read Blocks": 0, "Actual Startup Time": 45.096, "Local Written Blocks": 0, "Relation Name": "orders", "Plan Width": 12, "Parent Relationship": "Outer", "Local Dirtied Blocks": 0, "Operation": "Select", "Temp Read Blocks": 0, "Alias": "orders", "Local Read Blocks": 0, "Shared Hit Blocks": 0}], "Local Dirtied Blocks": 0, "Temp Read Blocks": 0, "Actual Startup Time": 45.101, "Shared Hit Blocks": 0}], "Merge Cond": "(customer.c_custkey = orders.o_custkey)", "Shared Read Blocks": 0, "Local Read Blocks": 0, "Local Hit Blocks": 0, "Plan Width": 8, "Parent Relationship": "Outer", "Local Dirtied Blocks": 0, "Temp Read Blocks": 0, "Inner Unique": false, "Join Type": "Left", "Shared Hit Blocks": 4120}], "Group Key": ["customer.c_custkey"], "Shared Read Blocks": 0, "Local Read Blocks": 0, "Startup Cost": 100.85, "Local Hit Blocks": 0, "Plan Width": 12, "Parent Relationship": "Outer", "Local Dirtied Blocks": 0, "Temp Read Blocks": 0, "Actual Startup Time": 45.172, "Partial Mode": "Simple", "Shared Hit Blocks": 4120}], "Group Key": ["count(orders.o_orderkey)"], "Shared Read Blocks": 0, "Local Read Blocks": 0, "Startup Cost": 225045.84, "Local Hit Blocks": 0, "Plan Width": 16, "Parent Relationship": "Outer", "Local Dirtied Blocks": 0, "Temp Read Blocks": 0, "Actual Startup Time": 4788.952, "Partial Mode": "Simple", "Shared Hit Blocks": 4120}], "Local Dirtied Blocks": 0, "Temp Read Blocks": 0, "Shared Dirtied Blocks": 0, "Shared Hit Blocks": 4123}, "Execution Time": 4789.586}]