[{"Triggers": [], "Planning Time": 9.803, "Plan": {"Actual Total Time": 1571.535, "Temp Written Blocks": 7097, "Startup Cost": 184532.12, "Local Written Blocks": 0, "Parallel Aware": false, "Sort Method": "quicksort", "Total Cost": 184532.12, "Sort Space Used": 26, "Shared Written Blocks": 0, "Plan Rows": 1, "Local Hit Blocks": 0, "Actual Startup Time": 1571.533, "Actual Rows": 42, "Node Type": "Sort", "Actual Loops": 1, "Sort Space Type": "Memory", "Shared Read Blocks": 24991, "Local Read Blocks": 0, "Sort Key": ["(count(*)) DESC", "c_orders.c_count DESC"], "Output": ["c_orders.c_count", "(count(*))"], "Plan Width": 16, "Plans": [{"Actual Total Time": 1571.499, "Temp Written Blocks": 7097, "Strategy": "Sorted", "Local Written Blocks": 0, "Parallel Aware": false, "Total Cost": 184532.11, "Shared Dirtied Blocks": 0, "Shared Written Blocks": 0, "Node Type": "Aggregate", "Plan Rows": 1, "Actual Rows": 42, "Output": ["c_orders.c_count", "count(*)"], "Actual Loops": 1, "Plans": [{"Actual Total Time": 1557.212, "Temp Written Blocks": 7097, "Startup Cost": 184532.09, "Local Written Blocks": 0, "Parallel Aware": false, "Sort Method": "external merge", "Total Cost": 184532.09, "Sort Space Used": 2648, "Shared Written Blocks": 0, "Node Type": "Sort", "Plan Rows": 1, "Actual Rows": 150000, "Output": ["c_orders.c_count"], "Actual Loops": 1, "Local Read Blocks": 0, "Parent Relationship": "Outer", "Shared Read Blocks": 24991, "Actual Startup Time": 1543.532, "Sort Key": ["c_orders.c_count DESC"], "Local Hit Blocks": 0, "Plan Width": 8, "Sort Space Type": "Disk", "Local Dirtied Blocks": 0, "Temp Read Blocks": 7158, "Plans": [{"Actual Total Time": 1492.889, "Temp Written Blocks": 6765, "Startup Cost": 184532.05, "Local Written Blocks": 0, "Parallel Aware": false, "Total Cost": 184532.08, "Shared Dirtied Blocks": 0, "Shared Written Blocks": 0, "Plan Rows": 1, "Actual Rows": 150000, "Output": ["c_orders.c_count"], "Actual Loops": 1, "Plans": [{"Actual Total Time": 1479.586, "Temp Written Blocks": 6765, "Strategy": "Hashed", "Local Written Blocks": 0, "Parallel Aware": false, "Total Cost": 184532.07, "Shared Dirtied Blocks": 0, "Shared Written Blocks": 0, "Node Type": "Aggregate", "Plan Rows": 1, "Actual Rows": 150000, "Output": ["customer.c_custkey", "count(orders.o_orderkey)"], "Actual Loops": 1, "Plans": [{"Actual Total Time": 1189.841, "Temp Written Blocks": 6765, "Startup Cost": 72547.12, "Local Written Blocks": 0, "Parallel Aware": false, "Total Cost": 171646.74, "Shared Dirtied Blocks": 0, "Shared Written Blocks": 0, "Plan Rows": 2577062, "Actual Startup Time": 776.123, "Actual Rows": 1533808, "Output": ["customer.c_custkey", "orders.o_orderkey"], "Actual Loops": 1, "Plans": [{"Actual Total Time": 107.233, "Temp Written Blocks": 0, "Startup Cost": 100.0, "Schema": "lxulx", "Parallel Aware": false, "Total Cost": 8308.0, "Shared Dirtied Blocks": 0, "Shared Written Blocks": 0, "Plan Rows": 150000, "Local Hit Blocks": 0, "Actual Rows": 150000, "Output": ["customer.c_custkey"], "Actual Loops": 1, "Remote SQL": "SELECT c_custkey FROM public.customer", "Node Type": "Foreign Scan", "Shared Read Blocks": 0, "Actual Startup Time": 7.092, "Local Written Blocks": 0, "Relation Name": "customer", "Plan Width": 4, "Parent Relationship": "Outer", "Local Dirtied Blocks": 0, "Operation": "Select", "Temp Read Blocks": 0, "Alias": "customer", "Local Read Blocks": 0, "Shared Hit Blocks": 0}, {"Actual Total Time": 767.691, "Temp Written Blocks": 6299, "Startup Cost": 46375.0, "Local Written Blocks": 0, "Parallel Aware": false, "Total Cost": 46375.0, "Shared Dirtied Blocks": 0, "Shared Written Blocks": 0, "Plan Rows": 1499850, "Local Hit Blocks": 0, "Actual Rows": 1483804, "Node Type": "Hash", "Actual Loops": 1, "Parent Relationship": "Inner", "Shared Read Blocks": 24991, "Actual Startup Time": 767.691, "Local Dirtied Blocks": 0, "Hash Buckets": 131072, "Output": ["orders.o_orderkey", "orders.o_custkey"], "Plan Width": 12, "Plans": [{"Actual Total Time": 526.481, "Temp Written Blocks": 0, "Startup Cost": 0.0, "Schema": "public", "Parallel Aware": false, "Total Cost": 46375.0, "Shared Dirtied Blocks": 0, "Shared Written Blocks": 0, "Plan Rows": 1499850, "Local Hit Blocks": 0, "Actual Rows": 1483804, "Output": ["orders.o_orderkey", "orders.o_custkey"], "Actual Loops": 1, "Node Type": "Seq Scan", "Shared Read Blocks": 24991, "Actual Startup Time": 0.018, "Local Written Blocks": 0, "Relation Name": "orders", "Plan Width": 12, "Parent Relationship": "Outer", "Local Dirtied Blocks": 0, "Rows Removed by Filter": 16196, "Filter": "((orders.o_comment)::text !~~ '%special%deposits%'::text)", "Temp Read Blocks": 0, "Alias": "orders", "Local Read Blocks": 0, "Shared Hit Blocks": 2634}], "Peak Memory Usage": 3230, "Original Hash Batches": 32, "Temp Read Blocks": 0, "Original Hash Buckets": 131072, "Hash Batches": 32, "Local Read Blocks": 0, "Shared Hit Blocks": 2634}], "Node Type": "Hash Join", "Shared Read Blocks": 24991, "Local Read Blocks": 0, "Local Hit Blocks": 0, "Plan Width": 8, "Parent Relationship": "Outer", "Local Dirtied Blocks": 0, "Hash Cond": "(customer.c_custkey = orders.o_custkey)", "Temp Read Blocks": 6827, "Inner Unique": false, "Join Type": "Left", "Shared Hit Blocks": 2634}], "Group Key": ["customer.c_custkey"], "Shared Read Blocks": 24991, "Local Read Blocks": 0, "Startup Cost": 184532.05, "Local Hit Blocks": 0, "Plan Width": 12, "Parent Relationship": "Subquery", "Local Dirtied Blocks": 0, "Temp Read Blocks": 6827, "Actual Startup Time": 1443.909, "Partial Mode": "Simple", "Shared Hit Blocks": 2634}], "Node Type": "Subquery Scan", "Shared Read Blocks": 24991, "Local Read Blocks": 0, "Local Hit Blocks": 0, "Plan Width": 8, "Parent Relationship": "Outer", "Local Dirtied Blocks": 0, "Temp Read Blocks": 6827, "Alias": "c_orders", "Actual Startup Time": 1443.911, "Shared Hit Blocks": 2634}], "Shared Dirtied Blocks": 0, "Shared Hit Blocks": 2634}], "Group Key": ["c_orders.c_count"], "Shared Read Blocks": 24991, "Local Read Blocks": 0, "Startup Cost": 184532.09, "Local Hit Blocks": 0, "Plan Width": 16, "Parent Relationship": "Outer", "Local Dirtied Blocks": 0, "Temp Read Blocks": 7158, "Actual Startup Time": 1543.543, "Partial Mode": "Simple", "Shared Hit Blocks": 2634}], "Local Dirtied Blocks": 0, "Temp Read Blocks": 7158, "Shared Dirtied Blocks": 0, "Shared Hit Blocks": 2637}, "Execution Time": 1573.085}]